#
# A fatal error has been detected by the Java Runtime Environment:
#
#  EXCEPTION_ACCESS_VIOLATION (0xc0000005) at pc=0x00007ffefab46006, pid=7124, tid=4712
#
# JRE version: Java(TM) SE Runtime Environment (7.0_45-b18) (build 1.7.0_45-b18)
# Java VM: Java HotSpot(TM) 64-Bit Server VM (24.45-b08 mixed mode windows-amd64 compressed oops)
# Problematic frame:
# C  [xboxcontroller64.dll+0x6006]
#
# Failed to write core dump. Minidumps are not enabled by default on client versions of Windows
#
# If you would like to submit a bug report, please visit:
#   http://bugreport.sun.com/bugreport/crash.jsp
# The crash happened outside the Java Virtual Machine in native code.
# See problematic frame for where to report the bug.
#

---------------  T H R E A D  ---------------

Current thread (0x000000000ac0a000):  JavaThread "AWT-EventQueue-0" [_thread_in_native, id=4712, stack(0x000000000b800000,0x000000000b900000)]

siginfo: ExceptionCode=0xc0000005, reading address 0x0000000000000690

Registers:
RAX=0x000000000ae53df0, RBX=0x0000000000000012, RCX=0x0000000001fb09e8, RDX=0x000000000ace4c90
RSP=0x000000000b8fdec0, RBP=0x00000000000003e8, RSI=0x0000000000000009, RDI=0x0000000001f8de10
R8 =0x0000000000000000, R9 =0x0000000000000009, R10=0x0000000000000000, R11=0x000000006094f900
R12=0x0000000000000000, R13=0x000000009d5a51c0, R14=0x000000000b8fdfd0, R15=0x000000000ac0a000
RIP=0x00007ffefab46006, EFLAGS=0x0000000000010246

Top of Stack: (sp=0x000000000b8fdec0)
0x000000000b8fdec0:   00000000020b6274 00000000020c3958
0x000000000b8fded0:   0000000009137500 000000000ac0a000
0x000000000b8fdee0:   000000000ae53df0 00000000091346f0
0x000000000b8fdef0:   00000000020b6274 00000000020c3acf
0x000000000b8fdf00:   000000000b8fdf98 000000009d5a51c0
0x000000000b8fdf10:   000000009d366168 0000000000000000
0x000000000b8fdf20:   0000000000000000 000000000ac0a000
0x000000000b8fdf30:   000000000b8fe030 00000000020ce103
0x000000000b8fdf40:   00000000020b5410 0000000000000001
0x000000000b8fdf50:   00000000e0e9f6c0 000000000b8fdf48
0x000000000b8fdf60:   000000009d5a51c0 000000000b8fdfd0
0x000000000b8fdf70:   000000009d5aa368 0000000000000000
0x000000000b8fdf80:   000000009d5a51c0 0000000000000000
0x000000000b8fdf90:   000000000b8fdfb8 000000000b8fe018
0x000000000b8fdfa0:   00000000020b6274 0000000000000000
0x000000000b8fdfb0:   00000000020bf0d6 0000000000000009 

Instructions: (pc=0x00007ffefab46006)
0x00007ffefab45fe6:   48 63 57 68 48 8b 47 30 3b de 48 8d 14 50 0f 4c
0x00007ffefab45ff6:   f3 45 33 c0 48 89 54 24 20 48 8b 57 10 44 8b ce
0x00007ffefab46006:   41 ff 92 90 06 00 00 01 77 68 8b 47 68 3b 47 5c
0x00007ffefab46016:   75 05 33 c0 89 47 68 29 77 6c 8b c6 48 8b 6c 24 


Register to memory mapping:

RAX=0x000000000ae53df0 is an unknown value
RBX=0x0000000000000012 is an unknown value
RCX=0x0000000001fb09e8 is an unknown value
RDX=0x000000000ace4c90 is a global jni handle
RSP=0x000000000b8fdec0 is pointing into the stack for thread: 0x000000000ac0a000
RBP=0x00000000000003e8 is an unknown value
RSI=0x0000000000000009 is an unknown value
RDI=0x0000000001f8de10 is an unknown value
R8 =0x0000000000000000 is an unknown value
R9 =0x0000000000000009 is an unknown value
R10=0x0000000000000000 is an unknown value
R11=0x000000006094f900 is an unknown value
R12=0x0000000000000000 is an unknown value
R13=0x000000009d5a51c0 is an oop
{method} 
 - klass: {other class}
R14=0x000000000b8fdfd0 is pointing into the stack for thread: 0x000000000ac0a000
R15=0x000000000ac0a000 is a thread


Stack: [0x000000000b800000,0x000000000b900000],  sp=0x000000000b8fdec0,  free space=1015k
Native frames: (J=compiled Java code, j=interpreted, Vv=VM code, C=native code)
C  [xboxcontroller64.dll+0x6006]

[error occurred during error reporting (printing native stack), id 0xc0000005]

Java frames: (J=compiled Java code, j=interpreted, Vv=VM code)
j  ch.aplu.jaw.NativeHandler.nativeReadBuf(JI)I+0
j  ch.aplu.jaw.NativeHandler.readBuf(I)I+33
j  ch.aplu.xboxcontroller.XboxController.readData()Lch/aplu/xboxcontroller/ControllerState;+15
j  ch.aplu.xboxcontroller.XboxController.access$000(Lch/aplu/xboxcontroller/XboxController;)Lch/aplu/xboxcontroller/ControllerState;+1
j  ch.aplu.xboxcontroller.XboxController$1.actionPerformed(Ljava/awt/event/ActionEvent;)V+4
j  javax.swing.Timer.fireActionPerformed(Ljava/awt/event/ActionEvent;)V+35
j  javax.swing.Timer$DoPostEvent.run()V+74
j  java.awt.event.InvocationEvent.dispatch()V+47
j  java.awt.EventQueue.dispatchEventImpl(Ljava/awt/AWTEvent;Ljava/lang/Object;)V+21
j  java.awt.EventQueue.access$200(Ljava/awt/EventQueue;Ljava/awt/AWTEvent;Ljava/lang/Object;)V+3
j  java.awt.EventQueue$3.run()Ljava/lang/Void;+12
j  java.awt.EventQueue$3.run()Ljava/lang/Object;+1
v  ~StubRoutines::call_stub
j  java.security.AccessController.doPrivileged(Ljava/security/PrivilegedAction;Ljava/security/AccessControlContext;)Ljava/lang/Object;+0
j  java.security.ProtectionDomain$1.doIntersectionPrivilege(Ljava/security/PrivilegedAction;Ljava/security/AccessControlContext;Ljava/security/AccessControlContext;)Ljava/lang/Object;+28
j  java.awt.EventQueue.dispatchEvent(Ljava/awt/AWTEvent;)V+46
j  java.awt.EventDispatchThread.pumpOneEventForFilters(I)V+245
j  java.awt.EventDispatchThread.pumpEventsForFilter(ILjava/awt/Conditional;Ljava/awt/EventFilter;)V+35
j  java.awt.EventDispatchThread.pumpEventsForHierarchy(ILjava/awt/Conditional;Ljava/awt/Component;)V+11
j  java.awt.EventDispatchThread.pumpEvents(ILjava/awt/Conditional;)V+4
j  java.awt.EventDispatchThread.pumpEvents(Ljava/awt/Conditional;)V+3
j  java.awt.EventDispatchThread.run()V+9
v  ~StubRoutines::call_stub

---------------  P R O C E S S  ---------------

Java Threads: ( => current thread )
  0x000000000b936800 JavaThread "DestroyJavaVM" [_thread_blocked, id=884, stack(0x0000000001e70000,0x0000000001f70000)]
  0x000000000ae50800 JavaThread "Display" [_thread_in_Java, id=6904, stack(0x000000000d250000,0x000000000d350000)]
  0x000000000ae50000 JavaThread "UDP Broadcast Thread" [_thread_blocked, id=3568, stack(0x000000000d150000,0x000000000d250000)]
  0x000000000ad37800 JavaThread "Rover Input Thread" [_thread_in_native, id=4224, stack(0x000000000d050000,0x000000000d150000)]
  0x000000000b966000 JavaThread "Thread-3" [_thread_in_native, id=5352, stack(0x000000000cf50000,0x000000000d050000)]
  0x000000000b964800 JavaThread "TimerQueue" daemon [_thread_blocked, id=5336, stack(0x000000000cde0000,0x000000000cee0000)]
  0x000000000adb1800 JavaThread "Image Fetcher 0" daemon [_thread_blocked, id=4028, stack(0x000000000cbd0000,0x000000000ccd0000)]
  0x000000000acc0000 JavaThread "Thread-2" [_thread_in_native, id=6960, stack(0x000000000c9d0000,0x000000000cad0000)]
=>0x000000000ac0a000 JavaThread "AWT-EventQueue-0" [_thread_in_native, id=4712, stack(0x000000000b800000,0x000000000b900000)]
  0x000000000ab6f000 JavaThread "AWT-Windows" daemon [_thread_in_native, id=4004, stack(0x000000000b2e0000,0x000000000b3e0000)]
  0x000000000ab6c000 JavaThread "AWT-Shutdown" [_thread_blocked, id=412, stack(0x000000000b1e0000,0x000000000b2e0000)]
  0x000000000ab6b800 JavaThread "Java2D Disposer" daemon [_thread_blocked, id=1644, stack(0x000000000b0e0000,0x000000000b1e0000)]
  0x0000000009134000 JavaThread "Service Thread" daemon [_thread_blocked, id=3616, stack(0x000000000a8b0000,0x000000000a9b0000)]
  0x0000000009130800 JavaThread "C2 CompilerThread1" daemon [_thread_blocked, id=7696, stack(0x000000000a7b0000,0x000000000a8b0000)]
  0x0000000009123000 JavaThread "C2 CompilerThread0" daemon [_thread_blocked, id=5508, stack(0x000000000a6b0000,0x000000000a7b0000)]
  0x0000000009122000 JavaThread "Attach Listener" daemon [_thread_blocked, id=8140, stack(0x000000000a5b0000,0x000000000a6b0000)]
  0x000000000911e800 JavaThread "Signal Dispatcher" daemon [_thread_blocked, id=3928, stack(0x000000000a4b0000,0x000000000a5b0000)]
  0x00000000090ea800 JavaThread "Finalizer" daemon [_thread_blocked, id=3820, stack(0x000000000a3b0000,0x000000000a4b0000)]
  0x00000000090e1800 JavaThread "Reference Handler" daemon [_thread_blocked, id=4196, stack(0x000000000a2b0000,0x000000000a3b0000)]

Other Threads:
  0x00000000090df000 VMThread [stack: 0x000000000a1b0000,0x000000000a2b0000] [id=3096]
  0x0000000009141000 WatcherThread [stack: 0x000000000a9b0000,0x000000000aab0000] [id=5752]

VM state:not at safepoint (normal execution)

VM Mutex/Monitor currently owned by a thread: None

Heap
 PSYoungGen      total 28672K, used 18283K [0x00000000e0a00000, 0x00000000e2980000, 0x0000000100000000)
  eden space 25088K, 72% used [0x00000000e0a00000,0x00000000e1bdae38,0x00000000e2280000)
  from space 3584K, 0% used [0x00000000e2600000,0x00000000e2600000,0x00000000e2980000)
  to   space 3584K, 0% used [0x00000000e2280000,0x00000000e2280000,0x00000000e2600000)
 ParOldGen       total 64000K, used 0K [0x00000000a1e00000, 0x00000000a5c80000, 0x00000000e0a00000)
  object space 64000K, 0% used [0x00000000a1e00000,0x00000000a1e00000,0x00000000a5c80000)
 PSPermGen       total 21504K, used 11585K [0x000000009cc00000, 0x000000009e100000, 0x00000000a1e00000)
  object space 21504K, 53% used [0x000000009cc00000,0x000000009d7506f0,0x000000009e100000)

Card table byte_map: [0x0000000005170000,0x0000000005490000] byte_map_base: 0x0000000004c8a000

Polling page: 0x0000000001f70000

Code Cache  [0x00000000020b0000, 0x0000000002320000, 0x00000000050b0000)
 total_blobs=634 nmethods=199 adapters=387 free_code_cache=48339Kb largest_free_block=49471360

Compilation events (10 events):
Event: 5.556 Thread 0x0000000009130800  195             java.awt.Component::setBoundsOp (51 bytes)
Event: 5.558 Thread 0x0000000009130800 nmethod 195 0x0000000002175510 code [0x0000000002175640, 0x00000000021756b8]
Event: 5.558 Thread 0x0000000009130800  196             javax.swing.JTable::getRowSorter (19 bytes)
Event: 5.559 Thread 0x0000000009123000 nmethod 190 0x000000000217fe90 code [0x0000000002180120, 0x0000000002181228]
Event: 5.560 Thread 0x0000000009130800 nmethod 196 0x00000000021752d0 code [0x0000000002175400, 0x0000000002175478]
Event: 5.567 Thread 0x0000000009123000  197             javax.swing.text.GapContent$MarkVector::size (17 bytes)
Event: 5.567 Thread 0x0000000009130800  198             javax.swing.text.GapContent$MarkVector::getArrayLength (14 bytes)
Event: 5.569 Thread 0x0000000009130800 nmethod 198 0x0000000002175050 code [0x00000000021751a0, 0x0000000002175218]
Event: 5.569 Thread 0x0000000009123000 nmethod 197 0x000000000217fbd0 code [0x000000000217fd20, 0x000000000217fdb8]
Event: 5.576 Thread 0x0000000009130800  199             javax.swing.text.GapContent::findSortIndex (128 bytes)

GC Heap History (0 events):
No events

Deoptimization events (3 events):
Event: 3.531 Thread 0x000000000ac0a000 Uncommon trap: reason=class_check action=maybe_recompile pc=0x0000000002122c8c method=java.lang.String.equals(Ljava/lang/Object;)Z @ 8
Event: 3.531 Thread 0x000000000ac0a000 Uncommon trap: reason=class_check action=maybe_recompile pc=0x0000000002122c8c method=java.lang.String.equals(Ljava/lang/Object;)Z @ 8
Event: 3.531 Thread 0x000000000ac0a000 Uncommon trap: reason=class_check action=maybe_recompile pc=0x0000000002122c8c method=java.lang.String.equals(Ljava/lang/Object;)Z @ 8

Internal exceptions (10 events):
Event: 3.732 Thread 0x0000000001fb0800 Threw 0x00000000e121cae0 at C:\re\jdk7u45\229\hotspot\src\share\vm\prims\jni.cpp:717
Event: 3.737 Thread 0x0000000001fb0800 Threw 0x00000000e122c0c8 at C:\re\jdk7u45\229\hotspot\src\share\vm\prims\jvm.cpp:1244
Event: 3.744 Thread 0x0000000001fb0800 Threw 0x00000000e122f050 at C:\re\jdk7u45\229\hotspot\src\share\vm\prims\jvm.cpp:1244
Event: 3.747 Thread 0x0000000001fb0800 Threw 0x00000000e1232d00 at C:\re\jdk7u45\229\hotspot\src\share\vm\prims\jvm.cpp:1244
Event: 3.750 Thread 0x0000000001fb0800 Threw 0x00000000e12379e8 at C:\re\jdk7u45\229\hotspot\src\share\vm\prims\jvm.cpp:1244
Event: 3.752 Thread 0x0000000001fb0800 Threw 0x00000000e123b540 at C:\re\jdk7u45\229\hotspot\src\share\vm\prims\jvm.cpp:1244
Event: 3.766 Thread 0x0000000001fb0800 Threw 0x00000000e123f0a8 at C:\re\jdk7u45\229\hotspot\src\share\vm\prims\jvm.cpp:1244
Event: 3.801 Thread 0x0000000001fb0800 Threw 0x00000000e124c478 at C:\re\jdk7u45\229\hotspot\src\share\vm\prims\jvm.cpp:1244
Event: 3.824 Thread 0x0000000001fb0800 Threw 0x00000000e12540f8 at C:\re\jdk7u45\229\hotspot\src\share\vm\prims\jvm.cpp:1244
Event: 4.672 Thread 0x000000000b966000 Threw 0x00000000e1286c88 at C:\re\jdk7u45\229\hotspot\src\share\vm\prims\jvm.cpp:1244

Events (10 events):
Event: 3.920 loading class 0x000000000ac69cc0
Event: 3.921 loading class 0x000000000ac69cc0 done
Event: 3.979 loading class 0x000000000ab13a60
Event: 3.979 loading class 0x000000000ab13a60 done
Event: 4.289 Executing VM operation: EnableBiasedLocking
Event: 4.289 Executing VM operation: EnableBiasedLocking done
Event: 4.672 loading class 0x000000000ae47b30
Event: 4.672 loading class 0x000000000ae47b30 done
Event: 5.557 loading class 0x000000000abd6170
Event: 5.558 loading class 0x000000000abd6170 done


Dynamic libraries:
0x00007ff7c59a0000 - 0x00007ff7c59d3000 	C:\Program Files\Java\jre7\bin\javaw.exe
0x00007fff028c0000 - 0x00007fff02a6a000 	C:\WINDOWS\SYSTEM32\ntdll.dll
0x00007fff01240000 - 0x00007fff0137a000 	C:\WINDOWS\system32\KERNEL32.DLL
0x00007fff00030000 - 0x00007fff0013f000 	C:\WINDOWS\system32\KERNELBASE.dll
0x00007ffefe480000 - 0x00007ffefe508000 	C:\WINDOWS\system32\apphelp.dll
0x00007ffef3ed0000 - 0x00007ffef3f1f000 	C:\WINDOWS\AppPatch\AppPatch64\AcGenral.DLL
0x00007fff00550000 - 0x00007fff005f7000 	C:\WINDOWS\system32\msvcrt.dll
0x00007ffeffa10000 - 0x00007ffeffa3b000 	C:\WINDOWS\SYSTEM32\SspiCli.dll
0x00007fff02860000 - 0x00007fff028b1000 	C:\WINDOWS\system32\SHLWAPI.dll
0x00007fff00140000 - 0x00007fff002b1000 	C:\WINDOWS\system32\USER32.dll
0x00007fff00780000 - 0x00007fff008f8000 	C:\WINDOWS\system32\ole32.dll
0x00007fff01380000 - 0x00007fff02796000 	C:\WINDOWS\system32\SHELL32.dll
0x00007ffeff2a0000 - 0x00007ffeff2be000 	C:\WINDOWS\SYSTEM32\USERENV.dll
0x00007fff004a0000 - 0x00007fff00545000 	C:\WINDOWS\system32\ADVAPI32.dll
0x00007ffefdc40000 - 0x00007ffefdc5b000 	C:\WINDOWS\SYSTEM32\MPR.dll
0x00007fff00cd0000 - 0x00007fff00e06000 	C:\WINDOWS\system32\RPCRT4.dll
0x00007fff00c70000 - 0x00007fff00cc7000 	C:\WINDOWS\SYSTEM32\sechost.dll
0x00007fff002c0000 - 0x00007fff00496000 	C:\WINDOWS\SYSTEM32\combase.dll
0x00007fff00610000 - 0x00007fff00755000 	C:\WINDOWS\system32\GDI32.dll
0x00007ffeffc30000 - 0x00007ffeffc44000 	C:\WINDOWS\SYSTEM32\profapi.dll
0x00007ffefcb70000 - 0x00007ffefcc0f000 	C:\WINDOWS\SYSTEM32\SHCORE.dll
0x00007fff009c0000 - 0x00007fff009f4000 	C:\WINDOWS\system32\IMM32.DLL
0x00007fff00eb0000 - 0x00007fff00fe9000 	C:\WINDOWS\system32\MSCTF.dll
0x00007ffefb7b0000 - 0x00007ffefba0a000 	C:\WINDOWS\WinSxS\amd64_microsoft.windows.common-controls_6595b64144ccf1df_6.0.9600.17031_none_6242a4b3ecbb55a1\COMCTL32.dll
0x0000000060f40000 - 0x0000000061012000 	C:\Program Files\Java\jre7\bin\msvcr100.dll
0x0000000060770000 - 0x0000000060f39000 	C:\Program Files\Java\jre7\bin\server\jvm.dll
0x00007ffeeb370000 - 0x00007ffeeb379000 	C:\WINDOWS\SYSTEM32\WSOCK32.dll
0x00007ffefbc30000 - 0x00007ffefbc4f000 	C:\WINDOWS\SYSTEM32\WINMM.dll
0x00007fff027a0000 - 0x00007fff027a7000 	C:\WINDOWS\system32\PSAPI.DLL
0x00007fff00960000 - 0x00007fff009b8000 	C:\WINDOWS\system32\WS2_32.dll
0x00007ffefbc00000 - 0x00007ffefbc2a000 	C:\WINDOWS\SYSTEM32\WINMMBASE.dll
0x00007fff00ac0000 - 0x00007fff00ac9000 	C:\WINDOWS\system32\NSI.dll
0x00007ffeffe00000 - 0x00007ffeffe4a000 	C:\WINDOWS\SYSTEM32\cfgmgr32.dll
0x00007ffefead0000 - 0x00007ffefeaf6000 	C:\WINDOWS\SYSTEM32\DEVOBJ.dll
0x0000000060760000 - 0x000000006076f000 	C:\Program Files\Java\jre7\bin\verify.dll
0x0000000060730000 - 0x0000000060758000 	C:\Program Files\Java\jre7\bin\java.dll
0x0000000060710000 - 0x0000000060725000 	C:\Program Files\Java\jre7\bin\zip.dll
0x0000000060530000 - 0x00000000606c5000 	C:\Program Files\Java\jre7\bin\awt.dll
0x00007fff00a00000 - 0x00007fff00ab7000 	C:\WINDOWS\system32\OLEAUT32.dll
0x00007ffefc9a0000 - 0x00007ffefc9c0000 	C:\WINDOWS\system32\DWMAPI.DLL
0x00007ffefe920000 - 0x00007ffefea41000 	C:\WINDOWS\system32\uxtheme.dll
0x00007ffefeb00000 - 0x00007ffefeb0a000 	C:\WINDOWS\SYSTEM32\kernel.appcore.dll
0x00007ffeffaa0000 - 0x00007ffeffaaa000 	C:\WINDOWS\SYSTEM32\CRYPTBASE.dll
0x00007ffeffa40000 - 0x00007ffeffaa0000 	C:\WINDOWS\SYSTEM32\bcryptPrimitives.dll
0x00000000604e0000 - 0x0000000060526000 	C:\Program Files\Java\jre7\bin\fontmanager.dll
0x00000000606f0000 - 0x0000000060709000 	C:\Program Files\Java\jre7\bin\net.dll
0x00007ffeff590000 - 0x00007ffeff5e8000 	C:\WINDOWS\system32\mswsock.dll
0x00000000606d0000 - 0x00000000606e1000 	C:\Program Files\Java\jre7\bin\nio.dll
0x0000000060490000 - 0x00000000604d1000 	C:\Program Files\Java\jre7\bin\t2k.dll
0x00007fff027b0000 - 0x00007fff02854000 	C:\WINDOWS\SYSTEM32\clbcatq.dll
0x00007ffefcfe0000 - 0x00007ffefd173000 	C:\WINDOWS\SYSTEM32\WindowsCodecs.dll
0x00007ffeff5f0000 - 0x00007ffeff60e000 	C:\WINDOWS\SYSTEM32\CRYPTSP.dll
0x00007ffeff0c0000 - 0x00007ffeff0f5000 	C:\WINDOWS\system32\rsaenh.dll
0x00007ffeff720000 - 0x00007ffeff746000 	C:\WINDOWS\SYSTEM32\bcrypt.dll
0x00007ffefab40000 - 0x00007ffefab51000 	C:\Windows\xboxcontroller64.dll
0x00007ffefd880000 - 0x00007ffefd888000 	C:\WINDOWS\SYSTEM32\XINPUT9_1_0.dll
0x0000000062400000 - 0x0000000062498000 	C:\WINDOWS\SYSTEM32\MSVCP100.dll
0x00007ffef6bb0000 - 0x00007ffef6bbd000 	C:\WINDOWS\SYSTEM32\XInput1_4.dll
0x0000000180000000 - 0x0000000180025000 	C:\Windows\rxtxSerial.dll
0x00007ffefe0b0000 - 0x00007ffefe238000 	C:\WINDOWS\SYSTEM32\dbghelp.dll

VM Arguments:
jvm_args: -Dfile.encoding=Cp1252 
java_command: code.ServerMain
Launcher Type: SUN_STANDARD

Environment Variables:
CLASSPATH=C:\Program Files\Java\jdk1.7.0_45\bin
PATH=c:\Program Files (x86)\Intel\iCLS Client\;c:\Program Files\Intel\iCLS Client\;C:\WINDOWS\system32;C:\WINDOWS;C:\WINDOWS\System32\Wbem;C:\WINDOWS\System32\WindowsPowerShell\v1.0\;C:\Program Files\Intel\Intel(R) Management Engine Components\DAL;C:\Program Files\Intel\Intel(R) Management Engine Components\IPT;C:\Program Files (x86)\Intel\Intel(R) Management Engine Components\DAL;C:\Program Files (x86)\Intel\Intel(R) Management Engine Components\IPT;C:\Program Files (x86)\Windows Live\Shared;C:\Program Files (x86)\QuickTime\QTSystem\;C:\Program Files (x86)\Windows Kits\8.0\Windows Performance Toolkit\;C:\Program Files\Microsoft SQL Server\110\Tools\Binn\;C:\Program Files\Java\jdk1.7.0_45\bin;C:\Program Files (x86)\KDiff3
USERNAME=Dallin
OS=Windows_NT
PROCESSOR_IDENTIFIER=Intel64 Family 6 Model 58 Stepping 9, GenuineIntel



---------------  S Y S T E M  ---------------

OS: Windows 8 , 64 bit Build 9200 

CPU:total 4 (2 cores per cpu, 2 threads per core) family 6 model 58 stepping 9, cmov, cx8, fxsr, mmx, sse, sse2, sse3, ssse3, sse4.1, sse4.2, popcnt, avx, erms, ht, tsc, tscinvbit, tscinv

Memory: 4k page, physical 6161688k(2709104k free), swap 8193304k(3533308k free)

vm_info: Java HotSpot(TM) 64-Bit Server VM (24.45-b08) for windows-amd64 JRE (1.7.0_45-b18), built on Oct  8 2013 05:47:22 by "java_re" with unknown MS VC++:1600

time: Mon May 26 16:30:09 2014
elapsed time: 5 seconds

