#
# A fatal error has been detected by the Java Runtime Environment:
#
#  EXCEPTION_ACCESS_VIOLATION (0xc0000005) at pc=0x0000000060895638, pid=8156, tid=7440
#
# JRE version: Java(TM) SE Runtime Environment (7.0_45-b18) (build 1.7.0_45-b18)
# Java VM: Java HotSpot(TM) 64-Bit Server VM (24.45-b08 mixed mode windows-amd64 compressed oops)
# Problematic frame:
# V  [jvm.dll+0x125638]
#
# Failed to write core dump. Minidumps are not enabled by default on client versions of Windows
#
# If you would like to submit a bug report, please visit:
#   http://bugreport.sun.com/bugreport/crash.jsp
# The crash happened outside the Java Virtual Machine in native code.
# See problematic frame for where to report the bug.
#

---------------  T H R E A D  ---------------

Current thread (0x000000000b8ae800):  JavaThread "AWT-EventQueue-0" [_thread_in_native, id=7440, stack(0x000000000c810000,0x000000000c910000)]

siginfo: ExceptionCode=0xc0000005, writing address 0x0000000000000260

Registers:
RAX=0x000000000000dead, RBX=0x0000000000000000, RCX=0x0000000002c70800, RDX=0x0000000009d65118
RSP=0x000000000c90dcc0, RBP=0x0000000009d65118, RSI=0x0000000000000000, RDI=0x0000000000000009
R8 =0x0000000000000000, R9 =0x0000000000000009, R10=0x0000000060e5bf80, R11=0x000000006094f900
R12=0x0000000000000000, R13=0x000000009d1f8370, R14=0x000000000c90de30, R15=0x000000000b8ae800
RIP=0x0000000060895638, EFLAGS=0x0000000000010246

Top of Stack: (sp=0x000000000c90dcc0)
0x000000000c90dcc0:   000000000c90ddf8 000000000b8ae800
0x000000000c90dcd0:   0000000000000000 000000000b8ae800
0x000000000c90dce0:   000000000b881d80 000000009d388030
0x000000000c90dcf0:   000000000b881d80 000000006080e808
0x000000000c90dd00:   000000000c90e428 000000006084ae12
0x000000000c90dd10:   000000000141df90 00007ffefab3600d
0x000000000c90dd20:   0000000000000009 00000000000003e8
0x000000000c90dd30:   0000000000000009 000000000b8ae800
0x000000000c90dd40:   000000000b840b30 0000000009da3d60
0x000000000c90dd50:   0000000002d76274 0000000002d83acf
0x000000000c90dd60:   000000000c90ddf8 000000009d1f8370
0x000000000c90dd70:   000000009d388030 0000000000000000
0x000000000c90dd80:   0000000000000000 000000000b8ae800
0x000000000c90dd90:   000000000c90de90 0000000002d8e103
0x000000000c90dda0:   0000000002d75410 0000000000000001
0x000000000c90ddb0:   00000000e0bb17a0 000000000c90dda8 

Instructions: (pc=0x0000000060895638)
0x0000000060895618:   8b ea 3d ab de 00 00 74 17 8b 83 78 02 00 00 3d
0x0000000060895628:   ac de 00 00 74 0a 48 8b cb e8 7a 9f 0c 00 33 db
0x0000000060895638:   c7 83 60 02 00 00 05 00 00 00 83 3d 7f 61 62 00
0x0000000060895648:   01 7e 18 80 3d e8 55 62 00 00 74 07 e8 b7 de 0a 


Register to memory mapping:

RAX=0x000000000000dead is an unknown value
RBX=0x0000000000000000 is an unknown value
RCX=0x0000000002c70800 is an unknown value
RDX=0x0000000009d65118 is a global jni handle
RSP=0x000000000c90dcc0 is pointing into the stack for thread: 0x000000000b8ae800
RBP=0x0000000009d65118 is a global jni handle
RSI=0x0000000000000000 is an unknown value
RDI=0x0000000000000009 is an unknown value
R8 =0x0000000000000000 is an unknown value
R9 =0x0000000000000009 is an unknown value
R10=0x0000000060e5bf80 is an unknown value
R11=0x000000006094f900 is an unknown value
R12=0x0000000000000000 is an unknown value
R13=0x000000009d1f8370 is an oop
{method} 
 - klass: {other class}
R14=0x000000000c90de30 is pointing into the stack for thread: 0x000000000b8ae800
R15=0x000000000b8ae800 is a thread


Stack: [0x000000000c810000,0x000000000c910000],  sp=0x000000000c90dcc0,  free space=1015k
Native frames: (J=compiled Java code, j=interpreted, Vv=VM code, C=native code)
V  [jvm.dll+0x125638]

Java frames: (J=compiled Java code, j=interpreted, Vv=VM code)
j  ch.aplu.jaw.NativeHandler.nativeReadBuf(JI)I+0
j  ch.aplu.jaw.NativeHandler.readBuf(I)I+33
j  ch.aplu.xboxcontroller.XboxController.readData()Lch/aplu/xboxcontroller/ControllerState;+15
j  ch.aplu.xboxcontroller.XboxController.access$000(Lch/aplu/xboxcontroller/XboxController;)Lch/aplu/xboxcontroller/ControllerState;+1
j  ch.aplu.xboxcontroller.XboxController$1.actionPerformed(Ljava/awt/event/ActionEvent;)V+4
j  javax.swing.Timer.fireActionPerformed(Ljava/awt/event/ActionEvent;)V+35
j  javax.swing.Timer$DoPostEvent.run()V+74
j  java.awt.event.InvocationEvent.dispatch()V+47
j  java.awt.EventQueue.dispatchEventImpl(Ljava/awt/AWTEvent;Ljava/lang/Object;)V+21
j  java.awt.EventQueue.access$200(Ljava/awt/EventQueue;Ljava/awt/AWTEvent;Ljava/lang/Object;)V+3
j  java.awt.EventQueue$3.run()Ljava/lang/Void;+12
j  java.awt.EventQueue$3.run()Ljava/lang/Object;+1
v  ~StubRoutines::call_stub
j  java.security.AccessController.doPrivileged(Ljava/security/PrivilegedAction;Ljava/security/AccessControlContext;)Ljava/lang/Object;+0
j  java.security.ProtectionDomain$1.doIntersectionPrivilege(Ljava/security/PrivilegedAction;Ljava/security/AccessControlContext;Ljava/security/AccessControlContext;)Ljava/lang/Object;+28
j  java.awt.EventQueue.dispatchEvent(Ljava/awt/AWTEvent;)V+46
j  java.awt.EventDispatchThread.pumpOneEventForFilters(I)V+245
j  java.awt.EventDispatchThread.pumpEventsForFilter(ILjava/awt/Conditional;Ljava/awt/EventFilter;)V+35
j  java.awt.EventDispatchThread.pumpEventsForHierarchy(ILjava/awt/Conditional;Ljava/awt/Component;)V+11
j  java.awt.EventDispatchThread.pumpEvents(ILjava/awt/Conditional;)V+4
j  java.awt.EventDispatchThread.pumpEvents(Ljava/awt/Conditional;)V+3
j  java.awt.EventDispatchThread.run()V+9
v  ~StubRoutines::call_stub

---------------  P R O C E S S  ---------------

Java Threads: ( => current thread )
  0x000000000ba76000 JavaThread "DestroyJavaVM" [_thread_blocked, id=7660, stack(0x0000000002b60000,0x0000000002c60000)]
  0x000000000b992800 JavaThread "Display" [_thread_in_Java, id=6120, stack(0x000000000d0f0000,0x000000000d1f0000)]
  0x000000000b957800 JavaThread "Puppet Serial Input Thread" [_thread_blocked, id=5776, stack(0x000000000cff0000,0x000000000d0f0000)]
  0x000000000b957000 JavaThread "UDP Broadcast Thread" [_thread_blocked, id=4316, stack(0x000000000cef0000,0x000000000cff0000)]
  0x000000000b94a800 JavaThread "Rover Input Thread" [_thread_in_native, id=6504, stack(0x000000000cdf0000,0x000000000cef0000)]
  0x000000000b949000 JavaThread "TimerQueue" daemon [_thread_blocked, id=828, stack(0x000000000ccf0000,0x000000000cdf0000)]
=>0x000000000b8ae800 JavaThread "AWT-EventQueue-0" [_thread_in_native, id=7440, stack(0x000000000c810000,0x000000000c910000)]
  0x000000000b8ad800 JavaThread "AWT-Shutdown" [_thread_blocked, id=176, stack(0x000000000c710000,0x000000000c810000)]
  0x000000000b84e800 JavaThread "Image Fetcher 0" daemon [_thread_blocked, id=236, stack(0x000000000c610000,0x000000000c710000)]
  0x000000000b843800 JavaThread "Thread-1" [_thread_in_native, id=3912, stack(0x000000000bf00000,0x000000000c000000)]
  0x000000000b7d6000 JavaThread "AWT-Windows" daemon [_thread_in_native, id=7144, stack(0x000000000c000000,0x000000000c100000)]
  0x0000000009e0b800 JavaThread "Java2D Disposer" daemon [_thread_blocked, id=7700, stack(0x000000000be00000,0x000000000bf00000)]
  0x0000000009da7800 JavaThread "Service Thread" daemon [_thread_blocked, id=7008, stack(0x000000000b510000,0x000000000b610000)]
  0x0000000009d9d800 JavaThread "C2 CompilerThread1" daemon [_thread_blocked, id=8044, stack(0x000000000b410000,0x000000000b510000)]
  0x0000000009d93000 JavaThread "C2 CompilerThread0" daemon [_thread_blocked, id=7952, stack(0x000000000b310000,0x000000000b410000)]
  0x0000000009d92000 JavaThread "Attach Listener" daemon [_thread_blocked, id=6400, stack(0x000000000b210000,0x000000000b310000)]
  0x0000000009d8e800 JavaThread "Signal Dispatcher" daemon [_thread_blocked, id=7864, stack(0x000000000b110000,0x000000000b210000)]
  0x0000000009d5a800 JavaThread "Finalizer" daemon [_thread_blocked, id=8168, stack(0x000000000b010000,0x000000000b110000)]
  0x0000000009d51800 JavaThread "Reference Handler" daemon [_thread_blocked, id=5540, stack(0x000000000af10000,0x000000000b010000)]

Other Threads:
  0x0000000009d4f000 VMThread [stack: 0x000000000ae10000,0x000000000af10000] [id=2272]
  0x0000000009dc1000 WatcherThread [stack: 0x000000000b610000,0x000000000b710000] [id=7996]

VM state:not at safepoint (normal execution)

VM Mutex/Monitor currently owned by a thread: None

Heap
 PSYoungGen      total 28672K, used 9237K [0x00000000e0a00000, 0x00000000e2980000, 0x0000000100000000)
  eden space 25088K, 36% used [0x00000000e0a00000,0x00000000e1305590,0x00000000e2280000)
  from space 3584K, 0% used [0x00000000e2600000,0x00000000e2600000,0x00000000e2980000)
  to   space 3584K, 0% used [0x00000000e2280000,0x00000000e2280000,0x00000000e2600000)
 ParOldGen       total 64000K, used 0K [0x00000000a1e00000, 0x00000000a5c80000, 0x00000000e0a00000)
  object space 64000K, 0% used [0x00000000a1e00000,0x00000000a1e00000,0x00000000a5c80000)
 PSPermGen       total 21504K, used 9485K [0x000000009cc00000, 0x000000009e100000, 0x00000000a1e00000)
  object space 21504K, 44% used [0x000000009cc00000,0x000000009d5435b8,0x000000009e100000)

Card table byte_map: [0x0000000005e30000,0x0000000006150000] byte_map_base: 0x000000000594a000

Polling page: 0x0000000001200000

Code Cache  [0x0000000002d70000, 0x0000000002fe0000, 0x0000000005d70000)
 total_blobs=431 nmethods=22 adapters=361 free_code_cache=48611Kb largest_free_block=49755200

Compilation events (10 events):
Event: 3.575 Thread 0x0000000009d9d800 nmethod 16 0x0000000002df2a10 code [0x0000000002df2b60, 0x0000000002df2c98]
Event: 3.575 Thread 0x0000000009d9d800   17             java.lang.CharacterDataLatin1::toLowerCase (39 bytes)
Event: 3.577 Thread 0x0000000009d9d800 nmethod 17 0x0000000002df2790 code [0x0000000002df28c0, 0x0000000002df2978]
Event: 3.582 Thread 0x0000000009d9d800   18             java.lang.String::lastIndexOf (52 bytes)
Event: 3.590 Thread 0x0000000009d9d800 nmethod 18 0x0000000002df23d0 code [0x0000000002df2520, 0x0000000002df2688]
Event: 3.611 Thread 0x0000000009d9d800   21 %           code.ServerMain::run @ 25 (152 bytes)
Event: 3.623 Thread 0x0000000009d9d800 nmethod 21% 0x0000000002df6810 code [0x0000000002df69a0, 0x0000000002df6c58]
Event: 3.658 Thread 0x0000000009d93000 nmethod 15 0x0000000002dfab90 code [0x0000000002dfada0, 0x0000000002dfbd00]
Event: 4.587 Thread 0x0000000009d9d800   22 %           code.ServerMain::run @ 25 (152 bytes)
Event: 4.634 Thread 0x0000000009d9d800 nmethod 22% 0x0000000002df9150 code [0x0000000002df9300, 0x0000000002df99e8]

GC Heap History (0 events):
No events

Deoptimization events (1 events):
Event: 4.586 Thread 0x000000000b992800 Uncommon trap: reason=unloaded action=reinterpret pc=0x0000000002df6be4 method=code.ServerMain.run()V @ 99

Internal exceptions (10 events):
Event: 3.514 Thread 0x0000000002c70800 Threw 0x00000000e0fc5b68 at C:\re\jdk7u45\229\hotspot\src\share\vm\prims\jvm.cpp:1244
Event: 3.516 Thread 0x0000000002c70800 Threw 0x00000000e0fd14a0 at C:\re\jdk7u45\229\hotspot\src\share\vm\prims\jvm.cpp:1244
Event: 3.518 Thread 0x0000000002c70800 Threw 0x00000000e0fd4b30 at C:\re\jdk7u45\229\hotspot\src\share\vm\prims\jvm.cpp:1244
Event: 3.520 Thread 0x0000000002c70800 Threw 0x00000000e0fda5c8 at C:\re\jdk7u45\229\hotspot\src\share\vm\prims\jvm.cpp:1244
Event: 3.524 Thread 0x0000000002c70800 Threw 0x00000000e0fdda98 at C:\re\jdk7u45\229\hotspot\src\share\vm\prims\jvm.cpp:1244
Event: 3.527 Thread 0x0000000002c70800 Threw 0x00000000e0fe0fc0 at C:\re\jdk7u45\229\hotspot\src\share\vm\prims\jni.cpp:717
Event: 3.545 Thread 0x0000000002c70800 Threw 0x00000000e11a20a8 at C:\re\jdk7u45\229\hotspot\src\share\vm\prims\jni.cpp:717
Event: 3.554 Thread 0x0000000002c70800 Threw 0x00000000e11b2538 at C:\re\jdk7u45\229\hotspot\src\share\vm\prims\jni.cpp:717
Event: 3.574 Thread 0x0000000002c70800 Threw 0x00000000e11c84f0 at C:\re\jdk7u45\229\hotspot\src\share\vm\prims\jni.cpp:717
Event: 3.581 Thread 0x0000000002c70800 Threw 0x00000000e11d79f8 at C:\re\jdk7u45\229\hotspot\src\share\vm\prims\jvm.cpp:1244

Events (10 events):
Event: 3.581 loading class 0x000000000b990be0 done
Event: 3.584 Thread 0x000000000b957800 Thread added: 0x000000000b957800
Event: 3.584 Thread 0x000000000b992800 Thread added: 0x000000000b992800
Event: 3.584 Thread 0x0000000002c70800 Thread exited: 0x0000000002c70800
Event: 3.584 Thread 0x000000000ba76000 Thread added: 0x000000000ba76000
Event: 4.279 Executing VM operation: EnableBiasedLocking
Event: 4.279 Executing VM operation: EnableBiasedLocking done
Event: 4.586 Thread 0x000000000b992800 Uncommon trap: trap_request=0x000000e7 fr.pc=0x0000000002df6be4
Event: 4.586 Thread 0x000000000b992800 DEOPT PACKING pc=0x0000000002df6be4 sp=0x000000000d1ef310
Event: 4.586 Thread 0x000000000b992800 DEOPT UNPACKING pc=0x0000000002da75a4 sp=0x000000000d1ef298 mode 2


Dynamic libraries:
0x00007ff7c59a0000 - 0x00007ff7c59d3000 	C:\Program Files\Java\jre7\bin\javaw.exe
0x00007fff028c0000 - 0x00007fff02a6a000 	C:\WINDOWS\SYSTEM32\ntdll.dll
0x00007fff01240000 - 0x00007fff0137a000 	C:\WINDOWS\system32\KERNEL32.DLL
0x00007fff00030000 - 0x00007fff0013f000 	C:\WINDOWS\system32\KERNELBASE.dll
0x00007ffefe480000 - 0x00007ffefe508000 	C:\WINDOWS\system32\apphelp.dll
0x00007ffef3ed0000 - 0x00007ffef3f1f000 	C:\WINDOWS\AppPatch\AppPatch64\AcGenral.DLL
0x00007fff00550000 - 0x00007fff005f7000 	C:\WINDOWS\system32\msvcrt.dll
0x00007ffeffa10000 - 0x00007ffeffa3b000 	C:\WINDOWS\SYSTEM32\SspiCli.dll
0x00007fff02860000 - 0x00007fff028b1000 	C:\WINDOWS\system32\SHLWAPI.dll
0x00007fff00140000 - 0x00007fff002b1000 	C:\WINDOWS\system32\USER32.dll
0x00007fff00780000 - 0x00007fff008f8000 	C:\WINDOWS\system32\ole32.dll
0x00007fff01380000 - 0x00007fff02796000 	C:\WINDOWS\system32\SHELL32.dll
0x00007ffeff2a0000 - 0x00007ffeff2be000 	C:\WINDOWS\SYSTEM32\USERENV.dll
0x00007fff004a0000 - 0x00007fff00545000 	C:\WINDOWS\system32\ADVAPI32.dll
0x00007ffefdc40000 - 0x00007ffefdc5b000 	C:\WINDOWS\SYSTEM32\MPR.dll
0x00007fff00cd0000 - 0x00007fff00e06000 	C:\WINDOWS\system32\RPCRT4.dll
0x00007fff00c70000 - 0x00007fff00cc7000 	C:\WINDOWS\SYSTEM32\sechost.dll
0x00007fff002c0000 - 0x00007fff00496000 	C:\WINDOWS\SYSTEM32\combase.dll
0x00007fff00610000 - 0x00007fff00755000 	C:\WINDOWS\system32\GDI32.dll
0x00007ffeffc30000 - 0x00007ffeffc44000 	C:\WINDOWS\SYSTEM32\profapi.dll
0x00007ffefcb70000 - 0x00007ffefcc0f000 	C:\WINDOWS\SYSTEM32\SHCORE.dll
0x00007fff009c0000 - 0x00007fff009f4000 	C:\WINDOWS\system32\IMM32.DLL
0x00007fff00eb0000 - 0x00007fff00fe9000 	C:\WINDOWS\system32\MSCTF.dll
0x00007ffefb7b0000 - 0x00007ffefba0a000 	C:\WINDOWS\WinSxS\amd64_microsoft.windows.common-controls_6595b64144ccf1df_6.0.9600.17031_none_6242a4b3ecbb55a1\COMCTL32.dll
0x0000000060f40000 - 0x0000000061012000 	C:\Program Files\Java\jre7\bin\msvcr100.dll
0x0000000060770000 - 0x0000000060f39000 	C:\Program Files\Java\jre7\bin\server\jvm.dll
0x00007ffeeb370000 - 0x00007ffeeb379000 	C:\WINDOWS\SYSTEM32\WSOCK32.dll
0x00007ffefbc30000 - 0x00007ffefbc4f000 	C:\WINDOWS\SYSTEM32\WINMM.dll
0x00007fff027a0000 - 0x00007fff027a7000 	C:\WINDOWS\system32\PSAPI.DLL
0x00007fff00960000 - 0x00007fff009b8000 	C:\WINDOWS\system32\WS2_32.dll
0x00007ffefbc00000 - 0x00007ffefbc2a000 	C:\WINDOWS\SYSTEM32\WINMMBASE.dll
0x00007fff00ac0000 - 0x00007fff00ac9000 	C:\WINDOWS\system32\NSI.dll
0x00007ffeffe00000 - 0x00007ffeffe4a000 	C:\WINDOWS\SYSTEM32\cfgmgr32.dll
0x00007ffefead0000 - 0x00007ffefeaf6000 	C:\WINDOWS\SYSTEM32\DEVOBJ.dll
0x0000000060760000 - 0x000000006076f000 	C:\Program Files\Java\jre7\bin\verify.dll
0x0000000060730000 - 0x0000000060758000 	C:\Program Files\Java\jre7\bin\java.dll
0x0000000060710000 - 0x0000000060725000 	C:\Program Files\Java\jre7\bin\zip.dll
0x0000000060530000 - 0x00000000606c5000 	C:\Program Files\Java\jre7\bin\awt.dll
0x00007fff00a00000 - 0x00007fff00ab7000 	C:\WINDOWS\system32\OLEAUT32.dll
0x00007ffefc9a0000 - 0x00007ffefc9c0000 	C:\WINDOWS\system32\DWMAPI.DLL
0x00007ffefe920000 - 0x00007ffefea41000 	C:\WINDOWS\system32\uxtheme.dll
0x00007ffefeb00000 - 0x00007ffefeb0a000 	C:\WINDOWS\SYSTEM32\kernel.appcore.dll
0x00007ffeffaa0000 - 0x00007ffeffaaa000 	C:\WINDOWS\SYSTEM32\CRYPTBASE.dll
0x00007ffeffa40000 - 0x00007ffeffaa0000 	C:\WINDOWS\SYSTEM32\bcryptPrimitives.dll
0x00007ffefab30000 - 0x00007ffefab41000 	C:\Windows\xboxcontroller64.dll
0x00007ffefab20000 - 0x00007ffefab28000 	C:\WINDOWS\SYSTEM32\XINPUT9_1_0.dll
0x0000000062400000 - 0x0000000062498000 	C:\WINDOWS\SYSTEM32\MSVCP100.dll
0x00007ffefa6b0000 - 0x00007ffefa6bd000 	C:\WINDOWS\SYSTEM32\XInput1_4.dll
0x00000000604e0000 - 0x0000000060526000 	C:\Program Files\Java\jre7\bin\fontmanager.dll
0x00000000606f0000 - 0x0000000060709000 	C:\Program Files\Java\jre7\bin\net.dll
0x00007ffeff590000 - 0x00007ffeff5e8000 	C:\WINDOWS\system32\mswsock.dll
0x00000000606d0000 - 0x00000000606e1000 	C:\Program Files\Java\jre7\bin\nio.dll
0x0000000060490000 - 0x00000000604d1000 	C:\Program Files\Java\jre7\bin\t2k.dll
0x0000000180000000 - 0x0000000180025000 	C:\Windows\rxtxSerial.dll
0x00007ffefe0b0000 - 0x00007ffefe238000 	C:\WINDOWS\SYSTEM32\dbghelp.dll

VM Arguments:
jvm_args: -Dfile.encoding=Cp1252 
java_command: code.ServerMain
Launcher Type: SUN_STANDARD

Environment Variables:
CLASSPATH=C:\Program Files\Java\jdk1.7.0_45\bin
PATH=c:\Program Files (x86)\Intel\iCLS Client\;c:\Program Files\Intel\iCLS Client\;C:\WINDOWS\system32;C:\WINDOWS;C:\WINDOWS\System32\Wbem;C:\WINDOWS\System32\WindowsPowerShell\v1.0\;C:\Program Files\Intel\Intel(R) Management Engine Components\DAL;C:\Program Files\Intel\Intel(R) Management Engine Components\IPT;C:\Program Files (x86)\Intel\Intel(R) Management Engine Components\DAL;C:\Program Files (x86)\Intel\Intel(R) Management Engine Components\IPT;C:\Program Files (x86)\Windows Live\Shared;C:\Program Files (x86)\QuickTime\QTSystem\;C:\Program Files (x86)\Windows Kits\8.0\Windows Performance Toolkit\;C:\Program Files\Microsoft SQL Server\110\Tools\Binn\;C:\Program Files\Java\jdk1.7.0_45\bin;C:\Program Files (x86)\KDiff3
USERNAME=Dallin
OS=Windows_NT
PROCESSOR_IDENTIFIER=Intel64 Family 6 Model 58 Stepping 9, GenuineIntel



---------------  S Y S T E M  ---------------

OS: Windows 8 , 64 bit Build 9200 

CPU:total 4 (2 cores per cpu, 2 threads per core) family 6 model 58 stepping 9, cmov, cx8, fxsr, mmx, sse, sse2, sse3, ssse3, sse4.1, sse4.2, popcnt, avx, erms, ht, tsc, tscinvbit, tscinv

Memory: 4k page, physical 6161688k(2983608k free), swap 8193304k(3742404k free)

vm_info: Java HotSpot(TM) 64-Bit Server VM (24.45-b08) for windows-amd64 JRE (1.7.0_45-b18), built on Oct  8 2013 05:47:22 by "java_re" with unknown MS VC++:1600

time: Mon May 26 15:57:28 2014
elapsed time: 5 seconds

