#
# A fatal error has been detected by the Java Runtime Environment:
#
#  EXCEPTION_ACCESS_VIOLATION (0xc0000005) at pc=0x0000000055665638, pid=4380, tid=7048
#
# JRE version: Java(TM) SE Runtime Environment (7.0_45-b18) (build 1.7.0_45-b18)
# Java VM: Java HotSpot(TM) 64-Bit Server VM (24.45-b08 mixed mode windows-amd64 compressed oops)
# Problematic frame:
# V  [jvm.dll+0x125638]
#
# Failed to write core dump. Minidumps are not enabled by default on client versions of Windows
#
# If you would like to submit a bug report, please visit:
#   http://bugreport.sun.com/bugreport/crash.jsp
# The crash happened outside the Java Virtual Machine in native code.
# See problematic frame for where to report the bug.
#

---------------  T H R E A D  ---------------

Current thread (0x000000000b3f6800):  JavaThread "AWT-EventQueue-0" [_thread_in_native, id=7048, stack(0x000000000c480000,0x000000000c580000)]

siginfo: ExceptionCode=0xc0000005, writing address 0x0000000000000260

Registers:
RAX=0x000000000000dead, RBX=0x0000000000000000, RCX=0x0000000002840800, RDX=0x0000000009991048
RSP=0x000000000c57e230, RBP=0x0000000009991048, RSI=0x0000000000000000, RDI=0x0000000000000009
R8 =0x0000000000000000, R9 =0x0000000000000009, R10=0x0000000055c2bf80, R11=0x000000005571f900
R12=0x0000000000000000, R13=0x000000009d1f9660, R14=0x000000000c57e3a0, R15=0x000000000b3f6800
RIP=0x0000000055665638, EFLAGS=0x0000000000010246

Top of Stack: (sp=0x000000000c57e230)
0x000000000c57e230:   000000000c57e368 000000000b3f6800
0x000000000c57e240:   0000000000000000 000000000b3f6800
0x000000000c57e250:   000000000b4b2b20 000000009d389320
0x000000000c57e260:   000000000b4b2b20 00000000555de808
0x000000000c57e270:   000000000c57e998 000000005561ae12
0x000000000c57e280:   000000000296dd30 00007ffbf056600d
0x000000000c57e290:   0000000000000009 00000000000003e8
0x000000000c57e2a0:   0000000000000009 000000000b3f6800
0x000000000c57e2b0:   000000000b470b50 00000000099cce00
0x000000000c57e2c0:   0000000002976274 0000000002983acf
0x000000000c57e2d0:   000000000c57e368 000000009d1f9660
0x000000000c57e2e0:   000000009d389320 0000000000000000
0x000000000c57e2f0:   0000000000000000 000000000b3f6800
0x000000000c57e300:   000000000c57e400 000000000298e103
0x000000000c57e310:   0000000002975410 0000000000000001
0x000000000c57e320:   00000000e0bb54a8 000000000c57e318 

Instructions: (pc=0x0000000055665638)
0x0000000055665618:   8b ea 3d ab de 00 00 74 17 8b 83 78 02 00 00 3d
0x0000000055665628:   ac de 00 00 74 0a 48 8b cb e8 7a 9f 0c 00 33 db
0x0000000055665638:   c7 83 60 02 00 00 05 00 00 00 83 3d 7f 61 62 00
0x0000000055665648:   01 7e 18 80 3d e8 55 62 00 00 74 07 e8 b7 de 0a 


Register to memory mapping:

RAX=0x000000000000dead is an unknown value
RBX=0x0000000000000000 is an unknown value
RCX=0x0000000002840800 is an unknown value
RDX=0x0000000009991048 is a global jni handle
RSP=0x000000000c57e230 is pointing into the stack for thread: 0x000000000b3f6800
RBP=0x0000000009991048 is a global jni handle
RSI=0x0000000000000000 is an unknown value
RDI=0x0000000000000009 is an unknown value
R8 =0x0000000000000000 is an unknown value
R9 =0x0000000000000009 is an unknown value
R10=0x0000000055c2bf80 is an unknown value
R11=0x000000005571f900 is an unknown value
R12=0x0000000000000000 is an unknown value
R13=0x000000009d1f9660 is an oop
{method} 
 - klass: {other class}
R14=0x000000000c57e3a0 is pointing into the stack for thread: 0x000000000b3f6800
R15=0x000000000b3f6800 is a thread


Stack: [0x000000000c480000,0x000000000c580000],  sp=0x000000000c57e230,  free space=1016k
Native frames: (J=compiled Java code, j=interpreted, Vv=VM code, C=native code)
V  [jvm.dll+0x125638]

Java frames: (J=compiled Java code, j=interpreted, Vv=VM code)
j  ch.aplu.jaw.NativeHandler.nativeReadBuf(JI)I+0
j  ch.aplu.jaw.NativeHandler.readBuf(I)I+33
j  ch.aplu.xboxcontroller.XboxController.readData()Lch/aplu/xboxcontroller/ControllerState;+15
j  ch.aplu.xboxcontroller.XboxController.access$000(Lch/aplu/xboxcontroller/XboxController;)Lch/aplu/xboxcontroller/ControllerState;+1
j  ch.aplu.xboxcontroller.XboxController$1.actionPerformed(Ljava/awt/event/ActionEvent;)V+4
j  javax.swing.Timer.fireActionPerformed(Ljava/awt/event/ActionEvent;)V+35
j  javax.swing.Timer$DoPostEvent.run()V+74
j  java.awt.event.InvocationEvent.dispatch()V+47
j  java.awt.EventQueue.dispatchEventImpl(Ljava/awt/AWTEvent;Ljava/lang/Object;)V+21
j  java.awt.EventQueue.access$200(Ljava/awt/EventQueue;Ljava/awt/AWTEvent;Ljava/lang/Object;)V+3
j  java.awt.EventQueue$3.run()Ljava/lang/Void;+12
j  java.awt.EventQueue$3.run()Ljava/lang/Object;+1
v  ~StubRoutines::call_stub
j  java.security.AccessController.doPrivileged(Ljava/security/PrivilegedAction;Ljava/security/AccessControlContext;)Ljava/lang/Object;+0
j  java.security.ProtectionDomain$1.doIntersectionPrivilege(Ljava/security/PrivilegedAction;Ljava/security/AccessControlContext;Ljava/security/AccessControlContext;)Ljava/lang/Object;+28
j  java.awt.EventQueue.dispatchEvent(Ljava/awt/AWTEvent;)V+46
j  java.awt.EventDispatchThread.pumpOneEventForFilters(I)V+245
j  java.awt.EventDispatchThread.pumpEventsForFilter(ILjava/awt/Conditional;Ljava/awt/EventFilter;)V+35
j  java.awt.EventDispatchThread.pumpEventsForHierarchy(ILjava/awt/Conditional;Ljava/awt/Component;)V+11
j  java.awt.EventDispatchThread.pumpEvents(ILjava/awt/Conditional;)V+4
j  java.awt.EventDispatchThread.pumpEvents(Ljava/awt/Conditional;)V+3
j  java.awt.EventDispatchThread.run()V+9
v  ~StubRoutines::call_stub

---------------  P R O C E S S  ---------------

Java Threads: ( => current thread )
  0x000000000b609000 JavaThread "DestroyJavaVM" [_thread_blocked, id=3012, stack(0x0000000002730000,0x0000000002830000)]
  0x000000000b3f4800 JavaThread "Display" [_thread_in_Java, id=6932, stack(0x000000000cc60000,0x000000000cd60000)]
  0x000000000b3f6000 JavaThread "QuoteServerThread" [_thread_blocked, id=3188, stack(0x000000000cb60000,0x000000000cc60000)]
  0x000000000b3f5000 JavaThread "Rover Input Thread" [_thread_in_native, id=8332, stack(0x000000000ca60000,0x000000000cb60000)]
  0x000000000b3f7800 JavaThread "TimerQueue" daemon [_thread_blocked, id=2104, stack(0x000000000c960000,0x000000000ca60000)]
=>0x000000000b3f6800 JavaThread "AWT-EventQueue-0" [_thread_in_native, id=7048, stack(0x000000000c480000,0x000000000c580000)]
  0x000000000b3f0800 JavaThread "AWT-Shutdown" [_thread_blocked, id=5244, stack(0x000000000c380000,0x000000000c480000)]
  0x000000000b3f1800 JavaThread "Thread-1" [_thread_in_native, id=6940, stack(0x000000000c080000,0x000000000c180000)]
  0x000000000b3f2000 JavaThread "AWT-Windows" daemon [_thread_in_native, id=8032, stack(0x000000000bb70000,0x000000000bc70000)]
  0x000000000b3f3000 JavaThread "Java2D Disposer" daemon [_thread_blocked, id=7852, stack(0x000000000b970000,0x000000000ba70000)]
  0x00000000099d8800 JavaThread "Service Thread" daemon [_thread_blocked, id=5060, stack(0x000000000b140000,0x000000000b240000)]
  0x00000000099c8800 JavaThread "C2 CompilerThread1" daemon [_thread_blocked, id=8284, stack(0x000000000b040000,0x000000000b140000)]
  0x00000000099c3800 JavaThread "C2 CompilerThread0" daemon [_thread_blocked, id=4004, stack(0x000000000af40000,0x000000000b040000)]
  0x00000000099c3000 JavaThread "Attach Listener" daemon [_thread_blocked, id=7056, stack(0x000000000ae40000,0x000000000af40000)]
  0x00000000099c0000 JavaThread "Signal Dispatcher" daemon [_thread_blocked, id=7964, stack(0x000000000ad40000,0x000000000ae40000)]
  0x000000000998d000 JavaThread "Finalizer" daemon [_thread_blocked, id=4288, stack(0x000000000ac40000,0x000000000ad40000)]
  0x0000000009984000 JavaThread "Reference Handler" daemon [_thread_blocked, id=7008, stack(0x000000000ab40000,0x000000000ac40000)]

Other Threads:
  0x0000000009981000 VMThread [stack: 0x000000000aa40000,0x000000000ab40000] [id=5964]
  0x00000000099e1000 WatcherThread [stack: 0x000000000b240000,0x000000000b340000] [id=3896]

VM state:not at safepoint (normal execution)

VM Mutex/Monitor currently owned by a thread: None

Heap
 PSYoungGen      total 28672K, used 8747K [0x00000000e0a00000, 0x00000000e2980000, 0x0000000100000000)
  eden space 25088K, 34% used [0x00000000e0a00000,0x00000000e128ad80,0x00000000e2280000)
  from space 3584K, 0% used [0x00000000e2600000,0x00000000e2600000,0x00000000e2980000)
  to   space 3584K, 0% used [0x00000000e2280000,0x00000000e2280000,0x00000000e2600000)
 ParOldGen       total 64000K, used 0K [0x00000000a1e00000, 0x00000000a5c80000, 0x00000000e0a00000)
  object space 64000K, 0% used [0x00000000a1e00000,0x00000000a1e00000,0x00000000a5c80000)
 PSPermGen       total 21504K, used 9334K [0x000000009cc00000, 0x000000009e100000, 0x00000000a1e00000)
  object space 21504K, 43% used [0x000000009cc00000,0x000000009d51db90,0x000000009e100000)

Card table byte_map: [0x0000000005a30000,0x0000000005d50000] byte_map_base: 0x000000000554a000

Polling page: 0x0000000000fd0000

Code Cache  [0x0000000002970000, 0x0000000002be0000, 0x0000000005970000)
 total_blobs=427 nmethods=16 adapters=363 free_code_cache=48622Kb largest_free_block=49778304

Compilation events (10 events):
Event: 4.529 Thread 0x00000000099c8800   10             java.util.regex.Matcher::reset (83 bytes)
Event: 4.532 Thread 0x00000000099c3800   11             java.util.regex.Matcher::usePattern (98 bytes)
Event: 4.537 Thread 0x00000000099c8800 nmethod 10 0x00000000029eefd0 code [0x00000000029ef120, 0x00000000029ef258]
Event: 4.540 Thread 0x00000000099c8800   12             java.util.regex.Matcher::match (109 bytes)
Event: 4.547 Thread 0x00000000099c3800 nmethod 11 0x00000000029f21d0 code [0x00000000029f2320, 0x00000000029f2618]
Event: 4.564 Thread 0x00000000099c8800 nmethod 12 0x00000000029f3750 code [0x00000000029f38e0, 0x00000000029f3ce8]
Event: 4.663 Thread 0x00000000099c3800   15 %           code.ServerMain::run @ 25 (152 bytes)
Event: 4.672 Thread 0x00000000099c3800 nmethod 15% 0x00000000029f6150 code [0x00000000029f62e0, 0x00000000029f6598]
Event: 5.647 Thread 0x00000000099c8800   16 %           code.ServerMain::run @ 25 (152 bytes)
Event: 5.688 Thread 0x00000000099c8800 nmethod 16% 0x00000000029f4710 code [0x00000000029f48c0, 0x00000000029f4fa8]

GC Heap History (0 events):
No events

Deoptimization events (1 events):
Event: 5.645 Thread 0x000000000b3f4800 Uncommon trap: reason=unloaded action=reinterpret pc=0x00000000029f6524 method=code.ServerMain.run()V @ 99

Internal exceptions (10 events):
Event: 4.476 Thread 0x0000000002840800 Threw 0x00000000e0dcb2c0 at C:\re\jdk7u45\229\hotspot\src\share\vm\prims\jvm.cpp:1244
Event: 4.477 Thread 0x0000000002840800 Threw 0x00000000e0dcdb30 at C:\re\jdk7u45\229\hotspot\src\share\vm\prims\jvm.cpp:1244
Event: 4.478 Thread 0x0000000002840800 Threw 0x00000000e0dd0288 at C:\re\jdk7u45\229\hotspot\src\share\vm\prims\jvm.cpp:1244
Event: 4.479 Thread 0x0000000002840800 Threw 0x00000000e0dd29e0 at C:\re\jdk7u45\229\hotspot\src\share\vm\prims\jvm.cpp:1244
Event: 4.481 Thread 0x0000000002840800 Threw 0x00000000e0dd5130 at C:\re\jdk7u45\229\hotspot\src\share\vm\prims\jvm.cpp:1244
Event: 4.482 Thread 0x0000000002840800 Threw 0x00000000e0dd7920 at C:\re\jdk7u45\229\hotspot\src\share\vm\prims\jvm.cpp:1244
Event: 4.483 Thread 0x0000000002840800 Threw 0x00000000e0dda120 at C:\re\jdk7u45\229\hotspot\src\share\vm\prims\jvm.cpp:1244
Event: 4.485 Thread 0x0000000002840800 Threw 0x00000000e0ddc920 at C:\re\jdk7u45\229\hotspot\src\share\vm\prims\jvm.cpp:1244
Event: 4.618 Thread 0x0000000002840800 Threw 0x00000000e100b500 at C:\re\jdk7u45\229\hotspot\src\share\vm\prims\jvm.cpp:1244
Event: 4.639 Thread 0x0000000002840800 Threw 0x00000000e1012ee8 at C:\re\jdk7u45\229\hotspot\src\share\vm\prims\jvm.cpp:1244

Events (10 events):
Event: 4.644 Executing VM operation: RevokeBias done
Event: 4.644 Thread 0x000000000b3f4800 Thread added: 0x000000000b3f4800
Event: 4.644 Thread 0x0000000002840800 Thread exited: 0x0000000002840800
Event: 4.644 Executing VM operation: RevokeBias
Event: 4.645 Executing VM operation: RevokeBias done
Event: 4.645 Thread 0x000000000b609000 Thread added: 0x000000000b609000
Event: 5.645 Thread 0x000000000b3f4800 Uncommon trap: trap_request=0x000000e4 fr.pc=0x00000000029f6524
Event: 5.645 Thread 0x000000000b3f4800 DEOPT PACKING pc=0x00000000029f6524 sp=0x000000000cd5f390
Event: 5.645 Thread 0x000000000b3f4800 DEOPT UNPACKING pc=0x00000000029a75a4 sp=0x000000000cd5f318 mode 2
Event: 7.085 Thread 0x000000000b3f3800 Thread exited: 0x000000000b3f3800


Dynamic libraries:
0x00007ff78db40000 - 0x00007ff78db73000 	C:\Program Files\Java\jre7\bin\javaw.exe
0x00007ffbf7210000 - 0x00007ffbf73b9000 	C:\WINDOWS\SYSTEM32\ntdll.dll
0x00007ffbf4df0000 - 0x00007ffbf4f29000 	C:\WINDOWS\system32\KERNEL32.DLL
0x00007ffbf4990000 - 0x00007ffbf4a9e000 	C:\WINDOWS\system32\KERNELBASE.dll
0x00007ffbf31c0000 - 0x00007ffbf324b000 	C:\WINDOWS\system32\apphelp.dll
0x00007ffbeb730000 - 0x00007ffbeb77f000 	C:\WINDOWS\AppPatch\AppPatch64\AcGenral.DLL
0x00007ffbf5170000 - 0x00007ffbf5217000 	C:\WINDOWS\system32\msvcrt.dll
0x00007ffbf4370000 - 0x00007ffbf439b000 	C:\WINDOWS\SYSTEM32\SspiCli.dll
0x00007ffbf5370000 - 0x00007ffbf53c1000 	C:\WINDOWS\system32\SHLWAPI.dll
0x00007ffbf6d70000 - 0x00007ffbf6ee1000 	C:\WINDOWS\system32\USER32.dll
0x00007ffbf4bb0000 - 0x00007ffbf4d26000 	C:\WINDOWS\system32\ole32.dll
0x00007ffbf55f0000 - 0x00007ffbf6a00000 	C:\WINDOWS\system32\SHELL32.dll
0x00007ffbf3ba0000 - 0x00007ffbf3bbf000 	C:\WINDOWS\SYSTEM32\USERENV.dll
0x00007ffbf4b00000 - 0x00007ffbf4ba5000 	C:\WINDOWS\system32\ADVAPI32.dll
0x00007ffbe9e80000 - 0x00007ffbe9e9b000 	C:\WINDOWS\SYSTEM32\MPR.dll
0x00007ffbf5220000 - 0x00007ffbf5356000 	C:\WINDOWS\system32\RPCRT4.dll
0x00007ffbf4aa0000 - 0x00007ffbf4af7000 	C:\WINDOWS\SYSTEM32\sechost.dll
0x00007ffbf7030000 - 0x00007ffbf7207000 	C:\WINDOWS\SYSTEM32\combase.dll
0x00007ffbf6c20000 - 0x00007ffbf6d65000 	C:\WINDOWS\system32\GDI32.dll
0x00007ffbf4590000 - 0x00007ffbf45a4000 	C:\WINDOWS\SYSTEM32\profapi.dll
0x00007ffbf2150000 - 0x00007ffbf21f1000 	C:\WINDOWS\SYSTEM32\SHCORE.dll
0x00007ffbf6f50000 - 0x00007ffbf6f84000 	C:\WINDOWS\system32\IMM32.DLL
0x00007ffbf5490000 - 0x00007ffbf55c8000 	C:\WINDOWS\system32\MSCTF.dll
0x00007ffbf1b10000 - 0x00007ffbf1d6a000 	C:\WINDOWS\WinSxS\amd64_microsoft.windows.common-controls_6595b64144ccf1df_6.0.9600.16384_none_62475f7becb72503\COMCTL32.dll
0x0000000055d10000 - 0x0000000055de2000 	C:\Program Files\Java\jre7\bin\msvcr100.dll
0x0000000055540000 - 0x0000000055d09000 	C:\Program Files\Java\jre7\bin\server\jvm.dll
0x00007ffbdf7b0000 - 0x00007ffbdf7b9000 	C:\WINDOWS\SYSTEM32\WSOCK32.dll
0x00007ffbf1270000 - 0x00007ffbf128f000 	C:\WINDOWS\SYSTEM32\WINMM.dll
0x00007ffbf5360000 - 0x00007ffbf5367000 	C:\WINDOWS\system32\PSAPI.DLL
0x00007ffbf5110000 - 0x00007ffbf5168000 	C:\WINDOWS\system32\WS2_32.dll
0x00007ffbf10a0000 - 0x00007ffbf10ca000 	C:\WINDOWS\SYSTEM32\WINMMBASE.dll
0x00007ffbf55e0000 - 0x00007ffbf55e9000 	C:\WINDOWS\system32\NSI.dll
0x00007ffbf4760000 - 0x00007ffbf47aa000 	C:\WINDOWS\SYSTEM32\cfgmgr32.dll
0x00007ffbf3430000 - 0x00007ffbf3456000 	C:\WINDOWS\SYSTEM32\DEVOBJ.dll
0x0000000055530000 - 0x000000005553f000 	C:\Program Files\Java\jre7\bin\verify.dll
0x0000000055500000 - 0x0000000055528000 	C:\Program Files\Java\jre7\bin\java.dll
0x00000000554e0000 - 0x00000000554f5000 	C:\Program Files\Java\jre7\bin\zip.dll
0x0000000055300000 - 0x0000000055495000 	C:\Program Files\Java\jre7\bin\awt.dll
0x00007ffbf4d30000 - 0x00007ffbf4de7000 	C:\WINDOWS\system32\OLEAUT32.dll
0x00007ffbf1d70000 - 0x00007ffbf1d91000 	C:\WINDOWS\system32\DWMAPI.DLL
0x00007ffbf3290000 - 0x00007ffbf33b2000 	C:\WINDOWS\system32\uxtheme.dll
0x00007ffbf3460000 - 0x00007ffbf346a000 	C:\WINDOWS\SYSTEM32\kernel.appcore.dll
0x00007ffbf4400000 - 0x00007ffbf440a000 	C:\WINDOWS\SYSTEM32\CRYPTBASE.dll
0x00007ffbf43a0000 - 0x00007ffbf43fe000 	C:\WINDOWS\SYSTEM32\bcryptPrimitives.dll
0x00007ffbf0560000 - 0x00007ffbf0571000 	C:\Windows\xboxcontroller64.dll
0x00007ffbef230000 - 0x00007ffbef238000 	C:\WINDOWS\SYSTEM32\XINPUT9_1_0.dll
0x0000000057020000 - 0x00000000570b8000 	C:\WINDOWS\SYSTEM32\MSVCP100.dll
0x00007ffbef220000 - 0x00007ffbef22d000 	C:\WINDOWS\SYSTEM32\XInput1_4.dll
0x0000000055100000 - 0x0000000055146000 	C:\Program Files\Java\jre7\bin\fontmanager.dll
0x00000000554c0000 - 0x00000000554d9000 	C:\Program Files\Java\jre7\bin\net.dll
0x00007ffbf3df0000 - 0x00007ffbf3e48000 	C:\WINDOWS\system32\mswsock.dll
0x00000000554a0000 - 0x00000000554b1000 	C:\Program Files\Java\jre7\bin\nio.dll
0x00000000550b0000 - 0x00000000550f1000 	C:\Program Files\Java\jre7\bin\t2k.dll
0x00007ffbe8950000 - 0x00007ffbe8ad8000 	C:\WINDOWS\SYSTEM32\dbghelp.dll

VM Arguments:
jvm_args: -Dfile.encoding=Cp1252 
java_command: code.ServerMain
Launcher Type: SUN_STANDARD

Environment Variables:
CLASSPATH=C:\Program Files\Java\jdk1.7.0_45\bin
PATH=c:\Program Files (x86)\Intel\iCLS Client\;c:\Program Files\Intel\iCLS Client\;C:\WINDOWS\system32;C:\WINDOWS;C:\WINDOWS\System32\Wbem;C:\WINDOWS\System32\WindowsPowerShell\v1.0\;C:\Program Files\Intel\Intel(R) Management Engine Components\DAL;C:\Program Files\Intel\Intel(R) Management Engine Components\IPT;C:\Program Files (x86)\Intel\Intel(R) Management Engine Components\DAL;C:\Program Files (x86)\Intel\Intel(R) Management Engine Components\IPT;C:\Program Files (x86)\Windows Live\Shared;C:\Program Files (x86)\QuickTime\QTSystem\;C:\Program Files (x86)\Windows Kits\8.0\Windows Performance Toolkit\;C:\Program Files\Microsoft SQL Server\110\Tools\Binn\;C:\Program Files\Java\jdk1.7.0_45\bin;C:\Program Files (x86)\KDiff3
USERNAME=Dallin
OS=Windows_NT
PROCESSOR_IDENTIFIER=Intel64 Family 6 Model 58 Stepping 9, GenuineIntel



---------------  S Y S T E M  ---------------

OS: Windows 8 , 64 bit Build 9200 

CPU:total 4 (2 cores per cpu, 2 threads per core) family 6 model 58 stepping 9, cmov, cx8, fxsr, mmx, sse, sse2, sse3, ssse3, sse4.1, sse4.2, popcnt, avx, erms, ht, tsc, tscinvbit, tscinv

Memory: 4k page, physical 6161684k(2537520k free), swap 8258836k(3187720k free)

vm_info: Java HotSpot(TM) 64-Bit Server VM (24.45-b08) for windows-amd64 JRE (1.7.0_45-b18), built on Oct  8 2013 05:47:22 by "java_re" with unknown MS VC++:1600

time: Sat May 17 13:28:54 2014
elapsed time: 8 seconds

