#
# A fatal error has been detected by the Java Runtime Environment:
#
#  EXCEPTION_ACCESS_VIOLATION (0xc0000005) at pc=0x00007ffefab36006, pid=4336, tid=7320
#
# JRE version: Java(TM) SE Runtime Environment (7.0_45-b18) (build 1.7.0_45-b18)
# Java VM: Java HotSpot(TM) 64-Bit Server VM (24.45-b08 mixed mode windows-amd64 compressed oops)
# Problematic frame:
# C  [xboxcontroller64.dll+0x6006]
#
# Failed to write core dump. Minidumps are not enabled by default on client versions of Windows
#
# If you would like to submit a bug report, please visit:
#   http://bugreport.sun.com/bugreport/crash.jsp
# The crash happened outside the Java Virtual Machine in native code.
# See problematic frame for where to report the bug.
#

---------------  T H R E A D  ---------------

Current thread (0x000000000b738000):  JavaThread "AWT-EventQueue-0" [_thread_in_native, id=7320, stack(0x000000000c350000,0x000000000c450000)]

siginfo: ExceptionCode=0xc0000005, reading address 0xffffffffffffffff

Registers:
RAX=0x000000000b93ea30, RBX=0x0000000000000009, RCX=0x0000000002bf09e8, RDX=0x0000000009c10f70
RSP=0x000000000c44e090, RBP=0x00000000000003e8, RSI=0x0000000000000009, RDI=0x0000000002bcd690
R8 =0x0000000000000000, R9 =0x0000000000000009, R10=0x0801413f64baa979, R11=0x000000006094f900
R12=0x0000000000000000, R13=0x000000009d5a51c0, R14=0x000000000c44e1a0, R15=0x000000000b738000
RIP=0x00007ffefab36006, EFLAGS=0x0000000000010246

Top of Stack: (sp=0x000000000c44e090)
0x000000000c44e090:   0000000002cf6274 0000000002d03958
0x000000000c44e0a0:   0000000009c63500 000000000b738000
0x000000000c44e0b0:   000000000b93ea30 0000000009c612b0
0x000000000c44e0c0:   0000000002cf6274 0000000002d03acf
0x000000000c44e0d0:   000000000c44e168 000000009d5a51c0
0x000000000c44e0e0:   000000009d365098 0000000000000000
0x000000000c44e0f0:   0000000000000000 000000000b738000
0x000000000c44e100:   000000000c44e200 0000000002d0e103
0x000000000c44e110:   0000000002cf5410 0000000000000001
0x000000000c44e120:   00000000e0e9ec40 000000000c44e118
0x000000000c44e130:   000000009d5a51c0 000000000c44e1a0
0x000000000c44e140:   000000009d5aa368 0000000000000000
0x000000000c44e150:   000000009d5a51c0 0000000000000000
0x000000000c44e160:   000000000c44e188 000000000c44e1e8
0x000000000c44e170:   0000000002cf6274 0000000000000000
0x000000000c44e180:   0000000002cff0d6 0000000000000009 

Instructions: (pc=0x00007ffefab36006)
0x00007ffefab35fe6:   48 63 57 68 48 8b 47 30 3b de 48 8d 14 50 0f 4c
0x00007ffefab35ff6:   f3 45 33 c0 48 89 54 24 20 48 8b 57 10 44 8b ce
0x00007ffefab36006:   41 ff 92 90 06 00 00 01 77 68 8b 47 68 3b 47 5c
0x00007ffefab36016:   75 05 33 c0 89 47 68 29 77 6c 8b c6 48 8b 6c 24 


Register to memory mapping:

RAX=0x000000000b93ea30 is an unknown value
RBX=0x0000000000000009 is an unknown value
RCX=0x0000000002bf09e8 is an unknown value
RDX=0x0000000009c10f70 is a global jni handle
RSP=0x000000000c44e090 is pointing into the stack for thread: 0x000000000b738000
RBP=0x00000000000003e8 is an unknown value
RSI=0x0000000000000009 is an unknown value
RDI=0x0000000002bcd690 is an unknown value
R8 =0x0000000000000000 is an unknown value
R9 =0x0000000000000009 is an unknown value
R10=0x0801413f64baa979 is an unknown value
R11=0x000000006094f900 is an unknown value
R12=0x0000000000000000 is an unknown value
R13=0x000000009d5a51c0 is an oop
{method} 
 - klass: {other class}
R14=0x000000000c44e1a0 is pointing into the stack for thread: 0x000000000b738000
R15=0x000000000b738000 is a thread


Stack: [0x000000000c350000,0x000000000c450000],  sp=0x000000000c44e090,  free space=1016k
Native frames: (J=compiled Java code, j=interpreted, Vv=VM code, C=native code)
C  [xboxcontroller64.dll+0x6006]

[error occurred during error reporting (printing native stack), id 0xc0000005]

Java frames: (J=compiled Java code, j=interpreted, Vv=VM code)
j  ch.aplu.jaw.NativeHandler.nativeReadBuf(JI)I+0
j  ch.aplu.jaw.NativeHandler.readBuf(I)I+33
j  ch.aplu.xboxcontroller.XboxController.readData()Lch/aplu/xboxcontroller/ControllerState;+15
j  ch.aplu.xboxcontroller.XboxController.access$000(Lch/aplu/xboxcontroller/XboxController;)Lch/aplu/xboxcontroller/ControllerState;+1
j  ch.aplu.xboxcontroller.XboxController$1.actionPerformed(Ljava/awt/event/ActionEvent;)V+4
j  javax.swing.Timer.fireActionPerformed(Ljava/awt/event/ActionEvent;)V+35
j  javax.swing.Timer$DoPostEvent.run()V+74
j  java.awt.event.InvocationEvent.dispatch()V+47
j  java.awt.EventQueue.dispatchEventImpl(Ljava/awt/AWTEvent;Ljava/lang/Object;)V+21
j  java.awt.EventQueue.access$200(Ljava/awt/EventQueue;Ljava/awt/AWTEvent;Ljava/lang/Object;)V+3
j  java.awt.EventQueue$3.run()Ljava/lang/Void;+12
j  java.awt.EventQueue$3.run()Ljava/lang/Object;+1
v  ~StubRoutines::call_stub
j  java.security.AccessController.doPrivileged(Ljava/security/PrivilegedAction;Ljava/security/AccessControlContext;)Ljava/lang/Object;+0
j  java.security.ProtectionDomain$1.doIntersectionPrivilege(Ljava/security/PrivilegedAction;Ljava/security/AccessControlContext;Ljava/security/AccessControlContext;)Ljava/lang/Object;+28
j  java.awt.EventQueue.dispatchEvent(Ljava/awt/AWTEvent;)V+46
j  java.awt.EventDispatchThread.pumpOneEventForFilters(I)V+245
j  java.awt.EventDispatchThread.pumpEventsForFilter(ILjava/awt/Conditional;Ljava/awt/EventFilter;)V+35
j  java.awt.EventDispatchThread.pumpEventsForHierarchy(ILjava/awt/Conditional;Ljava/awt/Component;)V+11
j  java.awt.EventDispatchThread.pumpEvents(ILjava/awt/Conditional;)V+4
j  java.awt.EventDispatchThread.pumpEvents(Ljava/awt/Conditional;)V+3
j  java.awt.EventDispatchThread.run()V+9
v  ~StubRoutines::call_stub

---------------  P R O C E S S  ---------------

Java Threads: ( => current thread )
  0x000000000b892000 JavaThread "DestroyJavaVM" [_thread_blocked, id=6960, stack(0x0000000002a70000,0x0000000002b70000)]
  0x000000000b890800 JavaThread "Display" [_thread_in_Java, id=6116, stack(0x000000000dc90000,0x000000000dd90000)]
  0x000000000b890000 JavaThread "UDP Broadcast Thread" [_thread_blocked, id=3732, stack(0x000000000db90000,0x000000000dc90000)]
  0x000000000b88f000 JavaThread "Rover Input Thread" [_thread_in_native, id=7484, stack(0x000000000da90000,0x000000000db90000)]
  0x000000000b889000 JavaThread "Thread-3" [_thread_in_native, id=6996, stack(0x000000000d970000,0x000000000da70000)]
  0x000000000b7e0000 JavaThread "TimerQueue" daemon [_thread_blocked, id=5752, stack(0x000000000d850000,0x000000000d950000)]
  0x000000000c555000 JavaThread "Image Fetcher 0" daemon [_thread_blocked, id=3616, stack(0x000000000d640000,0x000000000d740000)]
  0x000000000b942800 JavaThread "Thread-2" [_thread_in_native, id=5276, stack(0x000000000d440000,0x000000000d540000)]
=>0x000000000b738000 JavaThread "AWT-EventQueue-0" [_thread_in_native, id=7320, stack(0x000000000c350000,0x000000000c450000)]
  0x000000000b68d000 JavaThread "AWT-Windows" daemon [_thread_in_native, id=6460, stack(0x000000000be40000,0x000000000bf40000)]
  0x000000000b68c000 JavaThread "AWT-Shutdown" [_thread_blocked, id=5668, stack(0x000000000bd40000,0x000000000be40000)]
  0x000000000b68b800 JavaThread "Java2D Disposer" daemon [_thread_blocked, id=1896, stack(0x000000000bc40000,0x000000000bd40000)]
  0x0000000009c70000 JavaThread "Service Thread" daemon [_thread_blocked, id=2468, stack(0x000000000b3d0000,0x000000000b4d0000)]
  0x0000000009c5e800 JavaThread "C2 CompilerThread1" daemon [_thread_blocked, id=5096, stack(0x000000000b2d0000,0x000000000b3d0000)]
  0x0000000009c53000 JavaThread "C2 CompilerThread0" daemon [_thread_blocked, id=6044, stack(0x000000000b1d0000,0x000000000b2d0000)]
  0x0000000009c52000 JavaThread "Attach Listener" daemon [_thread_blocked, id=3164, stack(0x000000000b0d0000,0x000000000b1d0000)]
  0x0000000009c4e800 JavaThread "Signal Dispatcher" daemon [_thread_blocked, id=7280, stack(0x000000000afd0000,0x000000000b0d0000)]
  0x0000000009c1a800 JavaThread "Finalizer" daemon [_thread_blocked, id=5284, stack(0x000000000aed0000,0x000000000afd0000)]
  0x0000000009c11800 JavaThread "Reference Handler" daemon [_thread_blocked, id=4536, stack(0x000000000add0000,0x000000000aed0000)]

Other Threads:
  0x0000000009c0f000 VMThread [stack: 0x000000000acd0000,0x000000000add0000] [id=3568]
  0x0000000009c79000 WatcherThread [stack: 0x000000000b4d0000,0x000000000b5d0000] [id=8136]

VM state:not at safepoint (normal execution)

VM Mutex/Monitor currently owned by a thread: None

Heap
 PSYoungGen      total 28672K, used 22284K [0x00000000e0a00000, 0x00000000e2980000, 0x0000000100000000)
  eden space 25088K, 88% used [0x00000000e0a00000,0x00000000e1fc3328,0x00000000e2280000)
  from space 3584K, 0% used [0x00000000e2600000,0x00000000e2600000,0x00000000e2980000)
  to   space 3584K, 0% used [0x00000000e2280000,0x00000000e2280000,0x00000000e2600000)
 ParOldGen       total 64000K, used 0K [0x00000000a1e00000, 0x00000000a5c80000, 0x00000000e0a00000)
  object space 64000K, 0% used [0x00000000a1e00000,0x00000000a1e00000,0x00000000a5c80000)
 PSPermGen       total 21504K, used 11619K [0x000000009cc00000, 0x000000009e100000, 0x00000000a1e00000)
  object space 21504K, 54% used [0x000000009cc00000,0x000000009d758f68,0x000000009e100000)

Card table byte_map: [0x0000000005cf0000,0x0000000006010000] byte_map_base: 0x000000000580a000

Polling page: 0x00000000010b0000

Code Cache  [0x0000000002cf0000, 0x0000000002f60000, 0x0000000005cf0000)
 total_blobs=674 nmethods=239 adapters=387 free_code_cache=48260Kb largest_free_block=49392064

Compilation events (10 events):
Event: 6.628 Thread 0x0000000009c5e800  235             java.util.AbstractList::<init> (10 bytes)
Event: 6.629 Thread 0x0000000009c5e800 nmethod 235 0x0000000002dcb290 code [0x0000000002dcb3c0, 0x0000000002dcb418]
Event: 6.634 Thread 0x0000000009c53000  236             java.util.IdentityHashMap$IdentityHashMapIterator::hasNext (50 bytes)
Event: 6.638 Thread 0x0000000009c5e800  237             sun.java2d.SunGraphics2D::setRenderingHint (523 bytes)
Event: 6.642 Thread 0x0000000009c53000 nmethod 236 0x0000000002dbbb10 code [0x0000000002dbbc40, 0x0000000002dbbd98]
Event: 6.642 Thread 0x0000000009c53000  238             java.awt.Component::isMixingNeeded (269 bytes)
Event: 6.668 Thread 0x0000000009c53000 nmethod 238 0x0000000002dd2b50 code [0x0000000002dd2d20, 0x0000000002dd32d0]
Event: 6.668 Thread 0x0000000009c53000  239  s          sun.awt.SunToolkit::getSunAwtDisableMixing (32 bytes)
Event: 6.672 Thread 0x0000000009c5e800 nmethod 237 0x0000000002dd2010 code [0x0000000002dd21a0, 0x0000000002dd2728]
Event: 6.673 Thread 0x0000000009c53000 nmethod 239 0x0000000002dd51d0 code [0x0000000002dd5320, 0x0000000002dd5578]

GC Heap History (0 events):
No events

Deoptimization events (5 events):
Event: 4.123 Thread 0x000000000b738000 Uncommon trap: reason=class_check action=maybe_recompile pc=0x0000000002d62c0c method=java.lang.String.equals(Ljava/lang/Object;)Z @ 8
Event: 4.123 Thread 0x000000000b738000 Uncommon trap: reason=class_check action=maybe_recompile pc=0x0000000002d62c0c method=java.lang.String.equals(Ljava/lang/Object;)Z @ 8
Event: 4.123 Thread 0x000000000b738000 Uncommon trap: reason=class_check action=maybe_recompile pc=0x0000000002d62c0c method=java.lang.String.equals(Ljava/lang/Object;)Z @ 8
Event: 6.102 Thread 0x000000000b738000 Uncommon trap: reason=null_check action=make_not_entrant pc=0x0000000002dba614 method=java.awt.Container.invalidate()V @ 6
Event: 6.334 Thread 0x000000000b738000 Uncommon trap: reason=unreached action=reinterpret pc=0x0000000002daacc8 method=java.util.concurrent.ConcurrentHashMap.get(Ljava/lang/Object;)Ljava/lang/Object; @ 89

Internal exceptions (10 events):
Event: 4.331 Thread 0x0000000002bf0800 Threw 0x00000000e122b630 at C:\re\jdk7u45\229\hotspot\src\share\vm\prims\jvm.cpp:1244
Event: 4.335 Thread 0x0000000002bf0800 Threw 0x00000000e122e5b8 at C:\re\jdk7u45\229\hotspot\src\share\vm\prims\jvm.cpp:1244
Event: 4.337 Thread 0x0000000002bf0800 Threw 0x00000000e1232268 at C:\re\jdk7u45\229\hotspot\src\share\vm\prims\jvm.cpp:1244
Event: 4.341 Thread 0x0000000002bf0800 Threw 0x00000000e1236f50 at C:\re\jdk7u45\229\hotspot\src\share\vm\prims\jvm.cpp:1244
Event: 4.343 Thread 0x0000000002bf0800 Threw 0x00000000e123ae48 at C:\re\jdk7u45\229\hotspot\src\share\vm\prims\jvm.cpp:1244
Event: 4.356 Thread 0x0000000002bf0800 Threw 0x00000000e123e650 at C:\re\jdk7u45\229\hotspot\src\share\vm\prims\jvm.cpp:1244
Event: 4.391 Thread 0x0000000002bf0800 Threw 0x00000000e124ba20 at C:\re\jdk7u45\229\hotspot\src\share\vm\prims\jvm.cpp:1244
Event: 4.414 Thread 0x0000000002bf0800 Threw 0x00000000e12536a0 at C:\re\jdk7u45\229\hotspot\src\share\vm\prims\jvm.cpp:1244
Event: 5.262 Thread 0x000000000b889000 Threw 0x00000000e1283800 at C:\re\jdk7u45\229\hotspot\src\share\vm\prims\jvm.cpp:1244
Event: 6.102 Thread 0x000000000b738000 Implicit null exception at 0x0000000002db9a8d to 0x0000000002dba605

Events (10 events):
Event: 6.118 loading class 0x000000000b6ec180 done
Event: 6.294 loading class 0x0000000002c62a60
Event: 6.295 loading class 0x0000000002c62a60 done
Event: 6.295 loading class 0x000000000b7e68c0
Event: 6.295 loading class 0x000000000b7e68c0 done
Event: 6.333 Executing VM operation: RevokeBias
Event: 6.334 Executing VM operation: RevokeBias done
Event: 6.334 Thread 0x000000000b738000 Uncommon trap: trap_request=0xffffffad fr.pc=0x0000000002daacc8
Event: 6.334 Thread 0x000000000b738000 DEOPT PACKING pc=0x0000000002daacc8 sp=0x000000000c44c110
Event: 6.334 Thread 0x000000000b738000 DEOPT UNPACKING pc=0x0000000002d275a4 sp=0x000000000c44c0b0 mode 2


Dynamic libraries:
0x00007ff7c59a0000 - 0x00007ff7c59d3000 	C:\Program Files\Java\jre7\bin\javaw.exe
0x00007fff028c0000 - 0x00007fff02a6a000 	C:\WINDOWS\SYSTEM32\ntdll.dll
0x00007fff01240000 - 0x00007fff0137a000 	C:\WINDOWS\system32\KERNEL32.DLL
0x00007fff00030000 - 0x00007fff0013f000 	C:\WINDOWS\system32\KERNELBASE.dll
0x00007ffefe480000 - 0x00007ffefe508000 	C:\WINDOWS\system32\apphelp.dll
0x00007ffef3ed0000 - 0x00007ffef3f1f000 	C:\WINDOWS\AppPatch\AppPatch64\AcGenral.DLL
0x00007fff00550000 - 0x00007fff005f7000 	C:\WINDOWS\system32\msvcrt.dll
0x00007ffeffa10000 - 0x00007ffeffa3b000 	C:\WINDOWS\SYSTEM32\SspiCli.dll
0x00007fff02860000 - 0x00007fff028b1000 	C:\WINDOWS\system32\SHLWAPI.dll
0x00007fff00140000 - 0x00007fff002b1000 	C:\WINDOWS\system32\USER32.dll
0x00007fff00780000 - 0x00007fff008f8000 	C:\WINDOWS\system32\ole32.dll
0x00007fff01380000 - 0x00007fff02796000 	C:\WINDOWS\system32\SHELL32.dll
0x00007ffeff2a0000 - 0x00007ffeff2be000 	C:\WINDOWS\SYSTEM32\USERENV.dll
0x00007fff004a0000 - 0x00007fff00545000 	C:\WINDOWS\system32\ADVAPI32.dll
0x00007ffefdc40000 - 0x00007ffefdc5b000 	C:\WINDOWS\SYSTEM32\MPR.dll
0x00007fff00cd0000 - 0x00007fff00e06000 	C:\WINDOWS\system32\RPCRT4.dll
0x00007fff00c70000 - 0x00007fff00cc7000 	C:\WINDOWS\SYSTEM32\sechost.dll
0x00007fff002c0000 - 0x00007fff00496000 	C:\WINDOWS\SYSTEM32\combase.dll
0x00007fff00610000 - 0x00007fff00755000 	C:\WINDOWS\system32\GDI32.dll
0x00007ffeffc30000 - 0x00007ffeffc44000 	C:\WINDOWS\SYSTEM32\profapi.dll
0x00007ffefcb70000 - 0x00007ffefcc0f000 	C:\WINDOWS\SYSTEM32\SHCORE.dll
0x00007fff009c0000 - 0x00007fff009f4000 	C:\WINDOWS\system32\IMM32.DLL
0x00007fff00eb0000 - 0x00007fff00fe9000 	C:\WINDOWS\system32\MSCTF.dll
0x00007ffefb7b0000 - 0x00007ffefba0a000 	C:\WINDOWS\WinSxS\amd64_microsoft.windows.common-controls_6595b64144ccf1df_6.0.9600.17031_none_6242a4b3ecbb55a1\COMCTL32.dll
0x0000000060f40000 - 0x0000000061012000 	C:\Program Files\Java\jre7\bin\msvcr100.dll
0x0000000060770000 - 0x0000000060f39000 	C:\Program Files\Java\jre7\bin\server\jvm.dll
0x00007ffeeb370000 - 0x00007ffeeb379000 	C:\WINDOWS\SYSTEM32\WSOCK32.dll
0x00007ffefbc30000 - 0x00007ffefbc4f000 	C:\WINDOWS\SYSTEM32\WINMM.dll
0x00007fff027a0000 - 0x00007fff027a7000 	C:\WINDOWS\system32\PSAPI.DLL
0x00007fff00960000 - 0x00007fff009b8000 	C:\WINDOWS\system32\WS2_32.dll
0x00007ffefbc00000 - 0x00007ffefbc2a000 	C:\WINDOWS\SYSTEM32\WINMMBASE.dll
0x00007fff00ac0000 - 0x00007fff00ac9000 	C:\WINDOWS\system32\NSI.dll
0x00007ffeffe00000 - 0x00007ffeffe4a000 	C:\WINDOWS\SYSTEM32\cfgmgr32.dll
0x00007ffefead0000 - 0x00007ffefeaf6000 	C:\WINDOWS\SYSTEM32\DEVOBJ.dll
0x0000000060760000 - 0x000000006076f000 	C:\Program Files\Java\jre7\bin\verify.dll
0x0000000060730000 - 0x0000000060758000 	C:\Program Files\Java\jre7\bin\java.dll
0x0000000060710000 - 0x0000000060725000 	C:\Program Files\Java\jre7\bin\zip.dll
0x0000000060530000 - 0x00000000606c5000 	C:\Program Files\Java\jre7\bin\awt.dll
0x00007fff00a00000 - 0x00007fff00ab7000 	C:\WINDOWS\system32\OLEAUT32.dll
0x00007ffefc9a0000 - 0x00007ffefc9c0000 	C:\WINDOWS\system32\DWMAPI.DLL
0x00007ffefe920000 - 0x00007ffefea41000 	C:\WINDOWS\system32\uxtheme.dll
0x00007ffefeb00000 - 0x00007ffefeb0a000 	C:\WINDOWS\SYSTEM32\kernel.appcore.dll
0x00007ffeffaa0000 - 0x00007ffeffaaa000 	C:\WINDOWS\SYSTEM32\CRYPTBASE.dll
0x00007ffeffa40000 - 0x00007ffeffaa0000 	C:\WINDOWS\SYSTEM32\bcryptPrimitives.dll
0x00000000604e0000 - 0x0000000060526000 	C:\Program Files\Java\jre7\bin\fontmanager.dll
0x00000000606f0000 - 0x0000000060709000 	C:\Program Files\Java\jre7\bin\net.dll
0x00007ffeff590000 - 0x00007ffeff5e8000 	C:\WINDOWS\system32\mswsock.dll
0x00000000606d0000 - 0x00000000606e1000 	C:\Program Files\Java\jre7\bin\nio.dll
0x0000000060490000 - 0x00000000604d1000 	C:\Program Files\Java\jre7\bin\t2k.dll
0x00007fff027b0000 - 0x00007fff02854000 	C:\WINDOWS\SYSTEM32\clbcatq.dll
0x00007ffefcfe0000 - 0x00007ffefd173000 	C:\WINDOWS\SYSTEM32\WindowsCodecs.dll
0x00007ffeff5f0000 - 0x00007ffeff60e000 	C:\WINDOWS\SYSTEM32\CRYPTSP.dll
0x00007ffeff0c0000 - 0x00007ffeff0f5000 	C:\WINDOWS\system32\rsaenh.dll
0x00007ffeff720000 - 0x00007ffeff746000 	C:\WINDOWS\SYSTEM32\bcrypt.dll
0x00007ffefab30000 - 0x00007ffefab41000 	C:\Windows\xboxcontroller64.dll
0x00007ffefab20000 - 0x00007ffefab28000 	C:\WINDOWS\SYSTEM32\XINPUT9_1_0.dll
0x0000000062400000 - 0x0000000062498000 	C:\WINDOWS\SYSTEM32\MSVCP100.dll
0x00007ffefa6b0000 - 0x00007ffefa6bd000 	C:\WINDOWS\SYSTEM32\XInput1_4.dll
0x0000000180000000 - 0x0000000180025000 	C:\Windows\rxtxSerial.dll
0x00007ffefe0b0000 - 0x00007ffefe238000 	C:\WINDOWS\SYSTEM32\dbghelp.dll

VM Arguments:
jvm_args: -Dfile.encoding=Cp1252 
java_command: code.ServerMain
Launcher Type: SUN_STANDARD

Environment Variables:
CLASSPATH=C:\Program Files\Java\jdk1.7.0_45\bin
PATH=c:\Program Files (x86)\Intel\iCLS Client\;c:\Program Files\Intel\iCLS Client\;C:\WINDOWS\system32;C:\WINDOWS;C:\WINDOWS\System32\Wbem;C:\WINDOWS\System32\WindowsPowerShell\v1.0\;C:\Program Files\Intel\Intel(R) Management Engine Components\DAL;C:\Program Files\Intel\Intel(R) Management Engine Components\IPT;C:\Program Files (x86)\Intel\Intel(R) Management Engine Components\DAL;C:\Program Files (x86)\Intel\Intel(R) Management Engine Components\IPT;C:\Program Files (x86)\Windows Live\Shared;C:\Program Files (x86)\QuickTime\QTSystem\;C:\Program Files (x86)\Windows Kits\8.0\Windows Performance Toolkit\;C:\Program Files\Microsoft SQL Server\110\Tools\Binn\;C:\Program Files\Java\jdk1.7.0_45\bin;C:\Program Files (x86)\KDiff3
USERNAME=Dallin
OS=Windows_NT
PROCESSOR_IDENTIFIER=Intel64 Family 6 Model 58 Stepping 9, GenuineIntel



---------------  S Y S T E M  ---------------

OS: Windows 8 , 64 bit Build 9200 

CPU:total 4 (2 cores per cpu, 2 threads per core) family 6 model 58 stepping 9, cmov, cx8, fxsr, mmx, sse, sse2, sse3, ssse3, sse4.1, sse4.2, popcnt, avx, erms, ht, tsc, tscinvbit, tscinv

Memory: 4k page, physical 6161688k(2814980k free), swap 8193304k(3518752k free)

vm_info: Java HotSpot(TM) 64-Bit Server VM (24.45-b08) for windows-amd64 JRE (1.7.0_45-b18), built on Oct  8 2013 05:47:22 by "java_re" with unknown MS VC++:1600

time: Mon May 26 16:17:28 2014
elapsed time: 6 seconds

