#
# A fatal error has been detected by the Java Runtime Environment:
#
#  EXCEPTION_ACCESS_VIOLATION (0xc0000005) at pc=0x00007ffef7a46006, pid=9064, tid=3736
#
# JRE version: Java(TM) SE Runtime Environment (7.0_45-b18) (build 1.7.0_45-b18)
# Java VM: Java HotSpot(TM) 64-Bit Server VM (24.45-b08 mixed mode windows-amd64 compressed oops)
# Problematic frame:
# C  [xboxcontroller64.dll+0x6006]
#
# Failed to write core dump. Minidumps are not enabled by default on client versions of Windows
#
# If you would like to submit a bug report, please visit:
#   http://bugreport.sun.com/bugreport/crash.jsp
# The crash happened outside the Java Virtual Machine in native code.
# See problematic frame for where to report the bug.
#

---------------  T H R E A D  ---------------

Current thread (0x000000000a986800):  JavaThread "AWT-EventQueue-0" [_thread_in_native, id=3736, stack(0x000000000b860000,0x000000000b960000)]

siginfo: ExceptionCode=0xc0000005, reading address 0x0000000900000804

Registers:
RAX=0x000000000a885fc0, RBX=0x0000000000000009, RCX=0x0000000001d009e8, RDX=0x0000000008e555a8
RSP=0x000000000b95e480, RBP=0x00000000000003e8, RSI=0x0000000000000009, RDI=0x0000000001eee690
R8 =0x0000000000000000, R9 =0x0000000000000009, R10=0x0000000900000174, R11=0x000000006094f900
R12=0x0000000000000000, R13=0x000000009cf2fa18, R14=0x000000000b95e590, R15=0x000000000a986800
RIP=0x00007ffef7a46006, EFLAGS=0x0000000000010246

Top of Stack: (sp=0x000000000b95e480)
0x000000000b95e480:   0000000001ef6274 0000000001f03958
0x000000000b95e490:   000000000a8e0700 000000000a986800
0x000000000b95e4a0:   000000000a885fc0 0000000008e8c760
0x000000000b95e4b0:   0000000001ef6274 0000000001f03acf
0x000000000b95e4c0:   000000000b95e558 000000009cf2fa18
0x000000000b95e4d0:   000000009d3589c0 0000000000000000
0x000000000b95e4e0:   0000000000000000 000000000a986800
0x000000000b95e4f0:   000000000b95e5f0 0000000001f0e103
0x000000000b95e500:   0000000001ef5410 0000000000000001
0x000000000b95e510:   00000000e0aafda0 000000000b95e508
0x000000000b95e520:   000000009cf2fa18 000000000b95e590
0x000000000b95e530:   000000009cf34bc0 0000000000000000
0x000000000b95e540:   000000009cf2fa18 0000000000000000
0x000000000b95e550:   000000000b95e578 000000000b95e5d8
0x000000000b95e560:   0000000001ef6274 0000000000000000
0x000000000b95e570:   0000000001eff0d6 0000000000000009 

Instructions: (pc=0x00007ffef7a46006)
0x00007ffef7a45fe6:   48 63 57 68 48 8b 47 30 3b de 48 8d 14 50 0f 4c
0x00007ffef7a45ff6:   f3 45 33 c0 48 89 54 24 20 48 8b 57 10 44 8b ce
0x00007ffef7a46006:   41 ff 92 90 06 00 00 01 77 68 8b 47 68 3b 47 5c
0x00007ffef7a46016:   75 05 33 c0 89 47 68 29 77 6c 8b c6 48 8b 6c 24 


Register to memory mapping:

RAX=0x000000000a885fc0 is an unknown value
RBX=0x0000000000000009 is an unknown value
RCX=0x0000000001d009e8 is an unknown value
RDX=0x0000000008e555a8 is a global jni handle
RSP=0x000000000b95e480 is pointing into the stack for thread: 0x000000000a986800
RBP=0x00000000000003e8 is an unknown value
RSI=0x0000000000000009 is an unknown value
RDI=0x0000000001eee690 is an unknown value
R8 =0x0000000000000000 is an unknown value
R9 =0x0000000000000009 is an unknown value
R10=0x0000000900000174 is an unknown value
R11=0x000000006094f900 is an unknown value
R12=0x0000000000000000 is an unknown value
R13=0x000000009cf2fa18 is an oop
{method} 
 - klass: {other class}
R14=0x000000000b95e590 is pointing into the stack for thread: 0x000000000a986800
R15=0x000000000a986800 is a thread


Stack: [0x000000000b860000,0x000000000b960000],  sp=0x000000000b95e480,  free space=1017k
Native frames: (J=compiled Java code, j=interpreted, Vv=VM code, C=native code)
C  [xboxcontroller64.dll+0x6006]

[error occurred during error reporting (printing native stack), id 0xc0000005]

Java frames: (J=compiled Java code, j=interpreted, Vv=VM code)
j  ch.aplu.jaw.NativeHandler.nativeReadBuf(JI)I+0
j  ch.aplu.jaw.NativeHandler.readBuf(I)I+33
j  ch.aplu.xboxcontroller.XboxController.readData()Lch/aplu/xboxcontroller/ControllerState;+15
j  ch.aplu.xboxcontroller.XboxController.access$000(Lch/aplu/xboxcontroller/XboxController;)Lch/aplu/xboxcontroller/ControllerState;+1
j  ch.aplu.xboxcontroller.XboxController$1.actionPerformed(Ljava/awt/event/ActionEvent;)V+4
j  javax.swing.Timer.fireActionPerformed(Ljava/awt/event/ActionEvent;)V+35
j  javax.swing.Timer$DoPostEvent.run()V+74
j  java.awt.event.InvocationEvent.dispatch()V+47
j  java.awt.EventQueue.dispatchEventImpl(Ljava/awt/AWTEvent;Ljava/lang/Object;)V+21
j  java.awt.EventQueue.access$200(Ljava/awt/EventQueue;Ljava/awt/AWTEvent;Ljava/lang/Object;)V+3
j  java.awt.EventQueue$3.run()Ljava/lang/Void;+12
j  java.awt.EventQueue$3.run()Ljava/lang/Object;+1
v  ~StubRoutines::call_stub
j  java.security.AccessController.doPrivileged(Ljava/security/PrivilegedAction;Ljava/security/AccessControlContext;)Ljava/lang/Object;+0
j  java.security.ProtectionDomain$1.doIntersectionPrivilege(Ljava/security/PrivilegedAction;Ljava/security/AccessControlContext;Ljava/security/AccessControlContext;)Ljava/lang/Object;+28
j  java.awt.EventQueue.dispatchEvent(Ljava/awt/AWTEvent;)V+46
j  java.awt.EventDispatchThread.pumpOneEventForFilters(I)V+245
j  java.awt.EventDispatchThread.pumpEventsForFilter(ILjava/awt/Conditional;Ljava/awt/EventFilter;)V+35
j  java.awt.EventDispatchThread.pumpEventsForHierarchy(ILjava/awt/Conditional;Ljava/awt/Component;)V+11
j  java.awt.EventDispatchThread.pumpEvents(ILjava/awt/Conditional;)V+4
j  java.awt.EventDispatchThread.pumpEvents(Ljava/awt/Conditional;)V+3
j  java.awt.EventDispatchThread.run()V+9
v  ~StubRoutines::call_stub

---------------  P R O C E S S  ---------------

Java Threads: ( => current thread )
  0x000000000aa97000 JavaThread "DestroyJavaVM" [_thread_blocked, id=8616, stack(0x0000000001be0000,0x0000000001ce0000)]
  0x000000000aae4000 JavaThread "Display" [_thread_in_Java, id=8476, stack(0x000000000ca20000,0x000000000cb20000)]
  0x000000000aae3000 JavaThread "UDP Broadcast Thread" [_thread_blocked, id=4520, stack(0x000000000c920000,0x000000000ca20000)]
  0x000000000aaa0000 JavaThread "Rover Input Thread" [_thread_in_native, id=5152, stack(0x000000000c820000,0x000000000c920000)]
  0x000000000aa8e000 JavaThread "Thread-3" [_thread_in_native, id=2548, stack(0x000000000be70000,0x000000000bf70000)]
  0x000000000aa77000 JavaThread "TimerQueue" daemon [_thread_blocked, id=8044, stack(0x000000000bd50000,0x000000000be50000)]
=>0x000000000a986800 JavaThread "AWT-EventQueue-0" [_thread_in_native, id=3736, stack(0x000000000b860000,0x000000000b960000)]
  0x000000000a88d800 JavaThread "AWT-Windows" daemon [_thread_in_native, id=7328, stack(0x000000000b240000,0x000000000b340000)]
  0x000000000a88a800 JavaThread "AWT-Shutdown" [_thread_blocked, id=5488, stack(0x000000000b140000,0x000000000b240000)]
  0x000000000a88a000 JavaThread "Java2D Disposer" daemon [_thread_blocked, id=5160, stack(0x000000000b040000,0x000000000b140000)]
  0x0000000008efb800 JavaThread "Thread-0" [_thread_in_native, id=7156, stack(0x000000000ac10000,0x000000000ad10000)]
  0x0000000008e9a000 JavaThread "Service Thread" daemon [_thread_blocked, id=5748, stack(0x000000000a600000,0x000000000a700000)]
  0x0000000008e89000 JavaThread "C2 CompilerThread1" daemon [_thread_blocked, id=8368, stack(0x000000000a500000,0x000000000a600000)]
  0x0000000008e85000 JavaThread "C2 CompilerThread0" daemon [_thread_blocked, id=96, stack(0x000000000a400000,0x000000000a500000)]
  0x0000000008e82000 JavaThread "Attach Listener" daemon [_thread_blocked, id=7224, stack(0x000000000a300000,0x000000000a400000)]
  0x0000000008e7e800 JavaThread "Signal Dispatcher" daemon [_thread_blocked, id=7296, stack(0x000000000a200000,0x000000000a300000)]
  0x0000000008e4a800 JavaThread "Finalizer" daemon [_thread_blocked, id=6476, stack(0x000000000a100000,0x000000000a200000)]
  0x0000000008e41800 JavaThread "Reference Handler" daemon [_thread_blocked, id=8052, stack(0x000000000a000000,0x000000000a100000)]

Other Threads:
  0x0000000008e3f000 VMThread [stack: 0x0000000009f00000,0x000000000a000000] [id=8632]
  0x0000000008ea2800 WatcherThread [stack: 0x000000000a700000,0x000000000a800000] [id=8696]

VM state:not at safepoint (normal execution)

VM Mutex/Monitor currently owned by a thread: None

Heap
 PSYoungGen      total 28672K, used 10589K [0x00000000e0a00000, 0x00000000e2980000, 0x0000000100000000)
  eden space 25088K, 42% used [0x00000000e0a00000,0x00000000e1457618,0x00000000e2280000)
  from space 3584K, 0% used [0x00000000e2600000,0x00000000e2600000,0x00000000e2980000)
  to   space 3584K, 0% used [0x00000000e2280000,0x00000000e2280000,0x00000000e2600000)
 ParOldGen       total 64000K, used 0K [0x00000000a1e00000, 0x00000000a5c80000, 0x00000000e0a00000)
  object space 64000K, 0% used [0x00000000a1e00000,0x00000000a1e00000,0x00000000a5c80000)
 PSPermGen       total 21504K, used 10994K [0x000000009cc00000, 0x000000009e100000, 0x00000000a1e00000)
  object space 21504K, 51% used [0x000000009cc00000,0x000000009d6bcaf8,0x000000009e100000)

Card table byte_map: [0x0000000004ef0000,0x0000000005210000] byte_map_base: 0x0000000004a0a000

Polling page: 0x0000000000620000

Code Cache  [0x0000000001ef0000, 0x0000000002160000, 0x0000000004ef0000)
 total_blobs=455 nmethods=28 adapters=379 free_code_cache=48599Kb largest_free_block=49751488

Compilation events (10 events):
Event: 3.330 Thread 0x0000000008e89000 nmethod 22 0x0000000001f75150 code [0x0000000001f75280, 0x0000000001f752d8]
Event: 3.345 Thread 0x0000000008e85000 nmethod 20 0x0000000001f74810 code [0x0000000001f74960, 0x0000000001f74db8]
Event: 3.358 Thread 0x0000000008e89000   25 %           code.ServerMain::run @ 25 (113 bytes)
Event: 3.369 Thread 0x0000000008e89000 nmethod 25% 0x0000000001f7aa90 code [0x0000000001f7ac20, 0x0000000001f7ae38]
Event: 3.378 Thread 0x0000000008e85000   26             java.lang.Math::min (11 bytes)
Event: 3.379 Thread 0x0000000008e85000 nmethod 26 0x0000000001f7a890 code [0x0000000001f7a9c0, 0x0000000001f7aa18]
Event: 3.414 Thread 0x0000000008e89000   27             java.nio.HeapByteBuffer::_get (7 bytes)
Event: 3.416 Thread 0x0000000008e89000 nmethod 27 0x0000000001f76310 code [0x0000000001f76440, 0x0000000001f764d8]
Event: 3.530 Thread 0x0000000008e85000   28             java.util.HashMap::indexFor (6 bytes)
Event: 3.531 Thread 0x0000000008e85000 nmethod 28 0x0000000001f75d10 code [0x0000000001f75e40, 0x0000000001f75e78]

GC Heap History (0 events):
No events

Deoptimization events (0 events):
No events

Internal exceptions (10 events):
Event: 3.300 Thread 0x000000000a986800 Threw 0x00000000e0e025c8 at C:\re\jdk7u45\229\hotspot\src\share\vm\prims\jvm.cpp:1244
Event: 3.307 Thread 0x000000000a986800 Threw 0x00000000e0e07700 at C:\re\jdk7u45\229\hotspot\src\share\vm\prims\jvm.cpp:1244
Event: 3.309 Thread 0x000000000a986800 Threw 0x00000000e0e08c08 at C:\re\jdk7u45\229\hotspot\src\share\vm\prims\jvm.cpp:1244
Event: 3.311 Thread 0x0000000001d00800 Threw 0x00000000e1048298 at C:\re\jdk7u45\229\hotspot\src\share\vm\prims\jvm.cpp:1244
Event: 3.312 Thread 0x000000000a986800 Threw 0x00000000e0e0a940 at C:\re\jdk7u45\229\hotspot\src\share\vm\prims\jvm.cpp:1244
Event: 3.317 Thread 0x000000000a986800 Threw 0x00000000e0e0d900 at C:\re\jdk7u45\229\hotspot\src\share\vm\prims\jvm.cpp:1244
Event: 3.475 Thread 0x000000000a986800 Threw 0x00000000e0e58ff8 at C:\re\jdk7u45\229\hotspot\src\share\vm\prims\jvm.cpp:1244
Event: 3.512 Thread 0x000000000a986800 Threw 0x00000000e0e6d4b8 at C:\re\jdk7u45\229\hotspot\src\share\vm\prims\jvm.cpp:1244
Event: 3.533 Thread 0x000000000a986800 Threw 0x00000000e126a208 at C:\re\jdk7u45\229\hotspot\src\share\vm\prims\jvm.cpp:1244
Event: 4.177 Thread 0x000000000aa8e000 Threw 0x00000000e1067b40 at C:\re\jdk7u45\229\hotspot\src\share\vm\prims\jvm.cpp:1244

Events (10 events):
Event: 3.696 loading class 0x000000000aa73860 done
Event: 4.177 loading class 0x000000000aa46d90
Event: 4.177 loading class 0x000000000aa46d90 done
Event: 4.287 Executing VM operation: EnableBiasedLocking
Event: 4.288 Executing VM operation: EnableBiasedLocking done
Event: 5.188 loading class 0x0000000001d72a60
Event: 5.188 loading class 0x0000000001d72a60 done
Event: 5.188 loading class 0x000000000a8f18b0
Event: 5.189 loading class 0x000000000a8f18b0 done
Event: 7.189 Thread 0x000000000a923800 Thread exited: 0x000000000a923800


Dynamic libraries:
0x00007ff7c59a0000 - 0x00007ff7c59d3000 	C:\Program Files\Java\jre7\bin\javaw.exe
0x00007fff028c0000 - 0x00007fff02a6a000 	C:\WINDOWS\SYSTEM32\ntdll.dll
0x00007fff01240000 - 0x00007fff0137a000 	C:\WINDOWS\system32\KERNEL32.DLL
0x00007fff00030000 - 0x00007fff0013f000 	C:\WINDOWS\system32\KERNELBASE.dll
0x00007ffefe480000 - 0x00007ffefe508000 	C:\WINDOWS\system32\apphelp.dll
0x00007ffef3ed0000 - 0x00007ffef3f1f000 	C:\WINDOWS\AppPatch\AppPatch64\AcGenral.DLL
0x00007fff00550000 - 0x00007fff005f7000 	C:\WINDOWS\system32\msvcrt.dll
0x00007ffeffa10000 - 0x00007ffeffa3b000 	C:\WINDOWS\SYSTEM32\SspiCli.dll
0x00007fff02860000 - 0x00007fff028b1000 	C:\WINDOWS\system32\SHLWAPI.dll
0x00007fff00140000 - 0x00007fff002b1000 	C:\WINDOWS\system32\USER32.dll
0x00007fff00780000 - 0x00007fff008f8000 	C:\WINDOWS\system32\ole32.dll
0x00007fff01380000 - 0x00007fff02796000 	C:\WINDOWS\system32\SHELL32.dll
0x00007ffeff2a0000 - 0x00007ffeff2be000 	C:\WINDOWS\SYSTEM32\USERENV.dll
0x00007fff004a0000 - 0x00007fff00545000 	C:\WINDOWS\system32\ADVAPI32.dll
0x00007ffefdc40000 - 0x00007ffefdc5b000 	C:\WINDOWS\SYSTEM32\MPR.dll
0x00007fff00cd0000 - 0x00007fff00e06000 	C:\WINDOWS\system32\RPCRT4.dll
0x00007fff00c70000 - 0x00007fff00cc7000 	C:\WINDOWS\SYSTEM32\sechost.dll
0x00007fff002c0000 - 0x00007fff00496000 	C:\WINDOWS\SYSTEM32\combase.dll
0x00007fff00610000 - 0x00007fff00755000 	C:\WINDOWS\system32\GDI32.dll
0x00007ffeffc30000 - 0x00007ffeffc44000 	C:\WINDOWS\SYSTEM32\profapi.dll
0x00007ffefcb70000 - 0x00007ffefcc0f000 	C:\WINDOWS\SYSTEM32\SHCORE.dll
0x00007fff009c0000 - 0x00007fff009f4000 	C:\WINDOWS\system32\IMM32.DLL
0x00007fff00eb0000 - 0x00007fff00fe9000 	C:\WINDOWS\system32\MSCTF.dll
0x00007ffefb7b0000 - 0x00007ffefba0a000 	C:\WINDOWS\WinSxS\amd64_microsoft.windows.common-controls_6595b64144ccf1df_6.0.9600.17031_none_6242a4b3ecbb55a1\COMCTL32.dll
0x0000000060f40000 - 0x0000000061012000 	C:\Program Files\Java\jre7\bin\msvcr100.dll
0x0000000060770000 - 0x0000000060f39000 	C:\Program Files\Java\jre7\bin\server\jvm.dll
0x00007ffeeb370000 - 0x00007ffeeb379000 	C:\WINDOWS\SYSTEM32\WSOCK32.dll
0x00007ffefbc30000 - 0x00007ffefbc4f000 	C:\WINDOWS\SYSTEM32\WINMM.dll
0x00007fff027a0000 - 0x00007fff027a7000 	C:\WINDOWS\system32\PSAPI.DLL
0x00007fff00960000 - 0x00007fff009b8000 	C:\WINDOWS\system32\WS2_32.dll
0x00007ffefbc00000 - 0x00007ffefbc2a000 	C:\WINDOWS\SYSTEM32\WINMMBASE.dll
0x00007fff00ac0000 - 0x00007fff00ac9000 	C:\WINDOWS\system32\NSI.dll
0x00007ffeffe00000 - 0x00007ffeffe4a000 	C:\WINDOWS\SYSTEM32\cfgmgr32.dll
0x00007ffefead0000 - 0x00007ffefeaf6000 	C:\WINDOWS\SYSTEM32\DEVOBJ.dll
0x0000000060760000 - 0x000000006076f000 	C:\Program Files\Java\jre7\bin\verify.dll
0x0000000060730000 - 0x0000000060758000 	C:\Program Files\Java\jre7\bin\java.dll
0x0000000060710000 - 0x0000000060725000 	C:\Program Files\Java\jre7\bin\zip.dll
0x00007ffef7a40000 - 0x00007ffef7a51000 	C:\Windows\xboxcontroller64.dll
0x00007ffefd880000 - 0x00007ffefd888000 	C:\WINDOWS\SYSTEM32\XINPUT9_1_0.dll
0x0000000062400000 - 0x0000000062498000 	C:\WINDOWS\SYSTEM32\MSVCP100.dll
0x00007ffefe920000 - 0x00007ffefea41000 	C:\WINDOWS\system32\uxtheme.dll
0x00007ffefc9a0000 - 0x00007ffefc9c0000 	C:\WINDOWS\system32\dwmapi.dll
0x00007ffefd610000 - 0x00007ffefd61d000 	C:\WINDOWS\SYSTEM32\XInput1_4.dll
0x0000000060530000 - 0x00000000606c5000 	C:\Program Files\Java\jre7\bin\awt.dll
0x00007fff00a00000 - 0x00007fff00ab7000 	C:\WINDOWS\system32\OLEAUT32.dll
0x00007ffefeb00000 - 0x00007ffefeb0a000 	C:\WINDOWS\SYSTEM32\kernel.appcore.dll
0x00007ffeffaa0000 - 0x00007ffeffaaa000 	C:\WINDOWS\SYSTEM32\CRYPTBASE.dll
0x00007ffeffa40000 - 0x00007ffeffaa0000 	C:\WINDOWS\SYSTEM32\bcryptPrimitives.dll
0x00000000604e0000 - 0x0000000060526000 	C:\Program Files\Java\jre7\bin\fontmanager.dll
0x00000000606f0000 - 0x0000000060709000 	C:\Program Files\Java\jre7\bin\net.dll
0x00007ffeff590000 - 0x00007ffeff5e8000 	C:\WINDOWS\system32\mswsock.dll
0x00000000606d0000 - 0x00000000606e1000 	C:\Program Files\Java\jre7\bin\nio.dll
0x0000000060490000 - 0x00000000604d1000 	C:\Program Files\Java\jre7\bin\t2k.dll
0x0000000180000000 - 0x0000000180025000 	C:\Windows\rxtxSerial.dll
0x00007fff027b0000 - 0x00007fff02854000 	C:\WINDOWS\SYSTEM32\clbcatq.dll
0x00007ffefcfe0000 - 0x00007ffefd173000 	C:\WINDOWS\SYSTEM32\WindowsCodecs.dll
0x00007ffeff5f0000 - 0x00007ffeff60e000 	C:\WINDOWS\SYSTEM32\CRYPTSP.dll
0x00007ffeff0c0000 - 0x00007ffeff0f5000 	C:\WINDOWS\system32\rsaenh.dll
0x00007ffeff720000 - 0x00007ffeff746000 	C:\WINDOWS\SYSTEM32\bcrypt.dll
0x00007ffefe0b0000 - 0x00007ffefe238000 	C:\WINDOWS\SYSTEM32\dbghelp.dll

VM Arguments:
jvm_args: -Dfile.encoding=Cp1252 
java_command: code.ServerMain
Launcher Type: SUN_STANDARD

Environment Variables:
CLASSPATH=C:\Program Files\Java\jdk1.7.0_45\bin
PATH=c:\Program Files (x86)\Intel\iCLS Client\;c:\Program Files\Intel\iCLS Client\;C:\WINDOWS\system32;C:\WINDOWS;C:\WINDOWS\System32\Wbem;C:\WINDOWS\System32\WindowsPowerShell\v1.0\;C:\Program Files\Intel\Intel(R) Management Engine Components\DAL;C:\Program Files\Intel\Intel(R) Management Engine Components\IPT;C:\Program Files (x86)\Intel\Intel(R) Management Engine Components\DAL;C:\Program Files (x86)\Intel\Intel(R) Management Engine Components\IPT;C:\Program Files (x86)\Windows Live\Shared;C:\Program Files (x86)\QuickTime\QTSystem\;C:\Program Files (x86)\Windows Kits\8.0\Windows Performance Toolkit\;C:\Program Files\Microsoft SQL Server\110\Tools\Binn\;C:\Program Files\Java\jdk1.7.0_45\bin;C:\Program Files (x86)\KDiff3
USERNAME=Dallin
OS=Windows_NT
PROCESSOR_IDENTIFIER=Intel64 Family 6 Model 58 Stepping 9, GenuineIntel



---------------  S Y S T E M  ---------------

OS: Windows 8 , 64 bit Build 9200 

CPU:total 4 (2 cores per cpu, 2 threads per core) family 6 model 58 stepping 9, cmov, cx8, fxsr, mmx, sse, sse2, sse3, ssse3, sse4.1, sse4.2, popcnt, avx, erms, ht, tsc, tscinvbit, tscinv

Memory: 4k page, physical 6161688k(2475592k free), swap 8193304k(3092476k free)

vm_info: Java HotSpot(TM) 64-Bit Server VM (24.45-b08) for windows-amd64 JRE (1.7.0_45-b18), built on Oct  8 2013 05:47:22 by "java_re" with unknown MS VC++:1600

time: Mon May 26 21:22:02 2014
elapsed time: 7 seconds

