#
# A fatal error has been detected by the Java Runtime Environment:
#
#  EXCEPTION_ACCESS_VIOLATION (0xc0000005) at pc=0x00007ffef7a46006, pid=5232, tid=8520
#
# JRE version: Java(TM) SE Runtime Environment (7.0_45-b18) (build 1.7.0_45-b18)
# Java VM: Java HotSpot(TM) 64-Bit Server VM (24.45-b08 mixed mode windows-amd64 compressed oops)
# Problematic frame:
# C  [xboxcontroller64.dll+0x6006]
#
# Failed to write core dump. Minidumps are not enabled by default on client versions of Windows
#
# If you would like to submit a bug report, please visit:
#   http://bugreport.sun.com/bugreport/crash.jsp
# The crash happened outside the Java Virtual Machine in native code.
# See problematic frame for where to report the bug.
#

---------------  T H R E A D  ---------------

Current thread (0x000000000b612000):  JavaThread "AWT-EventQueue-0" [_thread_in_native, id=8520, stack(0x000000000c450000,0x000000000c550000)]

siginfo: ExceptionCode=0xc0000005, reading address 0xffffffffffffffff

Registers:
RAX=0x000000000948a9b0, RBX=0x0000000000000009, RCX=0x000000000247d9e8, RDX=0x000000000943d678
RSP=0x000000000c54e0a0, RBP=0x00000000000003e8, RSI=0x0000000000000009, RDI=0x0000000002350c50
R8 =0x0000000000000000, R9 =0x0000000000000009, R10=0x170002000000b015, R11=0x000000006094f900
R12=0x0000000000000000, R13=0x000000009cf3a7a0, R14=0x000000000c54e1b0, R15=0x000000000b612000
RIP=0x00007ffef7a46006, EFLAGS=0x0000000000010246

Top of Stack: (sp=0x000000000c54e0a0)
0x000000000c54e0a0:   0000000002486314 000000000249a792
0x000000000c54e0b0:   000000000b51fd00 000000000b612000
0x000000000c54e0c0:   000000000948a9b0 000000000b5211e0
0x000000000c54e0d0:   0000000002486314 000000000249aa47
0x000000000c54e0e0:   000000000c54e178 000000009cf3a7a0
0x000000000c54e0f0:   000000009d370f78 0000000000000000
0x000000000c54e100:   0000000000000000 000000000b612000
0x000000000c54e110:   000000000c54e210 00000000024aa103
0x000000000c54e120:   0000000002485410 0000000000000001
0x000000000c54e130:   00000000e0b2f470 000000000c54e128
0x000000000c54e140:   000000009cf3a7a0 000000000c54e1b0
0x000000000c54e150:   000000009cf3fab8 0000000000000000
0x000000000c54e160:   000000009cf3a7a0 0000000000000000
0x000000000c54e170:   000000000c54e198 000000000c54e1f8
0x000000000c54e180:   0000000002486314 0000000000000000
0x000000000c54e190:   0000000002493a56 0000000000000009 

Instructions: (pc=0x00007ffef7a46006)
0x00007ffef7a45fe6:   48 63 57 68 48 8b 47 30 3b de 48 8d 14 50 0f 4c
0x00007ffef7a45ff6:   f3 45 33 c0 48 89 54 24 20 48 8b 57 10 44 8b ce
0x00007ffef7a46006:   41 ff 92 90 06 00 00 01 77 68 8b 47 68 3b 47 5c
0x00007ffef7a46016:   75 05 33 c0 89 47 68 29 77 6c 8b c6 48 8b 6c 24 


Register to memory mapping:

RAX=0x000000000948a9b0 is an unknown value
RBX=0x0000000000000009 is an unknown value
RCX=0x000000000247d9e8 is an unknown value
RDX=0x000000000943d678 is a global jni handle
RSP=0x000000000c54e0a0 is pointing into the stack for thread: 0x000000000b612000
RBP=0x00000000000003e8 is an unknown value
RSI=0x0000000000000009 is an unknown value
RDI=0x0000000002350c50 is an unknown value
R8 =0x0000000000000000 is an unknown value
R9 =0x0000000000000009 is an unknown value
R10=0x170002000000b015 is an unknown value
R11=0x000000006094f900 is an unknown value
R12=0x0000000000000000 is an unknown value
R13=0x000000009cf3a7a0 is an oop
{method} 
 - klass: {other class}
R14=0x000000000c54e1b0 is pointing into the stack for thread: 0x000000000b612000
R15=0x000000000b612000 is a thread


Stack: [0x000000000c450000,0x000000000c550000],  sp=0x000000000c54e0a0,  free space=1016k
Native frames: (J=compiled Java code, j=interpreted, Vv=VM code, C=native code)
C  [xboxcontroller64.dll+0x6006]

[error occurred during error reporting (printing native stack), id 0xc0000005]

Java frames: (J=compiled Java code, j=interpreted, Vv=VM code)
j  ch.aplu.jaw.NativeHandler.nativeReadBuf(JI)I+0
j  ch.aplu.jaw.NativeHandler.readBuf(I)I+33
j  ch.aplu.xboxcontroller.XboxController.readData()Lch/aplu/xboxcontroller/ControllerState;+15
j  ch.aplu.xboxcontroller.XboxController.access$000(Lch/aplu/xboxcontroller/XboxController;)Lch/aplu/xboxcontroller/ControllerState;+1
j  ch.aplu.xboxcontroller.XboxController$1.actionPerformed(Ljava/awt/event/ActionEvent;)V+4
j  javax.swing.Timer.fireActionPerformed(Ljava/awt/event/ActionEvent;)V+35
j  javax.swing.Timer$DoPostEvent.run()V+74
j  java.awt.event.InvocationEvent.dispatch()V+47
j  java.awt.EventQueue.dispatchEventImpl(Ljava/awt/AWTEvent;Ljava/lang/Object;)V+21
j  java.awt.EventQueue.access$200(Ljava/awt/EventQueue;Ljava/awt/AWTEvent;Ljava/lang/Object;)V+3
j  java.awt.EventQueue$3.run()Ljava/lang/Void;+12
j  java.awt.EventQueue$3.run()Ljava/lang/Object;+1
v  ~StubRoutines::call_stub
j  java.security.AccessController.doPrivileged(Ljava/security/PrivilegedAction;Ljava/security/AccessControlContext;)Ljava/lang/Object;+0
j  java.security.ProtectionDomain$1.doIntersectionPrivilege(Ljava/security/PrivilegedAction;Ljava/security/AccessControlContext;Ljava/security/AccessControlContext;)Ljava/lang/Object;+28
j  java.awt.EventQueue.dispatchEvent(Ljava/awt/AWTEvent;)V+46
j  java.awt.EventDispatchThread.pumpOneEventForFilters(I)V+245
j  java.awt.EventDispatchThread.pumpEventsForFilter(ILjava/awt/Conditional;Ljava/awt/EventFilter;)V+35
j  java.awt.EventDispatchThread.pumpEventsForHierarchy(ILjava/awt/Conditional;Ljava/awt/Component;)V+11
j  java.awt.EventDispatchThread.pumpEvents(ILjava/awt/Conditional;)V+4
j  java.awt.EventDispatchThread.pumpEvents(Ljava/awt/Conditional;)V+3
j  java.awt.EventDispatchThread.run()V+9
v  ~StubRoutines::call_stub

---------------  P R O C E S S  ---------------

Java Threads: ( => current thread )
  0x000000000b7ca000 JavaThread "DestroyJavaVM" [_thread_blocked, id=7124, stack(0x0000000002220000,0x0000000002320000)]
  0x000000000b842800 JavaThread "Display" [_thread_in_Java, id=3532, stack(0x000000000d300000,0x000000000d400000)]
  0x000000000b771000 JavaThread "UDP Broadcast Thread" [_thread_blocked, id=3184, stack(0x000000000d200000,0x000000000d300000)]
  0x000000000b73e800 JavaThread "Rover Input Thread" [_thread_in_native, id=8336, stack(0x000000000d100000,0x000000000d200000)]
  0x000000000b848800 JavaThread "Thread-3" [_thread_in_native, id=3820, stack(0x000000000c750000,0x000000000c850000)]
  0x000000000b730800 JavaThread "TimerQueue" daemon [_thread_blocked, id=7156, stack(0x000000000c650000,0x000000000c750000)]
=>0x000000000b612000 JavaThread "AWT-EventQueue-0" [_thread_in_native, id=8520, stack(0x000000000c450000,0x000000000c550000)]
  0x000000000b5b5800 JavaThread "Image Fetcher 0" daemon [_thread_blocked, id=1236, stack(0x000000000c350000,0x000000000c450000)]
  0x000000000b523800 JavaThread "AWT-Windows" daemon [_thread_in_native, id=7584, stack(0x000000000be40000,0x000000000bf40000)]
  0x000000000b51e800 JavaThread "AWT-Shutdown" [_thread_blocked, id=2572, stack(0x000000000bd40000,0x000000000be40000)]
  0x000000000b51c000 JavaThread "Java2D Disposer" daemon [_thread_blocked, id=6964, stack(0x000000000bc40000,0x000000000bd40000)]
  0x000000000948a000 JavaThread "Thread-0" [_thread_in_native, id=6980, stack(0x000000000b850000,0x000000000b950000)]
  0x0000000009448800 JavaThread "Service Thread" daemon [_thread_blocked, id=6520, stack(0x000000000b250000,0x000000000b350000)]
  0x000000000943f000 JavaThread "C2 CompilerThread1" daemon [_thread_blocked, id=7288, stack(0x000000000b150000,0x000000000b250000)]
  0x000000000943b000 JavaThread "C2 CompilerThread0" daemon [_thread_blocked, id=9120, stack(0x000000000b050000,0x000000000b150000)]
  0x000000000942b000 JavaThread "JDWP Command Reader" daemon [_thread_in_native, id=8068, stack(0x000000000af50000,0x000000000b050000)]
  0x0000000009428000 JavaThread "JDWP Event Helper Thread" daemon [_thread_blocked, id=6388, stack(0x000000000ae50000,0x000000000af50000)]
  0x0000000009424000 JavaThread "JDWP Transport Listener: dt_socket" daemon [_thread_blocked, id=8176, stack(0x000000000a980000,0x000000000aa80000)]
  0x0000000009413000 JavaThread "Attach Listener" daemon [_thread_blocked, id=240, stack(0x000000000a880000,0x000000000a980000)]
  0x000000000940f800 JavaThread "Signal Dispatcher" daemon [_thread_blocked, id=912, stack(0x000000000a780000,0x000000000a880000)]
  0x00000000093db800 JavaThread "Finalizer" daemon [_thread_blocked, id=7108, stack(0x000000000a680000,0x000000000a780000)]
  0x00000000093d2000 JavaThread "Reference Handler" daemon [_thread_blocked, id=7764, stack(0x000000000a580000,0x000000000a680000)]

Other Threads:
  0x00000000093cf800 VMThread [stack: 0x000000000a480000,0x000000000a580000] [id=8896]
  0x0000000009454800 WatcherThread [stack: 0x000000000b350000,0x000000000b450000] [id=916]

VM state:not at safepoint (normal execution)

VM Mutex/Monitor currently owned by a thread: None

Heap
 PSYoungGen      total 28672K, used 11586K [0x00000000e0a00000, 0x00000000e2980000, 0x0000000100000000)
  eden space 25088K, 46% used [0x00000000e0a00000,0x00000000e1550a90,0x00000000e2280000)
  from space 3584K, 0% used [0x00000000e2600000,0x00000000e2600000,0x00000000e2980000)
  to   space 3584K, 0% used [0x00000000e2280000,0x00000000e2280000,0x00000000e2600000)
 ParOldGen       total 64000K, used 0K [0x00000000a1e00000, 0x00000000a5c80000, 0x00000000e0a00000)
  object space 64000K, 0% used [0x00000000a1e00000,0x00000000a1e00000,0x00000000a5c80000)
 PSPermGen       total 21504K, used 11166K [0x000000009cc00000, 0x000000009e100000, 0x00000000a1e00000)
  object space 21504K, 51% used [0x000000009cc00000,0x000000009d6e7838,0x000000009e100000)

Card table byte_map: [0x0000000005480000,0x00000000057a0000] byte_map_base: 0x0000000004f9a000

Polling page: 0x0000000000a00000

Code Cache  [0x0000000002480000, 0x00000000026f0000, 0x0000000005480000)
 total_blobs=450 nmethods=29 adapters=381 free_code_cache=48594Kb largest_free_block=49740480

Compilation events (10 events):
Event: 3.197 Thread 0x000000000943f000   25 %           code.ServerMain::run @ 25 (113 bytes)
Event: 3.209 Thread 0x000000000943f000 nmethod 25% 0x0000000002505ed0 code [0x0000000002506060, 0x00000000025063b8]
Event: 3.214 Thread 0x000000000943b000   26             java.lang.Math::min (11 bytes)
Event: 3.215 Thread 0x000000000943b000 nmethod 26 0x0000000002503650 code [0x0000000002503780, 0x00000000025037d8]
Event: 3.248 Thread 0x000000000943f000   27             java.nio.HeapByteBuffer::_get (7 bytes)
Event: 3.251 Thread 0x000000000943f000 nmethod 27 0x0000000002508550 code [0x0000000002508680, 0x0000000002508738]
Event: 3.370 Thread 0x000000000943b000   28             java.util.HashMap::indexFor (6 bytes)
Event: 3.371 Thread 0x000000000943b000 nmethod 28 0x00000000024e0c90 code [0x00000000024e0dc0, 0x00000000024e0df8]
Event: 5.079 Thread 0x000000000943f000   29             java.util.HashMap::hash (55 bytes)
Event: 5.086 Thread 0x000000000943f000 nmethod 29 0x0000000002504dd0 code [0x0000000002504f20, 0x0000000002505088]

GC Heap History (0 events):
No events

Deoptimization events (0 events):
No events

Internal exceptions (10 events):
Event: 3.122 Thread 0x000000000b612000 Threw 0x00000000e0e7ac20 at C:\re\jdk7u45\229\hotspot\src\share\vm\prims\jvm.cpp:1244
Event: 3.129 Thread 0x000000000b612000 Threw 0x00000000e0e7fd58 at C:\re\jdk7u45\229\hotspot\src\share\vm\prims\jvm.cpp:1244
Event: 3.131 Thread 0x000000000b612000 Threw 0x00000000e0e81260 at C:\re\jdk7u45\229\hotspot\src\share\vm\prims\jvm.cpp:1244
Event: 3.133 Thread 0x000000000247d800 Threw 0x00000000e10cb228 at C:\re\jdk7u45\229\hotspot\src\share\vm\prims\jvm.cpp:1244
Event: 3.134 Thread 0x000000000b612000 Threw 0x00000000e0e82f98 at C:\re\jdk7u45\229\hotspot\src\share\vm\prims\jvm.cpp:1244
Event: 3.139 Thread 0x000000000b612000 Threw 0x00000000e0e85ef8 at C:\re\jdk7u45\229\hotspot\src\share\vm\prims\jvm.cpp:1244
Event: 3.309 Thread 0x000000000b612000 Threw 0x00000000e0ed15f0 at C:\re\jdk7u45\229\hotspot\src\share\vm\prims\jvm.cpp:1244
Event: 3.349 Thread 0x000000000b612000 Threw 0x00000000e0ee5ab0 at C:\re\jdk7u45\229\hotspot\src\share\vm\prims\jvm.cpp:1244
Event: 3.374 Thread 0x000000000b612000 Threw 0x00000000e12e4ac0 at C:\re\jdk7u45\229\hotspot\src\share\vm\prims\jvm.cpp:1244
Event: 3.999 Thread 0x000000000b848800 Threw 0x00000000e10e3708 at C:\re\jdk7u45\229\hotspot\src\share\vm\prims\jvm.cpp:1244

Events (10 events):
Event: 5.029 loading class 0x00000000023c3230
Event: 5.029 loading class 0x00000000023c3230 done
Event: 5.029 loading class 0x000000000c900950
Event: 5.029 loading class 0x000000000c900950 done
Event: 5.072 loading class 0x000000000b508e90
Event: 5.072 loading class 0x000000000b508e90 done
Event: 5.074 loading class 0x000000000b776bd0
Event: 5.074 loading class 0x000000000b776bd0 done
Event: 5.074 loading class 0x000000000b776c50
Event: 5.074 loading class 0x000000000b776c50 done


Dynamic libraries:
0x00007ff7c59a0000 - 0x00007ff7c59d3000 	C:\Program Files\Java\jre7\bin\javaw.exe
0x00007fff028c0000 - 0x00007fff02a6a000 	C:\WINDOWS\SYSTEM32\ntdll.dll
0x00007fff01240000 - 0x00007fff0137a000 	C:\WINDOWS\system32\KERNEL32.DLL
0x00007fff00030000 - 0x00007fff0013f000 	C:\WINDOWS\system32\KERNELBASE.dll
0x00007ffefe480000 - 0x00007ffefe508000 	C:\WINDOWS\system32\apphelp.dll
0x00007ffef3ed0000 - 0x00007ffef3f1f000 	C:\WINDOWS\AppPatch\AppPatch64\AcGenral.DLL
0x00007fff00550000 - 0x00007fff005f7000 	C:\WINDOWS\system32\msvcrt.dll
0x00007ffeffa10000 - 0x00007ffeffa3b000 	C:\WINDOWS\SYSTEM32\SspiCli.dll
0x00007fff02860000 - 0x00007fff028b1000 	C:\WINDOWS\system32\SHLWAPI.dll
0x00007fff00140000 - 0x00007fff002b1000 	C:\WINDOWS\system32\USER32.dll
0x00007fff00780000 - 0x00007fff008f8000 	C:\WINDOWS\system32\ole32.dll
0x00007fff01380000 - 0x00007fff02796000 	C:\WINDOWS\system32\SHELL32.dll
0x00007ffeff2a0000 - 0x00007ffeff2be000 	C:\WINDOWS\SYSTEM32\USERENV.dll
0x00007fff004a0000 - 0x00007fff00545000 	C:\WINDOWS\system32\ADVAPI32.dll
0x00007ffefdc40000 - 0x00007ffefdc5b000 	C:\WINDOWS\SYSTEM32\MPR.dll
0x00007fff00cd0000 - 0x00007fff00e06000 	C:\WINDOWS\system32\RPCRT4.dll
0x00007fff00c70000 - 0x00007fff00cc7000 	C:\WINDOWS\SYSTEM32\sechost.dll
0x00007fff002c0000 - 0x00007fff00496000 	C:\WINDOWS\SYSTEM32\combase.dll
0x00007fff00610000 - 0x00007fff00755000 	C:\WINDOWS\system32\GDI32.dll
0x00007ffeffc30000 - 0x00007ffeffc44000 	C:\WINDOWS\SYSTEM32\profapi.dll
0x00007ffefcb70000 - 0x00007ffefcc0f000 	C:\WINDOWS\SYSTEM32\SHCORE.dll
0x00007fff009c0000 - 0x00007fff009f4000 	C:\WINDOWS\system32\IMM32.DLL
0x00007fff00eb0000 - 0x00007fff00fe9000 	C:\WINDOWS\system32\MSCTF.dll
0x00007ffefb7b0000 - 0x00007ffefba0a000 	C:\WINDOWS\WinSxS\amd64_microsoft.windows.common-controls_6595b64144ccf1df_6.0.9600.17031_none_6242a4b3ecbb55a1\COMCTL32.dll
0x0000000060f40000 - 0x0000000061012000 	C:\Program Files\Java\jre7\bin\msvcr100.dll
0x0000000060770000 - 0x0000000060f39000 	C:\Program Files\Java\jre7\bin\server\jvm.dll
0x00007ffeeb370000 - 0x00007ffeeb379000 	C:\WINDOWS\SYSTEM32\WSOCK32.dll
0x00007ffefbc30000 - 0x00007ffefbc4f000 	C:\WINDOWS\SYSTEM32\WINMM.dll
0x00007fff027a0000 - 0x00007fff027a7000 	C:\WINDOWS\system32\PSAPI.DLL
0x00007fff00960000 - 0x00007fff009b8000 	C:\WINDOWS\system32\WS2_32.dll
0x00007ffefbc00000 - 0x00007ffefbc2a000 	C:\WINDOWS\SYSTEM32\WINMMBASE.dll
0x00007fff00ac0000 - 0x00007fff00ac9000 	C:\WINDOWS\system32\NSI.dll
0x00007ffeffe00000 - 0x00007ffeffe4a000 	C:\WINDOWS\SYSTEM32\cfgmgr32.dll
0x00007ffefead0000 - 0x00007ffefeaf6000 	C:\WINDOWS\SYSTEM32\DEVOBJ.dll
0x0000000060760000 - 0x000000006076f000 	C:\Program Files\Java\jre7\bin\verify.dll
0x0000000060730000 - 0x0000000060758000 	C:\Program Files\Java\jre7\bin\java.dll
0x0000000060690000 - 0x00000000606c5000 	C:\Program Files\Java\jre7\bin\jdwp.dll
0x0000000060680000 - 0x0000000060688000 	C:\Program Files\Java\jre7\bin\npt.dll
0x0000000060710000 - 0x0000000060725000 	C:\Program Files\Java\jre7\bin\zip.dll
0x0000000060670000 - 0x0000000060679000 	C:\Program Files\Java\jre7\bin\dt_socket.dll
0x00007ffef7bf0000 - 0x00007ffef7c04000 	C:\WINDOWS\system32\napinsp.dll
0x00007ffef7c20000 - 0x00007ffef7c39000 	C:\WINDOWS\system32\pnrpnsp.dll
0x00007ffefe510000 - 0x00007ffefe529000 	C:\WINDOWS\system32\NLAapi.dll
0x00007ffeff590000 - 0x00007ffeff5e8000 	C:\WINDOWS\System32\mswsock.dll
0x00007ffeff190000 - 0x00007ffeff233000 	C:\WINDOWS\SYSTEM32\DNSAPI.dll
0x00007ffef7c40000 - 0x00007ffef7c4c000 	C:\WINDOWS\System32\winrnr.dll
0x00007ffef7c50000 - 0x00007ffef7c63000 	C:\WINDOWS\system32\wshbth.dll
0x00000000623d0000 - 0x00000000623f6000 	C:\Program Files\Bonjour\mdnsNSP.dll
0x00007ffefb5a0000 - 0x00007ffefb5c9000 	C:\WINDOWS\SYSTEM32\Iphlpapi.DLL
0x00007ffefb570000 - 0x00007ffefb57a000 	C:\WINDOWS\SYSTEM32\WINNSI.DLL
0x00007ffefb130000 - 0x00007ffefb198000 	C:\WINDOWS\System32\fwpuclnt.dll
0x00007ffef7c10000 - 0x00007ffef7c19000 	C:\Windows\System32\rasadhlp.dll
0x00007ffef7a40000 - 0x00007ffef7a51000 	C:\Windows\xboxcontroller64.dll
0x00007ffefd880000 - 0x00007ffefd888000 	C:\WINDOWS\SYSTEM32\XINPUT9_1_0.dll
0x0000000062400000 - 0x0000000062498000 	C:\WINDOWS\SYSTEM32\MSVCP100.dll
0x00007ffefe920000 - 0x00007ffefea41000 	C:\WINDOWS\system32\uxtheme.dll
0x00007ffefc9a0000 - 0x00007ffefc9c0000 	C:\WINDOWS\system32\dwmapi.dll
0x00007ffefd610000 - 0x00007ffefd61d000 	C:\WINDOWS\SYSTEM32\XInput1_4.dll
0x00000000604d0000 - 0x0000000060665000 	C:\Program Files\Java\jre7\bin\awt.dll
0x00007fff00a00000 - 0x00007fff00ab7000 	C:\WINDOWS\system32\OLEAUT32.dll
0x00007ffefeb00000 - 0x00007ffefeb0a000 	C:\WINDOWS\SYSTEM32\kernel.appcore.dll
0x00007ffeffaa0000 - 0x00007ffeffaaa000 	C:\WINDOWS\SYSTEM32\CRYPTBASE.dll
0x00007ffeffa40000 - 0x00007ffeffaa0000 	C:\WINDOWS\SYSTEM32\bcryptPrimitives.dll
0x0000000060480000 - 0x00000000604c6000 	C:\Program Files\Java\jre7\bin\fontmanager.dll
0x00000000606f0000 - 0x0000000060709000 	C:\Program Files\Java\jre7\bin\net.dll
0x00000000606d0000 - 0x00000000606e1000 	C:\Program Files\Java\jre7\bin\nio.dll
0x0000000060430000 - 0x0000000060471000 	C:\Program Files\Java\jre7\bin\t2k.dll
0x0000000180000000 - 0x0000000180025000 	C:\Windows\rxtxSerial.dll
0x00007fff027b0000 - 0x00007fff02854000 	C:\WINDOWS\SYSTEM32\clbcatq.dll
0x00007ffefcfe0000 - 0x00007ffefd173000 	C:\WINDOWS\SYSTEM32\WindowsCodecs.dll
0x00007ffeff5f0000 - 0x00007ffeff60e000 	C:\WINDOWS\SYSTEM32\CRYPTSP.dll
0x00007ffeff0c0000 - 0x00007ffeff0f5000 	C:\WINDOWS\system32\rsaenh.dll
0x00007ffeff720000 - 0x00007ffeff746000 	C:\WINDOWS\SYSTEM32\bcrypt.dll
0x00007ffefe0b0000 - 0x00007ffefe238000 	C:\WINDOWS\SYSTEM32\dbghelp.dll

VM Arguments:
jvm_args: -agentlib:jdwp=transport=dt_socket,suspend=y,address=localhost:59319 -Dfile.encoding=Cp1252 
java_command: code.ServerMain
Launcher Type: SUN_STANDARD

Environment Variables:
CLASSPATH=C:\Program Files\Java\jdk1.7.0_45\bin
PATH=c:\Program Files (x86)\Intel\iCLS Client\;c:\Program Files\Intel\iCLS Client\;C:\WINDOWS\system32;C:\WINDOWS;C:\WINDOWS\System32\Wbem;C:\WINDOWS\System32\WindowsPowerShell\v1.0\;C:\Program Files\Intel\Intel(R) Management Engine Components\DAL;C:\Program Files\Intel\Intel(R) Management Engine Components\IPT;C:\Program Files (x86)\Intel\Intel(R) Management Engine Components\DAL;C:\Program Files (x86)\Intel\Intel(R) Management Engine Components\IPT;C:\Program Files (x86)\Windows Live\Shared;C:\Program Files (x86)\QuickTime\QTSystem\;C:\Program Files (x86)\Windows Kits\8.0\Windows Performance Toolkit\;C:\Program Files\Microsoft SQL Server\110\Tools\Binn\;C:\Program Files\Java\jdk1.7.0_45\bin;C:\Program Files (x86)\KDiff3
USERNAME=Dallin
OS=Windows_NT
PROCESSOR_IDENTIFIER=Intel64 Family 6 Model 58 Stepping 9, GenuineIntel



---------------  S Y S T E M  ---------------

OS: Windows 8 , 64 bit Build 9200 

CPU:total 4 (2 cores per cpu, 2 threads per core) family 6 model 58 stepping 9, cmov, cx8, fxsr, mmx, sse, sse2, sse3, ssse3, sse4.1, sse4.2, popcnt, avx, erms, ht, tsc, tscinvbit, tscinv

Memory: 4k page, physical 6161688k(2471060k free), swap 8193304k(3083916k free)

vm_info: Java HotSpot(TM) 64-Bit Server VM (24.45-b08) for windows-amd64 JRE (1.7.0_45-b18), built on Oct  8 2013 05:47:22 by "java_re" with unknown MS VC++:1600

time: Mon May 26 21:34:54 2014
elapsed time: 5 seconds

