#
# A fatal error has been detected by the Java Runtime Environment:
#
#  EXCEPTION_ACCESS_VIOLATION (0xc0000005) at pc=0x00007ffef6c36006, pid=2388, tid=6428
#
# JRE version: Java(TM) SE Runtime Environment (7.0_45-b18) (build 1.7.0_45-b18)
# Java VM: Java HotSpot(TM) 64-Bit Server VM (24.45-b08 mixed mode windows-amd64 compressed oops)
# Problematic frame:
# C  [xboxcontroller64.dll+0x6006]
#
# Failed to write core dump. Minidumps are not enabled by default on client versions of Windows
#
# If you would like to submit a bug report, please visit:
#   http://bugreport.sun.com/bugreport/crash.jsp
# The crash happened outside the Java Virtual Machine in native code.
# See problematic frame for where to report the bug.
#

---------------  T H R E A D  ---------------

Current thread (0x000000000abf1000):  JavaThread "AWT-EventQueue-0" [_thread_in_native, id=6428, stack(0x000000000b790000,0x000000000b890000)]

siginfo: ExceptionCode=0xc0000005, reading address 0xffffffffffffffff

Registers:
RAX=0x000000000acc18d0, RBX=0x0000000000000009, RCX=0x00000000020009e8, RDX=0x000000000ac2f910
RSP=0x000000000b88dbf0, RBP=0x00000000000003e8, RSI=0x0000000000000009, RDI=0x00000000007ccc90
R8 =0x0000000000000000, R9 =0x0000000000000009, R10=0x0001a79b25000025, R11=0x000000006094f900
R12=0x0000000000000000, R13=0x000000009d50fe80, R14=0x000000000b88dd00, R15=0x000000000abf1000
RIP=0x00007ffef6c36006, EFLAGS=0x0000000000010246

Top of Stack: (sp=0x000000000b88dbf0)
0x000000000b88dbf0:   0000000002106274 0000000002113958
0x000000000b88dc00:   0000000009129e00 000000000abf1000
0x000000000b88dc10:   000000000acc18d0 000000000912bad0
0x000000000b88dc20:   0000000002106274 0000000002113acf
0x000000000b88dc30:   000000000b88dcc8 000000009d50fe80
0x000000000b88dc40:   000000009d365fc8 0000000000000000
0x000000000b88dc50:   0000000000000000 000000000abf1000
0x000000000b88dc60:   000000000b88dd60 000000000211e103
0x000000000b88dc70:   0000000002105410 0000000000000001
0x000000000b88dc80:   00000000e0d183d8 000000000b88dc78
0x000000000b88dc90:   000000009d50fe80 000000000b88dd00
0x000000000b88dca0:   000000009d515028 0000000000000000
0x000000000b88dcb0:   000000009d50fe80 0000000000000000
0x000000000b88dcc0:   000000000b88dce8 000000000b88dd48
0x000000000b88dcd0:   0000000002106274 0000000000000000
0x000000000b88dce0:   000000000210f0d6 0000000000000009 

Instructions: (pc=0x00007ffef6c36006)
0x00007ffef6c35fe6:   48 63 57 68 48 8b 47 30 3b de 48 8d 14 50 0f 4c
0x00007ffef6c35ff6:   f3 45 33 c0 48 89 54 24 20 48 8b 57 10 44 8b ce
0x00007ffef6c36006:   41 ff 92 90 06 00 00 01 77 68 8b 47 68 3b 47 5c
0x00007ffef6c36016:   75 05 33 c0 89 47 68 29 77 6c 8b c6 48 8b 6c 24 


Register to memory mapping:

RAX=0x000000000acc18d0 is an unknown value
RBX=0x0000000000000009 is an unknown value
RCX=0x00000000020009e8 is an unknown value
RDX=0x000000000ac2f910 is a global jni handle
RSP=0x000000000b88dbf0 is pointing into the stack for thread: 0x000000000abf1000
RBP=0x00000000000003e8 is an unknown value
RSI=0x0000000000000009 is an unknown value
RDI=0x00000000007ccc90 is an unknown value
R8 =0x0000000000000000 is an unknown value
R9 =0x0000000000000009 is an unknown value
R10=0x0001a79b25000025 is an unknown value
R11=0x000000006094f900 is an unknown value
R12=0x0000000000000000 is an unknown value
R13=0x000000009d50fe80 is an oop
{method} 
 - klass: {other class}
R14=0x000000000b88dd00 is pointing into the stack for thread: 0x000000000abf1000
R15=0x000000000abf1000 is a thread


Stack: [0x000000000b790000,0x000000000b890000],  sp=0x000000000b88dbf0,  free space=1014k
Native frames: (J=compiled Java code, j=interpreted, Vv=VM code, C=native code)
C  [xboxcontroller64.dll+0x6006]

[error occurred during error reporting (printing native stack), id 0xc0000005]

Java frames: (J=compiled Java code, j=interpreted, Vv=VM code)
j  ch.aplu.jaw.NativeHandler.nativeReadBuf(JI)I+0
j  ch.aplu.jaw.NativeHandler.readBuf(I)I+33
j  ch.aplu.xboxcontroller.XboxController.readData()Lch/aplu/xboxcontroller/ControllerState;+15
j  ch.aplu.xboxcontroller.XboxController.access$000(Lch/aplu/xboxcontroller/XboxController;)Lch/aplu/xboxcontroller/ControllerState;+1
j  ch.aplu.xboxcontroller.XboxController$1.actionPerformed(Ljava/awt/event/ActionEvent;)V+4
j  javax.swing.Timer.fireActionPerformed(Ljava/awt/event/ActionEvent;)V+35
j  javax.swing.Timer$DoPostEvent.run()V+74
j  java.awt.event.InvocationEvent.dispatch()V+47
j  java.awt.EventQueue.dispatchEventImpl(Ljava/awt/AWTEvent;Ljava/lang/Object;)V+21
j  java.awt.EventQueue.access$200(Ljava/awt/EventQueue;Ljava/awt/AWTEvent;Ljava/lang/Object;)V+3
j  java.awt.EventQueue$3.run()Ljava/lang/Void;+12
j  java.awt.EventQueue$3.run()Ljava/lang/Object;+1
v  ~StubRoutines::call_stub
j  java.security.AccessController.doPrivileged(Ljava/security/PrivilegedAction;Ljava/security/AccessControlContext;)Ljava/lang/Object;+0
j  java.security.ProtectionDomain$1.doIntersectionPrivilege(Ljava/security/PrivilegedAction;Ljava/security/AccessControlContext;Ljava/security/AccessControlContext;)Ljava/lang/Object;+28
j  java.awt.EventQueue.dispatchEvent(Ljava/awt/AWTEvent;)V+46
j  java.awt.EventDispatchThread.pumpOneEventForFilters(I)V+245
j  java.awt.EventDispatchThread.pumpEventsForFilter(ILjava/awt/Conditional;Ljava/awt/EventFilter;)V+35
j  java.awt.EventDispatchThread.pumpEventsForHierarchy(ILjava/awt/Conditional;Ljava/awt/Component;)V+11
j  java.awt.EventDispatchThread.pumpEvents(ILjava/awt/Conditional;)V+4
j  java.awt.EventDispatchThread.pumpEvents(Ljava/awt/Conditional;)V+3
j  java.awt.EventDispatchThread.run()V+9
v  ~StubRoutines::call_stub

---------------  P R O C E S S  ---------------

Java Threads: ( => current thread )
  0x000000000ae89800 JavaThread "DestroyJavaVM" [_thread_blocked, id=6260, stack(0x0000000001f00000,0x0000000002000000)]
  0x000000000ad65800 JavaThread "Display" [_thread_in_Java, id=4372, stack(0x000000000d1d0000,0x000000000d2d0000)]
  0x000000000ad6c800 JavaThread "Puppet Serial Input Thread" [_thread_blocked, id=6360, stack(0x000000000c870000,0x000000000c970000)]
  0x000000000ad50800 JavaThread "UDP Broadcast Thread" [_thread_blocked, id=3916, stack(0x000000000c740000,0x000000000c840000)]
  0x000000000ad77000 JavaThread "Rover Input Thread" [_thread_in_native, id=6964, stack(0x000000000c640000,0x000000000c740000)]
  0x000000000ad50000 JavaThread "TimerQueue" daemon [_thread_blocked, id=6968, stack(0x000000000c540000,0x000000000c640000)]
  0x000000000accc000 JavaThread "Image Fetcher 0" daemon [_thread_blocked, id=7696, stack(0x000000000c330000,0x000000000c430000)]
  0x000000000acbe000 JavaThread "Thread-2" [_thread_in_native, id=3992, stack(0x000000000c130000,0x000000000c230000)]
=>0x000000000abf1000 JavaThread "AWT-EventQueue-0" [_thread_in_native, id=6428, stack(0x000000000b790000,0x000000000b890000)]
  0x0000000009179000 JavaThread "AWT-Windows" daemon [_thread_in_native, id=5904, stack(0x000000000b280000,0x000000000b380000)]
  0x000000000ab46000 JavaThread "AWT-Shutdown" [_thread_blocked, id=2452, stack(0x000000000b180000,0x000000000b280000)]
  0x000000000ab43800 JavaThread "Java2D Disposer" daemon [_thread_blocked, id=2572, stack(0x000000000b080000,0x000000000b180000)]
  0x0000000009131800 JavaThread "Service Thread" daemon [_thread_blocked, id=4004, stack(0x000000000a890000,0x000000000a990000)]
  0x0000000009126800 JavaThread "C2 CompilerThread1" daemon [_thread_blocked, id=3836, stack(0x000000000a790000,0x000000000a890000)]
  0x0000000009123000 JavaThread "C2 CompilerThread0" daemon [_thread_blocked, id=284, stack(0x000000000a690000,0x000000000a790000)]
  0x0000000009122000 JavaThread "Attach Listener" daemon [_thread_blocked, id=7700, stack(0x000000000a590000,0x000000000a690000)]
  0x000000000911e800 JavaThread "Signal Dispatcher" daemon [_thread_blocked, id=7176, stack(0x000000000a490000,0x000000000a590000)]
  0x00000000090eb800 JavaThread "Finalizer" daemon [_thread_blocked, id=3656, stack(0x000000000a390000,0x000000000a490000)]
  0x00000000090e1800 JavaThread "Reference Handler" daemon [_thread_blocked, id=6152, stack(0x000000000a290000,0x000000000a390000)]

Other Threads:
  0x00000000090df000 VMThread [stack: 0x000000000a190000,0x000000000a290000] [id=6860]
  0x000000000914a000 WatcherThread [stack: 0x000000000a990000,0x000000000aa90000] [id=6080]

VM state:not at safepoint (normal execution)

VM Mutex/Monitor currently owned by a thread: None

Heap
 PSYoungGen      total 28672K, used 11560K [0x00000000e0a00000, 0x00000000e2980000, 0x0000000100000000)
  eden space 25088K, 46% used [0x00000000e0a00000,0x00000000e154a060,0x00000000e2280000)
  from space 3584K, 0% used [0x00000000e2600000,0x00000000e2600000,0x00000000e2980000)
  to   space 3584K, 0% used [0x00000000e2280000,0x00000000e2280000,0x00000000e2600000)
 ParOldGen       total 64000K, used 0K [0x00000000a1e00000, 0x00000000a5c80000, 0x00000000e0a00000)
  object space 64000K, 0% used [0x00000000a1e00000,0x00000000a1e00000,0x00000000a5c80000)
 PSPermGen       total 21504K, used 10998K [0x000000009cc00000, 0x000000009e100000, 0x00000000a1e00000)
  object space 21504K, 51% used [0x000000009cc00000,0x000000009d6bd998,0x000000009e100000)

Card table byte_map: [0x00000000051c0000,0x00000000054e0000] byte_map_base: 0x0000000004cda000

Polling page: 0x00000000006b0000

Code Cache  [0x0000000002100000, 0x0000000002370000, 0x0000000005100000)
 total_blobs=492 nmethods=65 adapters=379 free_code_cache=48566Kb largest_free_block=49707904

Compilation events (10 events):
Event: 4.436 Thread 0x0000000009123000 nmethod 58 0x0000000002191110 code [0x0000000002191260, 0x00000000021913f8]
Event: 4.465 Thread 0x0000000009126800   60             java.awt.Component::checkTreeLock (21 bytes)
Event: 4.466 Thread 0x0000000009123000   62             sun.font.FontDesignMetrics::getLatinCharWidth (29 bytes)
Event: 4.467 Thread 0x0000000009126800 nmethod 60 0x0000000002190ad0 code [0x0000000002190c20, 0x0000000002190ca8]
Event: 4.470 Thread 0x0000000009123000 nmethod 62 0x0000000002190690 code [0x0000000002190800, 0x00000000021908e8]
Event: 4.474 Thread 0x0000000009126800   63  s          java.util.Hashtable::get (70 bytes)
Event: 4.479 Thread 0x0000000009123000   64             java.lang.Enum::ordinal (5 bytes)
Event: 4.480 Thread 0x0000000009123000 nmethod 64 0x0000000002196610 code [0x0000000002196740, 0x0000000002196798]
Event: 4.481 Thread 0x0000000009123000   65             java.util.ArrayList::size (5 bytes)
Event: 4.482 Thread 0x0000000009123000 nmethod 65 0x0000000002196410 code [0x0000000002196540, 0x0000000002196598]

GC Heap History (0 events):
No events

Deoptimization events (3 events):
Event: 3.654 Thread 0x000000000abf1000 Uncommon trap: reason=class_check action=maybe_recompile pc=0x0000000002172d8c method=java.lang.String.equals(Ljava/lang/Object;)Z @ 8
Event: 3.654 Thread 0x000000000abf1000 Uncommon trap: reason=class_check action=maybe_recompile pc=0x0000000002172d8c method=java.lang.String.equals(Ljava/lang/Object;)Z @ 8
Event: 3.654 Thread 0x000000000abf1000 Uncommon trap: reason=class_check action=maybe_recompile pc=0x0000000002172d8c method=java.lang.String.equals(Ljava/lang/Object;)Z @ 8

Internal exceptions (10 events):
Event: 3.874 Thread 0x0000000002000800 Threw 0x00000000e0fd2710 at C:\re\jdk7u45\229\hotspot\src\share\vm\prims\jvm.cpp:1244
Event: 3.877 Thread 0x0000000002000800 Threw 0x00000000e0fde168 at C:\re\jdk7u45\229\hotspot\src\share\vm\prims\jvm.cpp:1244
Event: 3.879 Thread 0x0000000002000800 Threw 0x00000000e12593e0 at C:\re\jdk7u45\229\hotspot\src\share\vm\prims\jvm.cpp:1244
Event: 3.880 Thread 0x0000000002000800 Threw 0x00000000e125eed8 at C:\re\jdk7u45\229\hotspot\src\share\vm\prims\jvm.cpp:1244
Event: 3.885 Thread 0x0000000002000800 Threw 0x00000000e12623a8 at C:\re\jdk7u45\229\hotspot\src\share\vm\prims\jvm.cpp:1244
Event: 3.888 Thread 0x0000000002000800 Threw 0x00000000e12658d0 at C:\re\jdk7u45\229\hotspot\src\share\vm\prims\jni.cpp:717
Event: 3.907 Thread 0x0000000002000800 Threw 0x00000000e127bd88 at C:\re\jdk7u45\229\hotspot\src\share\vm\prims\jni.cpp:717
Event: 3.918 Thread 0x0000000002000800 Threw 0x00000000e128c008 at C:\re\jdk7u45\229\hotspot\src\share\vm\prims\jni.cpp:717
Event: 3.945 Thread 0x0000000002000800 Threw 0x00000000e12a1fc0 at C:\re\jdk7u45\229\hotspot\src\share\vm\prims\jni.cpp:717
Event: 3.954 Thread 0x0000000002000800 Threw 0x00000000e12b15a8 at C:\re\jdk7u45\229\hotspot\src\share\vm\prims\jvm.cpp:1244

Events (10 events):
Event: 3.961 Thread 0x0000000002000800 Thread exited: 0x0000000002000800
Event: 3.962 Thread 0x000000000ae89800 Thread added: 0x000000000ae89800
Event: 3.970 loading class 0x000000000ab11370
Event: 3.970 loading class 0x000000000ab11370 done
Event: 3.971 loading class 0x000000000ab113f0
Event: 3.971 loading class 0x000000000ab113f0 done
Event: 4.023 loading class 0x000000000aadba90
Event: 4.023 loading class 0x000000000aadba90 done
Event: 4.229 Executing VM operation: EnableBiasedLocking
Event: 4.229 Executing VM operation: EnableBiasedLocking done


Dynamic libraries:
0x00007ff7c59a0000 - 0x00007ff7c59d3000 	C:\Program Files\Java\jre7\bin\javaw.exe
0x00007fff028c0000 - 0x00007fff02a6a000 	C:\WINDOWS\SYSTEM32\ntdll.dll
0x00007fff01240000 - 0x00007fff0137a000 	C:\WINDOWS\system32\KERNEL32.DLL
0x00007fff00030000 - 0x00007fff0013f000 	C:\WINDOWS\system32\KERNELBASE.dll
0x00007ffefe480000 - 0x00007ffefe508000 	C:\WINDOWS\system32\apphelp.dll
0x00007ffef3ed0000 - 0x00007ffef3f1f000 	C:\WINDOWS\AppPatch\AppPatch64\AcGenral.DLL
0x00007fff00550000 - 0x00007fff005f7000 	C:\WINDOWS\system32\msvcrt.dll
0x00007ffeffa10000 - 0x00007ffeffa3b000 	C:\WINDOWS\SYSTEM32\SspiCli.dll
0x00007fff02860000 - 0x00007fff028b1000 	C:\WINDOWS\system32\SHLWAPI.dll
0x00007fff00140000 - 0x00007fff002b1000 	C:\WINDOWS\system32\USER32.dll
0x00007fff00780000 - 0x00007fff008f8000 	C:\WINDOWS\system32\ole32.dll
0x00007fff01380000 - 0x00007fff02796000 	C:\WINDOWS\system32\SHELL32.dll
0x00007ffeff2a0000 - 0x00007ffeff2be000 	C:\WINDOWS\SYSTEM32\USERENV.dll
0x00007fff004a0000 - 0x00007fff00545000 	C:\WINDOWS\system32\ADVAPI32.dll
0x00007ffefdc40000 - 0x00007ffefdc5b000 	C:\WINDOWS\SYSTEM32\MPR.dll
0x00007fff00cd0000 - 0x00007fff00e06000 	C:\WINDOWS\system32\RPCRT4.dll
0x00007fff00c70000 - 0x00007fff00cc7000 	C:\WINDOWS\SYSTEM32\sechost.dll
0x00007fff002c0000 - 0x00007fff00496000 	C:\WINDOWS\SYSTEM32\combase.dll
0x00007fff00610000 - 0x00007fff00755000 	C:\WINDOWS\system32\GDI32.dll
0x00007ffeffc30000 - 0x00007ffeffc44000 	C:\WINDOWS\SYSTEM32\profapi.dll
0x00007ffefcb70000 - 0x00007ffefcc0f000 	C:\WINDOWS\SYSTEM32\SHCORE.dll
0x00007fff009c0000 - 0x00007fff009f4000 	C:\WINDOWS\system32\IMM32.DLL
0x00007fff00eb0000 - 0x00007fff00fe9000 	C:\WINDOWS\system32\MSCTF.dll
0x00007ffefb7b0000 - 0x00007ffefba0a000 	C:\WINDOWS\WinSxS\amd64_microsoft.windows.common-controls_6595b64144ccf1df_6.0.9600.17031_none_6242a4b3ecbb55a1\COMCTL32.dll
0x0000000060f40000 - 0x0000000061012000 	C:\Program Files\Java\jre7\bin\msvcr100.dll
0x0000000060770000 - 0x0000000060f39000 	C:\Program Files\Java\jre7\bin\server\jvm.dll
0x00007ffeeb370000 - 0x00007ffeeb379000 	C:\WINDOWS\SYSTEM32\WSOCK32.dll
0x00007ffefbc30000 - 0x00007ffefbc4f000 	C:\WINDOWS\SYSTEM32\WINMM.dll
0x00007fff027a0000 - 0x00007fff027a7000 	C:\WINDOWS\system32\PSAPI.DLL
0x00007fff00960000 - 0x00007fff009b8000 	C:\WINDOWS\system32\WS2_32.dll
0x00007ffefbc00000 - 0x00007ffefbc2a000 	C:\WINDOWS\SYSTEM32\WINMMBASE.dll
0x00007fff00ac0000 - 0x00007fff00ac9000 	C:\WINDOWS\system32\NSI.dll
0x00007ffeffe00000 - 0x00007ffeffe4a000 	C:\WINDOWS\SYSTEM32\cfgmgr32.dll
0x00007ffefead0000 - 0x00007ffefeaf6000 	C:\WINDOWS\SYSTEM32\DEVOBJ.dll
0x0000000060760000 - 0x000000006076f000 	C:\Program Files\Java\jre7\bin\verify.dll
0x0000000060730000 - 0x0000000060758000 	C:\Program Files\Java\jre7\bin\java.dll
0x0000000060710000 - 0x0000000060725000 	C:\Program Files\Java\jre7\bin\zip.dll
0x0000000060530000 - 0x00000000606c5000 	C:\Program Files\Java\jre7\bin\awt.dll
0x00007fff00a00000 - 0x00007fff00ab7000 	C:\WINDOWS\system32\OLEAUT32.dll
0x00007ffefc9a0000 - 0x00007ffefc9c0000 	C:\WINDOWS\system32\DWMAPI.DLL
0x00007ffefe920000 - 0x00007ffefea41000 	C:\WINDOWS\system32\uxtheme.dll
0x00007ffefeb00000 - 0x00007ffefeb0a000 	C:\WINDOWS\SYSTEM32\kernel.appcore.dll
0x00007ffeffaa0000 - 0x00007ffeffaaa000 	C:\WINDOWS\SYSTEM32\CRYPTBASE.dll
0x00007ffeffa40000 - 0x00007ffeffaa0000 	C:\WINDOWS\SYSTEM32\bcryptPrimitives.dll
0x00000000604e0000 - 0x0000000060526000 	C:\Program Files\Java\jre7\bin\fontmanager.dll
0x00000000606f0000 - 0x0000000060709000 	C:\Program Files\Java\jre7\bin\net.dll
0x00007ffeff590000 - 0x00007ffeff5e8000 	C:\WINDOWS\system32\mswsock.dll
0x00000000606d0000 - 0x00000000606e1000 	C:\Program Files\Java\jre7\bin\nio.dll
0x0000000060490000 - 0x00000000604d1000 	C:\Program Files\Java\jre7\bin\t2k.dll
0x00007fff027b0000 - 0x00007fff02854000 	C:\WINDOWS\SYSTEM32\clbcatq.dll
0x00007ffefcfe0000 - 0x00007ffefd173000 	C:\WINDOWS\SYSTEM32\WindowsCodecs.dll
0x00007ffeff5f0000 - 0x00007ffeff60e000 	C:\WINDOWS\SYSTEM32\CRYPTSP.dll
0x00007ffeff0c0000 - 0x00007ffeff0f5000 	C:\WINDOWS\system32\rsaenh.dll
0x00007ffeff720000 - 0x00007ffeff746000 	C:\WINDOWS\SYSTEM32\bcrypt.dll
0x00007ffef6c30000 - 0x00007ffef6c41000 	C:\Windows\xboxcontroller64.dll
0x00007ffefd950000 - 0x00007ffefd958000 	C:\WINDOWS\SYSTEM32\XINPUT9_1_0.dll
0x0000000062400000 - 0x0000000062498000 	C:\WINDOWS\SYSTEM32\MSVCP100.dll
0x00007ffefd880000 - 0x00007ffefd88d000 	C:\WINDOWS\SYSTEM32\XInput1_4.dll
0x0000000180000000 - 0x0000000180025000 	C:\Windows\rxtxSerial.dll
0x00007ffefe0b0000 - 0x00007ffefe238000 	C:\WINDOWS\SYSTEM32\dbghelp.dll

VM Arguments:
jvm_args: -Dfile.encoding=Cp1252 
java_command: code.ServerMain
Launcher Type: SUN_STANDARD

Environment Variables:
CLASSPATH=C:\Program Files\Java\jdk1.7.0_45\bin
PATH=c:\Program Files (x86)\Intel\iCLS Client\;c:\Program Files\Intel\iCLS Client\;C:\WINDOWS\system32;C:\WINDOWS;C:\WINDOWS\System32\Wbem;C:\WINDOWS\System32\WindowsPowerShell\v1.0\;C:\Program Files\Intel\Intel(R) Management Engine Components\DAL;C:\Program Files\Intel\Intel(R) Management Engine Components\IPT;C:\Program Files (x86)\Intel\Intel(R) Management Engine Components\DAL;C:\Program Files (x86)\Intel\Intel(R) Management Engine Components\IPT;C:\Program Files (x86)\Windows Live\Shared;C:\Program Files (x86)\QuickTime\QTSystem\;C:\Program Files (x86)\Windows Kits\8.0\Windows Performance Toolkit\;C:\Program Files\Microsoft SQL Server\110\Tools\Binn\;C:\Program Files\Java\jdk1.7.0_45\bin;C:\Program Files (x86)\KDiff3
USERNAME=Dallin
OS=Windows_NT
PROCESSOR_IDENTIFIER=Intel64 Family 6 Model 58 Stepping 9, GenuineIntel



---------------  S Y S T E M  ---------------

OS: Windows 8 , 64 bit Build 9200 

CPU:total 4 (2 cores per cpu, 2 threads per core) family 6 model 58 stepping 9, cmov, cx8, fxsr, mmx, sse, sse2, sse3, ssse3, sse4.1, sse4.2, popcnt, avx, erms, ht, tsc, tscinvbit, tscinv

Memory: 4k page, physical 6161688k(3060584k free), swap 8193304k(4134988k free)

vm_info: Java HotSpot(TM) 64-Bit Server VM (24.45-b08) for windows-amd64 JRE (1.7.0_45-b18), built on Oct  8 2013 05:47:22 by "java_re" with unknown MS VC++:1600

time: Mon May 26 15:40:59 2014
elapsed time: 4 seconds

