#
# A fatal error has been detected by the Java Runtime Environment:
#
#  EXCEPTION_ACCESS_VIOLATION (0xc0000005) at pc=0x0000000060895638, pid=5388, tid=4088
#
# JRE version: Java(TM) SE Runtime Environment (7.0_45-b18) (build 1.7.0_45-b18)
# Java VM: Java HotSpot(TM) 64-Bit Server VM (24.45-b08 mixed mode windows-amd64 compressed oops)
# Problematic frame:
# V  [jvm.dll+0x125638]
#
# Failed to write core dump. Minidumps are not enabled by default on client versions of Windows
#
# If you would like to submit a bug report, please visit:
#   http://bugreport.sun.com/bugreport/crash.jsp
# The crash happened outside the Java Virtual Machine in native code.
# See problematic frame for where to report the bug.
#

---------------  T H R E A D  ---------------

Current thread (0x000000000b3e9000):  JavaThread "AWT-EventQueue-0" [_thread_in_native, id=4088, stack(0x000000000bc30000,0x000000000bd30000)]

siginfo: ExceptionCode=0xc0000005, writing address 0x0000000000000260

Registers:
RAX=0x000000000000dead, RBX=0x0000000000000000, RCX=0x0000000002720800, RDX=0x000000000b678da0
RSP=0x000000000bd2e1d0, RBP=0x000000000b678da0, RSI=0x0000000000000000, RDI=0x0000000000000009
R8 =0x0000000000000000, R9 =0x0000000000000009, R10=0x0000000060e5bf80, R11=0x000000006094f900
R12=0x0000000000000000, R13=0x000000009d5a5038, R14=0x000000000bd2e340, R15=0x000000000b3e9000
RIP=0x0000000060895638, EFLAGS=0x0000000000010246

Top of Stack: (sp=0x000000000bd2e1d0)
0x000000000bd2e1d0:   000000000bd2e308 000000000b3e9000
0x000000000bd2e1e0:   0000000000000000 000000000b3e9000
0x000000000bd2e1f0:   000000000b3dcfb0 000000009d365098
0x000000000bd2e200:   000000000b3dcfb0 000000006080e808
0x000000000bd2e210:   000000000bd2e938 000000006084ae12
0x000000000bd2e220:   00000000028dda90 00007ffefab4600d
0x000000000bd2e230:   0000000000000009 00000000000003e8
0x000000000bd2e240:   0000000000000009 000000000b3e9000
0x000000000bd2e250:   000000000b6271f0 000000000990f5b0
0x000000000bd2e260:   00000000028e6274 00000000028f3acf
0x000000000bd2e270:   000000000bd2e308 000000009d5a5038
0x000000000bd2e280:   000000009d365098 0000000000000000
0x000000000bd2e290:   0000000000000000 000000000b3e9000
0x000000000bd2e2a0:   000000000bd2e3a0 00000000028fe103
0x000000000bd2e2b0:   00000000028e5410 0000000000000001
0x000000000bd2e2c0:   00000000e0e9f690 000000000bd2e2b8 

Instructions: (pc=0x0000000060895638)
0x0000000060895618:   8b ea 3d ab de 00 00 74 17 8b 83 78 02 00 00 3d
0x0000000060895628:   ac de 00 00 74 0a 48 8b cb e8 7a 9f 0c 00 33 db
0x0000000060895638:   c7 83 60 02 00 00 05 00 00 00 83 3d 7f 61 62 00
0x0000000060895648:   01 7e 18 80 3d e8 55 62 00 00 74 07 e8 b7 de 0a 


Register to memory mapping:

RAX=0x000000000000dead is an unknown value
RBX=0x0000000000000000 is an unknown value
RCX=0x0000000002720800 is an unknown value
RDX=0x000000000b678da0 is a global jni handle
RSP=0x000000000bd2e1d0 is pointing into the stack for thread: 0x000000000b3e9000
RBP=0x000000000b678da0 is a global jni handle
RSI=0x0000000000000000 is an unknown value
RDI=0x0000000000000009 is an unknown value
R8 =0x0000000000000000 is an unknown value
R9 =0x0000000000000009 is an unknown value
R10=0x0000000060e5bf80 is an unknown value
R11=0x000000006094f900 is an unknown value
R12=0x0000000000000000 is an unknown value
R13=0x000000009d5a5038 is an oop
{method} 
 - klass: {other class}
R14=0x000000000bd2e340 is pointing into the stack for thread: 0x000000000b3e9000
R15=0x000000000b3e9000 is a thread


Stack: [0x000000000bc30000,0x000000000bd30000],  sp=0x000000000bd2e1d0,  free space=1016k
Native frames: (J=compiled Java code, j=interpreted, Vv=VM code, C=native code)
V  [jvm.dll+0x125638]

Java frames: (J=compiled Java code, j=interpreted, Vv=VM code)
j  ch.aplu.jaw.NativeHandler.nativeReadBuf(JI)I+0
j  ch.aplu.jaw.NativeHandler.readBuf(I)I+33
j  ch.aplu.xboxcontroller.XboxController.readData()Lch/aplu/xboxcontroller/ControllerState;+15
j  ch.aplu.xboxcontroller.XboxController.access$000(Lch/aplu/xboxcontroller/XboxController;)Lch/aplu/xboxcontroller/ControllerState;+1
j  ch.aplu.xboxcontroller.XboxController$1.actionPerformed(Ljava/awt/event/ActionEvent;)V+4
j  javax.swing.Timer.fireActionPerformed(Ljava/awt/event/ActionEvent;)V+35
j  javax.swing.Timer$DoPostEvent.run()V+74
j  java.awt.event.InvocationEvent.dispatch()V+47
j  java.awt.EventQueue.dispatchEventImpl(Ljava/awt/AWTEvent;Ljava/lang/Object;)V+21
j  java.awt.EventQueue.access$200(Ljava/awt/EventQueue;Ljava/awt/AWTEvent;Ljava/lang/Object;)V+3
j  java.awt.EventQueue$3.run()Ljava/lang/Void;+12
j  java.awt.EventQueue$3.run()Ljava/lang/Object;+1
v  ~StubRoutines::call_stub
j  java.security.AccessController.doPrivileged(Ljava/security/PrivilegedAction;Ljava/security/AccessControlContext;)Ljava/lang/Object;+0
j  java.security.ProtectionDomain$1.doIntersectionPrivilege(Ljava/security/PrivilegedAction;Ljava/security/AccessControlContext;Ljava/security/AccessControlContext;)Ljava/lang/Object;+28
j  java.awt.EventQueue.dispatchEvent(Ljava/awt/AWTEvent;)V+46
j  java.awt.EventDispatchThread.pumpOneEventForFilters(I)V+245
j  java.awt.EventDispatchThread.pumpEventsForFilter(ILjava/awt/Conditional;Ljava/awt/EventFilter;)V+35
j  java.awt.EventDispatchThread.pumpEventsForHierarchy(ILjava/awt/Conditional;Ljava/awt/Component;)V+11
j  java.awt.EventDispatchThread.pumpEvents(ILjava/awt/Conditional;)V+4
j  java.awt.EventDispatchThread.pumpEvents(Ljava/awt/Conditional;)V+3
j  java.awt.EventDispatchThread.run()V+9
v  ~StubRoutines::call_stub

---------------  P R O C E S S  ---------------

Java Threads: ( => current thread )
  0x000000000bea8800 JavaThread "DestroyJavaVM" [_thread_blocked, id=7916, stack(0x00000000025f0000,0x00000000026f0000)]
  0x000000000b50b800 JavaThread "Display" [_thread_in_Java, id=884, stack(0x000000000d9f0000,0x000000000daf0000)]
  0x000000000b50b000 JavaThread "UDP Broadcast Thread" [_thread_blocked, id=1516, stack(0x000000000d8f0000,0x000000000d9f0000)]
  0x000000000b502000 JavaThread "Rover Input Thread" [_thread_in_native, id=7204, stack(0x000000000d7f0000,0x000000000d8f0000)]
  0x000000000be28000 JavaThread "Thread-3" [_thread_in_native, id=5272, stack(0x000000000d650000,0x000000000d750000)]
  0x000000000b501800 JavaThread "TimerQueue" daemon [_thread_blocked, id=5008, stack(0x000000000d530000,0x000000000d630000)]
  0x000000000b628000 JavaThread "Image Fetcher 0" daemon [_thread_blocked, id=1644, stack(0x000000000d320000,0x000000000d420000)]
  0x000000000b626800 JavaThread "Thread-2" [_thread_in_native, id=7552, stack(0x000000000d120000,0x000000000d220000)]
=>0x000000000b3e9000 JavaThread "AWT-EventQueue-0" [_thread_in_native, id=4088, stack(0x000000000bc30000,0x000000000bd30000)]
  0x000000000997d800 JavaThread "AWT-Windows" daemon [_thread_in_native, id=2340, stack(0x000000000bb30000,0x000000000bc30000)]
  0x000000000b33e000 JavaThread "AWT-Shutdown" [_thread_blocked, id=5768, stack(0x000000000ba30000,0x000000000bb30000)]
  0x000000000997d000 JavaThread "Java2D Disposer" daemon [_thread_blocked, id=5316, stack(0x000000000b930000,0x000000000ba30000)]
  0x000000000991f800 JavaThread "Service Thread" daemon [_thread_blocked, id=3264, stack(0x000000000b080000,0x000000000b180000)]
  0x000000000990e000 JavaThread "C2 CompilerThread1" daemon [_thread_blocked, id=1760, stack(0x000000000af80000,0x000000000b080000)]
  0x0000000009903000 JavaThread "C2 CompilerThread0" daemon [_thread_blocked, id=4648, stack(0x000000000ae80000,0x000000000af80000)]
  0x0000000009902000 JavaThread "Attach Listener" daemon [_thread_blocked, id=6008, stack(0x000000000ad80000,0x000000000ae80000)]
  0x00000000098fe800 JavaThread "Signal Dispatcher" daemon [_thread_blocked, id=1480, stack(0x000000000ac80000,0x000000000ad80000)]
  0x00000000098ca800 JavaThread "Finalizer" daemon [_thread_blocked, id=7156, stack(0x000000000ab80000,0x000000000ac80000)]
  0x00000000098c1800 JavaThread "Reference Handler" daemon [_thread_blocked, id=6888, stack(0x000000000aa80000,0x000000000ab80000)]

Other Threads:
  0x00000000098bf000 VMThread [stack: 0x000000000a980000,0x000000000aa80000] [id=5816]
  0x0000000009928800 WatcherThread [stack: 0x000000000b180000,0x000000000b280000] [id=5480]

VM state:not at safepoint (normal execution)

VM Mutex/Monitor currently owned by a thread: None

Heap
 PSYoungGen      total 28672K, used 13765K [0x00000000e0a00000, 0x00000000e2980000, 0x0000000100000000)
  eden space 25088K, 54% used [0x00000000e0a00000,0x00000000e17717b8,0x00000000e2280000)
  from space 3584K, 0% used [0x00000000e2600000,0x00000000e2600000,0x00000000e2980000)
  to   space 3584K, 0% used [0x00000000e2280000,0x00000000e2280000,0x00000000e2600000)
 ParOldGen       total 64000K, used 0K [0x00000000a1e00000, 0x00000000a5c80000, 0x00000000e0a00000)
  object space 64000K, 0% used [0x00000000a1e00000,0x00000000a1e00000,0x00000000a5c80000)
 PSPermGen       total 21504K, used 11494K [0x000000009cc00000, 0x000000009e100000, 0x00000000a1e00000)
  object space 21504K, 53% used [0x000000009cc00000,0x000000009d739a48,0x000000009e100000)

Card table byte_map: [0x00000000059a0000,0x0000000005cc0000] byte_map_base: 0x00000000054ba000

Polling page: 0x0000000000d40000

Code Cache  [0x00000000028e0000, 0x0000000002b50000, 0x00000000058e0000)
 total_blobs=503 nmethods=68 adapters=387 free_code_cache=48549Kb largest_free_block=49692928

Compilation events (10 events):
Event: 4.703 Thread 0x000000000990e000 nmethod 60 0x00000000029763d0 code [0x0000000002976520, 0x0000000002976a58]
Event: 4.703 Thread 0x0000000009903000 nmethod 63 0x000000000297bc50 code [0x000000000297bda0, 0x000000000297be38]
Event: 4.711 Thread 0x000000000990e000   64             java.lang.String::endsWith (17 bytes)
Event: 4.720 Thread 0x000000000990e000 nmethod 64 0x0000000002979f90 code [0x000000000297a0e0, 0x000000000297a278]
Event: 4.750 Thread 0x0000000009903000   65             java.util.ArrayList::size (5 bytes)
Event: 4.751 Thread 0x0000000009903000 nmethod 65 0x0000000002979d90 code [0x0000000002979ec0, 0x0000000002979f18]
Event: 4.759 Thread 0x000000000990e000   66             java.awt.Component::checkTreeLock (21 bytes)
Event: 4.760 Thread 0x000000000990e000 nmethod 66 0x0000000002979750 code [0x00000000029798a0, 0x0000000002979928]
Event: 4.774 Thread 0x0000000009903000   68             java.lang.Enum::ordinal (5 bytes)
Event: 4.774 Thread 0x0000000009903000 nmethod 68 0x0000000002979550 code [0x0000000002979680, 0x00000000029796d8]

GC Heap History (0 events):
No events

Deoptimization events (3 events):
Event: 3.907 Thread 0x000000000b3e9000 Uncommon trap: reason=class_check action=maybe_recompile pc=0x0000000002952d8c method=java.lang.String.equals(Ljava/lang/Object;)Z @ 8
Event: 3.907 Thread 0x000000000b3e9000 Uncommon trap: reason=class_check action=maybe_recompile pc=0x0000000002952d8c method=java.lang.String.equals(Ljava/lang/Object;)Z @ 8
Event: 3.908 Thread 0x000000000b3e9000 Uncommon trap: reason=class_check action=maybe_recompile pc=0x0000000002952d8c method=java.lang.String.equals(Ljava/lang/Object;)Z @ 8

Internal exceptions (10 events):
Event: 4.089 Thread 0x0000000002720800 Threw 0x00000000e1206aa8 at C:\re\jdk7u45\229\hotspot\src\share\vm\prims\jni.cpp:717
Event: 4.107 Thread 0x0000000002720800 Threw 0x00000000e121cab0 at C:\re\jdk7u45\229\hotspot\src\share\vm\prims\jni.cpp:717
Event: 4.114 Thread 0x0000000002720800 Threw 0x00000000e122c098 at C:\re\jdk7u45\229\hotspot\src\share\vm\prims\jvm.cpp:1244
Event: 4.121 Thread 0x0000000002720800 Threw 0x00000000e122f020 at C:\re\jdk7u45\229\hotspot\src\share\vm\prims\jvm.cpp:1244
Event: 4.123 Thread 0x0000000002720800 Threw 0x00000000e1232cd0 at C:\re\jdk7u45\229\hotspot\src\share\vm\prims\jvm.cpp:1244
Event: 4.126 Thread 0x0000000002720800 Threw 0x00000000e12379b8 at C:\re\jdk7u45\229\hotspot\src\share\vm\prims\jvm.cpp:1244
Event: 4.129 Thread 0x0000000002720800 Threw 0x00000000e123b510 at C:\re\jdk7u45\229\hotspot\src\share\vm\prims\jvm.cpp:1244
Event: 4.142 Thread 0x0000000002720800 Threw 0x00000000e123f078 at C:\re\jdk7u45\229\hotspot\src\share\vm\prims\jvm.cpp:1244
Event: 4.172 Thread 0x0000000002720800 Threw 0x00000000e124c448 at C:\re\jdk7u45\229\hotspot\src\share\vm\prims\jvm.cpp:1244
Event: 4.201 Thread 0x0000000002720800 Threw 0x00000000e12540c8 at C:\re\jdk7u45\229\hotspot\src\share\vm\prims\jvm.cpp:1244

Events (10 events):
Event: 4.263 loading class 0x000000000b2c5e00
Event: 4.264 loading class 0x000000000b2c57b0
Event: 4.265 loading class 0x000000000b2c57b0 done
Event: 4.265 loading class 0x000000000b2c5e00 done
Event: 4.266 loading class 0x000000000be50dc0
Event: 4.266 loading class 0x000000000be50dc0 done
Event: 4.296 Executing VM operation: EnableBiasedLocking
Event: 4.297 Executing VM operation: EnableBiasedLocking done
Event: 4.319 loading class 0x000000000b2ec7a0
Event: 4.319 loading class 0x000000000b2ec7a0 done


Dynamic libraries:
0x00007ff7c59a0000 - 0x00007ff7c59d3000 	C:\Program Files\Java\jre7\bin\javaw.exe
0x00007fff028c0000 - 0x00007fff02a6a000 	C:\WINDOWS\SYSTEM32\ntdll.dll
0x00007fff01240000 - 0x00007fff0137a000 	C:\WINDOWS\system32\KERNEL32.DLL
0x00007fff00030000 - 0x00007fff0013f000 	C:\WINDOWS\system32\KERNELBASE.dll
0x00007ffefe480000 - 0x00007ffefe508000 	C:\WINDOWS\system32\apphelp.dll
0x00007ffef3ed0000 - 0x00007ffef3f1f000 	C:\WINDOWS\AppPatch\AppPatch64\AcGenral.DLL
0x00007fff00550000 - 0x00007fff005f7000 	C:\WINDOWS\system32\msvcrt.dll
0x00007ffeffa10000 - 0x00007ffeffa3b000 	C:\WINDOWS\SYSTEM32\SspiCli.dll
0x00007fff02860000 - 0x00007fff028b1000 	C:\WINDOWS\system32\SHLWAPI.dll
0x00007fff00140000 - 0x00007fff002b1000 	C:\WINDOWS\system32\USER32.dll
0x00007fff00780000 - 0x00007fff008f8000 	C:\WINDOWS\system32\ole32.dll
0x00007fff01380000 - 0x00007fff02796000 	C:\WINDOWS\system32\SHELL32.dll
0x00007ffeff2a0000 - 0x00007ffeff2be000 	C:\WINDOWS\SYSTEM32\USERENV.dll
0x00007fff004a0000 - 0x00007fff00545000 	C:\WINDOWS\system32\ADVAPI32.dll
0x00007ffefdc40000 - 0x00007ffefdc5b000 	C:\WINDOWS\SYSTEM32\MPR.dll
0x00007fff00cd0000 - 0x00007fff00e06000 	C:\WINDOWS\system32\RPCRT4.dll
0x00007fff00c70000 - 0x00007fff00cc7000 	C:\WINDOWS\SYSTEM32\sechost.dll
0x00007fff002c0000 - 0x00007fff00496000 	C:\WINDOWS\SYSTEM32\combase.dll
0x00007fff00610000 - 0x00007fff00755000 	C:\WINDOWS\system32\GDI32.dll
0x00007ffeffc30000 - 0x00007ffeffc44000 	C:\WINDOWS\SYSTEM32\profapi.dll
0x00007ffefcb70000 - 0x00007ffefcc0f000 	C:\WINDOWS\SYSTEM32\SHCORE.dll
0x00007fff009c0000 - 0x00007fff009f4000 	C:\WINDOWS\system32\IMM32.DLL
0x00007fff00eb0000 - 0x00007fff00fe9000 	C:\WINDOWS\system32\MSCTF.dll
0x00007ffefb7b0000 - 0x00007ffefba0a000 	C:\WINDOWS\WinSxS\amd64_microsoft.windows.common-controls_6595b64144ccf1df_6.0.9600.17031_none_6242a4b3ecbb55a1\COMCTL32.dll
0x0000000060f40000 - 0x0000000061012000 	C:\Program Files\Java\jre7\bin\msvcr100.dll
0x0000000060770000 - 0x0000000060f39000 	C:\Program Files\Java\jre7\bin\server\jvm.dll
0x00007ffeeb370000 - 0x00007ffeeb379000 	C:\WINDOWS\SYSTEM32\WSOCK32.dll
0x00007ffefbc30000 - 0x00007ffefbc4f000 	C:\WINDOWS\SYSTEM32\WINMM.dll
0x00007fff027a0000 - 0x00007fff027a7000 	C:\WINDOWS\system32\PSAPI.DLL
0x00007fff00960000 - 0x00007fff009b8000 	C:\WINDOWS\system32\WS2_32.dll
0x00007ffefbc00000 - 0x00007ffefbc2a000 	C:\WINDOWS\SYSTEM32\WINMMBASE.dll
0x00007fff00ac0000 - 0x00007fff00ac9000 	C:\WINDOWS\system32\NSI.dll
0x00007ffeffe00000 - 0x00007ffeffe4a000 	C:\WINDOWS\SYSTEM32\cfgmgr32.dll
0x00007ffefead0000 - 0x00007ffefeaf6000 	C:\WINDOWS\SYSTEM32\DEVOBJ.dll
0x0000000060760000 - 0x000000006076f000 	C:\Program Files\Java\jre7\bin\verify.dll
0x0000000060730000 - 0x0000000060758000 	C:\Program Files\Java\jre7\bin\java.dll
0x0000000060710000 - 0x0000000060725000 	C:\Program Files\Java\jre7\bin\zip.dll
0x0000000060530000 - 0x00000000606c5000 	C:\Program Files\Java\jre7\bin\awt.dll
0x00007fff00a00000 - 0x00007fff00ab7000 	C:\WINDOWS\system32\OLEAUT32.dll
0x00007ffefc9a0000 - 0x00007ffefc9c0000 	C:\WINDOWS\system32\DWMAPI.DLL
0x00007ffefe920000 - 0x00007ffefea41000 	C:\WINDOWS\system32\uxtheme.dll
0x00007ffefeb00000 - 0x00007ffefeb0a000 	C:\WINDOWS\SYSTEM32\kernel.appcore.dll
0x00007ffeffaa0000 - 0x00007ffeffaaa000 	C:\WINDOWS\SYSTEM32\CRYPTBASE.dll
0x00007ffeffa40000 - 0x00007ffeffaa0000 	C:\WINDOWS\SYSTEM32\bcryptPrimitives.dll
0x00000000604e0000 - 0x0000000060526000 	C:\Program Files\Java\jre7\bin\fontmanager.dll
0x00000000606f0000 - 0x0000000060709000 	C:\Program Files\Java\jre7\bin\net.dll
0x00007ffeff590000 - 0x00007ffeff5e8000 	C:\WINDOWS\system32\mswsock.dll
0x00000000606d0000 - 0x00000000606e1000 	C:\Program Files\Java\jre7\bin\nio.dll
0x0000000060490000 - 0x00000000604d1000 	C:\Program Files\Java\jre7\bin\t2k.dll
0x00007fff027b0000 - 0x00007fff02854000 	C:\WINDOWS\SYSTEM32\clbcatq.dll
0x00007ffefcfe0000 - 0x00007ffefd173000 	C:\WINDOWS\SYSTEM32\WindowsCodecs.dll
0x00007ffeff5f0000 - 0x00007ffeff60e000 	C:\WINDOWS\SYSTEM32\CRYPTSP.dll
0x00007ffeff0c0000 - 0x00007ffeff0f5000 	C:\WINDOWS\system32\rsaenh.dll
0x00007ffeff720000 - 0x00007ffeff746000 	C:\WINDOWS\SYSTEM32\bcrypt.dll
0x00007ffefab40000 - 0x00007ffefab51000 	C:\Windows\xboxcontroller64.dll
0x00007ffefd880000 - 0x00007ffefd888000 	C:\WINDOWS\SYSTEM32\XINPUT9_1_0.dll
0x0000000062400000 - 0x0000000062498000 	C:\WINDOWS\SYSTEM32\MSVCP100.dll
0x00007ffefa6b0000 - 0x00007ffefa6bd000 	C:\WINDOWS\SYSTEM32\XInput1_4.dll
0x0000000180000000 - 0x0000000180025000 	C:\Windows\rxtxSerial.dll
0x00007ffefe0b0000 - 0x00007ffefe238000 	C:\WINDOWS\SYSTEM32\dbghelp.dll

VM Arguments:
jvm_args: -Dfile.encoding=Cp1252 
java_command: code.ServerMain
Launcher Type: SUN_STANDARD

Environment Variables:
CLASSPATH=C:\Program Files\Java\jdk1.7.0_45\bin
PATH=c:\Program Files (x86)\Intel\iCLS Client\;c:\Program Files\Intel\iCLS Client\;C:\WINDOWS\system32;C:\WINDOWS;C:\WINDOWS\System32\Wbem;C:\WINDOWS\System32\WindowsPowerShell\v1.0\;C:\Program Files\Intel\Intel(R) Management Engine Components\DAL;C:\Program Files\Intel\Intel(R) Management Engine Components\IPT;C:\Program Files (x86)\Intel\Intel(R) Management Engine Components\DAL;C:\Program Files (x86)\Intel\Intel(R) Management Engine Components\IPT;C:\Program Files (x86)\Windows Live\Shared;C:\Program Files (x86)\QuickTime\QTSystem\;C:\Program Files (x86)\Windows Kits\8.0\Windows Performance Toolkit\;C:\Program Files\Microsoft SQL Server\110\Tools\Binn\;C:\Program Files\Java\jdk1.7.0_45\bin;C:\Program Files (x86)\KDiff3
USERNAME=Dallin
OS=Windows_NT
PROCESSOR_IDENTIFIER=Intel64 Family 6 Model 58 Stepping 9, GenuineIntel



---------------  S Y S T E M  ---------------

OS: Windows 8 , 64 bit Build 9200 

CPU:total 4 (2 cores per cpu, 2 threads per core) family 6 model 58 stepping 9, cmov, cx8, fxsr, mmx, sse, sse2, sse3, ssse3, sse4.1, sse4.2, popcnt, avx, erms, ht, tsc, tscinvbit, tscinv

Memory: 4k page, physical 6161688k(2672220k free), swap 8193304k(3548376k free)

vm_info: Java HotSpot(TM) 64-Bit Server VM (24.45-b08) for windows-amd64 JRE (1.7.0_45-b18), built on Oct  8 2013 05:47:22 by "java_re" with unknown MS VC++:1600

time: Mon May 26 16:37:46 2014
elapsed time: 4 seconds

