#
# A fatal error has been detected by the Java Runtime Environment:
#
#  EXCEPTION_ACCESS_VIOLATION (0xc0000005) at pc=0x0000000060895638, pid=6568, tid=7792
#
# JRE version: Java(TM) SE Runtime Environment (7.0_45-b18) (build 1.7.0_45-b18)
# Java VM: Java HotSpot(TM) 64-Bit Server VM (24.45-b08 mixed mode windows-amd64 compressed oops)
# Problematic frame:
# V  [jvm.dll+0x125638]
#
# Failed to write core dump. Minidumps are not enabled by default on client versions of Windows
#
# If you would like to submit a bug report, please visit:
#   http://bugreport.sun.com/bugreport/crash.jsp
# The crash happened outside the Java Virtual Machine in native code.
# See problematic frame for where to report the bug.
#

---------------  T H R E A D  ---------------

Current thread (0x000000000ad2a000):  JavaThread "AWT-EventQueue-0" [_thread_in_native, id=7792, stack(0x000000000bc20000,0x000000000bd20000)]

siginfo: ExceptionCode=0xc0000005, writing address 0x0000000000000260

Registers:
RAX=0x000000000000dead, RBX=0x0000000000000000, RCX=0x0000000002090800, RDX=0x0000000009197208
RSP=0x000000000bd1dcc0, RBP=0x0000000009197208, RSI=0x0000000000000000, RDI=0x0000000000000009
R8 =0x0000000000000000, R9 =0x0000000000000009, R10=0x0000000060e5bf80, R11=0x000000006094f900
R12=0x0000000000000000, R13=0x000000009d204498, R14=0x000000000bd1de30, R15=0x000000000ad2a000
RIP=0x0000000060895638, EFLAGS=0x0000000000010246

Top of Stack: (sp=0x000000000bd1dcc0)
0x000000000bd1dcc0:   0000000000000000 0000000000000000
0x000000000bd1dcd0:   000000009cd01dc8 0000000000000000
0x000000000bd1dce0:   0000000000000000 0000000000000000
0x000000000bd1dcf0:   0000000000000000 0000000000000000
0x000000000bd1dd00:   0000000000000000 0000000000000000
0x000000000bd1dd10:   000000000225d790 00007ffefd96600d
0x000000000bd1dd20:   0000000000000009 00000000000003e8
0x000000000bd1dd30:   0000000000000009 0000000000000000
0x000000000bd1dd40:   000000000acb7bc2 0000000000000038
0x000000000bd1dd50:   0000000002266274 0000000002273acf
0x000000000bd1dd60:   000000000bd1ddf8 000000009d204498
0x000000000bd1dd70:   000000009d3884c8 000000000bd1dd68
0x000000000bd1dd80:   000000009d204638 000000000bd1dde8
0x000000000bd1dd90:   000000009d209640 0000000000000000
0x000000000bd1dda0:   000000009d204638 0000000000000001
0x000000000bd1ddb0:   00000000e0bb2cf0 000000000bd1dda8 

Instructions: (pc=0x0000000060895638)
0x0000000060895618:   8b ea 3d ab de 00 00 74 17 8b 83 78 02 00 00 3d
0x0000000060895628:   ac de 00 00 74 0a 48 8b cb e8 7a 9f 0c 00 33 db
0x0000000060895638:   c7 83 60 02 00 00 05 00 00 00 83 3d 7f 61 62 00
0x0000000060895648:   01 7e 18 80 3d e8 55 62 00 00 74 07 e8 b7 de 0a 


Register to memory mapping:

RAX=0x000000000000dead is an unknown value
RBX=0x0000000000000000 is an unknown value
RCX=0x0000000002090800 is an unknown value
RDX=0x0000000009197208 is a global jni handle
RSP=0x000000000bd1dcc0 is pointing into the stack for thread: 0x000000000ad2a000
RBP=0x0000000009197208 is a global jni handle
RSI=0x0000000000000000 is an unknown value
RDI=0x0000000000000009 is an unknown value
R8 =0x0000000000000000 is an unknown value
R9 =0x0000000000000009 is an unknown value
R10=0x0000000060e5bf80 is an unknown value
R11=0x000000006094f900 is an unknown value
R12=0x0000000000000000 is an unknown value
R13=0x000000009d204498 is an oop
{method} 
 - klass: {other class}
R14=0x000000000bd1de30 is pointing into the stack for thread: 0x000000000ad2a000
R15=0x000000000ad2a000 is a thread


Stack: [0x000000000bc20000,0x000000000bd20000],  sp=0x000000000bd1dcc0,  free space=1015k
Native frames: (J=compiled Java code, j=interpreted, Vv=VM code, C=native code)
V  [jvm.dll+0x125638]

Java frames: (J=compiled Java code, j=interpreted, Vv=VM code)
j  ch.aplu.jaw.NativeHandler.nativeReadBuf(JI)I+0
j  ch.aplu.jaw.NativeHandler.readBuf(I)I+33
j  ch.aplu.xboxcontroller.XboxController.readData()Lch/aplu/xboxcontroller/ControllerState;+15
j  ch.aplu.xboxcontroller.XboxController.access$000(Lch/aplu/xboxcontroller/XboxController;)Lch/aplu/xboxcontroller/ControllerState;+1
j  ch.aplu.xboxcontroller.XboxController$1.actionPerformed(Ljava/awt/event/ActionEvent;)V+4
j  javax.swing.Timer.fireActionPerformed(Ljava/awt/event/ActionEvent;)V+35
j  javax.swing.Timer$DoPostEvent.run()V+74
j  java.awt.event.InvocationEvent.dispatch()V+47
j  java.awt.EventQueue.dispatchEventImpl(Ljava/awt/AWTEvent;Ljava/lang/Object;)V+21
j  java.awt.EventQueue.access$200(Ljava/awt/EventQueue;Ljava/awt/AWTEvent;Ljava/lang/Object;)V+3
j  java.awt.EventQueue$3.run()Ljava/lang/Void;+12
j  java.awt.EventQueue$3.run()Ljava/lang/Object;+1
v  ~StubRoutines::call_stub
j  java.security.AccessController.doPrivileged(Ljava/security/PrivilegedAction;Ljava/security/AccessControlContext;)Ljava/lang/Object;+0
j  java.security.ProtectionDomain$1.doIntersectionPrivilege(Ljava/security/PrivilegedAction;Ljava/security/AccessControlContext;Ljava/security/AccessControlContext;)Ljava/lang/Object;+28
j  java.awt.EventQueue.dispatchEvent(Ljava/awt/AWTEvent;)V+46
j  java.awt.EventDispatchThread.pumpOneEventForFilters(I)V+245
j  java.awt.EventDispatchThread.pumpEventsForFilter(ILjava/awt/Conditional;Ljava/awt/EventFilter;)V+35
j  java.awt.EventDispatchThread.pumpEventsForHierarchy(ILjava/awt/Conditional;Ljava/awt/Component;)V+11
j  java.awt.EventDispatchThread.pumpEvents(ILjava/awt/Conditional;)V+4
j  java.awt.EventDispatchThread.pumpEvents(Ljava/awt/Conditional;)V+3
j  java.awt.EventDispatchThread.run()V+9
v  ~StubRoutines::call_stub

---------------  P R O C E S S  ---------------

Java Threads: ( => current thread )
  0x000000000ae99000 JavaThread "DestroyJavaVM" [_thread_blocked, id=1700, stack(0x0000000001f30000,0x0000000002030000)]
  0x000000000ade0000 JavaThread "Display" [_thread_in_Java, id=7484, stack(0x000000000c5d0000,0x000000000c6d0000)]
  0x000000000ae74800 JavaThread "Puppet Serial Input Thread" [_thread_blocked, id=3920, stack(0x000000000c400000,0x000000000c500000)]
  0x000000000addd000 JavaThread "UDP Broadcast Thread" [_thread_blocked, id=2992, stack(0x000000000c300000,0x000000000c400000)]
  0x000000000ae03800 JavaThread "Rover Input Thread" [_thread_in_native, id=7000, stack(0x000000000c200000,0x000000000c300000)]
  0x000000000add3000 JavaThread "TimerQueue" daemon [_thread_blocked, id=1792, stack(0x000000000c100000,0x000000000c200000)]
=>0x000000000ad2a000 JavaThread "AWT-EventQueue-0" [_thread_in_native, id=7792, stack(0x000000000bc20000,0x000000000bd20000)]
  0x000000000ad29000 JavaThread "AWT-Shutdown" [_thread_blocked, id=6196, stack(0x000000000bb20000,0x000000000bc20000)]
  0x000000000acbf000 JavaThread "Image Fetcher 0" daemon [_thread_blocked, id=1408, stack(0x000000000ba20000,0x000000000bb20000)]
  0x000000000acb7000 JavaThread "Thread-1" [_thread_in_native, id=7488, stack(0x000000000b310000,0x000000000b410000)]
  0x00000000091f8000 JavaThread "AWT-Windows" daemon [_thread_in_native, id=6532, stack(0x000000000b410000,0x000000000b510000)]
  0x00000000091f7800 JavaThread "Java2D Disposer" daemon [_thread_blocked, id=5480, stack(0x000000000b210000,0x000000000b310000)]
  0x00000000091d1000 JavaThread "Service Thread" daemon [_thread_blocked, id=4012, stack(0x000000000a990000,0x000000000aa90000)]
  0x00000000091c6000 JavaThread "C2 CompilerThread1" daemon [_thread_blocked, id=8180, stack(0x000000000a890000,0x000000000a990000)]
  0x00000000091c4800 JavaThread "C2 CompilerThread0" daemon [_thread_blocked, id=4396, stack(0x000000000a790000,0x000000000a890000)]
  0x00000000091c3800 JavaThread "Attach Listener" daemon [_thread_blocked, id=6008, stack(0x000000000a690000,0x000000000a790000)]
  0x00000000091c0800 JavaThread "Signal Dispatcher" daemon [_thread_blocked, id=5688, stack(0x000000000a590000,0x000000000a690000)]
  0x000000000918a800 JavaThread "Finalizer" daemon [_thread_blocked, id=7396, stack(0x000000000a490000,0x000000000a590000)]
  0x0000000009181800 JavaThread "Reference Handler" daemon [_thread_blocked, id=6764, stack(0x000000000a390000,0x000000000a490000)]

Other Threads:
  0x000000000917f000 VMThread [stack: 0x000000000a290000,0x000000000a390000] [id=5568]
  0x00000000091e2000 WatcherThread [stack: 0x000000000aa90000,0x000000000ab90000] [id=4112]

VM state:not at safepoint (normal execution)

VM Mutex/Monitor currently owned by a thread: None

Heap
 PSYoungGen      total 28672K, used 9235K [0x00000000e0a00000, 0x00000000e2980000, 0x0000000100000000)
  eden space 25088K, 36% used [0x00000000e0a00000,0x00000000e1304e08,0x00000000e2280000)
  from space 3584K, 0% used [0x00000000e2600000,0x00000000e2600000,0x00000000e2980000)
  to   space 3584K, 0% used [0x00000000e2280000,0x00000000e2280000,0x00000000e2600000)
 ParOldGen       total 64000K, used 0K [0x00000000a1e00000, 0x00000000a5c80000, 0x00000000e0a00000)
  object space 64000K, 0% used [0x00000000a1e00000,0x00000000a1e00000,0x00000000a5c80000)
 PSPermGen       total 21504K, used 9509K [0x000000009cc00000, 0x000000009e100000, 0x00000000a1e00000)
  object space 21504K, 44% used [0x000000009cc00000,0x000000009d549518,0x000000009e100000)

Card table byte_map: [0x0000000005260000,0x0000000005580000] byte_map_base: 0x0000000004d7a000

Polling page: 0x0000000000620000

Code Cache  [0x0000000002260000, 0x00000000024d0000, 0x0000000005260000)
 total_blobs=431 nmethods=22 adapters=361 free_code_cache=48614Kb largest_free_block=49758336

Compilation events (10 events):
Event: 3.634 Thread 0x00000000091c4800   15             java.lang.CharacterData::of (120 bytes)
Event: 3.636 Thread 0x00000000091c6000 nmethod 14 0x00000000022dedd0 code [0x00000000022def00, 0x00000000022def78]
Event: 3.636 Thread 0x00000000091c4800 nmethod 15 0x00000000022e3f90 code [0x00000000022e40e0, 0x00000000022e4198]
Event: 3.661 Thread 0x00000000091c6000   17             java.lang.String::toLowerCase (472 bytes)
Event: 3.663 Thread 0x00000000091c4800   18             java.lang.Character::toLowerCase (9 bytes)
Event: 3.666 Thread 0x00000000091c4800 nmethod 18 0x00000000022e31d0 code [0x00000000022e3320, 0x00000000022e3458]
Event: 3.667 Thread 0x00000000091c4800   19             java.lang.CharacterDataLatin1::toLowerCase (39 bytes)
Event: 3.669 Thread 0x00000000091c4800 nmethod 19 0x00000000022e1ed0 code [0x00000000022e2000, 0x00000000022e20b8]
Event: 3.707 Thread 0x00000000091c4800   22 %           code.ServerMain::run @ 25 (154 bytes)
Event: 3.718 Thread 0x00000000091c4800 nmethod 22% 0x00000000022e4a90 code [0x00000000022e4c20, 0x00000000022e4ed8]

GC Heap History (0 events):
No events

Deoptimization events (0 events):
No events

Internal exceptions (10 events):
Event: 3.606 Thread 0x0000000002090800 Threw 0x00000000e113a328 at C:\re\jdk7u45\229\hotspot\src\share\vm\prims\jvm.cpp:1244
Event: 3.608 Thread 0x0000000002090800 Threw 0x00000000e1145c60 at C:\re\jdk7u45\229\hotspot\src\share\vm\prims\jvm.cpp:1244
Event: 3.610 Thread 0x0000000002090800 Threw 0x00000000e11492f0 at C:\re\jdk7u45\229\hotspot\src\share\vm\prims\jvm.cpp:1244
Event: 3.612 Thread 0x0000000002090800 Threw 0x00000000e114ed88 at C:\re\jdk7u45\229\hotspot\src\share\vm\prims\jvm.cpp:1244
Event: 3.616 Thread 0x0000000002090800 Threw 0x00000000e1152258 at C:\re\jdk7u45\229\hotspot\src\share\vm\prims\jvm.cpp:1244
Event: 3.620 Thread 0x0000000002090800 Threw 0x00000000e1155780 at C:\re\jdk7u45\229\hotspot\src\share\vm\prims\jni.cpp:717
Event: 3.640 Thread 0x0000000002090800 Threw 0x00000000e116bc38 at C:\re\jdk7u45\229\hotspot\src\share\vm\prims\jni.cpp:717
Event: 3.648 Thread 0x0000000002090800 Threw 0x00000000e117c0c8 at C:\re\jdk7u45\229\hotspot\src\share\vm\prims\jni.cpp:717
Event: 3.666 Thread 0x0000000002090800 Threw 0x00000000e11920a0 at C:\re\jdk7u45\229\hotspot\src\share\vm\prims\jni.cpp:717
Event: 3.677 Thread 0x0000000002090800 Threw 0x00000000e11a15a8 at C:\re\jdk7u45\229\hotspot\src\share\vm\prims\jvm.cpp:1244

Events (10 events):
Event: 3.611 loading class 0x000000000ae76510
Event: 3.611 loading class 0x000000000ae76510 done
Event: 3.616 loading class 0x000000000addef20
Event: 3.616 loading class 0x000000000addef20 done
Event: 3.676 loading class 0x000000000addf2b0
Event: 3.677 loading class 0x000000000addf2b0 done
Event: 3.680 Thread 0x000000000ae74800 Thread added: 0x000000000ae74800
Event: 3.680 Thread 0x000000000ade0000 Thread added: 0x000000000ade0000
Event: 3.680 Thread 0x0000000002090800 Thread exited: 0x0000000002090800
Event: 3.680 Thread 0x000000000ae99000 Thread added: 0x000000000ae99000


Dynamic libraries:
0x00007ff7c59a0000 - 0x00007ff7c59d3000 	C:\Program Files\Java\jre7\bin\javaw.exe
0x00007fff028c0000 - 0x00007fff02a6a000 	C:\WINDOWS\SYSTEM32\ntdll.dll
0x00007fff01240000 - 0x00007fff0137a000 	C:\WINDOWS\system32\KERNEL32.DLL
0x00007fff00030000 - 0x00007fff0013f000 	C:\WINDOWS\system32\KERNELBASE.dll
0x00007ffefe480000 - 0x00007ffefe508000 	C:\WINDOWS\system32\apphelp.dll
0x00007ffef3ed0000 - 0x00007ffef3f1f000 	C:\WINDOWS\AppPatch\AppPatch64\AcGenral.DLL
0x00007fff00550000 - 0x00007fff005f7000 	C:\WINDOWS\system32\msvcrt.dll
0x00007ffeffa10000 - 0x00007ffeffa3b000 	C:\WINDOWS\SYSTEM32\SspiCli.dll
0x00007fff02860000 - 0x00007fff028b1000 	C:\WINDOWS\system32\SHLWAPI.dll
0x00007fff00140000 - 0x00007fff002b1000 	C:\WINDOWS\system32\USER32.dll
0x00007fff00780000 - 0x00007fff008f8000 	C:\WINDOWS\system32\ole32.dll
0x00007fff01380000 - 0x00007fff02796000 	C:\WINDOWS\system32\SHELL32.dll
0x00007ffeff2a0000 - 0x00007ffeff2be000 	C:\WINDOWS\SYSTEM32\USERENV.dll
0x00007fff004a0000 - 0x00007fff00545000 	C:\WINDOWS\system32\ADVAPI32.dll
0x00007ffefdc40000 - 0x00007ffefdc5b000 	C:\WINDOWS\SYSTEM32\MPR.dll
0x00007fff00cd0000 - 0x00007fff00e06000 	C:\WINDOWS\system32\RPCRT4.dll
0x00007fff00c70000 - 0x00007fff00cc7000 	C:\WINDOWS\SYSTEM32\sechost.dll
0x00007fff002c0000 - 0x00007fff00496000 	C:\WINDOWS\SYSTEM32\combase.dll
0x00007fff00610000 - 0x00007fff00755000 	C:\WINDOWS\system32\GDI32.dll
0x00007ffeffc30000 - 0x00007ffeffc44000 	C:\WINDOWS\SYSTEM32\profapi.dll
0x00007ffefcb70000 - 0x00007ffefcc0f000 	C:\WINDOWS\SYSTEM32\SHCORE.dll
0x00007fff009c0000 - 0x00007fff009f4000 	C:\WINDOWS\system32\IMM32.DLL
0x00007fff00eb0000 - 0x00007fff00fe9000 	C:\WINDOWS\system32\MSCTF.dll
0x00007ffefb7b0000 - 0x00007ffefba0a000 	C:\WINDOWS\WinSxS\amd64_microsoft.windows.common-controls_6595b64144ccf1df_6.0.9600.17031_none_6242a4b3ecbb55a1\COMCTL32.dll
0x0000000060f40000 - 0x0000000061012000 	C:\Program Files\Java\jre7\bin\msvcr100.dll
0x0000000060770000 - 0x0000000060f39000 	C:\Program Files\Java\jre7\bin\server\jvm.dll
0x00007ffeeb370000 - 0x00007ffeeb379000 	C:\WINDOWS\SYSTEM32\WSOCK32.dll
0x00007ffefbc30000 - 0x00007ffefbc4f000 	C:\WINDOWS\SYSTEM32\WINMM.dll
0x00007fff027a0000 - 0x00007fff027a7000 	C:\WINDOWS\system32\PSAPI.DLL
0x00007fff00960000 - 0x00007fff009b8000 	C:\WINDOWS\system32\WS2_32.dll
0x00007ffefbc00000 - 0x00007ffefbc2a000 	C:\WINDOWS\SYSTEM32\WINMMBASE.dll
0x00007fff00ac0000 - 0x00007fff00ac9000 	C:\WINDOWS\system32\NSI.dll
0x00007ffeffe00000 - 0x00007ffeffe4a000 	C:\WINDOWS\SYSTEM32\cfgmgr32.dll
0x00007ffefead0000 - 0x00007ffefeaf6000 	C:\WINDOWS\SYSTEM32\DEVOBJ.dll
0x0000000060760000 - 0x000000006076f000 	C:\Program Files\Java\jre7\bin\verify.dll
0x0000000060730000 - 0x0000000060758000 	C:\Program Files\Java\jre7\bin\java.dll
0x0000000060710000 - 0x0000000060725000 	C:\Program Files\Java\jre7\bin\zip.dll
0x0000000060530000 - 0x00000000606c5000 	C:\Program Files\Java\jre7\bin\awt.dll
0x00007fff00a00000 - 0x00007fff00ab7000 	C:\WINDOWS\system32\OLEAUT32.dll
0x00007ffefc9a0000 - 0x00007ffefc9c0000 	C:\WINDOWS\system32\DWMAPI.DLL
0x00007ffefe920000 - 0x00007ffefea41000 	C:\WINDOWS\system32\uxtheme.dll
0x00007ffefeb00000 - 0x00007ffefeb0a000 	C:\WINDOWS\SYSTEM32\kernel.appcore.dll
0x00007ffeffaa0000 - 0x00007ffeffaaa000 	C:\WINDOWS\SYSTEM32\CRYPTBASE.dll
0x00007ffeffa40000 - 0x00007ffeffaa0000 	C:\WINDOWS\SYSTEM32\bcryptPrimitives.dll
0x00007ffefd960000 - 0x00007ffefd971000 	C:\Windows\xboxcontroller64.dll
0x00007ffefd880000 - 0x00007ffefd888000 	C:\WINDOWS\SYSTEM32\XINPUT9_1_0.dll
0x0000000062400000 - 0x0000000062498000 	C:\WINDOWS\SYSTEM32\MSVCP100.dll
0x00007ffefd610000 - 0x00007ffefd61d000 	C:\WINDOWS\SYSTEM32\XInput1_4.dll
0x00000000604e0000 - 0x0000000060526000 	C:\Program Files\Java\jre7\bin\fontmanager.dll
0x00000000606f0000 - 0x0000000060709000 	C:\Program Files\Java\jre7\bin\net.dll
0x00007ffeff590000 - 0x00007ffeff5e8000 	C:\WINDOWS\system32\mswsock.dll
0x00000000606d0000 - 0x00000000606e1000 	C:\Program Files\Java\jre7\bin\nio.dll
0x0000000060490000 - 0x00000000604d1000 	C:\Program Files\Java\jre7\bin\t2k.dll
0x0000000180000000 - 0x0000000180025000 	C:\Windows\rxtxSerial.dll
0x00007ffefe0b0000 - 0x00007ffefe238000 	C:\WINDOWS\SYSTEM32\dbghelp.dll

VM Arguments:
jvm_args: -Dfile.encoding=Cp1252 
java_command: code.ServerMain
Launcher Type: SUN_STANDARD

Environment Variables:
CLASSPATH=C:\Program Files\Java\jdk1.7.0_45\bin
PATH=c:\Program Files (x86)\Intel\iCLS Client\;c:\Program Files\Intel\iCLS Client\;C:\WINDOWS\system32;C:\WINDOWS;C:\WINDOWS\System32\Wbem;C:\WINDOWS\System32\WindowsPowerShell\v1.0\;C:\Program Files\Intel\Intel(R) Management Engine Components\DAL;C:\Program Files\Intel\Intel(R) Management Engine Components\IPT;C:\Program Files (x86)\Intel\Intel(R) Management Engine Components\DAL;C:\Program Files (x86)\Intel\Intel(R) Management Engine Components\IPT;C:\Program Files (x86)\Windows Live\Shared;C:\Program Files (x86)\QuickTime\QTSystem\;C:\Program Files (x86)\Windows Kits\8.0\Windows Performance Toolkit\;C:\Program Files\Microsoft SQL Server\110\Tools\Binn\;C:\Program Files\Java\jdk1.7.0_45\bin;C:\Program Files (x86)\KDiff3
USERNAME=Dallin
OS=Windows_NT
PROCESSOR_IDENTIFIER=Intel64 Family 6 Model 58 Stepping 9, GenuineIntel



---------------  S Y S T E M  ---------------

OS: Windows 8 , 64 bit Build 9200 

CPU:total 4 (2 cores per cpu, 2 threads per core) family 6 model 58 stepping 9, cmov, cx8, fxsr, mmx, sse, sse2, sse3, ssse3, sse4.1, sse4.2, popcnt, avx, erms, ht, tsc, tscinvbit, tscinv

Memory: 4k page, physical 6161688k(3010000k free), swap 8193304k(3752428k free)

vm_info: Java HotSpot(TM) 64-Bit Server VM (24.45-b08) for windows-amd64 JRE (1.7.0_45-b18), built on Oct  8 2013 05:47:22 by "java_re" with unknown MS VC++:1600

time: Mon May 26 15:54:33 2014
elapsed time: 3 seconds

