#
# A fatal error has been detected by the Java Runtime Environment:
#
#  EXCEPTION_ACCESS_VIOLATION (0xc0000005) at pc=0x00007ffef7a56006, pid=7404, tid=7624
#
# JRE version: Java(TM) SE Runtime Environment (7.0_45-b18) (build 1.7.0_45-b18)
# Java VM: Java HotSpot(TM) 64-Bit Server VM (24.45-b08 mixed mode windows-amd64 compressed oops)
# Problematic frame:
# C  [xboxcontroller64.dll+0x6006]
#
# Failed to write core dump. Minidumps are not enabled by default on client versions of Windows
#
# If you would like to submit a bug report, please visit:
#   http://bugreport.sun.com/bugreport/crash.jsp
# The crash happened outside the Java Virtual Machine in native code.
# See problematic frame for where to report the bug.
#

---------------  T H R E A D  ---------------

Current thread (0x000000000b6f9800):  JavaThread "AWT-EventQueue-0" [_thread_in_native, id=7624, stack(0x000000000c2d0000,0x000000000c3d0000)]

siginfo: ExceptionCode=0xc0000005, reading address 0x0000000000000696

Registers:
RAX=0x000000000b7c70e0, RBX=0x0000000000000009, RCX=0x0000000002b609e8, RDX=0x000000000b7395c0
RSP=0x000000000c3cdfe0, RBP=0x00000000000003e8, RSI=0x0000000000000009, RDI=0x0000000002a5e390
R8 =0x0000000000000000, R9 =0x0000000000000009, R10=0x0000000000000006, R11=0x000000006094f900
R12=0x0000000000000000, R13=0x000000009d50fe80, R14=0x000000000c3ce0f0, R15=0x000000000b6f9800
RIP=0x00007ffef7a56006, EFLAGS=0x0000000000010246

Top of Stack: (sp=0x000000000c3cdfe0)
0x000000000c3cdfe0:   0000000002c66274 0000000002c73958
0x000000000c3cdff0:   0000000009bfa900 000000000b6f9800
0x000000000c3ce000:   000000000b7c70e0 0000000009bf6e90
0x000000000c3ce010:   0000000002c66274 0000000002c73acf
0x000000000c3ce020:   000000000c3ce0b8 000000009d50fe80
0x000000000c3ce030:   000000009d365fc8 0000000000000000
0x000000000c3ce040:   0000000000000000 000000000b6f9800
0x000000000c3ce050:   000000000c3ce150 0000000002c7e103
0x000000000c3ce060:   0000000002c65410 0000000000000001
0x000000000c3ce070:   00000000e0d18538 000000000c3ce068
0x000000000c3ce080:   000000009d50fe80 000000000c3ce0f0
0x000000000c3ce090:   000000009d515028 0000000000000000
0x000000000c3ce0a0:   000000009d50fe80 0000000000000000
0x000000000c3ce0b0:   000000000c3ce0d8 000000000c3ce138
0x000000000c3ce0c0:   0000000002c66274 0000000000000000
0x000000000c3ce0d0:   0000000002c6f0d6 0000000000000009 

Instructions: (pc=0x00007ffef7a56006)
0x00007ffef7a55fe6:   48 63 57 68 48 8b 47 30 3b de 48 8d 14 50 0f 4c
0x00007ffef7a55ff6:   f3 45 33 c0 48 89 54 24 20 48 8b 57 10 44 8b ce
0x00007ffef7a56006:   41 ff 92 90 06 00 00 01 77 68 8b 47 68 3b 47 5c
0x00007ffef7a56016:   75 05 33 c0 89 47 68 29 77 6c 8b c6 48 8b 6c 24 


Register to memory mapping:

RAX=0x000000000b7c70e0 is an unknown value
RBX=0x0000000000000009 is an unknown value
RCX=0x0000000002b609e8 is an unknown value
RDX=0x000000000b7395c0 is a global jni handle
RSP=0x000000000c3cdfe0 is pointing into the stack for thread: 0x000000000b6f9800
RBP=0x00000000000003e8 is an unknown value
RSI=0x0000000000000009 is an unknown value
RDI=0x0000000002a5e390 is an unknown value
R8 =0x0000000000000000 is an unknown value
R9 =0x0000000000000009 is an unknown value
R10=0x0000000000000006 is an unknown value
R11=0x000000006094f900 is an unknown value
R12=0x0000000000000000 is an unknown value
R13=0x000000009d50fe80 is an oop
{method} 
 - klass: {other class}
R14=0x000000000c3ce0f0 is pointing into the stack for thread: 0x000000000b6f9800
R15=0x000000000b6f9800 is a thread


Stack: [0x000000000c2d0000,0x000000000c3d0000],  sp=0x000000000c3cdfe0,  free space=1015k
Native frames: (J=compiled Java code, j=interpreted, Vv=VM code, C=native code)
C  [xboxcontroller64.dll+0x6006]

[error occurred during error reporting (printing native stack), id 0xc0000005]

Java frames: (J=compiled Java code, j=interpreted, Vv=VM code)
j  ch.aplu.jaw.NativeHandler.nativeReadBuf(JI)I+0
j  ch.aplu.jaw.NativeHandler.readBuf(I)I+33
j  ch.aplu.xboxcontroller.XboxController.readData()Lch/aplu/xboxcontroller/ControllerState;+15
j  ch.aplu.xboxcontroller.XboxController.access$000(Lch/aplu/xboxcontroller/XboxController;)Lch/aplu/xboxcontroller/ControllerState;+1
j  ch.aplu.xboxcontroller.XboxController$1.actionPerformed(Ljava/awt/event/ActionEvent;)V+4
j  javax.swing.Timer.fireActionPerformed(Ljava/awt/event/ActionEvent;)V+35
j  javax.swing.Timer$DoPostEvent.run()V+74
j  java.awt.event.InvocationEvent.dispatch()V+47
j  java.awt.EventQueue.dispatchEventImpl(Ljava/awt/AWTEvent;Ljava/lang/Object;)V+21
j  java.awt.EventQueue.access$200(Ljava/awt/EventQueue;Ljava/awt/AWTEvent;Ljava/lang/Object;)V+3
j  java.awt.EventQueue$3.run()Ljava/lang/Void;+12
j  java.awt.EventQueue$3.run()Ljava/lang/Object;+1
v  ~StubRoutines::call_stub
j  java.security.AccessController.doPrivileged(Ljava/security/PrivilegedAction;Ljava/security/AccessControlContext;)Ljava/lang/Object;+0
j  java.security.ProtectionDomain$1.doIntersectionPrivilege(Ljava/security/PrivilegedAction;Ljava/security/AccessControlContext;Ljava/security/AccessControlContext;)Ljava/lang/Object;+28
j  java.awt.EventQueue.dispatchEvent(Ljava/awt/AWTEvent;)V+46
j  java.awt.EventDispatchThread.pumpOneEventForFilters(I)V+245
j  java.awt.EventDispatchThread.pumpEventsForFilter(ILjava/awt/Conditional;Ljava/awt/EventFilter;)V+35
j  java.awt.EventDispatchThread.pumpEventsForHierarchy(ILjava/awt/Conditional;Ljava/awt/Component;)V+11
j  java.awt.EventDispatchThread.pumpEvents(ILjava/awt/Conditional;)V+4
j  java.awt.EventDispatchThread.pumpEvents(Ljava/awt/Conditional;)V+3
j  java.awt.EventDispatchThread.run()V+9
v  ~StubRoutines::call_stub

---------------  P R O C E S S  ---------------

Java Threads: ( => current thread )
  0x000000000b957000 JavaThread "DestroyJavaVM" [_thread_blocked, id=9052, stack(0x0000000002a60000,0x0000000002b60000)]
  0x000000000b8c0800 JavaThread "Display" [_thread_in_Java, id=7524, stack(0x000000000d580000,0x000000000d680000)]
  0x000000000b8bf800 JavaThread "Puppet Serial Input Thread" [_thread_blocked, id=1804, stack(0x000000000d3e0000,0x000000000d4e0000)]
  0x000000000b840000 JavaThread "UDP Broadcast Thread" [_thread_blocked, id=5136, stack(0x000000000d2b0000,0x000000000d3b0000)]
  0x000000000b834000 JavaThread "Rover Input Thread" [_thread_in_native, id=884, stack(0x000000000d1b0000,0x000000000d2b0000)]
  0x000000000b833000 JavaThread "TimerQueue" daemon [_thread_blocked, id=8764, stack(0x000000000d0b0000,0x000000000d1b0000)]
  0x000000000b7d5800 JavaThread "Image Fetcher 0" daemon [_thread_blocked, id=3644, stack(0x000000000cea0000,0x000000000cfa0000)]
  0x000000000b7cb000 JavaThread "Thread-2" [_thread_in_native, id=3112, stack(0x000000000cca0000,0x000000000cda0000)]
=>0x000000000b6f9800 JavaThread "AWT-EventQueue-0" [_thread_in_native, id=7624, stack(0x000000000c2d0000,0x000000000c3d0000)]
  0x000000000b657000 JavaThread "AWT-Windows" daemon [_thread_in_native, id=4632, stack(0x000000000bdb0000,0x000000000beb0000)]
  0x000000000b656000 JavaThread "AWT-Shutdown" [_thread_blocked, id=6564, stack(0x000000000bcb0000,0x000000000bdb0000)]
  0x0000000009c6e000 JavaThread "Java2D Disposer" daemon [_thread_blocked, id=4460, stack(0x000000000bbb0000,0x000000000bcb0000)]
  0x0000000009c10800 JavaThread "Service Thread" daemon [_thread_blocked, id=8204, stack(0x000000000b390000,0x000000000b490000)]
  0x0000000009bf6800 JavaThread "C2 CompilerThread1" daemon [_thread_in_native, id=9212, stack(0x000000000b290000,0x000000000b390000)]
  0x0000000009bf5000 JavaThread "C2 CompilerThread0" daemon [_thread_blocked, id=9200, stack(0x000000000b190000,0x000000000b290000)]
  0x0000000009bf2000 JavaThread "Attach Listener" daemon [_thread_blocked, id=7992, stack(0x000000000b090000,0x000000000b190000)]
  0x0000000009bee800 JavaThread "Signal Dispatcher" daemon [_thread_blocked, id=8828, stack(0x000000000af90000,0x000000000b090000)]
  0x0000000009bba800 JavaThread "Finalizer" daemon [_thread_blocked, id=8420, stack(0x000000000ae90000,0x000000000af90000)]
  0x0000000009bb1800 JavaThread "Reference Handler" daemon [_thread_blocked, id=8724, stack(0x000000000ad90000,0x000000000ae90000)]

Other Threads:
  0x0000000009baf000 VMThread [stack: 0x000000000ac90000,0x000000000ad90000] [id=6740]
  0x0000000009c1a800 WatcherThread [stack: 0x000000000b490000,0x000000000b590000] [id=8180]

VM state:not at safepoint (normal execution)

VM Mutex/Monitor currently owned by a thread: None

Heap
 PSYoungGen      total 28672K, used 20092K [0x00000000e0a00000, 0x00000000e2980000, 0x0000000100000000)
  eden space 25088K, 80% used [0x00000000e0a00000,0x00000000e1d9f160,0x00000000e2280000)
  from space 3584K, 0% used [0x00000000e2600000,0x00000000e2600000,0x00000000e2980000)
  to   space 3584K, 0% used [0x00000000e2280000,0x00000000e2280000,0x00000000e2600000)
 ParOldGen       total 64000K, used 0K [0x00000000a1e00000, 0x00000000a5c80000, 0x00000000e0a00000)
  object space 64000K, 0% used [0x00000000a1e00000,0x00000000a1e00000,0x00000000a5c80000)
 PSPermGen       total 21504K, used 11171K [0x000000009cc00000, 0x000000009e100000, 0x00000000a1e00000)
  object space 21504K, 51% used [0x000000009cc00000,0x000000009d6e8e00,0x000000009e100000)

Card table byte_map: [0x0000000005c60000,0x0000000005f80000] byte_map_base: 0x000000000577a000

Polling page: 0x0000000001200000

Code Cache  [0x0000000002c60000, 0x0000000002ed0000, 0x0000000005c60000)
 total_blobs=682 nmethods=253 adapters=381 free_code_cache=48261Kb largest_free_block=49389888

Compilation events (10 events):
Event: 6.078 Thread 0x0000000009bf6800 nmethod 239 0x0000000002d35f90 code [0x0000000002d360c0, 0x0000000002d36118]
Event: 6.086 Thread 0x0000000009bf6800  240             javax.swing.SwingUtilities::appContextGet (8 bytes)
Event: 6.091 Thread 0x0000000009bf6800 nmethod 240 0x0000000002d35b90 code [0x0000000002d35d00, 0x0000000002d35e18]
Event: 6.096 Thread 0x0000000009bf5000 nmethod 236 0x0000000002d31ed0 code [0x0000000002d32020, 0x0000000002d32538]
Event: 6.109 Thread 0x0000000009bf6800  241   !         javax.swing.UIManager::getLAFState (62 bytes)
Event: 6.115 Thread 0x0000000009bf6800 nmethod 241 0x0000000002d31a10 code [0x0000000002d31b80, 0x0000000002d31cb8]
Event: 6.188 Thread 0x0000000009bf5000  243             java.util.Vector::ensureCapacityHelper (16 bytes)
Event: 6.191 Thread 0x0000000009bf6800  244             java.util.Vector::<init> (49 bytes)
Event: 6.192 Thread 0x0000000009bf5000 nmethod 243 0x0000000002d313d0 code [0x0000000002d31520, 0x0000000002d315a8]
Event: 6.192 Thread 0x0000000009bf5000  245             java.util.Vector::<init> (7 bytes)

GC Heap History (0 events):
No events

Deoptimization events (4 events):
Event: 3.333 Thread 0x000000000b6f9800 Uncommon trap: reason=class_check action=maybe_recompile pc=0x0000000002cd2ccc method=java.lang.String.equals(Ljava/lang/Object;)Z @ 8
Event: 3.333 Thread 0x000000000b6f9800 Uncommon trap: reason=class_check action=maybe_recompile pc=0x0000000002cd2ccc method=java.lang.String.equals(Ljava/lang/Object;)Z @ 8
Event: 3.333 Thread 0x000000000b6f9800 Uncommon trap: reason=class_check action=maybe_recompile pc=0x0000000002cd2ccc method=java.lang.String.equals(Ljava/lang/Object;)Z @ 8
Event: 5.537 Thread 0x000000000b6f9800 Uncommon trap: reason=null_check action=make_not_entrant pc=0x0000000002d2b7dc method=java.awt.Container.invalidate()V @ 6

Internal exceptions (10 events):
Event: 3.563 Thread 0x0000000002b60800 Threw 0x00000000e105b688 at C:\re\jdk7u45\229\hotspot\src\share\vm\prims\jvm.cpp:1244
Event: 3.567 Thread 0x0000000002b60800 Threw 0x00000000e105ed18 at C:\re\jdk7u45\229\hotspot\src\share\vm\prims\jvm.cpp:1244
Event: 3.569 Thread 0x0000000002b60800 Threw 0x00000000e125ec60 at C:\re\jdk7u45\229\hotspot\src\share\vm\prims\jvm.cpp:1244
Event: 3.577 Thread 0x0000000002b60800 Threw 0x00000000e1262490 at C:\re\jdk7u45\229\hotspot\src\share\vm\prims\jvm.cpp:1244
Event: 3.582 Thread 0x0000000002b60800 Threw 0x00000000e12659b8 at C:\re\jdk7u45\229\hotspot\src\share\vm\prims\jni.cpp:717
Event: 3.605 Thread 0x0000000002b60800 Threw 0x00000000e127be70 at C:\re\jdk7u45\229\hotspot\src\share\vm\prims\jni.cpp:717
Event: 3.614 Thread 0x0000000002b60800 Threw 0x00000000e128c0f0 at C:\re\jdk7u45\229\hotspot\src\share\vm\prims\jni.cpp:717
Event: 3.640 Thread 0x0000000002b60800 Threw 0x00000000e12a20a8 at C:\re\jdk7u45\229\hotspot\src\share\vm\prims\jni.cpp:717
Event: 3.649 Thread 0x0000000002b60800 Threw 0x00000000e12b1690 at C:\re\jdk7u45\229\hotspot\src\share\vm\prims\jvm.cpp:1244
Event: 5.537 Thread 0x000000000b6f9800 Implicit null exception at 0x0000000002d2ac8e to 0x0000000002d2b7cd

Events (10 events):
Event: 4.913 loading class 0x000000000b5db2e0 done
Event: 5.537 Thread 0x000000000b6f9800 Uncommon trap: trap_request=0xfffffff4 fr.pc=0x0000000002d2b7dc
Event: 5.537 Thread 0x000000000b6f9800 DEOPT PACKING pc=0x0000000002d2b7dc sp=0x000000000c3ce270
Event: 5.537 Thread 0x000000000b6f9800 DEOPT UNPACKING pc=0x0000000002c975a4 sp=0x000000000c3ce1f0 mode 2
Event: 5.540 loading class 0x0000000009c26050
Event: 5.540 loading class 0x0000000009c26050 done
Event: 5.707 loading class 0x0000000009c32170
Event: 5.708 loading class 0x000000000b93f190
Event: 5.708 loading class 0x000000000b93f190 done
Event: 5.708 loading class 0x0000000009c32170 done


Dynamic libraries:
0x00007ff7c59a0000 - 0x00007ff7c59d3000 	C:\Program Files\Java\jre7\bin\javaw.exe
0x00007fff028c0000 - 0x00007fff02a6a000 	C:\WINDOWS\SYSTEM32\ntdll.dll
0x00007fff01240000 - 0x00007fff0137a000 	C:\WINDOWS\system32\KERNEL32.DLL
0x00007fff00030000 - 0x00007fff0013f000 	C:\WINDOWS\system32\KERNELBASE.dll
0x00007ffefe480000 - 0x00007ffefe508000 	C:\WINDOWS\system32\apphelp.dll
0x00007ffef3ed0000 - 0x00007ffef3f1f000 	C:\WINDOWS\AppPatch\AppPatch64\AcGenral.DLL
0x00007fff00550000 - 0x00007fff005f7000 	C:\WINDOWS\system32\msvcrt.dll
0x00007ffeffa10000 - 0x00007ffeffa3b000 	C:\WINDOWS\SYSTEM32\SspiCli.dll
0x00007fff02860000 - 0x00007fff028b1000 	C:\WINDOWS\system32\SHLWAPI.dll
0x00007fff00140000 - 0x00007fff002b1000 	C:\WINDOWS\system32\USER32.dll
0x00007fff00780000 - 0x00007fff008f8000 	C:\WINDOWS\system32\ole32.dll
0x00007fff01380000 - 0x00007fff02796000 	C:\WINDOWS\system32\SHELL32.dll
0x00007ffeff2a0000 - 0x00007ffeff2be000 	C:\WINDOWS\SYSTEM32\USERENV.dll
0x00007fff004a0000 - 0x00007fff00545000 	C:\WINDOWS\system32\ADVAPI32.dll
0x00007ffefdc40000 - 0x00007ffefdc5b000 	C:\WINDOWS\SYSTEM32\MPR.dll
0x00007fff00cd0000 - 0x00007fff00e06000 	C:\WINDOWS\system32\RPCRT4.dll
0x00007fff00c70000 - 0x00007fff00cc7000 	C:\WINDOWS\SYSTEM32\sechost.dll
0x00007fff002c0000 - 0x00007fff00496000 	C:\WINDOWS\SYSTEM32\combase.dll
0x00007fff00610000 - 0x00007fff00755000 	C:\WINDOWS\system32\GDI32.dll
0x00007ffeffc30000 - 0x00007ffeffc44000 	C:\WINDOWS\SYSTEM32\profapi.dll
0x00007ffefcb70000 - 0x00007ffefcc0f000 	C:\WINDOWS\SYSTEM32\SHCORE.dll
0x00007fff009c0000 - 0x00007fff009f4000 	C:\WINDOWS\system32\IMM32.DLL
0x00007fff00eb0000 - 0x00007fff00fe9000 	C:\WINDOWS\system32\MSCTF.dll
0x00007ffefb7b0000 - 0x00007ffefba0a000 	C:\WINDOWS\WinSxS\amd64_microsoft.windows.common-controls_6595b64144ccf1df_6.0.9600.17031_none_6242a4b3ecbb55a1\COMCTL32.dll
0x0000000060f40000 - 0x0000000061012000 	C:\Program Files\Java\jre7\bin\msvcr100.dll
0x0000000060770000 - 0x0000000060f39000 	C:\Program Files\Java\jre7\bin\server\jvm.dll
0x00007ffeeb370000 - 0x00007ffeeb379000 	C:\WINDOWS\SYSTEM32\WSOCK32.dll
0x00007ffefbc30000 - 0x00007ffefbc4f000 	C:\WINDOWS\SYSTEM32\WINMM.dll
0x00007fff027a0000 - 0x00007fff027a7000 	C:\WINDOWS\system32\PSAPI.DLL
0x00007fff00960000 - 0x00007fff009b8000 	C:\WINDOWS\system32\WS2_32.dll
0x00007ffefbc00000 - 0x00007ffefbc2a000 	C:\WINDOWS\SYSTEM32\WINMMBASE.dll
0x00007fff00ac0000 - 0x00007fff00ac9000 	C:\WINDOWS\system32\NSI.dll
0x00007ffeffe00000 - 0x00007ffeffe4a000 	C:\WINDOWS\SYSTEM32\cfgmgr32.dll
0x00007ffefead0000 - 0x00007ffefeaf6000 	C:\WINDOWS\SYSTEM32\DEVOBJ.dll
0x0000000060760000 - 0x000000006076f000 	C:\Program Files\Java\jre7\bin\verify.dll
0x0000000060730000 - 0x0000000060758000 	C:\Program Files\Java\jre7\bin\java.dll
0x0000000060710000 - 0x0000000060725000 	C:\Program Files\Java\jre7\bin\zip.dll
0x0000000060530000 - 0x00000000606c5000 	C:\Program Files\Java\jre7\bin\awt.dll
0x00007fff00a00000 - 0x00007fff00ab7000 	C:\WINDOWS\system32\OLEAUT32.dll
0x00007ffefc9a0000 - 0x00007ffefc9c0000 	C:\WINDOWS\system32\DWMAPI.DLL
0x00007ffefe920000 - 0x00007ffefea41000 	C:\WINDOWS\system32\uxtheme.dll
0x00007ffefeb00000 - 0x00007ffefeb0a000 	C:\WINDOWS\SYSTEM32\kernel.appcore.dll
0x00007ffeffaa0000 - 0x00007ffeffaaa000 	C:\WINDOWS\SYSTEM32\CRYPTBASE.dll
0x00007ffeffa40000 - 0x00007ffeffaa0000 	C:\WINDOWS\SYSTEM32\bcryptPrimitives.dll
0x00000000604e0000 - 0x0000000060526000 	C:\Program Files\Java\jre7\bin\fontmanager.dll
0x00000000606f0000 - 0x0000000060709000 	C:\Program Files\Java\jre7\bin\net.dll
0x00007ffeff590000 - 0x00007ffeff5e8000 	C:\WINDOWS\system32\mswsock.dll
0x00000000606d0000 - 0x00000000606e1000 	C:\Program Files\Java\jre7\bin\nio.dll
0x0000000060490000 - 0x00000000604d1000 	C:\Program Files\Java\jre7\bin\t2k.dll
0x00007fff027b0000 - 0x00007fff02854000 	C:\WINDOWS\SYSTEM32\clbcatq.dll
0x00007ffefcfe0000 - 0x00007ffefd173000 	C:\WINDOWS\SYSTEM32\WindowsCodecs.dll
0x00007ffeff5f0000 - 0x00007ffeff60e000 	C:\WINDOWS\SYSTEM32\CRYPTSP.dll
0x00007ffeff0c0000 - 0x00007ffeff0f5000 	C:\WINDOWS\system32\rsaenh.dll
0x00007ffeff720000 - 0x00007ffeff746000 	C:\WINDOWS\SYSTEM32\bcrypt.dll
0x00007ffef7a50000 - 0x00007ffef7a61000 	C:\Windows\xboxcontroller64.dll
0x00007ffefd880000 - 0x00007ffefd888000 	C:\WINDOWS\SYSTEM32\XINPUT9_1_0.dll
0x0000000062400000 - 0x0000000062498000 	C:\WINDOWS\SYSTEM32\MSVCP100.dll
0x00007ffefabb0000 - 0x00007ffefabbd000 	C:\WINDOWS\SYSTEM32\XInput1_4.dll
0x0000000180000000 - 0x0000000180025000 	C:\Windows\rxtxSerial.dll
0x00007ffefe0b0000 - 0x00007ffefe238000 	C:\WINDOWS\SYSTEM32\dbghelp.dll

VM Arguments:
jvm_args: -Dfile.encoding=Cp1252 
java_command: code.ServerMain
Launcher Type: SUN_STANDARD

Environment Variables:
CLASSPATH=C:\Program Files\Java\jdk1.7.0_45\bin
PATH=c:\Program Files (x86)\Intel\iCLS Client\;c:\Program Files\Intel\iCLS Client\;C:\WINDOWS\system32;C:\WINDOWS;C:\WINDOWS\System32\Wbem;C:\WINDOWS\System32\WindowsPowerShell\v1.0\;C:\Program Files\Intel\Intel(R) Management Engine Components\DAL;C:\Program Files\Intel\Intel(R) Management Engine Components\IPT;C:\Program Files (x86)\Intel\Intel(R) Management Engine Components\DAL;C:\Program Files (x86)\Intel\Intel(R) Management Engine Components\IPT;C:\Program Files (x86)\Windows Live\Shared;C:\Program Files (x86)\QuickTime\QTSystem\;C:\Program Files (x86)\Windows Kits\8.0\Windows Performance Toolkit\;C:\Program Files\Microsoft SQL Server\110\Tools\Binn\;C:\Program Files\Java\jdk1.7.0_45\bin;C:\Program Files (x86)\KDiff3
USERNAME=Dallin
OS=Windows_NT
PROCESSOR_IDENTIFIER=Intel64 Family 6 Model 58 Stepping 9, GenuineIntel



---------------  S Y S T E M  ---------------

OS: Windows 8 , 64 bit Build 9200 

CPU:total 4 (2 cores per cpu, 2 threads per core) family 6 model 58 stepping 9, cmov, cx8, fxsr, mmx, sse, sse2, sse3, ssse3, sse4.1, sse4.2, popcnt, avx, erms, ht, tsc, tscinvbit, tscinv

Memory: 4k page, physical 6161688k(2865028k free), swap 8193304k(3956436k free)

vm_info: Java HotSpot(TM) 64-Bit Server VM (24.45-b08) for windows-amd64 JRE (1.7.0_45-b18), built on Oct  8 2013 05:47:22 by "java_re" with unknown MS VC++:1600

time: Mon May 26 19:35:15 2014
elapsed time: 6 seconds

