#
# A fatal error has been detected by the Java Runtime Environment:
#
#  EXCEPTION_ACCESS_VIOLATION (0xc0000005) at pc=0x00007ffef7ae6006, pid=8564, tid=9076
#
# JRE version: Java(TM) SE Runtime Environment (7.0_45-b18) (build 1.7.0_45-b18)
# Java VM: Java HotSpot(TM) 64-Bit Server VM (24.45-b08 mixed mode windows-amd64 compressed oops)
# Problematic frame:
# C  [xboxcontroller64.dll+0x6006]
#
# Failed to write core dump. Minidumps are not enabled by default on client versions of Windows
#
# If you would like to submit a bug report, please visit:
#   http://bugreport.sun.com/bugreport/crash.jsp
# The crash happened outside the Java Virtual Machine in native code.
# See problematic frame for where to report the bug.
#

---------------  T H R E A D  ---------------

Current thread (0x000000000b3cf000):  JavaThread "AWT-EventQueue-0" [_thread_in_native, id=9076, stack(0x000000000c280000,0x000000000c380000)]

siginfo: ExceptionCode=0xc0000005, reading address 0x0000000000000690

Registers:
RAX=0x0000000009931d20, RBX=0x0000000000000009, RCX=0x00000000027c09e8, RDX=0x00000000098b55a8
RSP=0x000000000c37dbf0, RBP=0x00000000000003e8, RSI=0x0000000000000009, RDI=0x00000000026bde90
R8 =0x0000000000000000, R9 =0x0000000000000009, R10=0x0000000000000000, R11=0x000000006094f900
R12=0x0000000000000000, R13=0x000000009cf2fa88, R14=0x000000000c37dd00, R15=0x000000000b3cf000
RIP=0x00007ffef7ae6006, EFLAGS=0x0000000000010246

Top of Stack: (sp=0x000000000c37dbf0)
0x000000000c37dbf0:   00000000028c6274 00000000028d3958
0x000000000c37dc00:   000000000b2ec900 000000000b3cf000
0x000000000c37dc10:   0000000009931d20 00000000098ec1a0
0x000000000c37dc20:   00000000028c6274 00000000028d3acf
0x000000000c37dc30:   000000000c37dcc8 000000009cf2fa88
0x000000000c37dc40:   000000009d35a320 0000000000000000
0x000000000c37dc50:   0000000000000000 000000000b3cf000
0x000000000c37dc60:   000000000c37dd60 00000000028de103
0x000000000c37dc70:   00000000028c5410 0000000000000001
0x000000000c37dc80:   00000000e0aafe00 000000000c37dc78
0x000000000c37dc90:   000000009cf2fa88 000000000c37dd00
0x000000000c37dca0:   000000009cf34c30 0000000000000000
0x000000000c37dcb0:   000000009cf2fa88 0000000000000000
0x000000000c37dcc0:   000000000c37dce8 000000000c37dd48
0x000000000c37dcd0:   00000000028c6274 0000000000000000
0x000000000c37dce0:   00000000028cf0d6 0000000000000009 

Instructions: (pc=0x00007ffef7ae6006)
0x00007ffef7ae5fe6:   48 63 57 68 48 8b 47 30 3b de 48 8d 14 50 0f 4c
0x00007ffef7ae5ff6:   f3 45 33 c0 48 89 54 24 20 48 8b 57 10 44 8b ce
0x00007ffef7ae6006:   41 ff 92 90 06 00 00 01 77 68 8b 47 68 3b 47 5c
0x00007ffef7ae6016:   75 05 33 c0 89 47 68 29 77 6c 8b c6 48 8b 6c 24 


Register to memory mapping:

RAX=0x0000000009931d20 is an unknown value
RBX=0x0000000000000009 is an unknown value
RCX=0x00000000027c09e8 is an unknown value
RDX=0x00000000098b55a8 is a global jni handle
RSP=0x000000000c37dbf0 is pointing into the stack for thread: 0x000000000b3cf000
RBP=0x00000000000003e8 is an unknown value
RSI=0x0000000000000009 is an unknown value
RDI=0x00000000026bde90 is an unknown value
R8 =0x0000000000000000 is an unknown value
R9 =0x0000000000000009 is an unknown value
R10=0x0000000000000000 is an unknown value
R11=0x000000006094f900 is an unknown value
R12=0x0000000000000000 is an unknown value
R13=0x000000009cf2fa88 is an oop
{method} 
 - klass: {other class}
R14=0x000000000c37dd00 is pointing into the stack for thread: 0x000000000b3cf000
R15=0x000000000b3cf000 is a thread


Stack: [0x000000000c280000,0x000000000c380000],  sp=0x000000000c37dbf0,  free space=1014k
Native frames: (J=compiled Java code, j=interpreted, Vv=VM code, C=native code)
C  [xboxcontroller64.dll+0x6006]

[error occurred during error reporting (printing native stack), id 0xc0000005]

Java frames: (J=compiled Java code, j=interpreted, Vv=VM code)
j  ch.aplu.jaw.NativeHandler.nativeReadBuf(JI)I+0
j  ch.aplu.jaw.NativeHandler.readBuf(I)I+33
j  ch.aplu.xboxcontroller.XboxController.readData()Lch/aplu/xboxcontroller/ControllerState;+15
j  ch.aplu.xboxcontroller.XboxController.access$000(Lch/aplu/xboxcontroller/XboxController;)Lch/aplu/xboxcontroller/ControllerState;+1
j  ch.aplu.xboxcontroller.XboxController$1.actionPerformed(Ljava/awt/event/ActionEvent;)V+4
j  javax.swing.Timer.fireActionPerformed(Ljava/awt/event/ActionEvent;)V+35
j  javax.swing.Timer$DoPostEvent.run()V+74
j  java.awt.event.InvocationEvent.dispatch()V+47
j  java.awt.EventQueue.dispatchEventImpl(Ljava/awt/AWTEvent;Ljava/lang/Object;)V+21
j  java.awt.EventQueue.access$200(Ljava/awt/EventQueue;Ljava/awt/AWTEvent;Ljava/lang/Object;)V+3
j  java.awt.EventQueue$3.run()Ljava/lang/Void;+12
j  java.awt.EventQueue$3.run()Ljava/lang/Object;+1
v  ~StubRoutines::call_stub
j  java.security.AccessController.doPrivileged(Ljava/security/PrivilegedAction;Ljava/security/AccessControlContext;)Ljava/lang/Object;+0
j  java.security.ProtectionDomain$1.doIntersectionPrivilege(Ljava/security/PrivilegedAction;Ljava/security/AccessControlContext;Ljava/security/AccessControlContext;)Ljava/lang/Object;+28
j  java.awt.EventQueue.dispatchEvent(Ljava/awt/AWTEvent;)V+46
j  java.awt.EventDispatchThread.pumpOneEventForFilters(I)V+245
j  java.awt.EventDispatchThread.pumpEventsForFilter(ILjava/awt/Conditional;Ljava/awt/EventFilter;)V+35
j  java.awt.EventDispatchThread.pumpEventsForHierarchy(ILjava/awt/Conditional;Ljava/awt/Component;)V+11
j  java.awt.EventDispatchThread.pumpEvents(ILjava/awt/Conditional;)V+4
j  java.awt.EventDispatchThread.pumpEvents(Ljava/awt/Conditional;)V+3
j  java.awt.EventDispatchThread.run()V+9
v  ~StubRoutines::call_stub

---------------  P R O C E S S  ---------------

Java Threads: ( => current thread )
  0x000000000b5cf800 JavaThread "DestroyJavaVM" [_thread_blocked, id=1388, stack(0x00000000026c0000,0x00000000027c0000)]
  0x000000000b5cc800 JavaThread "Display" [_thread_in_Java, id=5472, stack(0x000000000cc10000,0x000000000cd10000)]
  0x000000000b53e800 JavaThread "Puppet Serial Input Thread" [_thread_blocked, id=5108, stack(0x000000000ca60000,0x000000000cb60000)]
  0x000000000b4bf000 JavaThread "UDP Broadcast Thread" [_thread_blocked, id=8924, stack(0x000000000c960000,0x000000000ca60000)]
  0x000000000b48f800 JavaThread "Rover Input Thread" [_thread_in_native, id=7144, stack(0x000000000c860000,0x000000000c960000)]
  0x000000000b48e800 JavaThread "TimerQueue" daemon [_thread_blocked, id=5004, stack(0x000000000c760000,0x000000000c860000)]
=>0x000000000b3cf000 JavaThread "AWT-EventQueue-0" [_thread_in_native, id=9076, stack(0x000000000c280000,0x000000000c380000)]
  0x000000000b2fe800 JavaThread "Image Fetcher 0" daemon [_thread_blocked, id=8624, stack(0x000000000c180000,0x000000000c280000)]
  0x000000000b2de000 JavaThread "AWT-Windows" daemon [_thread_in_native, id=8644, stack(0x000000000bc70000,0x000000000bd70000)]
  0x000000000b2db000 JavaThread "AWT-Shutdown" [_thread_blocked, id=6764, stack(0x000000000bb70000,0x000000000bc70000)]
  0x000000000993c800 JavaThread "Java2D Disposer" daemon [_thread_blocked, id=4316, stack(0x000000000ba70000,0x000000000bb70000)]
  0x000000000b2da800 JavaThread "Thread-0" [_thread_in_native, id=8548, stack(0x000000000b650000,0x000000000b750000)]
  0x00000000098f0000 JavaThread "Service Thread" daemon [_thread_blocked, id=804, stack(0x000000000b050000,0x000000000b150000)]
  0x00000000098e8000 JavaThread "C2 CompilerThread1" daemon [_thread_blocked, id=5852, stack(0x000000000af50000,0x000000000b050000)]
  0x00000000098e3000 JavaThread "C2 CompilerThread0" daemon [_thread_blocked, id=3552, stack(0x000000000ae50000,0x000000000af50000)]
  0x00000000098e2000 JavaThread "Attach Listener" daemon [_thread_blocked, id=3492, stack(0x000000000ad50000,0x000000000ae50000)]
  0x00000000098de800 JavaThread "Signal Dispatcher" daemon [_thread_blocked, id=8472, stack(0x000000000ac50000,0x000000000ad50000)]
  0x00000000098aa800 JavaThread "Finalizer" daemon [_thread_blocked, id=192, stack(0x000000000ab50000,0x000000000ac50000)]
  0x00000000098a1800 JavaThread "Reference Handler" daemon [_thread_blocked, id=8820, stack(0x000000000aa50000,0x000000000ab50000)]

Other Threads:
  0x000000000989f000 VMThread [stack: 0x000000000a950000,0x000000000aa50000] [id=4396]
  0x000000000990a000 WatcherThread [stack: 0x000000000b150000,0x000000000b250000] [id=9060]

VM state:not at safepoint (normal execution)

VM Mutex/Monitor currently owned by a thread: None

Heap
 PSYoungGen      total 28672K, used 10086K [0x00000000e0a00000, 0x00000000e2980000, 0x0000000100000000)
  eden space 25088K, 40% used [0x00000000e0a00000,0x00000000e13d9838,0x00000000e2280000)
  from space 3584K, 0% used [0x00000000e2600000,0x00000000e2600000,0x00000000e2980000)
  to   space 3584K, 0% used [0x00000000e2280000,0x00000000e2280000,0x00000000e2600000)
 ParOldGen       total 64000K, used 0K [0x00000000a1e00000, 0x00000000a5c80000, 0x00000000e0a00000)
  object space 64000K, 0% used [0x00000000a1e00000,0x00000000a1e00000,0x00000000a5c80000)
 PSPermGen       total 21504K, used 10951K [0x000000009cc00000, 0x000000009e100000, 0x00000000a1e00000)
  object space 21504K, 50% used [0x000000009cc00000,0x000000009d6b1d50,0x000000009e100000)

Card table byte_map: [0x0000000005980000,0x0000000005ca0000] byte_map_base: 0x000000000549a000

Polling page: 0x0000000002570000

Code Cache  [0x00000000028c0000, 0x0000000002b30000, 0x00000000058c0000)
 total_blobs=455 nmethods=28 adapters=379 free_code_cache=48599Kb largest_free_block=49740672

Compilation events (10 events):
Event: 8.186 Thread 0x00000000098e3000 nmethod 22 0x0000000002946bd0 code [0x0000000002946d00, 0x0000000002946d58]
Event: 8.200 Thread 0x00000000098e3000   24             java.lang.String::startsWith (72 bytes)
Event: 8.211 Thread 0x00000000098e3000 nmethod 24 0x0000000002946410 code [0x0000000002946560, 0x00000000029466f8]
Event: 8.218 Thread 0x00000000098e3000   26 %           code.ServerMain::run @ 25 (113 bytes)
Event: 8.229 Thread 0x00000000098e3000 nmethod 26% 0x0000000002947850 code [0x00000000029479e0, 0x0000000002947bf8]
Event: 8.268 Thread 0x00000000098e8000 nmethod 18 0x000000000294e410 code [0x000000000294e620, 0x000000000294f5a0]
Event: 8.292 Thread 0x00000000098e3000   27             java.lang.String::replace (127 bytes)
Event: 8.327 Thread 0x00000000098e3000 nmethod 27 0x0000000002947fd0 code [0x0000000002948120, 0x0000000002948578]
Event: 8.396 Thread 0x00000000098e8000   28             java.util.HashMap::indexFor (6 bytes)
Event: 8.397 Thread 0x00000000098e8000 nmethod 28 0x0000000002945a50 code [0x0000000002945b80, 0x0000000002945bb8]

GC Heap History (0 events):
No events

Deoptimization events (0 events):
No events

Internal exceptions (10 events):
Event: 8.115 Thread 0x00000000027c0800 Threw 0x00000000e0fdd8b8 at C:\re\jdk7u45\229\hotspot\src\share\vm\prims\jvm.cpp:1244
Event: 8.123 Thread 0x00000000027c0800 Threw 0x00000000e0fe1208 at C:\re\jdk7u45\229\hotspot\src\share\vm\prims\jvm.cpp:1244
Event: 8.126 Thread 0x00000000027c0800 Threw 0x00000000e0fe4730 at C:\re\jdk7u45\229\hotspot\src\share\vm\prims\jni.cpp:717
Event: 8.145 Thread 0x00000000027c0800 Threw 0x00000000e1078320 at C:\re\jdk7u45\229\hotspot\src\share\vm\prims\jni.cpp:717
Event: 8.156 Thread 0x00000000027c0800 Threw 0x00000000e10887b0 at C:\re\jdk7u45\229\hotspot\src\share\vm\prims\jni.cpp:717
Event: 8.176 Thread 0x00000000027c0800 Threw 0x00000000e109e768 at C:\re\jdk7u45\229\hotspot\src\share\vm\prims\jni.cpp:717
Event: 8.185 Thread 0x00000000027c0800 Threw 0x00000000e10add50 at C:\re\jdk7u45\229\hotspot\src\share\vm\prims\jvm.cpp:1244
Event: 8.263 Thread 0x000000000b3cf000 Threw 0x00000000e0e57ad8 at C:\re\jdk7u45\229\hotspot\src\share\vm\prims\jvm.cpp:1244
Event: 8.325 Thread 0x000000000b3cf000 Threw 0x00000000e0e6bf98 at C:\re\jdk7u45\229\hotspot\src\share\vm\prims\jvm.cpp:1244
Event: 8.348 Thread 0x000000000b3cf000 Threw 0x00000000e11eae08 at C:\re\jdk7u45\229\hotspot\src\share\vm\prims\jvm.cpp:1244

Events (10 events):
Event: 8.447 loading class 0x00000000027c46c0
Event: 8.447 loading class 0x00000000027c46c0 done
Event: 8.469 loading class 0x000000000cd2a2f0
Event: 8.470 loading class 0x000000000cd2a2f0 done
Event: 8.524 loading class 0x000000000b2afa90
Event: 8.525 loading class 0x000000000b2af460
Event: 8.525 loading class 0x000000000b2af460 done
Event: 8.526 loading class 0x000000000b2afa90 done
Event: 8.527 loading class 0x000000000cd2f320
Event: 8.527 loading class 0x000000000cd2f320 done


Dynamic libraries:
0x00007ff7c59a0000 - 0x00007ff7c59d3000 	C:\Program Files\Java\jre7\bin\javaw.exe
0x00007fff028c0000 - 0x00007fff02a6a000 	C:\WINDOWS\SYSTEM32\ntdll.dll
0x00007fff01240000 - 0x00007fff0137a000 	C:\WINDOWS\system32\KERNEL32.DLL
0x00007fff00030000 - 0x00007fff0013f000 	C:\WINDOWS\system32\KERNELBASE.dll
0x00007ffefe480000 - 0x00007ffefe508000 	C:\WINDOWS\system32\apphelp.dll
0x00007ffef3ed0000 - 0x00007ffef3f1f000 	C:\WINDOWS\AppPatch\AppPatch64\AcGenral.DLL
0x00007fff00550000 - 0x00007fff005f7000 	C:\WINDOWS\system32\msvcrt.dll
0x00007ffeffa10000 - 0x00007ffeffa3b000 	C:\WINDOWS\SYSTEM32\SspiCli.dll
0x00007fff02860000 - 0x00007fff028b1000 	C:\WINDOWS\system32\SHLWAPI.dll
0x00007fff00140000 - 0x00007fff002b1000 	C:\WINDOWS\system32\USER32.dll
0x00007fff00780000 - 0x00007fff008f8000 	C:\WINDOWS\system32\ole32.dll
0x00007fff01380000 - 0x00007fff02796000 	C:\WINDOWS\system32\SHELL32.dll
0x00007ffeff2a0000 - 0x00007ffeff2be000 	C:\WINDOWS\SYSTEM32\USERENV.dll
0x00007fff004a0000 - 0x00007fff00545000 	C:\WINDOWS\system32\ADVAPI32.dll
0x00007ffefdc40000 - 0x00007ffefdc5b000 	C:\WINDOWS\SYSTEM32\MPR.dll
0x00007fff00cd0000 - 0x00007fff00e06000 	C:\WINDOWS\system32\RPCRT4.dll
0x00007fff00c70000 - 0x00007fff00cc7000 	C:\WINDOWS\SYSTEM32\sechost.dll
0x00007fff002c0000 - 0x00007fff00496000 	C:\WINDOWS\SYSTEM32\combase.dll
0x00007fff00610000 - 0x00007fff00755000 	C:\WINDOWS\system32\GDI32.dll
0x00007ffeffc30000 - 0x00007ffeffc44000 	C:\WINDOWS\SYSTEM32\profapi.dll
0x00007ffefcb70000 - 0x00007ffefcc0f000 	C:\WINDOWS\SYSTEM32\SHCORE.dll
0x00007fff009c0000 - 0x00007fff009f4000 	C:\WINDOWS\system32\IMM32.DLL
0x00007fff00eb0000 - 0x00007fff00fe9000 	C:\WINDOWS\system32\MSCTF.dll
0x00007ffefb7b0000 - 0x00007ffefba0a000 	C:\WINDOWS\WinSxS\amd64_microsoft.windows.common-controls_6595b64144ccf1df_6.0.9600.17031_none_6242a4b3ecbb55a1\COMCTL32.dll
0x0000000060f40000 - 0x0000000061012000 	C:\Program Files\Java\jre7\bin\msvcr100.dll
0x0000000060770000 - 0x0000000060f39000 	C:\Program Files\Java\jre7\bin\server\jvm.dll
0x00007ffeeb370000 - 0x00007ffeeb379000 	C:\WINDOWS\SYSTEM32\WSOCK32.dll
0x00007ffefbc30000 - 0x00007ffefbc4f000 	C:\WINDOWS\SYSTEM32\WINMM.dll
0x00007fff027a0000 - 0x00007fff027a7000 	C:\WINDOWS\system32\PSAPI.DLL
0x00007fff00960000 - 0x00007fff009b8000 	C:\WINDOWS\system32\WS2_32.dll
0x00007ffefbc00000 - 0x00007ffefbc2a000 	C:\WINDOWS\SYSTEM32\WINMMBASE.dll
0x00007fff00ac0000 - 0x00007fff00ac9000 	C:\WINDOWS\system32\NSI.dll
0x00007ffeffe00000 - 0x00007ffeffe4a000 	C:\WINDOWS\SYSTEM32\cfgmgr32.dll
0x00007ffefead0000 - 0x00007ffefeaf6000 	C:\WINDOWS\SYSTEM32\DEVOBJ.dll
0x0000000060760000 - 0x000000006076f000 	C:\Program Files\Java\jre7\bin\verify.dll
0x0000000060730000 - 0x0000000060758000 	C:\Program Files\Java\jre7\bin\java.dll
0x0000000060710000 - 0x0000000060725000 	C:\Program Files\Java\jre7\bin\zip.dll
0x00007ffef7ae0000 - 0x00007ffef7af1000 	C:\Windows\xboxcontroller64.dll
0x00007ffefd950000 - 0x00007ffefd958000 	C:\WINDOWS\SYSTEM32\XINPUT9_1_0.dll
0x0000000062400000 - 0x0000000062498000 	C:\WINDOWS\SYSTEM32\MSVCP100.dll
0x00007ffefe920000 - 0x00007ffefea41000 	C:\WINDOWS\system32\uxtheme.dll
0x00007ffefc9a0000 - 0x00007ffefc9c0000 	C:\WINDOWS\system32\dwmapi.dll
0x00007ffefd880000 - 0x00007ffefd88d000 	C:\WINDOWS\SYSTEM32\XInput1_4.dll
0x0000000060530000 - 0x00000000606c5000 	C:\Program Files\Java\jre7\bin\awt.dll
0x00007fff00a00000 - 0x00007fff00ab7000 	C:\WINDOWS\system32\OLEAUT32.dll
0x00007ffefeb00000 - 0x00007ffefeb0a000 	C:\WINDOWS\SYSTEM32\kernel.appcore.dll
0x00007ffeffaa0000 - 0x00007ffeffaaa000 	C:\WINDOWS\SYSTEM32\CRYPTBASE.dll
0x00007ffeffa40000 - 0x00007ffeffaa0000 	C:\WINDOWS\SYSTEM32\bcryptPrimitives.dll
0x00000000604e0000 - 0x0000000060526000 	C:\Program Files\Java\jre7\bin\fontmanager.dll
0x00000000606f0000 - 0x0000000060709000 	C:\Program Files\Java\jre7\bin\net.dll
0x00007ffeff590000 - 0x00007ffeff5e8000 	C:\WINDOWS\system32\mswsock.dll
0x00000000606d0000 - 0x00000000606e1000 	C:\Program Files\Java\jre7\bin\nio.dll
0x0000000060490000 - 0x00000000604d1000 	C:\Program Files\Java\jre7\bin\t2k.dll
0x0000000180000000 - 0x0000000180025000 	C:\Windows\rxtxSerial.dll
0x00007fff027b0000 - 0x00007fff02854000 	C:\WINDOWS\SYSTEM32\clbcatq.dll
0x00007ffefcfe0000 - 0x00007ffefd173000 	C:\WINDOWS\SYSTEM32\WindowsCodecs.dll
0x00007ffeff5f0000 - 0x00007ffeff60e000 	C:\WINDOWS\SYSTEM32\CRYPTSP.dll
0x00007ffeff0c0000 - 0x00007ffeff0f5000 	C:\WINDOWS\system32\rsaenh.dll
0x00007ffeff720000 - 0x00007ffeff746000 	C:\WINDOWS\SYSTEM32\bcrypt.dll
0x00007ffefe0b0000 - 0x00007ffefe238000 	C:\WINDOWS\SYSTEM32\dbghelp.dll

VM Arguments:
jvm_args: -Dfile.encoding=Cp1252 
java_command: code.ServerMain
Launcher Type: SUN_STANDARD

Environment Variables:
CLASSPATH=C:\Program Files\Java\jdk1.7.0_45\bin
PATH=c:\Program Files (x86)\Intel\iCLS Client\;c:\Program Files\Intel\iCLS Client\;C:\WINDOWS\system32;C:\WINDOWS;C:\WINDOWS\System32\Wbem;C:\WINDOWS\System32\WindowsPowerShell\v1.0\;C:\Program Files\Intel\Intel(R) Management Engine Components\DAL;C:\Program Files\Intel\Intel(R) Management Engine Components\IPT;C:\Program Files (x86)\Intel\Intel(R) Management Engine Components\DAL;C:\Program Files (x86)\Intel\Intel(R) Management Engine Components\IPT;C:\Program Files (x86)\Windows Live\Shared;C:\Program Files (x86)\QuickTime\QTSystem\;C:\Program Files (x86)\Windows Kits\8.0\Windows Performance Toolkit\;C:\Program Files\Microsoft SQL Server\110\Tools\Binn\;C:\Program Files\Java\jdk1.7.0_45\bin;C:\Program Files (x86)\KDiff3
USERNAME=Dallin
OS=Windows_NT
PROCESSOR_IDENTIFIER=Intel64 Family 6 Model 58 Stepping 9, GenuineIntel



---------------  S Y S T E M  ---------------

OS: Windows 8 , 64 bit Build 9200 

CPU:total 4 (2 cores per cpu, 2 threads per core) family 6 model 58 stepping 9, cmov, cx8, fxsr, mmx, sse, sse2, sse3, ssse3, sse4.1, sse4.2, popcnt, avx, erms, ht, tsc, tscinvbit, tscinv

Memory: 4k page, physical 6161688k(2454492k free), swap 8193304k(2899252k free)

vm_info: Java HotSpot(TM) 64-Bit Server VM (24.45-b08) for windows-amd64 JRE (1.7.0_45-b18), built on Oct  8 2013 05:47:22 by "java_re" with unknown MS VC++:1600

time: Mon May 26 21:11:17 2014
elapsed time: 9 seconds

