#
# A fatal error has been detected by the Java Runtime Environment:
#
#  EXCEPTION_ACCESS_VIOLATION (0xc0000005) at pc=0x00007ffef3ae6006, pid=6476, tid=3140
#
# JRE version: Java(TM) SE Runtime Environment (7.0_45-b18) (build 1.7.0_45-b18)
# Java VM: Java HotSpot(TM) 64-Bit Server VM (24.45-b08 mixed mode windows-amd64 compressed oops)
# Problematic frame:
# C  [xboxcontroller64.dll+0x6006]
#
# Failed to write core dump. Minidumps are not enabled by default on client versions of Windows
#
# If you would like to submit a bug report, please visit:
#   http://bugreport.sun.com/bugreport/crash.jsp
# The crash happened outside the Java Virtual Machine in native code.
# See problematic frame for where to report the bug.
#

---------------  T H R E A D  ---------------

Current thread (0x000000000b493800):  JavaThread "AWT-EventQueue-0" [_thread_in_native, id=3140, stack(0x000000000c0d0000,0x000000000c1d0000)]

siginfo: ExceptionCode=0xc0000005, reading address 0x0000000000000690

Registers:
RAX=0x000000000b560eb0, RBX=0x0000000000000009, RCX=0x00000000028909e8, RDX=0x000000000b4d2f50
RSP=0x000000000c1ce020, RBP=0x00000000000003e8, RSI=0x0000000000000009, RDI=0x000000000288ca90
R8 =0x0000000000000000, R9 =0x0000000000000009, R10=0x0000000000000000, R11=0x000000006094f900
R12=0x0000000000000000, R13=0x000000009d50fd18, R14=0x000000000c1ce130, R15=0x000000000b493800
RIP=0x00007ffef3ae6006, EFLAGS=0x0000000000010246

Top of Stack: (sp=0x000000000c1ce020)
0x000000000c1ce020:   0000000002996274 00000000029a3958
0x000000000c1ce030:   00000000099ba000 000000000b493800
0x000000000c1ce040:   000000000b560eb0 00000000099bbff0
0x000000000c1ce050:   0000000002996274 00000000029a3acf
0x000000000c1ce060:   000000000c1ce0f8 000000009d50fd18
0x000000000c1ce070:   000000009d365e60 0000000000000000
0x000000000c1ce080:   0000000000000000 000000000b493800
0x000000000c1ce090:   000000000c1ce190 00000000029ae103
0x000000000c1ce0a0:   0000000002995410 0000000000000001
0x000000000c1ce0b0:   00000000e0d18458 000000000c1ce0a8
0x000000000c1ce0c0:   000000009d50fd18 000000000c1ce130
0x000000000c1ce0d0:   000000009d514ec0 0000000000000000
0x000000000c1ce0e0:   000000009d50fd18 0000000000000000
0x000000000c1ce0f0:   000000000c1ce118 000000000c1ce178
0x000000000c1ce100:   0000000002996274 0000000000000000
0x000000000c1ce110:   000000000299f0d6 0000000000000009 

Instructions: (pc=0x00007ffef3ae6006)
0x00007ffef3ae5fe6:   48 63 57 68 48 8b 47 30 3b de 48 8d 14 50 0f 4c
0x00007ffef3ae5ff6:   f3 45 33 c0 48 89 54 24 20 48 8b 57 10 44 8b ce
0x00007ffef3ae6006:   41 ff 92 90 06 00 00 01 77 68 8b 47 68 3b 47 5c
0x00007ffef3ae6016:   75 05 33 c0 89 47 68 29 77 6c 8b c6 48 8b 6c 24 


Register to memory mapping:

RAX=0x000000000b560eb0 is an unknown value
RBX=0x0000000000000009 is an unknown value
RCX=0x00000000028909e8 is an unknown value
RDX=0x000000000b4d2f50 is a global jni handle
RSP=0x000000000c1ce020 is pointing into the stack for thread: 0x000000000b493800
RBP=0x00000000000003e8 is an unknown value
RSI=0x0000000000000009 is an unknown value
RDI=0x000000000288ca90 is an unknown value
R8 =0x0000000000000000 is an unknown value
R9 =0x0000000000000009 is an unknown value
R10=0x0000000000000000 is an unknown value
R11=0x000000006094f900 is an unknown value
R12=0x0000000000000000 is an unknown value
R13=0x000000009d50fd18 is an oop
{method} 
 - klass: {other class}
R14=0x000000000c1ce130 is pointing into the stack for thread: 0x000000000b493800
R15=0x000000000b493800 is a thread


Stack: [0x000000000c0d0000,0x000000000c1d0000],  sp=0x000000000c1ce020,  free space=1016k
Native frames: (J=compiled Java code, j=interpreted, Vv=VM code, C=native code)
C  [xboxcontroller64.dll+0x6006]

[error occurred during error reporting (printing native stack), id 0xc0000005]

Java frames: (J=compiled Java code, j=interpreted, Vv=VM code)
j  ch.aplu.jaw.NativeHandler.nativeReadBuf(JI)I+0
j  ch.aplu.jaw.NativeHandler.readBuf(I)I+33
j  ch.aplu.xboxcontroller.XboxController.readData()Lch/aplu/xboxcontroller/ControllerState;+15
j  ch.aplu.xboxcontroller.XboxController.access$000(Lch/aplu/xboxcontroller/XboxController;)Lch/aplu/xboxcontroller/ControllerState;+1
j  ch.aplu.xboxcontroller.XboxController$1.actionPerformed(Ljava/awt/event/ActionEvent;)V+4
j  javax.swing.Timer.fireActionPerformed(Ljava/awt/event/ActionEvent;)V+35
j  javax.swing.Timer$DoPostEvent.run()V+74
j  java.awt.event.InvocationEvent.dispatch()V+47
j  java.awt.EventQueue.dispatchEventImpl(Ljava/awt/AWTEvent;Ljava/lang/Object;)V+21
j  java.awt.EventQueue.access$200(Ljava/awt/EventQueue;Ljava/awt/AWTEvent;Ljava/lang/Object;)V+3
j  java.awt.EventQueue$3.run()Ljava/lang/Void;+12
j  java.awt.EventQueue$3.run()Ljava/lang/Object;+1
v  ~StubRoutines::call_stub
j  java.security.AccessController.doPrivileged(Ljava/security/PrivilegedAction;Ljava/security/AccessControlContext;)Ljava/lang/Object;+0
j  java.security.ProtectionDomain$1.doIntersectionPrivilege(Ljava/security/PrivilegedAction;Ljava/security/AccessControlContext;Ljava/security/AccessControlContext;)Ljava/lang/Object;+28
j  java.awt.EventQueue.dispatchEvent(Ljava/awt/AWTEvent;)V+46
j  java.awt.EventDispatchThread.pumpOneEventForFilters(I)V+245
j  java.awt.EventDispatchThread.pumpEventsForFilter(ILjava/awt/Conditional;Ljava/awt/EventFilter;)V+35
j  java.awt.EventDispatchThread.pumpEventsForHierarchy(ILjava/awt/Conditional;Ljava/awt/Component;)V+11
j  java.awt.EventDispatchThread.pumpEvents(ILjava/awt/Conditional;)V+4
j  java.awt.EventDispatchThread.pumpEvents(Ljava/awt/Conditional;)V+3
j  java.awt.EventDispatchThread.run()V+9
v  ~StubRoutines::call_stub

---------------  P R O C E S S  ---------------

Java Threads: ( => current thread )
  0x000000000b6cd800 JavaThread "DestroyJavaVM" [_thread_blocked, id=5580, stack(0x0000000002710000,0x0000000002810000)]
  0x000000000b667000 JavaThread "Display" [_thread_in_vm, id=7248, stack(0x000000000d290000,0x000000000d390000)]
  0x000000000b666800 JavaThread "Puppet Serial Input Thread" [_thread_blocked, id=6988, stack(0x000000000d0b0000,0x000000000d1b0000)]
  0x000000000b5c9800 JavaThread "UDP Broadcast Thread" [_thread_blocked, id=7952, stack(0x000000000cfb0000,0x000000000d0b0000)]
  0x000000000b5f8000 JavaThread "Rover Input Thread" [_thread_in_native, id=7768, stack(0x000000000ceb0000,0x000000000cfb0000)]
  0x000000000b5c8800 JavaThread "TimerQueue" daemon [_thread_blocked, id=7544, stack(0x000000000cdb0000,0x000000000ceb0000)]
  0x000000000b56b800 JavaThread "Image Fetcher 0" daemon [_thread_blocked, id=916, stack(0x000000000cbb0000,0x000000000ccb0000)]
  0x000000000b560800 JavaThread "Thread-2" [_thread_in_native, id=7872, stack(0x000000000c9b0000,0x000000000cab0000)]
=>0x000000000b493800 JavaThread "AWT-EventQueue-0" [_thread_in_native, id=3140, stack(0x000000000c0d0000,0x000000000c1d0000)]
  0x0000000009a09000 JavaThread "AWT-Windows" daemon [_thread_in_native, id=3684, stack(0x000000000bbc0000,0x000000000bcc0000)]
  0x000000000b3ee000 JavaThread "AWT-Shutdown" [_thread_blocked, id=5336, stack(0x000000000bac0000,0x000000000bbc0000)]
  0x000000000b3eb800 JavaThread "Java2D Disposer" daemon [_thread_blocked, id=6976, stack(0x000000000b9c0000,0x000000000bac0000)]
  0x00000000099c8800 JavaThread "Service Thread" daemon [_thread_blocked, id=5216, stack(0x000000000b130000,0x000000000b230000)]
  0x00000000099b8800 JavaThread "C2 CompilerThread1" daemon [_thread_in_native, id=7676, stack(0x000000000b030000,0x000000000b130000)]
  0x00000000099b3000 JavaThread "C2 CompilerThread0" daemon [_thread_in_vm, id=3268, stack(0x000000000af30000,0x000000000b030000)]
  0x00000000099b2000 JavaThread "Attach Listener" daemon [_thread_blocked, id=5204, stack(0x000000000ae30000,0x000000000af30000)]
  0x00000000099ae800 JavaThread "Signal Dispatcher" daemon [_thread_blocked, id=412, stack(0x000000000ad30000,0x000000000ae30000)]
  0x000000000997a800 JavaThread "Finalizer" daemon [_thread_blocked, id=4220, stack(0x000000000ac30000,0x000000000ad30000)]
  0x0000000009971800 JavaThread "Reference Handler" daemon [_thread_blocked, id=7900, stack(0x000000000ab30000,0x000000000ac30000)]

Other Threads:
  0x000000000996f000 VMThread [stack: 0x000000000aa30000,0x000000000ab30000] [id=5164]
  0x00000000099d2800 WatcherThread [stack: 0x000000000b230000,0x000000000b330000] [id=6780]

VM state:not at safepoint (normal execution)

VM Mutex/Monitor currently owned by a thread: None

Heap
 PSYoungGen      total 28672K, used 24609K [0x00000000e0a00000, 0x00000000e2980000, 0x0000000100000000)
  eden space 25088K, 98% used [0x00000000e0a00000,0x00000000e22085b8,0x00000000e2280000)
  from space 3584K, 0% used [0x00000000e2600000,0x00000000e2600000,0x00000000e2980000)
  to   space 3584K, 0% used [0x00000000e2280000,0x00000000e2280000,0x00000000e2600000)
 ParOldGen       total 64000K, used 0K [0x00000000a1e00000, 0x00000000a5c80000, 0x00000000e0a00000)
  object space 64000K, 0% used [0x00000000a1e00000,0x00000000a1e00000,0x00000000a5c80000)
 PSPermGen       total 21504K, used 11163K [0x000000009cc00000, 0x000000009e100000, 0x00000000a1e00000)
  object space 21504K, 51% used [0x000000009cc00000,0x000000009d6e6fc0,0x000000009e100000)

Card table byte_map: [0x0000000005a50000,0x0000000005d70000] byte_map_base: 0x000000000556a000

Polling page: 0x0000000000ed0000

Code Cache  [0x0000000002990000, 0x0000000002c00000, 0x0000000005990000)
 total_blobs=706 nmethods=279 adapters=379 free_code_cache=48179Kb largest_free_block=49305856

Compilation events (10 events):
Event: 6.734 Thread 0x00000000099b8800 nmethod 271 0x0000000002a77b10 code [0x0000000002a77cc0, 0x0000000002a78070]
Event: 6.734 Thread 0x00000000099b8800  272             javax.swing.text.GapContent::findMarkAdjustIndex (68 bytes)
Event: 6.781 Thread 0x00000000099b8800 nmethod 272 0x0000000002a85490 code [0x0000000002a85600, 0x0000000002a85b18]
Event: 6.781 Thread 0x00000000099b8800  273             java.awt.Component::repaint (11 bytes)
Event: 6.784 Thread 0x00000000099b3000 nmethod 267 0x0000000002a86050 code [0x0000000002a863a0, 0x0000000002a87d70]
Event: 6.785 Thread 0x00000000099b3000  274             javax.swing.text.AbstractDocument$DefaultDocumentEvent::<init> (26 bytes)
Event: 6.794 Thread 0x00000000099b3000 nmethod 274 0x0000000002a7cb50 code [0x0000000002a7cca0, 0x0000000002a7ce78]
Event: 6.794 Thread 0x00000000099b3000  275             javax.swing.undo.CompoundEdit::<init> (21 bytes)
Event: 6.798 Thread 0x00000000099b8800 nmethod 273 0x0000000002a82cd0 code [0x0000000002a82e80, 0x0000000002a831e0]
Event: 6.799 Thread 0x00000000099b8800  276             javax.swing.text.AbstractDocument$DefaultDocumentEvent::addEdit (133 bytes)

GC Heap History (0 events):
No events

Deoptimization events (4 events):
Event: 3.779 Thread 0x000000000b493800 Uncommon trap: reason=class_check action=maybe_recompile pc=0x0000000002a02d8c method=java.lang.String.equals(Ljava/lang/Object;)Z @ 8
Event: 3.779 Thread 0x000000000b493800 Uncommon trap: reason=class_check action=maybe_recompile pc=0x0000000002a02d8c method=java.lang.String.equals(Ljava/lang/Object;)Z @ 8
Event: 3.779 Thread 0x000000000b493800 Uncommon trap: reason=class_check action=maybe_recompile pc=0x0000000002a02d8c method=java.lang.String.equals(Ljava/lang/Object;)Z @ 8
Event: 5.747 Thread 0x000000000b493800 Uncommon trap: reason=null_check action=make_not_entrant pc=0x0000000002a6115c method=java.awt.Container.invalidate()V @ 6

Internal exceptions (10 events):
Event: 3.996 Thread 0x0000000002890800 Threw 0x00000000e0fdd198 at C:\re\jdk7u45\229\hotspot\src\share\vm\prims\jvm.cpp:1244
Event: 3.999 Thread 0x0000000002890800 Threw 0x00000000e0fe0828 at C:\re\jdk7u45\229\hotspot\src\share\vm\prims\jvm.cpp:1244
Event: 4.001 Thread 0x0000000002890800 Threw 0x00000000e125dee8 at C:\re\jdk7u45\229\hotspot\src\share\vm\prims\jvm.cpp:1244
Event: 4.006 Thread 0x0000000002890800 Threw 0x00000000e12613b8 at C:\re\jdk7u45\229\hotspot\src\share\vm\prims\jvm.cpp:1244
Event: 4.009 Thread 0x0000000002890800 Threw 0x00000000e12648e0 at C:\re\jdk7u45\229\hotspot\src\share\vm\prims\jni.cpp:717
Event: 4.028 Thread 0x0000000002890800 Threw 0x00000000e127ad98 at C:\re\jdk7u45\229\hotspot\src\share\vm\prims\jni.cpp:717
Event: 4.037 Thread 0x0000000002890800 Threw 0x00000000e128b018 at C:\re\jdk7u45\229\hotspot\src\share\vm\prims\jni.cpp:717
Event: 4.058 Thread 0x0000000002890800 Threw 0x00000000e12a0fd0 at C:\re\jdk7u45\229\hotspot\src\share\vm\prims\jni.cpp:717
Event: 4.067 Thread 0x0000000002890800 Threw 0x00000000e12b05b8 at C:\re\jdk7u45\229\hotspot\src\share\vm\prims\jvm.cpp:1244
Event: 5.747 Thread 0x000000000b493800 Implicit null exception at 0x0000000002a6060e to 0x0000000002a6114d

Events (10 events):
Event: 4.122 loading class 0x000000000b3839e0 done
Event: 4.296 Executing VM operation: EnableBiasedLocking
Event: 4.296 Executing VM operation: EnableBiasedLocking done
Event: 5.730 loading class 0x000000000b457190
Event: 5.730 loading class 0x000000000b457190 done
Event: 5.747 Thread 0x000000000b493800 Uncommon trap: trap_request=0xfffffff4 fr.pc=0x0000000002a6115c
Event: 5.747 Thread 0x000000000b493800 DEOPT PACKING pc=0x0000000002a6115c sp=0x000000000c1ce2b0
Event: 5.747 Thread 0x000000000b493800 DEOPT UNPACKING pc=0x00000000029c75a4 sp=0x000000000c1ce230 mode 2
Event: 6.271 loading class 0x000000000b38fed0
Event: 6.271 loading class 0x000000000b38fed0 done


Dynamic libraries:
0x00007ff7c59a0000 - 0x00007ff7c59d3000 	C:\Program Files\Java\jre7\bin\javaw.exe
0x00007fff028c0000 - 0x00007fff02a6a000 	C:\WINDOWS\SYSTEM32\ntdll.dll
0x00007fff01240000 - 0x00007fff0137a000 	C:\WINDOWS\system32\KERNEL32.DLL
0x00007fff00030000 - 0x00007fff0013f000 	C:\WINDOWS\system32\KERNELBASE.dll
0x00007ffefe480000 - 0x00007ffefe508000 	C:\WINDOWS\system32\apphelp.dll
0x00007ffef3ed0000 - 0x00007ffef3f1f000 	C:\WINDOWS\AppPatch\AppPatch64\AcGenral.DLL
0x00007fff00550000 - 0x00007fff005f7000 	C:\WINDOWS\system32\msvcrt.dll
0x00007ffeffa10000 - 0x00007ffeffa3b000 	C:\WINDOWS\SYSTEM32\SspiCli.dll
0x00007fff02860000 - 0x00007fff028b1000 	C:\WINDOWS\system32\SHLWAPI.dll
0x00007fff00140000 - 0x00007fff002b1000 	C:\WINDOWS\system32\USER32.dll
0x00007fff00780000 - 0x00007fff008f8000 	C:\WINDOWS\system32\ole32.dll
0x00007fff01380000 - 0x00007fff02796000 	C:\WINDOWS\system32\SHELL32.dll
0x00007ffeff2a0000 - 0x00007ffeff2be000 	C:\WINDOWS\SYSTEM32\USERENV.dll
0x00007fff004a0000 - 0x00007fff00545000 	C:\WINDOWS\system32\ADVAPI32.dll
0x00007ffefdc40000 - 0x00007ffefdc5b000 	C:\WINDOWS\SYSTEM32\MPR.dll
0x00007fff00cd0000 - 0x00007fff00e06000 	C:\WINDOWS\system32\RPCRT4.dll
0x00007fff00c70000 - 0x00007fff00cc7000 	C:\WINDOWS\SYSTEM32\sechost.dll
0x00007fff002c0000 - 0x00007fff00496000 	C:\WINDOWS\SYSTEM32\combase.dll
0x00007fff00610000 - 0x00007fff00755000 	C:\WINDOWS\system32\GDI32.dll
0x00007ffeffc30000 - 0x00007ffeffc44000 	C:\WINDOWS\SYSTEM32\profapi.dll
0x00007ffefcb70000 - 0x00007ffefcc0f000 	C:\WINDOWS\SYSTEM32\SHCORE.dll
0x00007fff009c0000 - 0x00007fff009f4000 	C:\WINDOWS\system32\IMM32.DLL
0x00007fff00eb0000 - 0x00007fff00fe9000 	C:\WINDOWS\system32\MSCTF.dll
0x00007ffefb7b0000 - 0x00007ffefba0a000 	C:\WINDOWS\WinSxS\amd64_microsoft.windows.common-controls_6595b64144ccf1df_6.0.9600.17031_none_6242a4b3ecbb55a1\COMCTL32.dll
0x0000000060f40000 - 0x0000000061012000 	C:\Program Files\Java\jre7\bin\msvcr100.dll
0x0000000060770000 - 0x0000000060f39000 	C:\Program Files\Java\jre7\bin\server\jvm.dll
0x00007ffeeb370000 - 0x00007ffeeb379000 	C:\WINDOWS\SYSTEM32\WSOCK32.dll
0x00007ffefbc30000 - 0x00007ffefbc4f000 	C:\WINDOWS\SYSTEM32\WINMM.dll
0x00007fff027a0000 - 0x00007fff027a7000 	C:\WINDOWS\system32\PSAPI.DLL
0x00007fff00960000 - 0x00007fff009b8000 	C:\WINDOWS\system32\WS2_32.dll
0x00007ffefbc00000 - 0x00007ffefbc2a000 	C:\WINDOWS\SYSTEM32\WINMMBASE.dll
0x00007fff00ac0000 - 0x00007fff00ac9000 	C:\WINDOWS\system32\NSI.dll
0x00007ffeffe00000 - 0x00007ffeffe4a000 	C:\WINDOWS\SYSTEM32\cfgmgr32.dll
0x00007ffefead0000 - 0x00007ffefeaf6000 	C:\WINDOWS\SYSTEM32\DEVOBJ.dll
0x0000000060760000 - 0x000000006076f000 	C:\Program Files\Java\jre7\bin\verify.dll
0x0000000060730000 - 0x0000000060758000 	C:\Program Files\Java\jre7\bin\java.dll
0x0000000060710000 - 0x0000000060725000 	C:\Program Files\Java\jre7\bin\zip.dll
0x0000000060530000 - 0x00000000606c5000 	C:\Program Files\Java\jre7\bin\awt.dll
0x00007fff00a00000 - 0x00007fff00ab7000 	C:\WINDOWS\system32\OLEAUT32.dll
0x00007ffefc9a0000 - 0x00007ffefc9c0000 	C:\WINDOWS\system32\DWMAPI.DLL
0x00007ffefe920000 - 0x00007ffefea41000 	C:\WINDOWS\system32\uxtheme.dll
0x00007ffefeb00000 - 0x00007ffefeb0a000 	C:\WINDOWS\SYSTEM32\kernel.appcore.dll
0x00007ffeffaa0000 - 0x00007ffeffaaa000 	C:\WINDOWS\SYSTEM32\CRYPTBASE.dll
0x00007ffeffa40000 - 0x00007ffeffaa0000 	C:\WINDOWS\SYSTEM32\bcryptPrimitives.dll
0x00000000604e0000 - 0x0000000060526000 	C:\Program Files\Java\jre7\bin\fontmanager.dll
0x00000000606f0000 - 0x0000000060709000 	C:\Program Files\Java\jre7\bin\net.dll
0x00007ffeff590000 - 0x00007ffeff5e8000 	C:\WINDOWS\system32\mswsock.dll
0x00000000606d0000 - 0x00000000606e1000 	C:\Program Files\Java\jre7\bin\nio.dll
0x0000000060490000 - 0x00000000604d1000 	C:\Program Files\Java\jre7\bin\t2k.dll
0x00007fff027b0000 - 0x00007fff02854000 	C:\WINDOWS\SYSTEM32\clbcatq.dll
0x00007ffefcfe0000 - 0x00007ffefd173000 	C:\WINDOWS\SYSTEM32\WindowsCodecs.dll
0x00007ffeff5f0000 - 0x00007ffeff60e000 	C:\WINDOWS\SYSTEM32\CRYPTSP.dll
0x00007ffeff0c0000 - 0x00007ffeff0f5000 	C:\WINDOWS\system32\rsaenh.dll
0x00007ffeff720000 - 0x00007ffeff746000 	C:\WINDOWS\SYSTEM32\bcrypt.dll
0x00007ffef3ae0000 - 0x00007ffef3af1000 	C:\Windows\xboxcontroller64.dll
0x00007ffefd610000 - 0x00007ffefd618000 	C:\WINDOWS\SYSTEM32\XINPUT9_1_0.dll
0x0000000062400000 - 0x0000000062498000 	C:\WINDOWS\SYSTEM32\MSVCP100.dll
0x00007ffefabb0000 - 0x00007ffefabbd000 	C:\WINDOWS\SYSTEM32\XInput1_4.dll
0x0000000180000000 - 0x0000000180025000 	C:\Windows\rxtxSerial.dll
0x00007ffefe0b0000 - 0x00007ffefe238000 	C:\WINDOWS\SYSTEM32\dbghelp.dll

VM Arguments:
jvm_args: -Dfile.encoding=Cp1252 
java_command: code.ServerMain
Launcher Type: SUN_STANDARD

Environment Variables:
CLASSPATH=C:\Program Files\Java\jdk1.7.0_45\bin
PATH=c:\Program Files (x86)\Intel\iCLS Client\;c:\Program Files\Intel\iCLS Client\;C:\WINDOWS\system32;C:\WINDOWS;C:\WINDOWS\System32\Wbem;C:\WINDOWS\System32\WindowsPowerShell\v1.0\;C:\Program Files\Intel\Intel(R) Management Engine Components\DAL;C:\Program Files\Intel\Intel(R) Management Engine Components\IPT;C:\Program Files (x86)\Intel\Intel(R) Management Engine Components\DAL;C:\Program Files (x86)\Intel\Intel(R) Management Engine Components\IPT;C:\Program Files (x86)\Windows Live\Shared;C:\Program Files (x86)\QuickTime\QTSystem\;C:\Program Files (x86)\Windows Kits\8.0\Windows Performance Toolkit\;C:\Program Files\Microsoft SQL Server\110\Tools\Binn\;C:\Program Files\Java\jdk1.7.0_45\bin;C:\Program Files (x86)\KDiff3
USERNAME=Dallin
OS=Windows_NT
PROCESSOR_IDENTIFIER=Intel64 Family 6 Model 58 Stepping 9, GenuineIntel



---------------  S Y S T E M  ---------------

OS: Windows 8 , 64 bit Build 9200 

CPU:total 4 (2 cores per cpu, 2 threads per core) family 6 model 58 stepping 9, cmov, cx8, fxsr, mmx, sse, sse2, sse3, ssse3, sse4.1, sse4.2, popcnt, avx, erms, ht, tsc, tscinvbit, tscinv

Memory: 4k page, physical 6161688k(3047688k free), swap 8193304k(4190692k free)

vm_info: Java HotSpot(TM) 64-Bit Server VM (24.45-b08) for windows-amd64 JRE (1.7.0_45-b18), built on Oct  8 2013 05:47:22 by "java_re" with unknown MS VC++:1600

time: Mon May 26 15:07:47 2014
elapsed time: 6 seconds

