#
# A fatal error has been detected by the Java Runtime Environment:
#
#  EXCEPTION_ACCESS_VIOLATION (0xc0000005) at pc=0x00007ffef7a76006, pid=7624, tid=8872
#
# JRE version: Java(TM) SE Runtime Environment (7.0_45-b18) (build 1.7.0_45-b18)
# Java VM: Java HotSpot(TM) 64-Bit Server VM (24.45-b08 mixed mode windows-amd64 compressed oops)
# Problematic frame:
# C  [xboxcontroller64.dll+0x6006]
#
# Failed to write core dump. Minidumps are not enabled by default on client versions of Windows
#
# If you would like to submit a bug report, please visit:
#   http://bugreport.sun.com/bugreport/crash.jsp
# The crash happened outside the Java Virtual Machine in native code.
# See problematic frame for where to report the bug.
#

---------------  T H R E A D  ---------------

Current thread (0x000000000a8c9000):  JavaThread "AWT-EventQueue-0" [_thread_in_native, id=8872, stack(0x000000000b530000,0x000000000b630000)]

siginfo: ExceptionCode=0xc0000005, reading address 0x0000000000000694

Registers:
RAX=0x000000000a9961b0, RBX=0x0000000000000009, RCX=0x0000000001d309e8, RDX=0x000000000a908ba0
RSP=0x000000000b62e1a0, RBP=0x00000000000003e8, RSI=0x0000000000000009, RDI=0x0000000001b5c890
R8 =0x0000000000000000, R9 =0x0000000000000009, R10=0x0000000000000004, R11=0x000000006094f900
R12=0x0000000000000000, R13=0x000000009d50fe80, R14=0x000000000b62e2b0, R15=0x000000000a8c9000
RIP=0x00007ffef7a76006, EFLAGS=0x0000000000010246

Top of Stack: (sp=0x000000000b62e1a0)
0x000000000b62e1a0:   0000000001e36274 0000000001e43958
0x000000000b62e1b0:   0000000008df0d00 000000000a8c9000
0x000000000b62e1c0:   000000000a9961b0 0000000008df0250
0x000000000b62e1d0:   0000000001e36274 0000000001e43acf
0x000000000b62e1e0:   000000000b62e278 000000009d50fe80
0x000000000b62e1f0:   000000009d364ef8 0000000000000000
0x000000000b62e200:   0000000000000000 000000000a8c9000
0x000000000b62e210:   000000000b62e310 0000000001e4e103
0x000000000b62e220:   0000000001e35410 0000000000000001
0x000000000b62e230:   00000000e0d184a8 000000000b62e228
0x000000000b62e240:   000000009d50fe80 000000000b62e2b0
0x000000000b62e250:   000000009d515028 0000000000000000
0x000000000b62e260:   000000009d50fe80 0000000000000000
0x000000000b62e270:   000000000b62e298 000000000b62e2f8
0x000000000b62e280:   0000000001e36274 0000000000000000
0x000000000b62e290:   0000000001e3f0d6 0000000000000009 

Instructions: (pc=0x00007ffef7a76006)
0x00007ffef7a75fe6:   48 63 57 68 48 8b 47 30 3b de 48 8d 14 50 0f 4c
0x00007ffef7a75ff6:   f3 45 33 c0 48 89 54 24 20 48 8b 57 10 44 8b ce
0x00007ffef7a76006:   41 ff 92 90 06 00 00 01 77 68 8b 47 68 3b 47 5c
0x00007ffef7a76016:   75 05 33 c0 89 47 68 29 77 6c 8b c6 48 8b 6c 24 


Register to memory mapping:

RAX=0x000000000a9961b0 is an unknown value
RBX=0x0000000000000009 is an unknown value
RCX=0x0000000001d309e8 is an unknown value
RDX=0x000000000a908ba0 is a global jni handle
RSP=0x000000000b62e1a0 is pointing into the stack for thread: 0x000000000a8c9000
RBP=0x00000000000003e8 is an unknown value
RSI=0x0000000000000009 is an unknown value
RDI=0x0000000001b5c890 is an unknown value
R8 =0x0000000000000000 is an unknown value
R9 =0x0000000000000009 is an unknown value
R10=0x0000000000000004 is an unknown value
R11=0x000000006094f900 is an unknown value
R12=0x0000000000000000 is an unknown value
R13=0x000000009d50fe80 is an oop
{method} 
 - klass: {other class}
R14=0x000000000b62e2b0 is pointing into the stack for thread: 0x000000000a8c9000
R15=0x000000000a8c9000 is a thread


Stack: [0x000000000b530000,0x000000000b630000],  sp=0x000000000b62e1a0,  free space=1016k
Native frames: (J=compiled Java code, j=interpreted, Vv=VM code, C=native code)
C  [xboxcontroller64.dll+0x6006]

[error occurred during error reporting (printing native stack), id 0xc0000005]

Java frames: (J=compiled Java code, j=interpreted, Vv=VM code)
j  ch.aplu.jaw.NativeHandler.nativeReadBuf(JI)I+0
j  ch.aplu.jaw.NativeHandler.readBuf(I)I+33
j  ch.aplu.xboxcontroller.XboxController.readData()Lch/aplu/xboxcontroller/ControllerState;+15
j  ch.aplu.xboxcontroller.XboxController.access$000(Lch/aplu/xboxcontroller/XboxController;)Lch/aplu/xboxcontroller/ControllerState;+1
j  ch.aplu.xboxcontroller.XboxController$1.actionPerformed(Ljava/awt/event/ActionEvent;)V+4
j  javax.swing.Timer.fireActionPerformed(Ljava/awt/event/ActionEvent;)V+35
j  javax.swing.Timer$DoPostEvent.run()V+74
j  java.awt.event.InvocationEvent.dispatch()V+47
j  java.awt.EventQueue.dispatchEventImpl(Ljava/awt/AWTEvent;Ljava/lang/Object;)V+21
j  java.awt.EventQueue.access$200(Ljava/awt/EventQueue;Ljava/awt/AWTEvent;Ljava/lang/Object;)V+3
j  java.awt.EventQueue$3.run()Ljava/lang/Void;+12
j  java.awt.EventQueue$3.run()Ljava/lang/Object;+1
v  ~StubRoutines::call_stub
j  java.security.AccessController.doPrivileged(Ljava/security/PrivilegedAction;Ljava/security/AccessControlContext;)Ljava/lang/Object;+0
j  java.security.ProtectionDomain$1.doIntersectionPrivilege(Ljava/security/PrivilegedAction;Ljava/security/AccessControlContext;Ljava/security/AccessControlContext;)Ljava/lang/Object;+28
j  java.awt.EventQueue.dispatchEvent(Ljava/awt/AWTEvent;)V+46
j  java.awt.EventDispatchThread.pumpOneEventForFilters(I)V+245
j  java.awt.EventDispatchThread.pumpEventsForFilter(ILjava/awt/Conditional;Ljava/awt/EventFilter;)V+35
j  java.awt.EventDispatchThread.pumpEventsForHierarchy(ILjava/awt/Conditional;Ljava/awt/Component;)V+11
j  java.awt.EventDispatchThread.pumpEvents(ILjava/awt/Conditional;)V+4
j  java.awt.EventDispatchThread.pumpEvents(Ljava/awt/Conditional;)V+3
j  java.awt.EventDispatchThread.run()V+9
v  ~StubRoutines::call_stub

---------------  P R O C E S S  ---------------

Java Threads: ( => current thread )
  0x000000000a9d0800 JavaThread "DestroyJavaVM" [_thread_blocked, id=8884, stack(0x0000000001c30000,0x0000000001d30000)]
  0x000000000a9fe000 JavaThread "Display" [_thread_in_Java, id=9108, stack(0x000000000c690000,0x000000000c790000)]
  0x000000000a9fd000 JavaThread "Puppet Serial Input Thread" [_thread_blocked, id=5436, stack(0x000000000c590000,0x000000000c690000)]
  0x000000000aa39800 JavaThread "UDP Broadcast Thread" [_thread_blocked, id=4168, stack(0x000000000c490000,0x000000000c590000)]
  0x000000000a92a800 JavaThread "Rover Input Thread" [_thread_in_native, id=6820, stack(0x000000000c390000,0x000000000c490000)]
  0x000000000a92a000 JavaThread "TimerQueue" daemon [_thread_blocked, id=9172, stack(0x000000000c290000,0x000000000c390000)]
  0x000000000a9a0800 JavaThread "Image Fetcher 0" daemon [_thread_blocked, id=9112, stack(0x000000000c080000,0x000000000c180000)]
  0x000000000a992800 JavaThread "Thread-2" [_thread_in_native, id=8684, stack(0x000000000be80000,0x000000000bf80000)]
=>0x000000000a8c9000 JavaThread "AWT-EventQueue-0" [_thread_in_native, id=8872, stack(0x000000000b530000,0x000000000b630000)]
  0x000000000a825800 JavaThread "AWT-Windows" daemon [_thread_in_native, id=8860, stack(0x000000000b020000,0x000000000b120000)]
  0x000000000a822800 JavaThread "AWT-Shutdown" [_thread_blocked, id=5636, stack(0x000000000af20000,0x000000000b020000)]
  0x000000000a820000 JavaThread "Java2D Disposer" daemon [_thread_blocked, id=9144, stack(0x000000000ae20000,0x000000000af20000)]
  0x0000000008df5800 JavaThread "Service Thread" daemon [_thread_blocked, id=8780, stack(0x000000000a560000,0x000000000a660000)]
  0x0000000008ded800 JavaThread "C2 CompilerThread1" daemon [_thread_in_native, id=8244, stack(0x000000000a460000,0x000000000a560000)]
  0x0000000008de3000 JavaThread "C2 CompilerThread0" daemon [_thread_in_native, id=8196, stack(0x000000000a360000,0x000000000a460000)]
  0x0000000008de2000 JavaThread "Attach Listener" daemon [_thread_blocked, id=5156, stack(0x000000000a260000,0x000000000a360000)]
  0x0000000008dde800 JavaThread "Signal Dispatcher" daemon [_thread_blocked, id=8328, stack(0x000000000a160000,0x000000000a260000)]
  0x0000000008daa800 JavaThread "Finalizer" daemon [_thread_blocked, id=7900, stack(0x000000000a060000,0x000000000a160000)]
  0x0000000008da1800 JavaThread "Reference Handler" daemon [_thread_blocked, id=6296, stack(0x0000000009f60000,0x000000000a060000)]

Other Threads:
  0x0000000008d9f000 VMThread [stack: 0x0000000009e60000,0x0000000009f60000] [id=8868]
  0x0000000008e0f800 WatcherThread [stack: 0x000000000a660000,0x000000000a760000] [id=8184]

VM state:not at safepoint (normal execution)

VM Mutex/Monitor currently owned by a thread: None

Heap
 PSYoungGen      total 28672K, used 17583K [0x00000000e0a00000, 0x00000000e2980000, 0x0000000100000000)
  eden space 25088K, 70% used [0x00000000e0a00000,0x00000000e1b2bfd8,0x00000000e2280000)
  from space 3584K, 0% used [0x00000000e2600000,0x00000000e2600000,0x00000000e2980000)
  to   space 3584K, 0% used [0x00000000e2280000,0x00000000e2280000,0x00000000e2600000)
 ParOldGen       total 64000K, used 0K [0x00000000a1e00000, 0x00000000a5c80000, 0x00000000e0a00000)
  object space 64000K, 0% used [0x00000000a1e00000,0x00000000a1e00000,0x00000000a5c80000)
 PSPermGen       total 21504K, used 10984K [0x000000009cc00000, 0x000000009e100000, 0x00000000a1e00000)
  object space 21504K, 51% used [0x000000009cc00000,0x000000009d6ba008,0x000000009e100000)

Card table byte_map: [0x0000000004e30000,0x0000000005150000] byte_map_base: 0x000000000494a000

Polling page: 0x0000000001b20000

Code Cache  [0x0000000001e30000, 0x00000000020a0000, 0x0000000004e30000)
 total_blobs=634 nmethods=207 adapters=379 free_code_cache=48333Kb largest_free_block=49462720

Compilation events (10 events):
Event: 7.853 Thread 0x0000000008ded800 nmethod 190 0x0000000001eedb10 code [0x0000000001eedc40, 0x0000000001eedcd8]
Event: 7.853 Thread 0x0000000008ded800  191             javax.swing.JTable::getRowHeight (5 bytes)
Event: 7.855 Thread 0x0000000008ded800 nmethod 191 0x0000000001eed910 code [0x0000000001eeda40, 0x0000000001eeda98]
Event: 7.855 Thread 0x0000000008ded800  192   !         javax.swing.UIDefaults::getFromHashtable (239 bytes)
Event: 7.865 Thread 0x0000000008de3000 nmethod 187 0x0000000001efd9d0 code [0x0000000001efdd00, 0x0000000001f00ae0]
Event: 7.866 Thread 0x0000000008de3000  193             javax.swing.JTable::getRowCount (24 bytes)
Event: 7.870 Thread 0x0000000008de3000 nmethod 193 0x0000000001eed610 code [0x0000000001eed760, 0x0000000001eed818]
Event: 7.870 Thread 0x0000000008de3000  194             java.awt.Container::countComponents (10 bytes)
Event: 7.872 Thread 0x0000000008de3000 nmethod 194 0x0000000001eed390 code [0x0000000001eed4e0, 0x0000000001eed558]
Event: 7.872 Thread 0x0000000008de3000  195             javax.swing.table.DefaultTableColumnModel::getColumn (12 bytes)

GC Heap History (0 events):
No events

Deoptimization events (4 events):
Event: 5.703 Thread 0x000000000a8c9000 Uncommon trap: reason=class_check action=maybe_recompile pc=0x0000000001ea2d84 method=java.lang.String.equals(Ljava/lang/Object;)Z @ 8
Event: 5.703 Thread 0x000000000a8c9000 Uncommon trap: reason=class_check action=maybe_recompile pc=0x0000000001ea2d84 method=java.lang.String.equals(Ljava/lang/Object;)Z @ 8
Event: 5.703 Thread 0x000000000a8c9000 Uncommon trap: reason=class_check action=maybe_recompile pc=0x0000000001ea2d84 method=java.lang.String.equals(Ljava/lang/Object;)Z @ 8
Event: 7.561 Thread 0x000000000a8c9000 Uncommon trap: reason=null_check action=make_not_entrant pc=0x0000000001ef1c1c method=java.awt.Container.invalidate()V @ 6

Internal exceptions (10 events):
Event: 5.746 Thread 0x0000000001d30800 Threw 0x00000000e0d58f88 at C:\re\jdk7u45\229\hotspot\src\share\vm\prims\jvm.cpp:1244
Event: 5.748 Thread 0x0000000001d30800 Threw 0x00000000e0d5b6d8 at C:\re\jdk7u45\229\hotspot\src\share\vm\prims\jvm.cpp:1244
Event: 5.749 Thread 0x0000000001d30800 Threw 0x00000000e0d5de28 at C:\re\jdk7u45\229\hotspot\src\share\vm\prims\jvm.cpp:1244
Event: 5.750 Thread 0x0000000001d30800 Threw 0x00000000e0d60578 at C:\re\jdk7u45\229\hotspot\src\share\vm\prims\jvm.cpp:1244
Event: 5.752 Thread 0x0000000001d30800 Threw 0x00000000e0d62c98 at C:\re\jdk7u45\229\hotspot\src\share\vm\prims\jvm.cpp:1244
Event: 5.805 Thread 0x0000000001d30800 Threw 0x00000000e0f33260 at C:\re\jdk7u45\229\hotspot\src\share\vm\prims\jvm.cpp:1244
Event: 5.857 Thread 0x0000000001d30800 Threw 0x00000000e0f9e748 at C:\re\jdk7u45\229\hotspot\src\share\vm\prims\jvm.cpp:1244
Event: 5.881 Thread 0x0000000001d30800 Threw 0x00000000e0fa6528 at C:\re\jdk7u45\229\hotspot\src\share\vm\prims\jvm.cpp:1244
Event: 5.887 Thread 0x0000000001d30800 Threw 0x00000000e0fa8838 at C:\re\jdk7u45\229\hotspot\src\share\vm\prims\jvm.cpp:1244
Event: 7.561 Thread 0x000000000a8c9000 Implicit null exception at 0x0000000001ef10ce to 0x0000000001ef1c0d

Events (10 events):
Event: 5.940 loading class 0x000000000a917a50 done
Event: 5.993 Executing VM operation: RevokeBias
Event: 5.993 Executing VM operation: RevokeBias done
Event: 5.999 loading class 0x000000000a7d6ef0
Event: 6.000 loading class 0x000000000a7d6ef0 done
Event: 7.561 Thread 0x000000000a8c9000 Uncommon trap: trap_request=0xfffffff4 fr.pc=0x0000000001ef1c1c
Event: 7.561 Thread 0x000000000a8c9000 DEOPT PACKING pc=0x0000000001ef1c1c sp=0x000000000b62e430
Event: 7.561 Thread 0x000000000a8c9000 DEOPT UNPACKING pc=0x0000000001e675a4 sp=0x000000000b62e3b0 mode 2
Event: 7.581 loading class 0x0000000001d375e0
Event: 7.581 loading class 0x0000000001d375e0 done


Dynamic libraries:
0x00007ff7c59a0000 - 0x00007ff7c59d3000 	C:\Program Files\Java\jre7\bin\javaw.exe
0x00007fff028c0000 - 0x00007fff02a6a000 	C:\WINDOWS\SYSTEM32\ntdll.dll
0x00007fff01240000 - 0x00007fff0137a000 	C:\WINDOWS\system32\KERNEL32.DLL
0x00007fff00030000 - 0x00007fff0013f000 	C:\WINDOWS\system32\KERNELBASE.dll
0x00007ffefe480000 - 0x00007ffefe508000 	C:\WINDOWS\system32\apphelp.dll
0x00007ffef3ed0000 - 0x00007ffef3f1f000 	C:\WINDOWS\AppPatch\AppPatch64\AcGenral.DLL
0x00007fff00550000 - 0x00007fff005f7000 	C:\WINDOWS\system32\msvcrt.dll
0x00007ffeffa10000 - 0x00007ffeffa3b000 	C:\WINDOWS\SYSTEM32\SspiCli.dll
0x00007fff02860000 - 0x00007fff028b1000 	C:\WINDOWS\system32\SHLWAPI.dll
0x00007fff00140000 - 0x00007fff002b1000 	C:\WINDOWS\system32\USER32.dll
0x00007fff00780000 - 0x00007fff008f8000 	C:\WINDOWS\system32\ole32.dll
0x00007fff01380000 - 0x00007fff02796000 	C:\WINDOWS\system32\SHELL32.dll
0x00007ffeff2a0000 - 0x00007ffeff2be000 	C:\WINDOWS\SYSTEM32\USERENV.dll
0x00007fff004a0000 - 0x00007fff00545000 	C:\WINDOWS\system32\ADVAPI32.dll
0x00007ffefdc40000 - 0x00007ffefdc5b000 	C:\WINDOWS\SYSTEM32\MPR.dll
0x00007fff00cd0000 - 0x00007fff00e06000 	C:\WINDOWS\system32\RPCRT4.dll
0x00007fff00c70000 - 0x00007fff00cc7000 	C:\WINDOWS\SYSTEM32\sechost.dll
0x00007fff002c0000 - 0x00007fff00496000 	C:\WINDOWS\SYSTEM32\combase.dll
0x00007fff00610000 - 0x00007fff00755000 	C:\WINDOWS\system32\GDI32.dll
0x00007ffeffc30000 - 0x00007ffeffc44000 	C:\WINDOWS\SYSTEM32\profapi.dll
0x00007ffefcb70000 - 0x00007ffefcc0f000 	C:\WINDOWS\SYSTEM32\SHCORE.dll
0x00007fff009c0000 - 0x00007fff009f4000 	C:\WINDOWS\system32\IMM32.DLL
0x00007fff00eb0000 - 0x00007fff00fe9000 	C:\WINDOWS\system32\MSCTF.dll
0x00007ffefb7b0000 - 0x00007ffefba0a000 	C:\WINDOWS\WinSxS\amd64_microsoft.windows.common-controls_6595b64144ccf1df_6.0.9600.17031_none_6242a4b3ecbb55a1\COMCTL32.dll
0x0000000060f40000 - 0x0000000061012000 	C:\Program Files\Java\jre7\bin\msvcr100.dll
0x0000000060770000 - 0x0000000060f39000 	C:\Program Files\Java\jre7\bin\server\jvm.dll
0x00007ffeeb370000 - 0x00007ffeeb379000 	C:\WINDOWS\SYSTEM32\WSOCK32.dll
0x00007ffefbc30000 - 0x00007ffefbc4f000 	C:\WINDOWS\SYSTEM32\WINMM.dll
0x00007fff027a0000 - 0x00007fff027a7000 	C:\WINDOWS\system32\PSAPI.DLL
0x00007fff00960000 - 0x00007fff009b8000 	C:\WINDOWS\system32\WS2_32.dll
0x00007ffefbc00000 - 0x00007ffefbc2a000 	C:\WINDOWS\SYSTEM32\WINMMBASE.dll
0x00007fff00ac0000 - 0x00007fff00ac9000 	C:\WINDOWS\system32\NSI.dll
0x00007ffeffe00000 - 0x00007ffeffe4a000 	C:\WINDOWS\SYSTEM32\cfgmgr32.dll
0x00007ffefead0000 - 0x00007ffefeaf6000 	C:\WINDOWS\SYSTEM32\DEVOBJ.dll
0x0000000060760000 - 0x000000006076f000 	C:\Program Files\Java\jre7\bin\verify.dll
0x0000000060730000 - 0x0000000060758000 	C:\Program Files\Java\jre7\bin\java.dll
0x0000000060710000 - 0x0000000060725000 	C:\Program Files\Java\jre7\bin\zip.dll
0x0000000060530000 - 0x00000000606c5000 	C:\Program Files\Java\jre7\bin\awt.dll
0x00007fff00a00000 - 0x00007fff00ab7000 	C:\WINDOWS\system32\OLEAUT32.dll
0x00007ffefc9a0000 - 0x00007ffefc9c0000 	C:\WINDOWS\system32\DWMAPI.DLL
0x00007ffefe920000 - 0x00007ffefea41000 	C:\WINDOWS\system32\uxtheme.dll
0x00007ffefeb00000 - 0x00007ffefeb0a000 	C:\WINDOWS\SYSTEM32\kernel.appcore.dll
0x00007ffeffaa0000 - 0x00007ffeffaaa000 	C:\WINDOWS\SYSTEM32\CRYPTBASE.dll
0x00007ffeffa40000 - 0x00007ffeffaa0000 	C:\WINDOWS\SYSTEM32\bcryptPrimitives.dll
0x00000000604e0000 - 0x0000000060526000 	C:\Program Files\Java\jre7\bin\fontmanager.dll
0x00000000606f0000 - 0x0000000060709000 	C:\Program Files\Java\jre7\bin\net.dll
0x00007ffeff590000 - 0x00007ffeff5e8000 	C:\WINDOWS\system32\mswsock.dll
0x00000000606d0000 - 0x00000000606e1000 	C:\Program Files\Java\jre7\bin\nio.dll
0x0000000060490000 - 0x00000000604d1000 	C:\Program Files\Java\jre7\bin\t2k.dll
0x00007fff027b0000 - 0x00007fff02854000 	C:\WINDOWS\SYSTEM32\clbcatq.dll
0x00007ffefcfe0000 - 0x00007ffefd173000 	C:\WINDOWS\SYSTEM32\WindowsCodecs.dll
0x00007ffeff5f0000 - 0x00007ffeff60e000 	C:\WINDOWS\SYSTEM32\CRYPTSP.dll
0x00007ffeff0c0000 - 0x00007ffeff0f5000 	C:\WINDOWS\system32\rsaenh.dll
0x00007ffeff720000 - 0x00007ffeff746000 	C:\WINDOWS\SYSTEM32\bcrypt.dll
0x00007ffef7a70000 - 0x00007ffef7a81000 	C:\Windows\xboxcontroller64.dll
0x00007ffefabb0000 - 0x00007ffefabb8000 	C:\WINDOWS\SYSTEM32\XINPUT9_1_0.dll
0x0000000062400000 - 0x0000000062498000 	C:\WINDOWS\SYSTEM32\MSVCP100.dll
0x00007ffefa6b0000 - 0x00007ffefa6bd000 	C:\WINDOWS\SYSTEM32\XInput1_4.dll
0x00007ffefe0b0000 - 0x00007ffefe238000 	C:\WINDOWS\SYSTEM32\dbghelp.dll

VM Arguments:
jvm_args: -Dfile.encoding=Cp1252 
java_command: code.ServerMain
Launcher Type: SUN_STANDARD

Environment Variables:
CLASSPATH=C:\Program Files\Java\jdk1.7.0_45\bin
PATH=c:\Program Files (x86)\Intel\iCLS Client\;c:\Program Files\Intel\iCLS Client\;C:\WINDOWS\system32;C:\WINDOWS;C:\WINDOWS\System32\Wbem;C:\WINDOWS\System32\WindowsPowerShell\v1.0\;C:\Program Files\Intel\Intel(R) Management Engine Components\DAL;C:\Program Files\Intel\Intel(R) Management Engine Components\IPT;C:\Program Files (x86)\Intel\Intel(R) Management Engine Components\DAL;C:\Program Files (x86)\Intel\Intel(R) Management Engine Components\IPT;C:\Program Files (x86)\Windows Live\Shared;C:\Program Files (x86)\QuickTime\QTSystem\;C:\Program Files (x86)\Windows Kits\8.0\Windows Performance Toolkit\;C:\Program Files\Microsoft SQL Server\110\Tools\Binn\;C:\Program Files\Java\jdk1.7.0_45\bin;C:\Program Files (x86)\KDiff3
USERNAME=Dallin
OS=Windows_NT
PROCESSOR_IDENTIFIER=Intel64 Family 6 Model 58 Stepping 9, GenuineIntel



---------------  S Y S T E M  ---------------

OS: Windows 8 , 64 bit Build 9200 

CPU:total 4 (2 cores per cpu, 2 threads per core) family 6 model 58 stepping 9, cmov, cx8, fxsr, mmx, sse, sse2, sse3, ssse3, sse4.1, sse4.2, popcnt, avx, erms, ht, tsc, tscinvbit, tscinv

Memory: 4k page, physical 6161688k(2815308k free), swap 8193304k(3892168k free)

vm_info: Java HotSpot(TM) 64-Bit Server VM (24.45-b08) for windows-amd64 JRE (1.7.0_45-b18), built on Oct  8 2013 05:47:22 by "java_re" with unknown MS VC++:1600

time: Mon May 26 19:38:43 2014
elapsed time: 7 seconds

