#
# A fatal error has been detected by the Java Runtime Environment:
#
#  EXCEPTION_ACCESS_VIOLATION (0xc0000005) at pc=0x00007ffef7226006, pid=7892, tid=7064
#
# JRE version: Java(TM) SE Runtime Environment (7.0_45-b18) (build 1.7.0_45-b18)
# Java VM: Java HotSpot(TM) 64-Bit Server VM (24.45-b08 mixed mode windows-amd64 compressed oops)
# Problematic frame:
# C  [xboxcontroller64.dll+0x6006]
#
# Failed to write core dump. Minidumps are not enabled by default on client versions of Windows
#
# If you would like to submit a bug report, please visit:
#   http://bugreport.sun.com/bugreport/crash.jsp
# The crash happened outside the Java Virtual Machine in native code.
# See problematic frame for where to report the bug.
#

---------------  T H R E A D  ---------------

Current thread (0x000000000b405800):  JavaThread "AWT-EventQueue-0" [_thread_in_native, id=7064, stack(0x000000000c280000,0x000000000c380000)]

siginfo: ExceptionCode=0xc0000005, reading address 0x0000000000000690

Registers:
RAX=0x000000000b3062b0, RBX=0x0000000000000009, RCX=0x00000000027d09e8, RDX=0x00000000098c6228
RSP=0x000000000c37ddd0, RBP=0x00000000000003e8, RSI=0x0000000000000009, RDI=0x00000000027cdf90
R8 =0x0000000000000000, R9 =0x0000000000000009, R10=0x0000000000000000, R11=0x000000006094f900
R12=0x0000000000000000, R13=0x000000009cf2fe50, R14=0x000000000c37dee0, R15=0x000000000b405800
RIP=0x00007ffef7226006, EFLAGS=0x0000000000010246

Top of Stack: (sp=0x000000000c37ddd0)
0x000000000c37ddd0:   00000000028d6274 00000000028e3958
0x000000000c37dde0:   000000000b35fc00 000000000b405800
0x000000000c37ddf0:   000000000b3062b0 00000000098f94d0
0x000000000c37de00:   00000000028d6274 00000000028e3acf
0x000000000c37de10:   000000000c37dea8 000000009cf2fe50
0x000000000c37de20:   000000009d357b28 0000000000000000
0x000000000c37de30:   0000000000000000 000000000b405800
0x000000000c37de40:   000000000c37df40 00000000028ee103
0x000000000c37de50:   00000000028d5410 0000000000000001
0x000000000c37de60:   00000000e0ab1df0 000000000c37de58
0x000000000c37de70:   000000009cf2fe50 000000000c37dee0
0x000000000c37de80:   000000009cf34ff8 0000000000000000
0x000000000c37de90:   000000009cf2fe50 0000000000000000
0x000000000c37dea0:   000000000c37dec8 000000000c37df28
0x000000000c37deb0:   00000000028d6274 0000000000000000
0x000000000c37dec0:   00000000028df0d6 0000000000000009 

Instructions: (pc=0x00007ffef7226006)
0x00007ffef7225fe6:   48 63 57 68 48 8b 47 30 3b de 48 8d 14 50 0f 4c
0x00007ffef7225ff6:   f3 45 33 c0 48 89 54 24 20 48 8b 57 10 44 8b ce
0x00007ffef7226006:   41 ff 92 90 06 00 00 01 77 68 8b 47 68 3b 47 5c
0x00007ffef7226016:   75 05 33 c0 89 47 68 29 77 6c 8b c6 48 8b 6c 24 


Register to memory mapping:

RAX=0x000000000b3062b0 is an unknown value
RBX=0x0000000000000009 is an unknown value
RCX=0x00000000027d09e8 is an unknown value
RDX=0x00000000098c6228 is a global jni handle
RSP=0x000000000c37ddd0 is pointing into the stack for thread: 0x000000000b405800
RBP=0x00000000000003e8 is an unknown value
RSI=0x0000000000000009 is an unknown value
RDI=0x00000000027cdf90 is an unknown value
R8 =0x0000000000000000 is an unknown value
R9 =0x0000000000000009 is an unknown value
R10=0x0000000000000000 is an unknown value
R11=0x000000006094f900 is an unknown value
R12=0x0000000000000000 is an unknown value
R13=0x000000009cf2fe50 is an oop
{method} 
 - klass: {other class}
R14=0x000000000c37dee0 is pointing into the stack for thread: 0x000000000b405800
R15=0x000000000b405800 is a thread


Stack: [0x000000000c280000,0x000000000c380000],  sp=0x000000000c37ddd0,  free space=1015k
Native frames: (J=compiled Java code, j=interpreted, Vv=VM code, C=native code)
C  [xboxcontroller64.dll+0x6006]

[error occurred during error reporting (printing native stack), id 0xc0000005]

Java frames: (J=compiled Java code, j=interpreted, Vv=VM code)
j  ch.aplu.jaw.NativeHandler.nativeReadBuf(JI)I+0
j  ch.aplu.jaw.NativeHandler.readBuf(I)I+33
j  ch.aplu.xboxcontroller.XboxController.readData()Lch/aplu/xboxcontroller/ControllerState;+15
j  ch.aplu.xboxcontroller.XboxController.access$000(Lch/aplu/xboxcontroller/XboxController;)Lch/aplu/xboxcontroller/ControllerState;+1
j  ch.aplu.xboxcontroller.XboxController$1.actionPerformed(Ljava/awt/event/ActionEvent;)V+4
j  javax.swing.Timer.fireActionPerformed(Ljava/awt/event/ActionEvent;)V+35
j  javax.swing.Timer$DoPostEvent.run()V+74
j  java.awt.event.InvocationEvent.dispatch()V+47
j  java.awt.EventQueue.dispatchEventImpl(Ljava/awt/AWTEvent;Ljava/lang/Object;)V+21
j  java.awt.EventQueue.access$200(Ljava/awt/EventQueue;Ljava/awt/AWTEvent;Ljava/lang/Object;)V+3
j  java.awt.EventQueue$3.run()Ljava/lang/Void;+12
j  java.awt.EventQueue$3.run()Ljava/lang/Object;+1
v  ~StubRoutines::call_stub
j  java.security.AccessController.doPrivileged(Ljava/security/PrivilegedAction;Ljava/security/AccessControlContext;)Ljava/lang/Object;+0
j  java.security.ProtectionDomain$1.doIntersectionPrivilege(Ljava/security/PrivilegedAction;Ljava/security/AccessControlContext;Ljava/security/AccessControlContext;)Ljava/lang/Object;+28
j  java.awt.EventQueue.dispatchEvent(Ljava/awt/AWTEvent;)V+46
j  java.awt.EventDispatchThread.pumpOneEventForFilters(I)V+245
j  java.awt.EventDispatchThread.pumpEventsForFilter(ILjava/awt/Conditional;Ljava/awt/EventFilter;)V+35
j  java.awt.EventDispatchThread.pumpEventsForHierarchy(ILjava/awt/Conditional;Ljava/awt/Component;)V+11
j  java.awt.EventDispatchThread.pumpEvents(ILjava/awt/Conditional;)V+4
j  java.awt.EventDispatchThread.pumpEvents(Ljava/awt/Conditional;)V+3
j  java.awt.EventDispatchThread.run()V+9
v  ~StubRoutines::call_stub

---------------  P R O C E S S  ---------------

Java Threads: ( => current thread )
  0x000000000c995800 JavaThread "DestroyJavaVM" [_thread_blocked, id=9180, stack(0x0000000002640000,0x0000000002740000)]
  0x000000000c90b800 JavaThread "Display" [_thread_in_Java, id=3488, stack(0x000000000d360000,0x000000000d460000)]
  0x000000000b677800 JavaThread "UDP Broadcast Thread" [_thread_blocked, id=9088, stack(0x000000000d260000,0x000000000d360000)]
  0x000000000b61a800 JavaThread "Rover Input Thread" [_thread_in_native, id=8132, stack(0x000000000d160000,0x000000000d260000)]
  0x000000000b546000 JavaThread "Thread-3" [_thread_in_native, id=8804, stack(0x000000000d060000,0x000000000d160000)]
  0x000000000b4b9800 JavaThread "TimerQueue" daemon [_thread_blocked, id=4000, stack(0x000000000c760000,0x000000000c860000)]
=>0x000000000b405800 JavaThread "AWT-EventQueue-0" [_thread_in_native, id=7064, stack(0x000000000c280000,0x000000000c380000)]
  0x000000000b3ad800 JavaThread "Image Fetcher 0" daemon [_thread_blocked, id=936, stack(0x000000000c180000,0x000000000c280000)]
  0x000000000b30e800 JavaThread "AWT-Windows" daemon [_thread_in_native, id=4028, stack(0x000000000bc70000,0x000000000bd70000)]
  0x000000000b30c000 JavaThread "AWT-Shutdown" [_thread_blocked, id=4728, stack(0x000000000bb70000,0x000000000bc70000)]
  0x000000000b309000 JavaThread "Java2D Disposer" daemon [_thread_blocked, id=8520, stack(0x000000000ba70000,0x000000000bb70000)]
  0x000000000996c800 JavaThread "Thread-0" [_thread_in_native, id=6964, stack(0x000000000b680000,0x000000000b780000)]
  0x0000000009908000 JavaThread "Service Thread" daemon [_thread_blocked, id=7588, stack(0x000000000b080000,0x000000000b180000)]
  0x00000000098f9000 JavaThread "C2 CompilerThread1" daemon [_thread_blocked, id=5224, stack(0x000000000af80000,0x000000000b080000)]
  0x00000000098f3000 JavaThread "C2 CompilerThread0" daemon [_thread_blocked, id=8652, stack(0x000000000ae80000,0x000000000af80000)]
  0x00000000098f2000 JavaThread "Attach Listener" daemon [_thread_blocked, id=6980, stack(0x000000000ad80000,0x000000000ae80000)]
  0x00000000098ee800 JavaThread "Signal Dispatcher" daemon [_thread_blocked, id=6296, stack(0x000000000ac80000,0x000000000ad80000)]
  0x00000000098ba800 JavaThread "Finalizer" daemon [_thread_blocked, id=3572, stack(0x000000000ab80000,0x000000000ac80000)]
  0x00000000098b1800 JavaThread "Reference Handler" daemon [_thread_blocked, id=240, stack(0x000000000aa80000,0x000000000ab80000)]

Other Threads:
  0x00000000098af000 VMThread [stack: 0x000000000a980000,0x000000000aa80000] [id=7700]
  0x0000000009911000 WatcherThread [stack: 0x000000000b180000,0x000000000b280000] [id=8636]

VM state:not at safepoint (normal execution)

VM Mutex/Monitor currently owned by a thread: None

Heap
 PSYoungGen      total 28672K, used 11587K [0x00000000e0a00000, 0x00000000e2980000, 0x0000000100000000)
  eden space 25088K, 46% used [0x00000000e0a00000,0x00000000e1550c88,0x00000000e2280000)
  from space 3584K, 0% used [0x00000000e2600000,0x00000000e2600000,0x00000000e2980000)
  to   space 3584K, 0% used [0x00000000e2280000,0x00000000e2280000,0x00000000e2600000)
 ParOldGen       total 64000K, used 0K [0x00000000a1e00000, 0x00000000a5c80000, 0x00000000e0a00000)
  object space 64000K, 0% used [0x00000000a1e00000,0x00000000a1e00000,0x00000000a5c80000)
 PSPermGen       total 21504K, used 11014K [0x000000009cc00000, 0x000000009e100000, 0x00000000a1e00000)
  object space 21504K, 51% used [0x000000009cc00000,0x000000009d6c18e0,0x000000009e100000)

Card table byte_map: [0x0000000005990000,0x0000000005cb0000] byte_map_base: 0x00000000054aa000

Polling page: 0x0000000000df0000

Code Cache  [0x00000000028d0000, 0x0000000002b40000, 0x00000000058d0000)
 total_blobs=464 nmethods=37 adapters=379 free_code_cache=48592Kb largest_free_block=49727808

Compilation events (10 events):
Event: 6.103 Thread 0x00000000098f9000 nmethod 29 0x0000000002955850 code [0x0000000002955980, 0x00000000029559d8]
Event: 6.104 Thread 0x00000000098f3000 nmethod 30 0x0000000002957890 code [0x00000000029579c0, 0x0000000002957a18]
Event: 6.132 Thread 0x00000000098f9000   31             java.util.HashMap::getEntry (86 bytes)
Event: 6.142 Thread 0x00000000098f9000 nmethod 31 0x0000000002957310 code [0x0000000002957480, 0x0000000002957688]
Event: 6.702 Thread 0x00000000098f3000   32             java.awt.Component::getTreeLock (4 bytes)
Event: 6.703 Thread 0x00000000098f3000 nmethod 32 0x0000000002957110 code [0x0000000002957240, 0x0000000002957298]
Event: 7.186 Thread 0x00000000098f9000   34             java.util.HashMap::get (29 bytes)
Event: 7.202 Thread 0x00000000098f9000 nmethod 34 0x000000000295e7d0 code [0x000000000295e940, 0x000000000295ebc8]
Event: 7.296 Thread 0x00000000098f3000   35             sun.awt.SunToolkit::getContainingWindow (24 bytes)
Event: 7.300 Thread 0x00000000098f3000 nmethod 35 0x0000000002956a50 code [0x0000000002956ba0, 0x0000000002956c58]

GC Heap History (0 events):
No events

Deoptimization events (0 events):
No events

Internal exceptions (10 events):
Event: 3.548 Thread 0x000000000b405800 Threw 0x00000000e0dfd538 at C:\re\jdk7u45\229\hotspot\src\share\vm\prims\jvm.cpp:1244
Event: 3.554 Thread 0x000000000b405800 Threw 0x00000000e0e02670 at C:\re\jdk7u45\229\hotspot\src\share\vm\prims\jvm.cpp:1244
Event: 3.557 Thread 0x000000000b405800 Threw 0x00000000e0e03b78 at C:\re\jdk7u45\229\hotspot\src\share\vm\prims\jvm.cpp:1244
Event: 3.559 Thread 0x000000000b405800 Threw 0x00000000e0e058b0 at C:\re\jdk7u45\229\hotspot\src\share\vm\prims\jvm.cpp:1244
Event: 3.564 Thread 0x000000000b405800 Threw 0x00000000e0e08870 at C:\re\jdk7u45\229\hotspot\src\share\vm\prims\jvm.cpp:1244
Event: 3.570 Thread 0x00000000027d0800 Threw 0x00000000e104ddb8 at C:\re\jdk7u45\229\hotspot\src\share\vm\prims\jvm.cpp:1244
Event: 3.719 Thread 0x000000000b405800 Threw 0x00000000e0e53f68 at C:\re\jdk7u45\229\hotspot\src\share\vm\prims\jvm.cpp:1244
Event: 3.766 Thread 0x000000000b405800 Threw 0x00000000e0e68428 at C:\re\jdk7u45\229\hotspot\src\share\vm\prims\jvm.cpp:1244
Event: 3.795 Thread 0x000000000b405800 Threw 0x00000000e1267308 at C:\re\jdk7u45\229\hotspot\src\share\vm\prims\jvm.cpp:1244
Event: 4.428 Thread 0x000000000b546000 Threw 0x00000000e10660f0 at C:\re\jdk7u45\229\hotspot\src\share\vm\prims\jvm.cpp:1244

Events (10 events):
Event: 5.456 loading class 0x0000000002842a60
Event: 5.457 loading class 0x0000000002842a60 done
Event: 5.457 loading class 0x000000000b60a300
Event: 5.457 loading class 0x000000000b60a300 done
Event: 5.485 loading class 0x000000000b2f4250
Event: 5.485 loading class 0x000000000b2f4250 done
Event: 5.487 loading class 0x000000000b5c6b10
Event: 5.487 loading class 0x000000000b5c6b10 done
Event: 5.487 loading class 0x000000000b5c6b90
Event: 5.487 loading class 0x000000000b5c6b90 done


Dynamic libraries:
0x00007ff7c59a0000 - 0x00007ff7c59d3000 	C:\Program Files\Java\jre7\bin\javaw.exe
0x00007fff028c0000 - 0x00007fff02a6a000 	C:\WINDOWS\SYSTEM32\ntdll.dll
0x00007fff01240000 - 0x00007fff0137a000 	C:\WINDOWS\system32\KERNEL32.DLL
0x00007fff00030000 - 0x00007fff0013f000 	C:\WINDOWS\system32\KERNELBASE.dll
0x00007ffefe480000 - 0x00007ffefe508000 	C:\WINDOWS\system32\apphelp.dll
0x00007ffef3ed0000 - 0x00007ffef3f1f000 	C:\WINDOWS\AppPatch\AppPatch64\AcGenral.DLL
0x00007fff00550000 - 0x00007fff005f7000 	C:\WINDOWS\system32\msvcrt.dll
0x00007ffeffa10000 - 0x00007ffeffa3b000 	C:\WINDOWS\SYSTEM32\SspiCli.dll
0x00007fff02860000 - 0x00007fff028b1000 	C:\WINDOWS\system32\SHLWAPI.dll
0x00007fff00140000 - 0x00007fff002b1000 	C:\WINDOWS\system32\USER32.dll
0x00007fff00780000 - 0x00007fff008f8000 	C:\WINDOWS\system32\ole32.dll
0x00007fff01380000 - 0x00007fff02796000 	C:\WINDOWS\system32\SHELL32.dll
0x00007ffeff2a0000 - 0x00007ffeff2be000 	C:\WINDOWS\SYSTEM32\USERENV.dll
0x00007fff004a0000 - 0x00007fff00545000 	C:\WINDOWS\system32\ADVAPI32.dll
0x00007ffefdc40000 - 0x00007ffefdc5b000 	C:\WINDOWS\SYSTEM32\MPR.dll
0x00007fff00cd0000 - 0x00007fff00e06000 	C:\WINDOWS\system32\RPCRT4.dll
0x00007fff00c70000 - 0x00007fff00cc7000 	C:\WINDOWS\SYSTEM32\sechost.dll
0x00007fff002c0000 - 0x00007fff00496000 	C:\WINDOWS\SYSTEM32\combase.dll
0x00007fff00610000 - 0x00007fff00755000 	C:\WINDOWS\system32\GDI32.dll
0x00007ffeffc30000 - 0x00007ffeffc44000 	C:\WINDOWS\SYSTEM32\profapi.dll
0x00007ffefcb70000 - 0x00007ffefcc0f000 	C:\WINDOWS\SYSTEM32\SHCORE.dll
0x00007fff009c0000 - 0x00007fff009f4000 	C:\WINDOWS\system32\IMM32.DLL
0x00007fff00eb0000 - 0x00007fff00fe9000 	C:\WINDOWS\system32\MSCTF.dll
0x00007ffefb7b0000 - 0x00007ffefba0a000 	C:\WINDOWS\WinSxS\amd64_microsoft.windows.common-controls_6595b64144ccf1df_6.0.9600.17031_none_6242a4b3ecbb55a1\COMCTL32.dll
0x0000000060f40000 - 0x0000000061012000 	C:\Program Files\Java\jre7\bin\msvcr100.dll
0x0000000060770000 - 0x0000000060f39000 	C:\Program Files\Java\jre7\bin\server\jvm.dll
0x00007ffeeb370000 - 0x00007ffeeb379000 	C:\WINDOWS\SYSTEM32\WSOCK32.dll
0x00007ffefbc30000 - 0x00007ffefbc4f000 	C:\WINDOWS\SYSTEM32\WINMM.dll
0x00007fff027a0000 - 0x00007fff027a7000 	C:\WINDOWS\system32\PSAPI.DLL
0x00007fff00960000 - 0x00007fff009b8000 	C:\WINDOWS\system32\WS2_32.dll
0x00007ffefbc00000 - 0x00007ffefbc2a000 	C:\WINDOWS\SYSTEM32\WINMMBASE.dll
0x00007fff00ac0000 - 0x00007fff00ac9000 	C:\WINDOWS\system32\NSI.dll
0x00007ffeffe00000 - 0x00007ffeffe4a000 	C:\WINDOWS\SYSTEM32\cfgmgr32.dll
0x00007ffefead0000 - 0x00007ffefeaf6000 	C:\WINDOWS\SYSTEM32\DEVOBJ.dll
0x0000000060760000 - 0x000000006076f000 	C:\Program Files\Java\jre7\bin\verify.dll
0x0000000060730000 - 0x0000000060758000 	C:\Program Files\Java\jre7\bin\java.dll
0x0000000060710000 - 0x0000000060725000 	C:\Program Files\Java\jre7\bin\zip.dll
0x00007ffef7220000 - 0x00007ffef7231000 	C:\Windows\xboxcontroller64.dll
0x00007ffefd880000 - 0x00007ffefd888000 	C:\WINDOWS\SYSTEM32\XINPUT9_1_0.dll
0x0000000062400000 - 0x0000000062498000 	C:\WINDOWS\SYSTEM32\MSVCP100.dll
0x00007ffefe920000 - 0x00007ffefea41000 	C:\WINDOWS\system32\uxtheme.dll
0x00007ffefc9a0000 - 0x00007ffefc9c0000 	C:\WINDOWS\system32\dwmapi.dll
0x00007ffefd610000 - 0x00007ffefd61d000 	C:\WINDOWS\SYSTEM32\XInput1_4.dll
0x0000000060530000 - 0x00000000606c5000 	C:\Program Files\Java\jre7\bin\awt.dll
0x00007fff00a00000 - 0x00007fff00ab7000 	C:\WINDOWS\system32\OLEAUT32.dll
0x00007ffefeb00000 - 0x00007ffefeb0a000 	C:\WINDOWS\SYSTEM32\kernel.appcore.dll
0x00007ffeffaa0000 - 0x00007ffeffaaa000 	C:\WINDOWS\SYSTEM32\CRYPTBASE.dll
0x00007ffeffa40000 - 0x00007ffeffaa0000 	C:\WINDOWS\SYSTEM32\bcryptPrimitives.dll
0x00000000604e0000 - 0x0000000060526000 	C:\Program Files\Java\jre7\bin\fontmanager.dll
0x00000000606f0000 - 0x0000000060709000 	C:\Program Files\Java\jre7\bin\net.dll
0x00007ffeff590000 - 0x00007ffeff5e8000 	C:\WINDOWS\system32\mswsock.dll
0x00000000606d0000 - 0x00000000606e1000 	C:\Program Files\Java\jre7\bin\nio.dll
0x0000000060490000 - 0x00000000604d1000 	C:\Program Files\Java\jre7\bin\t2k.dll
0x0000000180000000 - 0x0000000180025000 	C:\Windows\rxtxSerial.dll
0x00007fff027b0000 - 0x00007fff02854000 	C:\WINDOWS\SYSTEM32\clbcatq.dll
0x00007ffefcfe0000 - 0x00007ffefd173000 	C:\WINDOWS\SYSTEM32\WindowsCodecs.dll
0x00007ffeff5f0000 - 0x00007ffeff60e000 	C:\WINDOWS\SYSTEM32\CRYPTSP.dll
0x00007ffeff0c0000 - 0x00007ffeff0f5000 	C:\WINDOWS\system32\rsaenh.dll
0x00007ffeff720000 - 0x00007ffeff746000 	C:\WINDOWS\SYSTEM32\bcrypt.dll
0x00007ffefe0b0000 - 0x00007ffefe238000 	C:\WINDOWS\SYSTEM32\dbghelp.dll

VM Arguments:
jvm_args: -Dfile.encoding=Cp1252 
java_command: code.ServerMain
Launcher Type: SUN_STANDARD

Environment Variables:
CLASSPATH=C:\Program Files\Java\jdk1.7.0_45\bin
PATH=c:\Program Files (x86)\Intel\iCLS Client\;c:\Program Files\Intel\iCLS Client\;C:\WINDOWS\system32;C:\WINDOWS;C:\WINDOWS\System32\Wbem;C:\WINDOWS\System32\WindowsPowerShell\v1.0\;C:\Program Files\Intel\Intel(R) Management Engine Components\DAL;C:\Program Files\Intel\Intel(R) Management Engine Components\IPT;C:\Program Files (x86)\Intel\Intel(R) Management Engine Components\DAL;C:\Program Files (x86)\Intel\Intel(R) Management Engine Components\IPT;C:\Program Files (x86)\Windows Live\Shared;C:\Program Files (x86)\QuickTime\QTSystem\;C:\Program Files (x86)\Windows Kits\8.0\Windows Performance Toolkit\;C:\Program Files\Microsoft SQL Server\110\Tools\Binn\;C:\Program Files\Java\jdk1.7.0_45\bin;C:\Program Files (x86)\KDiff3
USERNAME=Dallin
OS=Windows_NT
PROCESSOR_IDENTIFIER=Intel64 Family 6 Model 58 Stepping 9, GenuineIntel



---------------  S Y S T E M  ---------------

OS: Windows 8 , 64 bit Build 9200 

CPU:total 4 (2 cores per cpu, 2 threads per core) family 6 model 58 stepping 9, cmov, cx8, fxsr, mmx, sse, sse2, sse3, ssse3, sse4.1, sse4.2, popcnt, avx, erms, ht, tsc, tscinvbit, tscinv

Memory: 4k page, physical 6161688k(2470664k free), swap 8193304k(3084160k free)

vm_info: Java HotSpot(TM) 64-Bit Server VM (24.45-b08) for windows-amd64 JRE (1.7.0_45-b18), built on Oct  8 2013 05:47:22 by "java_re" with unknown MS VC++:1600

time: Mon May 26 21:19:13 2014
elapsed time: 7 seconds

