#
# A fatal error has been detected by the Java Runtime Environment:
#
#  EXCEPTION_ACCESS_VIOLATION (0xc0000005) at pc=0x00007ffefab46006, pid=5460, tid=3544
#
# JRE version: Java(TM) SE Runtime Environment (7.0_45-b18) (build 1.7.0_45-b18)
# Java VM: Java HotSpot(TM) 64-Bit Server VM (24.45-b08 mixed mode windows-amd64 compressed oops)
# Problematic frame:
# C  [xboxcontroller64.dll+0x6006]
#
# Failed to write core dump. Minidumps are not enabled by default on client versions of Windows
#
# If you would like to submit a bug report, please visit:
#   http://bugreport.sun.com/bugreport/crash.jsp
# The crash happened outside the Java Virtual Machine in native code.
# See problematic frame for where to report the bug.
#

---------------  T H R E A D  ---------------

Current thread (0x000000000af22000):  JavaThread "AWT-EventQueue-0" [_thread_in_native, id=3544, stack(0x000000000bb60000,0x000000000bc60000)]

siginfo: ExceptionCode=0xc0000005, reading address 0x0000000000000694

Registers:
RAX=0x000000000b172a50, RBX=0x0000000000000009, RCX=0x00000000023f09e8, RDX=0x0000000009410f70
RSP=0x000000000bc5de60, RBP=0x00000000000003e8, RSI=0x0000000000000009, RDI=0x00000000023ece90
R8 =0x0000000000000000, R9 =0x0000000000000009, R10=0x0000000000000004, R11=0x000000006094f900
R12=0x0000000000000000, R13=0x000000009d5a5038, R14=0x000000000bc5df70, R15=0x000000000af22000
RIP=0x00007ffefab46006, EFLAGS=0x0000000000010246

Top of Stack: (sp=0x000000000bc5de60)
0x000000000bc5de60:   00000000024f6274 0000000002503958
0x000000000bc5de70:   0000000009465200 000000000af22000
0x000000000bc5de80:   000000000b172a50 0000000009466a60
0x000000000bc5de90:   00000000024f6274 0000000002503acf
0x000000000bc5dea0:   000000000bc5df38 000000009d5a5038
0x000000000bc5deb0:   000000009d365f88 0000000000000000
0x000000000bc5dec0:   0000000000000000 000000000af22000
0x000000000bc5ded0:   000000000bc5dfd0 000000000250e103
0x000000000bc5dee0:   00000000024f5410 0000000000000019
0x000000000bc5def0:   00000000e22cb4a0 000000000bc5dee8
0x000000000bc5df00:   000000009d5a5038 000000000bc5df70
0x000000000bc5df10:   000000009d5aa1e0 0000000000000000
0x000000000bc5df20:   000000009d5a5038 0000000000000000
0x000000000bc5df30:   000000000bc5df58 000000000bc5dfb8
0x000000000bc5df40:   00000000024f6274 0000000000000000
0x000000000bc5df50:   00000000024ff0d6 0000000000000009 

Instructions: (pc=0x00007ffefab46006)
0x00007ffefab45fe6:   48 63 57 68 48 8b 47 30 3b de 48 8d 14 50 0f 4c
0x00007ffefab45ff6:   f3 45 33 c0 48 89 54 24 20 48 8b 57 10 44 8b ce
0x00007ffefab46006:   41 ff 92 90 06 00 00 01 77 68 8b 47 68 3b 47 5c
0x00007ffefab46016:   75 05 33 c0 89 47 68 29 77 6c 8b c6 48 8b 6c 24 


Register to memory mapping:

RAX=0x000000000b172a50 is an unknown value
RBX=0x0000000000000009 is an unknown value
RCX=0x00000000023f09e8 is an unknown value
RDX=0x0000000009410f70 is a global jni handle
RSP=0x000000000bc5de60 is pointing into the stack for thread: 0x000000000af22000
RBP=0x00000000000003e8 is an unknown value
RSI=0x0000000000000009 is an unknown value
RDI=0x00000000023ece90 is an unknown value
R8 =0x0000000000000000 is an unknown value
R9 =0x0000000000000009 is an unknown value
R10=0x0000000000000004 is an unknown value
R11=0x000000006094f900 is an unknown value
R12=0x0000000000000000 is an unknown value
R13=0x000000009d5a5038 is an oop
{method} 
 - klass: {other class}
R14=0x000000000bc5df70 is pointing into the stack for thread: 0x000000000af22000
R15=0x000000000af22000 is a thread


Stack: [0x000000000bb60000,0x000000000bc60000],  sp=0x000000000bc5de60,  free space=1015k
Native frames: (J=compiled Java code, j=interpreted, Vv=VM code, C=native code)
C  [xboxcontroller64.dll+0x6006]

[error occurred during error reporting (printing native stack), id 0xc0000005]

Java frames: (J=compiled Java code, j=interpreted, Vv=VM code)
j  ch.aplu.jaw.NativeHandler.nativeReadBuf(JI)I+0
j  ch.aplu.jaw.NativeHandler.readBuf(I)I+33
j  ch.aplu.xboxcontroller.XboxController.readData()Lch/aplu/xboxcontroller/ControllerState;+15
j  ch.aplu.xboxcontroller.XboxController.access$000(Lch/aplu/xboxcontroller/XboxController;)Lch/aplu/xboxcontroller/ControllerState;+1
j  ch.aplu.xboxcontroller.XboxController$1.actionPerformed(Ljava/awt/event/ActionEvent;)V+4
j  javax.swing.Timer.fireActionPerformed(Ljava/awt/event/ActionEvent;)V+35
j  javax.swing.Timer$DoPostEvent.run()V+74
j  java.awt.event.InvocationEvent.dispatch()V+47
j  java.awt.EventQueue.dispatchEventImpl(Ljava/awt/AWTEvent;Ljava/lang/Object;)V+21
j  java.awt.EventQueue.access$200(Ljava/awt/EventQueue;Ljava/awt/AWTEvent;Ljava/lang/Object;)V+3
j  java.awt.EventQueue$3.run()Ljava/lang/Void;+12
j  java.awt.EventQueue$3.run()Ljava/lang/Object;+1
v  ~StubRoutines::call_stub
j  java.security.AccessController.doPrivileged(Ljava/security/PrivilegedAction;Ljava/security/AccessControlContext;)Ljava/lang/Object;+0
j  java.security.ProtectionDomain$1.doIntersectionPrivilege(Ljava/security/PrivilegedAction;Ljava/security/AccessControlContext;Ljava/security/AccessControlContext;)Ljava/lang/Object;+28
j  java.awt.EventQueue.dispatchEvent(Ljava/awt/AWTEvent;)V+46
j  java.awt.EventDispatchThread.pumpOneEventForFilters(I)V+245
j  java.awt.EventDispatchThread.pumpEventsForFilter(ILjava/awt/Conditional;Ljava/awt/EventFilter;)V+35
j  java.awt.EventDispatchThread.pumpEventsForHierarchy(ILjava/awt/Conditional;Ljava/awt/Component;)V+11
j  java.awt.EventDispatchThread.pumpEvents(ILjava/awt/Conditional;)V+4
j  java.awt.EventDispatchThread.pumpEvents(Ljava/awt/Conditional;)V+3
j  java.awt.EventDispatchThread.run()V+9
v  ~StubRoutines::call_stub

---------------  P R O C E S S  ---------------

Java Threads: ( => current thread )
  0x000000000bc60800 JavaThread "DestroyJavaVM" [_thread_blocked, id=5216, stack(0x0000000002210000,0x0000000002310000)]
  0x000000000b152000 JavaThread "Display" [_thread_in_Java, id=6752, stack(0x000000000d500000,0x000000000d600000)]
  0x000000000afd4000 JavaThread "UDP Broadcast Thread" [_thread_blocked, id=7984, stack(0x000000000d400000,0x000000000d500000)]
  0x000000000afd3800 JavaThread "Rover Input Thread" [_thread_in_native, id=1924, stack(0x000000000d300000,0x000000000d400000)]
  0x000000000afcf800 JavaThread "Thread-3" [_thread_in_native, id=6996, stack(0x000000000d1a0000,0x000000000d2a0000)]
  0x000000000b0e8800 JavaThread "TimerQueue" daemon [_thread_blocked, id=4004, stack(0x000000000d080000,0x000000000d180000)]
  0x000000000b16d000 JavaThread "Thread-2" [_thread_in_native, id=7452, stack(0x000000000cc70000,0x000000000cd70000)]
=>0x000000000af22000 JavaThread "AWT-EventQueue-0" [_thread_in_native, id=3544, stack(0x000000000bb60000,0x000000000bc60000)]
  0x000000000ae7f000 JavaThread "AWT-Windows" daemon [_thread_in_native, id=5568, stack(0x000000000b650000,0x000000000b750000)]
  0x000000000ae7c000 JavaThread "AWT-Shutdown" [_thread_blocked, id=4336, stack(0x000000000b550000,0x000000000b650000)]
  0x000000000ae7b800 JavaThread "Java2D Disposer" daemon [_thread_blocked, id=7140, stack(0x000000000b450000,0x000000000b550000)]
  0x0000000009464000 JavaThread "Service Thread" daemon [_thread_blocked, id=7260, stack(0x000000000abc0000,0x000000000acc0000)]
  0x0000000009460800 JavaThread "C2 CompilerThread1" daemon [_thread_in_native, id=1664, stack(0x000000000aac0000,0x000000000abc0000)]
  0x0000000009453000 JavaThread "C2 CompilerThread0" daemon [_thread_blocked, id=7256, stack(0x000000000a9c0000,0x000000000aac0000)]
  0x0000000009452000 JavaThread "Attach Listener" daemon [_thread_blocked, id=5164, stack(0x000000000a8c0000,0x000000000a9c0000)]
  0x000000000944e800 JavaThread "Signal Dispatcher" daemon [_thread_blocked, id=2492, stack(0x000000000a7c0000,0x000000000a8c0000)]
  0x000000000941a800 JavaThread "Finalizer" daemon [_thread_blocked, id=8096, stack(0x000000000a6c0000,0x000000000a7c0000)]
  0x0000000009411800 JavaThread "Reference Handler" daemon [_thread_blocked, id=7724, stack(0x000000000a5c0000,0x000000000a6c0000)]

Other Threads:
  0x000000000940f000 VMThread [stack: 0x000000000a4c0000,0x000000000a5c0000] [id=3008]
  0x0000000009471000 WatcherThread [stack: 0x000000000acc0000,0x000000000adc0000] [id=5336]

VM state:not at safepoint (normal execution)

VM Mutex/Monitor currently owned by a thread: None

Heap
 PSYoungGen      total 28672K, used 5664K [0x00000000e0a00000, 0x00000000e2980000, 0x0000000100000000)
  eden space 25088K, 10% used [0x00000000e0a00000,0x00000000e0c9f5d0,0x00000000e2280000)
  from space 3584K, 83% used [0x00000000e2280000,0x00000000e2568d20,0x00000000e2600000)
  to   space 3584K, 0% used [0x00000000e2600000,0x00000000e2600000,0x00000000e2980000)
 ParOldGen       total 64000K, used 1816K [0x00000000a1e00000, 0x00000000a5c80000, 0x00000000e0a00000)
  object space 64000K, 2% used [0x00000000a1e00000,0x00000000a1fc6258,0x00000000a5c80000)
 PSPermGen       total 21504K, used 11746K [0x000000009cc00000, 0x000000009e100000, 0x00000000a1e00000)
  object space 21504K, 54% used [0x000000009cc00000,0x000000009d778b28,0x000000009e100000)

Card table byte_map: [0x00000000054f0000,0x0000000005810000] byte_map_base: 0x000000000500a000

Polling page: 0x0000000000a00000

Code Cache  [0x00000000024f0000, 0x0000000002760000, 0x00000000054f0000)
 total_blobs=845 nmethods=408 adapters=387 free_code_cache=47783Kb largest_free_block=48909376

Compilation events (10 events):
Event: 9.084 Thread 0x0000000009453000  405             java.awt.Rectangle::setBounds (21 bytes)
Event: 9.084 Thread 0x0000000009460800 nmethod 403 0x000000000263b890 code [0x000000000263b9c0, 0x000000000263ba18]
Event: 9.086 Thread 0x0000000009453000 nmethod 405 0x000000000263b650 code [0x000000000263b780, 0x000000000263b7f8]
Event: 9.195 Thread 0x0000000009460800  406             sun.java2d.SunGraphics2D::transformShape (97 bytes)
Event: 9.195 Thread 0x0000000009453000  407             sun.java2d.SunGraphics2D::transformShape (36 bytes)
Event: 9.204 Thread 0x0000000009460800 nmethod 406 0x000000000263cfd0 code [0x000000000263d120, 0x000000000263d2d8]
Event: 9.207 Thread 0x0000000009453000 nmethod 407 0x000000000263cb10 code [0x000000000263cc60, 0x000000000263ce68]
Event: 9.260 Thread 0x0000000009460800  408             java.awt.Container::validateTree (153 bytes)
Event: 9.279 Thread 0x0000000009453000  409             java.awt.Component::isPreferredSizeSet (5 bytes)
Event: 9.280 Thread 0x0000000009453000 nmethod 409 0x000000000263b410 code [0x000000000263b540, 0x000000000263b598]

GC Heap History (6 events):
Event: 6.765 GC heap before
{Heap before GC invocations=1 (full 0):
 PSYoungGen      total 28672K, used 25088K [0x00000000e0a00000, 0x00000000e2980000, 0x0000000100000000)
  eden space 25088K, 100% used [0x00000000e0a00000,0x00000000e2280000,0x00000000e2280000)
  from space 3584K, 0% used [0x00000000e2600000,0x00000000e2600000,0x00000000e2980000)
  to   space 3584K, 0% used [0x00000000e2280000,0x00000000e2280000,0x00000000e2600000)
 ParOldGen       total 64000K, used 0K [0x00000000a1e00000, 0x00000000a5c80000, 0x00000000e0a00000)
  object space 64000K, 0% used [0x00000000a1e00000,0x00000000a1e00000,0x00000000a5c80000)
 PSPermGen       total 21504K, used 11658K [0x000000009cc00000, 0x000000009e100000, 0x00000000a1e00000)
  object space 21504K, 54% used [0x000000009cc00000,0x000000009d762958,0x000000009e100000)
Event: 6.784 GC heap after
Heap after GC invocations=1 (full 0):
 PSYoungGen      total 28672K, used 3567K [0x00000000e0a00000, 0x00000000e2980000, 0x0000000100000000)
  eden space 25088K, 0% used [0x00000000e0a00000,0x00000000e0a00000,0x00000000e2280000)
  from space 3584K, 99% used [0x00000000e2280000,0x00000000e25fbd48,0x00000000e2600000)
  to   space 3584K, 0% used [0x00000000e2600000,0x00000000e2600000,0x00000000e2980000)
 ParOldGen       total 64000K, used 432K [0x00000000a1e00000, 0x00000000a5c80000, 0x00000000e0a00000)
  object space 64000K, 0% used [0x00000000a1e00000,0x00000000a1e6c208,0x00000000a5c80000)
 PSPermGen       total 21504K, used 11658K [0x000000009cc00000, 0x000000009e100000, 0x00000000a1e00000)
  object space 21504K, 54% used [0x000000009cc00000,0x000000009d762958,0x000000009e100000)
}
Event: 8.467 GC heap before
{Heap before GC invocations=2 (full 0):
 PSYoungGen      total 28672K, used 28655K [0x00000000e0a00000, 0x00000000e2980000, 0x0000000100000000)
  eden space 25088K, 100% used [0x00000000e0a00000,0x00000000e2280000,0x00000000e2280000)
  from space 3584K, 99% used [0x00000000e2280000,0x00000000e25fbd48,0x00000000e2600000)
  to   space 3584K, 0% used [0x00000000e2600000,0x00000000e2600000,0x00000000e2980000)
 ParOldGen       total 64000K, used 432K [0x00000000a1e00000, 0x00000000a5c80000, 0x00000000e0a00000)
  object space 64000K, 0% used [0x00000000a1e00000,0x00000000a1e6c208,0x00000000a5c80000)
 PSPermGen       total 21504K, used 11731K [0x000000009cc00000, 0x000000009e100000, 0x00000000a1e00000)
  object space 21504K, 54% used [0x000000009cc00000,0x000000009d774dc8,0x000000009e100000)
Event: 8.484 GC heap after
Heap after GC invocations=2 (full 0):
 PSYoungGen      total 28672K, used 3567K [0x00000000e0a00000, 0x00000000e2980000, 0x0000000100000000)
  eden space 25088K, 0% used [0x00000000e0a00000,0x00000000e0a00000,0x00000000e2280000)
  from space 3584K, 99% used [0x00000000e2600000,0x00000000e297bd68,0x00000000e2980000)
  to   space 3584K, 0% used [0x00000000e2280000,0x00000000e2280000,0x00000000e2600000)
 ParOldGen       total 64000K, used 1808K [0x00000000a1e00000, 0x00000000a5c80000, 0x00000000e0a00000)
  object space 64000K, 2% used [0x00000000a1e00000,0x00000000a1fc4258,0x00000000a5c80000)
 PSPermGen       total 21504K, used 11731K [0x000000009cc00000, 0x000000009e100000, 0x00000000a1e00000)
  object space 21504K, 54% used [0x000000009cc00000,0x000000009d774dc8,0x000000009e100000)
}
Event: 9.280 GC heap before
{Heap before GC invocations=3 (full 0):
 PSYoungGen      total 28672K, used 28655K [0x00000000e0a00000, 0x00000000e2980000, 0x0000000100000000)
  eden space 25088K, 100% used [0x00000000e0a00000,0x00000000e2280000,0x00000000e2280000)
  from space 3584K, 99% used [0x00000000e2600000,0x00000000e297bd68,0x00000000e2980000)
  to   space 3584K, 0% used [0x00000000e2280000,0x00000000e2280000,0x00000000e2600000)
 ParOldGen       total 64000K, used 1808K [0x00000000a1e00000, 0x00000000a5c80000, 0x00000000e0a00000)
  object space 64000K, 2% used [0x00000000a1e00000,0x00000000a1fc4258,0x00000000a5c80000)
 PSPermGen       total 21504K, used 11746K [0x000000009cc00000, 0x000000009e100000, 0x00000000a1e00000)
  object space 21504K, 54% used [0x000000009cc00000,0x000000009d778b28,0x000000009e100000)
Event: 9.292 GC heap after
Heap after GC invocations=3 (full 0):
 PSYoungGen      total 28672K, used 2979K [0x00000000e0a00000, 0x00000000e2980000, 0x0000000100000000)
  eden space 25088K, 0% used [0x00000000e0a00000,0x00000000e0a00000,0x00000000e2280000)
  from space 3584K, 83% used [0x00000000e2280000,0x00000000e2568d20,0x00000000e2600000)
  to   space 3584K, 0% used [0x00000000e2600000,0x00000000e2600000,0x00000000e2980000)
 ParOldGen       total 64000K, used 1816K [0x00000000a1e00000, 0x00000000a5c80000, 0x00000000e0a00000)
  object space 64000K, 2% used [0x00000000a1e00000,0x00000000a1fc6258,0x00000000a5c80000)
 PSPermGen       total 21504K, used 11746K [0x000000009cc00000, 0x000000009e100000, 0x00000000a1e00000)
  object space 21504K, 54% used [0x000000009cc00000,0x000000009d778b28,0x000000009e100000)
}

Deoptimization events (5 events):
Event: 3.784 Thread 0x000000000af22000 Uncommon trap: reason=class_check action=maybe_recompile pc=0x0000000002562d84 method=java.lang.String.equals(Ljava/lang/Object;)Z @ 8
Event: 3.784 Thread 0x000000000af22000 Uncommon trap: reason=class_check action=maybe_recompile pc=0x0000000002562d84 method=java.lang.String.equals(Ljava/lang/Object;)Z @ 8
Event: 3.784 Thread 0x000000000af22000 Uncommon trap: reason=class_check action=maybe_recompile pc=0x0000000002562d84 method=java.lang.String.equals(Ljava/lang/Object;)Z @ 8
Event: 5.779 Thread 0x000000000af22000 Uncommon trap: reason=null_check action=make_not_entrant pc=0x00000000025bd95c method=java.awt.Container.invalidate()V @ 6
Event: 5.992 Thread 0x000000000af22000 Uncommon trap: reason=unreached action=reinterpret pc=0x00000000025a88dc method=java.util.concurrent.ConcurrentHashMap.get(Ljava/lang/Object;)Ljava/lang/Object; @ 89

Internal exceptions (10 events):
Event: 3.988 Thread 0x00000000023f0800 Threw 0x00000000e122db88 at C:\re\jdk7u45\229\hotspot\src\share\vm\prims\jvm.cpp:1244
Event: 3.992 Thread 0x00000000023f0800 Threw 0x00000000e1230b10 at C:\re\jdk7u45\229\hotspot\src\share\vm\prims\jvm.cpp:1244
Event: 3.994 Thread 0x00000000023f0800 Threw 0x00000000e12347c0 at C:\re\jdk7u45\229\hotspot\src\share\vm\prims\jvm.cpp:1244
Event: 3.996 Thread 0x00000000023f0800 Threw 0x00000000e12394a8 at C:\re\jdk7u45\229\hotspot\src\share\vm\prims\jvm.cpp:1244
Event: 3.998 Thread 0x00000000023f0800 Threw 0x00000000e123d3a0 at C:\re\jdk7u45\229\hotspot\src\share\vm\prims\jvm.cpp:1244
Event: 4.010 Thread 0x00000000023f0800 Threw 0x00000000e1240ba8 at C:\re\jdk7u45\229\hotspot\src\share\vm\prims\jvm.cpp:1244
Event: 4.041 Thread 0x00000000023f0800 Threw 0x00000000e124df78 at C:\re\jdk7u45\229\hotspot\src\share\vm\prims\jvm.cpp:1244
Event: 4.069 Thread 0x00000000023f0800 Threw 0x00000000e1255bf8 at C:\re\jdk7u45\229\hotspot\src\share\vm\prims\jvm.cpp:1244
Event: 4.917 Thread 0x000000000afcf800 Threw 0x00000000e1285288 at C:\re\jdk7u45\229\hotspot\src\share\vm\prims\jvm.cpp:1244
Event: 5.779 Thread 0x000000000af22000 Implicit null exception at 0x00000000025bce0e to 0x00000000025bd94d

Events (10 events):
Event: 6.784 Executing VM operation: ParallelGCFailedAllocation done
Event: 6.788 Executing VM operation: RevokeBias
Event: 6.788 Executing VM operation: RevokeBias done
Event: 6.788 Executing VM operation: RevokeBias
Event: 6.788 Executing VM operation: RevokeBias done
Event: 7.716 Thread 0x000000000b0e3000 Thread exited: 0x000000000b0e3000
Event: 8.466 Executing VM operation: ParallelGCFailedAllocation
Event: 8.484 Executing VM operation: ParallelGCFailedAllocation done
Event: 9.280 Executing VM operation: ParallelGCFailedAllocation
Event: 9.292 Executing VM operation: ParallelGCFailedAllocation done


Dynamic libraries:
0x00007ff7c59a0000 - 0x00007ff7c59d3000 	C:\Program Files\Java\jre7\bin\javaw.exe
0x00007fff028c0000 - 0x00007fff02a6a000 	C:\WINDOWS\SYSTEM32\ntdll.dll
0x00007fff01240000 - 0x00007fff0137a000 	C:\WINDOWS\system32\KERNEL32.DLL
0x00007fff00030000 - 0x00007fff0013f000 	C:\WINDOWS\system32\KERNELBASE.dll
0x00007ffefe480000 - 0x00007ffefe508000 	C:\WINDOWS\system32\apphelp.dll
0x00007ffef3ed0000 - 0x00007ffef3f1f000 	C:\WINDOWS\AppPatch\AppPatch64\AcGenral.DLL
0x00007fff00550000 - 0x00007fff005f7000 	C:\WINDOWS\system32\msvcrt.dll
0x00007ffeffa10000 - 0x00007ffeffa3b000 	C:\WINDOWS\SYSTEM32\SspiCli.dll
0x00007fff02860000 - 0x00007fff028b1000 	C:\WINDOWS\system32\SHLWAPI.dll
0x00007fff00140000 - 0x00007fff002b1000 	C:\WINDOWS\system32\USER32.dll
0x00007fff00780000 - 0x00007fff008f8000 	C:\WINDOWS\system32\ole32.dll
0x00007fff01380000 - 0x00007fff02796000 	C:\WINDOWS\system32\SHELL32.dll
0x00007ffeff2a0000 - 0x00007ffeff2be000 	C:\WINDOWS\SYSTEM32\USERENV.dll
0x00007fff004a0000 - 0x00007fff00545000 	C:\WINDOWS\system32\ADVAPI32.dll
0x00007ffefdc40000 - 0x00007ffefdc5b000 	C:\WINDOWS\SYSTEM32\MPR.dll
0x00007fff00cd0000 - 0x00007fff00e06000 	C:\WINDOWS\system32\RPCRT4.dll
0x00007fff00c70000 - 0x00007fff00cc7000 	C:\WINDOWS\SYSTEM32\sechost.dll
0x00007fff002c0000 - 0x00007fff00496000 	C:\WINDOWS\SYSTEM32\combase.dll
0x00007fff00610000 - 0x00007fff00755000 	C:\WINDOWS\system32\GDI32.dll
0x00007ffeffc30000 - 0x00007ffeffc44000 	C:\WINDOWS\SYSTEM32\profapi.dll
0x00007ffefcb70000 - 0x00007ffefcc0f000 	C:\WINDOWS\SYSTEM32\SHCORE.dll
0x00007fff009c0000 - 0x00007fff009f4000 	C:\WINDOWS\system32\IMM32.DLL
0x00007fff00eb0000 - 0x00007fff00fe9000 	C:\WINDOWS\system32\MSCTF.dll
0x00007ffefb7b0000 - 0x00007ffefba0a000 	C:\WINDOWS\WinSxS\amd64_microsoft.windows.common-controls_6595b64144ccf1df_6.0.9600.17031_none_6242a4b3ecbb55a1\COMCTL32.dll
0x0000000060f40000 - 0x0000000061012000 	C:\Program Files\Java\jre7\bin\msvcr100.dll
0x0000000060770000 - 0x0000000060f39000 	C:\Program Files\Java\jre7\bin\server\jvm.dll
0x00007ffeeb370000 - 0x00007ffeeb379000 	C:\WINDOWS\SYSTEM32\WSOCK32.dll
0x00007ffefbc30000 - 0x00007ffefbc4f000 	C:\WINDOWS\SYSTEM32\WINMM.dll
0x00007fff027a0000 - 0x00007fff027a7000 	C:\WINDOWS\system32\PSAPI.DLL
0x00007fff00960000 - 0x00007fff009b8000 	C:\WINDOWS\system32\WS2_32.dll
0x00007ffefbc00000 - 0x00007ffefbc2a000 	C:\WINDOWS\SYSTEM32\WINMMBASE.dll
0x00007fff00ac0000 - 0x00007fff00ac9000 	C:\WINDOWS\system32\NSI.dll
0x00007ffeffe00000 - 0x00007ffeffe4a000 	C:\WINDOWS\SYSTEM32\cfgmgr32.dll
0x00007ffefead0000 - 0x00007ffefeaf6000 	C:\WINDOWS\SYSTEM32\DEVOBJ.dll
0x0000000060760000 - 0x000000006076f000 	C:\Program Files\Java\jre7\bin\verify.dll
0x0000000060730000 - 0x0000000060758000 	C:\Program Files\Java\jre7\bin\java.dll
0x0000000060710000 - 0x0000000060725000 	C:\Program Files\Java\jre7\bin\zip.dll
0x0000000060530000 - 0x00000000606c5000 	C:\Program Files\Java\jre7\bin\awt.dll
0x00007fff00a00000 - 0x00007fff00ab7000 	C:\WINDOWS\system32\OLEAUT32.dll
0x00007ffefc9a0000 - 0x00007ffefc9c0000 	C:\WINDOWS\system32\DWMAPI.DLL
0x00007ffefe920000 - 0x00007ffefea41000 	C:\WINDOWS\system32\uxtheme.dll
0x00007ffefeb00000 - 0x00007ffefeb0a000 	C:\WINDOWS\SYSTEM32\kernel.appcore.dll
0x00007ffeffaa0000 - 0x00007ffeffaaa000 	C:\WINDOWS\SYSTEM32\CRYPTBASE.dll
0x00007ffeffa40000 - 0x00007ffeffaa0000 	C:\WINDOWS\SYSTEM32\bcryptPrimitives.dll
0x00000000604e0000 - 0x0000000060526000 	C:\Program Files\Java\jre7\bin\fontmanager.dll
0x00000000606f0000 - 0x0000000060709000 	C:\Program Files\Java\jre7\bin\net.dll
0x00007ffeff590000 - 0x00007ffeff5e8000 	C:\WINDOWS\system32\mswsock.dll
0x00000000606d0000 - 0x00000000606e1000 	C:\Program Files\Java\jre7\bin\nio.dll
0x0000000060490000 - 0x00000000604d1000 	C:\Program Files\Java\jre7\bin\t2k.dll
0x00007fff027b0000 - 0x00007fff02854000 	C:\WINDOWS\SYSTEM32\clbcatq.dll
0x00007ffefcfe0000 - 0x00007ffefd173000 	C:\WINDOWS\SYSTEM32\WindowsCodecs.dll
0x00007ffeff5f0000 - 0x00007ffeff60e000 	C:\WINDOWS\SYSTEM32\CRYPTSP.dll
0x00007ffeff0c0000 - 0x00007ffeff0f5000 	C:\WINDOWS\system32\rsaenh.dll
0x00007ffeff720000 - 0x00007ffeff746000 	C:\WINDOWS\SYSTEM32\bcrypt.dll
0x00007ffefab40000 - 0x00007ffefab51000 	C:\Windows\xboxcontroller64.dll
0x00007ffefd880000 - 0x00007ffefd888000 	C:\WINDOWS\SYSTEM32\XINPUT9_1_0.dll
0x0000000062400000 - 0x0000000062498000 	C:\WINDOWS\SYSTEM32\MSVCP100.dll
0x00007ffefabb0000 - 0x00007ffefabbd000 	C:\WINDOWS\SYSTEM32\XInput1_4.dll
0x0000000180000000 - 0x0000000180025000 	C:\Windows\rxtxSerial.dll
0x00007ffefe0b0000 - 0x00007ffefe238000 	C:\WINDOWS\SYSTEM32\dbghelp.dll

VM Arguments:
jvm_args: -Dfile.encoding=Cp1252 
java_command: code.ServerMain
Launcher Type: SUN_STANDARD

Environment Variables:
CLASSPATH=C:\Program Files\Java\jdk1.7.0_45\bin
PATH=c:\Program Files (x86)\Intel\iCLS Client\;c:\Program Files\Intel\iCLS Client\;C:\WINDOWS\system32;C:\WINDOWS;C:\WINDOWS\System32\Wbem;C:\WINDOWS\System32\WindowsPowerShell\v1.0\;C:\Program Files\Intel\Intel(R) Management Engine Components\DAL;C:\Program Files\Intel\Intel(R) Management Engine Components\IPT;C:\Program Files (x86)\Intel\Intel(R) Management Engine Components\DAL;C:\Program Files (x86)\Intel\Intel(R) Management Engine Components\IPT;C:\Program Files (x86)\Windows Live\Shared;C:\Program Files (x86)\QuickTime\QTSystem\;C:\Program Files (x86)\Windows Kits\8.0\Windows Performance Toolkit\;C:\Program Files\Microsoft SQL Server\110\Tools\Binn\;C:\Program Files\Java\jdk1.7.0_45\bin;C:\Program Files (x86)\KDiff3
USERNAME=Dallin
OS=Windows_NT
PROCESSOR_IDENTIFIER=Intel64 Family 6 Model 58 Stepping 9, GenuineIntel



---------------  S Y S T E M  ---------------

OS: Windows 8 , 64 bit Build 9200 

CPU:total 4 (2 cores per cpu, 2 threads per core) family 6 model 58 stepping 9, cmov, cx8, fxsr, mmx, sse, sse2, sse3, ssse3, sse4.1, sse4.2, popcnt, avx, erms, ht, tsc, tscinvbit, tscinv

Memory: 4k page, physical 6161688k(2647016k free), swap 8193304k(3540320k free)

vm_info: Java HotSpot(TM) 64-Bit Server VM (24.45-b08) for windows-amd64 JRE (1.7.0_45-b18), built on Oct  8 2013 05:47:22 by "java_re" with unknown MS VC++:1600

time: Mon May 26 16:38:10 2014
elapsed time: 9 seconds

