#
# A fatal error has been detected by the Java Runtime Environment:
#
#  EXCEPTION_ACCESS_VIOLATION (0xc0000005) at pc=0x00007ffef7a46006, pid=5352, tid=4396
#
# JRE version: Java(TM) SE Runtime Environment (7.0_45-b18) (build 1.7.0_45-b18)
# Java VM: Java HotSpot(TM) 64-Bit Server VM (24.45-b08 mixed mode windows-amd64 compressed oops)
# Problematic frame:
# C  [xboxcontroller64.dll+0x6006]
#
# Failed to write core dump. Minidumps are not enabled by default on client versions of Windows
#
# If you would like to submit a bug report, please visit:
#   http://bugreport.sun.com/bugreport/crash.jsp
# The crash happened outside the Java Virtual Machine in native code.
# See problematic frame for where to report the bug.
#

---------------  T H R E A D  ---------------

Current thread (0x000000000ad97000):  JavaThread "AWT-EventQueue-0" [_thread_in_native, id=4396, stack(0x000000000bce0000,0x000000000bde0000)]

siginfo: ExceptionCode=0xc0000005, reading address 0x0000000000003210

Registers:
RAX=0x000000000ac95fc0, RBX=0x0000000000000009, RCX=0x00000000021709e8, RDX=0x0000000009266368
RSP=0x000000000bdde250, RBP=0x00000000000003e8, RSI=0x0000000000000009, RDI=0x000000000216ce10
R8 =0x0000000000000000, R9 =0x0000000000000009, R10=0x0000000000002b80, R11=0x000000006094f900
R12=0x0000000000000000, R13=0x000000009cf2fe50, R14=0x000000000bdde360, R15=0x000000000ad97000
RIP=0x00007ffef7a46006, EFLAGS=0x0000000000010246

Top of Stack: (sp=0x000000000bdde250)
0x000000000bdde250:   0000000002276274 0000000002283958
0x000000000bdde260:   000000000acedc00 000000000ad97000
0x000000000bdde270:   000000000ac95fc0 000000000929feb0
0x000000000bdde280:   0000000002276274 0000000002283acf
0x000000000bdde290:   000000000bdde328 000000009cf2fe50
0x000000000bdde2a0:   000000009d35ad68 0000000000000000
0x000000000bdde2b0:   0000000000000000 000000000ad97000
0x000000000bdde2c0:   000000000bdde3c0 000000000228e103
0x000000000bdde2d0:   0000000002275410 0000000000000001
0x000000000bdde2e0:   00000000e0ab1df0 000000000bdde2d8
0x000000000bdde2f0:   000000009cf2fe50 000000000bdde360
0x000000000bdde300:   000000009cf34ff8 0000000000000000
0x000000000bdde310:   000000009cf2fe50 0000000000000000
0x000000000bdde320:   000000000bdde348 000000000bdde3a8
0x000000000bdde330:   0000000002276274 0000000000000000
0x000000000bdde340:   000000000227f0d6 0000000000000009 

Instructions: (pc=0x00007ffef7a46006)
0x00007ffef7a45fe6:   48 63 57 68 48 8b 47 30 3b de 48 8d 14 50 0f 4c
0x00007ffef7a45ff6:   f3 45 33 c0 48 89 54 24 20 48 8b 57 10 44 8b ce
0x00007ffef7a46006:   41 ff 92 90 06 00 00 01 77 68 8b 47 68 3b 47 5c
0x00007ffef7a46016:   75 05 33 c0 89 47 68 29 77 6c 8b c6 48 8b 6c 24 


Register to memory mapping:

RAX=0x000000000ac95fc0 is an unknown value
RBX=0x0000000000000009 is an unknown value
RCX=0x00000000021709e8 is an unknown value
RDX=0x0000000009266368 is a global jni handle
RSP=0x000000000bdde250 is pointing into the stack for thread: 0x000000000ad97000
RBP=0x00000000000003e8 is an unknown value
RSI=0x0000000000000009 is an unknown value
RDI=0x000000000216ce10 is an unknown value
R8 =0x0000000000000000 is an unknown value
R9 =0x0000000000000009 is an unknown value
R10=0x0000000000002b80 is an unknown value
R11=0x000000006094f900 is an unknown value
R12=0x0000000000000000 is an unknown value
R13=0x000000009cf2fe50 is an oop
{method} 
 - klass: {other class}
R14=0x000000000bdde360 is pointing into the stack for thread: 0x000000000ad97000
R15=0x000000000ad97000 is a thread


Stack: [0x000000000bce0000,0x000000000bde0000],  sp=0x000000000bdde250,  free space=1016k
Native frames: (J=compiled Java code, j=interpreted, Vv=VM code, C=native code)
C  [xboxcontroller64.dll+0x6006]

[error occurred during error reporting (printing native stack), id 0xc0000005]

Java frames: (J=compiled Java code, j=interpreted, Vv=VM code)
j  ch.aplu.jaw.NativeHandler.nativeReadBuf(JI)I+0
j  ch.aplu.jaw.NativeHandler.readBuf(I)I+33
j  ch.aplu.xboxcontroller.XboxController.readData()Lch/aplu/xboxcontroller/ControllerState;+15
j  ch.aplu.xboxcontroller.XboxController.access$000(Lch/aplu/xboxcontroller/XboxController;)Lch/aplu/xboxcontroller/ControllerState;+1
j  ch.aplu.xboxcontroller.XboxController$1.actionPerformed(Ljava/awt/event/ActionEvent;)V+4
j  javax.swing.Timer.fireActionPerformed(Ljava/awt/event/ActionEvent;)V+35
j  javax.swing.Timer$DoPostEvent.run()V+74
j  java.awt.event.InvocationEvent.dispatch()V+47
j  java.awt.EventQueue.dispatchEventImpl(Ljava/awt/AWTEvent;Ljava/lang/Object;)V+21
j  java.awt.EventQueue.access$200(Ljava/awt/EventQueue;Ljava/awt/AWTEvent;Ljava/lang/Object;)V+3
j  java.awt.EventQueue$3.run()Ljava/lang/Void;+12
j  java.awt.EventQueue$3.run()Ljava/lang/Object;+1
v  ~StubRoutines::call_stub
j  java.security.AccessController.doPrivileged(Ljava/security/PrivilegedAction;Ljava/security/AccessControlContext;)Ljava/lang/Object;+0
j  java.security.ProtectionDomain$1.doIntersectionPrivilege(Ljava/security/PrivilegedAction;Ljava/security/AccessControlContext;Ljava/security/AccessControlContext;)Ljava/lang/Object;+28
j  java.awt.EventQueue.dispatchEvent(Ljava/awt/AWTEvent;)V+46
j  java.awt.EventDispatchThread.pumpOneEventForFilters(I)V+245
j  java.awt.EventDispatchThread.pumpEventsForFilter(ILjava/awt/Conditional;Ljava/awt/EventFilter;)V+35
j  java.awt.EventDispatchThread.pumpEventsForHierarchy(ILjava/awt/Conditional;Ljava/awt/Component;)V+11
j  java.awt.EventDispatchThread.pumpEvents(ILjava/awt/Conditional;)V+4
j  java.awt.EventDispatchThread.pumpEvents(Ljava/awt/Conditional;)V+3
j  java.awt.EventDispatchThread.run()V+9
v  ~StubRoutines::call_stub

---------------  P R O C E S S  ---------------

Java Threads: ( => current thread )
  0x000000000c4fd800 JavaThread "DestroyJavaVM" [_thread_blocked, id=8824, stack(0x0000000002030000,0x0000000002130000)]
  0x000000000c4f9800 JavaThread "Display" [_thread_in_Java, id=8864, stack(0x000000000ce80000,0x000000000cf80000)]
  0x000000000c4e9000 JavaThread "UDP Broadcast Thread" [_thread_blocked, id=6396, stack(0x000000000cd80000,0x000000000ce80000)]
  0x000000000ae7a000 JavaThread "Rover Input Thread" [_thread_in_native, id=4936, stack(0x000000000cc80000,0x000000000cd80000)]
  0x000000000ae87800 JavaThread "Thread-3" [_thread_in_native, id=8860, stack(0x000000000c2c0000,0x000000000c3c0000)]
  0x000000000ae86800 JavaThread "TimerQueue" daemon [_thread_blocked, id=8588, stack(0x000000000c1c0000,0x000000000c2c0000)]
=>0x000000000ad97000 JavaThread "AWT-EventQueue-0" [_thread_in_native, id=4396, stack(0x000000000bce0000,0x000000000bde0000)]
  0x000000000ac9d800 JavaThread "AWT-Windows" daemon [_thread_in_native, id=7148, stack(0x000000000b6d0000,0x000000000b7d0000)]
  0x000000000ac9a800 JavaThread "AWT-Shutdown" [_thread_blocked, id=8196, stack(0x000000000b5d0000,0x000000000b6d0000)]
  0x000000000ac9a000 JavaThread "Java2D Disposer" daemon [_thread_blocked, id=7032, stack(0x000000000b4d0000,0x000000000b5d0000)]
  0x000000000930b000 JavaThread "Thread-0" [_thread_in_native, id=3196, stack(0x000000000b010000,0x000000000b110000)]
  0x00000000092a1800 JavaThread "Service Thread" daemon [_thread_blocked, id=9068, stack(0x000000000aa10000,0x000000000ab10000)]
  0x0000000009296800 JavaThread "C2 CompilerThread1" daemon [_thread_blocked, id=7692, stack(0x000000000a910000,0x000000000aa10000)]
  0x0000000009295000 JavaThread "C2 CompilerThread0" daemon [_thread_blocked, id=8328, stack(0x000000000a810000,0x000000000a910000)]
  0x0000000009292000 JavaThread "Attach Listener" daemon [_thread_blocked, id=4812, stack(0x000000000a710000,0x000000000a810000)]
  0x000000000928e800 JavaThread "Signal Dispatcher" daemon [_thread_blocked, id=4240, stack(0x000000000a610000,0x000000000a710000)]
  0x000000000925a800 JavaThread "Finalizer" daemon [_thread_blocked, id=7964, stack(0x000000000a510000,0x000000000a610000)]
  0x0000000009251800 JavaThread "Reference Handler" daemon [_thread_blocked, id=8212, stack(0x000000000a410000,0x000000000a510000)]

Other Threads:
  0x000000000924f000 VMThread [stack: 0x000000000a310000,0x000000000a410000] [id=7400]
  0x00000000092ba000 WatcherThread [stack: 0x000000000ab10000,0x000000000ac10000] [id=4944]

VM state:not at safepoint (normal execution)

VM Mutex/Monitor currently owned by a thread: None

Heap
 PSYoungGen      total 28672K, used 11085K [0x00000000e0a00000, 0x00000000e2980000, 0x0000000100000000)
  eden space 25088K, 44% used [0x00000000e0a00000,0x00000000e14d3478,0x00000000e2280000)
  from space 3584K, 0% used [0x00000000e2600000,0x00000000e2600000,0x00000000e2980000)
  to   space 3584K, 0% used [0x00000000e2280000,0x00000000e2280000,0x00000000e2600000)
 ParOldGen       total 64000K, used 0K [0x00000000a1e00000, 0x00000000a5c80000, 0x00000000e0a00000)
  object space 64000K, 0% used [0x00000000a1e00000,0x00000000a1e00000,0x00000000a5c80000)
 PSPermGen       total 21504K, used 11004K [0x000000009cc00000, 0x000000009e100000, 0x00000000a1e00000)
  object space 21504K, 51% used [0x000000009cc00000,0x000000009d6bf1a8,0x000000009e100000)

Card table byte_map: [0x0000000005330000,0x0000000005650000] byte_map_base: 0x0000000004e4a000

Polling page: 0x0000000000800000

Code Cache  [0x0000000002270000, 0x00000000024e0000, 0x0000000005270000)
 total_blobs=456 nmethods=29 adapters=379 free_code_cache=48598Kb largest_free_block=49745280

Compilation events (10 events):
Event: 3.490 Thread 0x0000000009295000   25 %           code.ServerMain::run @ 25 (113 bytes)
Event: 3.500 Thread 0x0000000009295000 nmethod 25% 0x00000000022fad10 code [0x00000000022faea0, 0x00000000022fb0b8]
Event: 3.524 Thread 0x0000000009296800   26             java.lang.Math::min (11 bytes)
Event: 3.525 Thread 0x0000000009296800 nmethod 26 0x00000000022fb8d0 code [0x00000000022fba00, 0x00000000022fba58]
Event: 3.558 Thread 0x0000000009295000   27             java.nio.HeapByteBuffer::_get (7 bytes)
Event: 3.560 Thread 0x0000000009295000 nmethod 27 0x00000000022f6390 code [0x00000000022f64c0, 0x00000000022f6558]
Event: 3.677 Thread 0x0000000009296800   28             java.util.HashMap::indexFor (6 bytes)
Event: 3.678 Thread 0x0000000009296800 nmethod 28 0x00000000022fa750 code [0x00000000022fa880, 0x00000000022fa8b8]
Event: 5.386 Thread 0x0000000009295000   29             java.util.HashMap::hash (55 bytes)
Event: 5.391 Thread 0x0000000009295000 nmethod 29 0x00000000022f56d0 code [0x00000000022f5820, 0x00000000022f5948]

GC Heap History (0 events):
No events

Deoptimization events (0 events):
No events

Internal exceptions (10 events):
Event: 3.449 Thread 0x000000000ad97000 Threw 0x00000000e0dfd538 at C:\re\jdk7u45\229\hotspot\src\share\vm\prims\jvm.cpp:1244
Event: 3.454 Thread 0x0000000002170800 Threw 0x00000000e104ddb8 at C:\re\jdk7u45\229\hotspot\src\share\vm\prims\jvm.cpp:1244
Event: 3.456 Thread 0x000000000ad97000 Threw 0x00000000e0e02670 at C:\re\jdk7u45\229\hotspot\src\share\vm\prims\jvm.cpp:1244
Event: 3.459 Thread 0x000000000ad97000 Threw 0x00000000e0e03b78 at C:\re\jdk7u45\229\hotspot\src\share\vm\prims\jvm.cpp:1244
Event: 3.461 Thread 0x000000000ad97000 Threw 0x00000000e0e058b0 at C:\re\jdk7u45\229\hotspot\src\share\vm\prims\jvm.cpp:1244
Event: 3.466 Thread 0x000000000ad97000 Threw 0x00000000e0e08810 at C:\re\jdk7u45\229\hotspot\src\share\vm\prims\jvm.cpp:1244
Event: 3.621 Thread 0x000000000ad97000 Threw 0x00000000e0e53f08 at C:\re\jdk7u45\229\hotspot\src\share\vm\prims\jvm.cpp:1244
Event: 3.658 Thread 0x000000000ad97000 Threw 0x00000000e0e683c8 at C:\re\jdk7u45\229\hotspot\src\share\vm\prims\jvm.cpp:1244
Event: 3.681 Thread 0x000000000ad97000 Threw 0x00000000e1267308 at C:\re\jdk7u45\229\hotspot\src\share\vm\prims\jvm.cpp:1244
Event: 4.328 Thread 0x000000000ae87800 Threw 0x00000000e10660f0 at C:\re\jdk7u45\229\hotspot\src\share\vm\prims\jvm.cpp:1244

Events (10 events):
Event: 5.340 loading class 0x00000000021e2a60 done
Event: 5.340 loading class 0x000000000af3ed90
Event: 5.341 loading class 0x000000000af3ed90 done
Event: 5.365 loading class 0x00000000021732f0
Event: 5.365 loading class 0x00000000021732f0 done
Event: 5.368 loading class 0x000000000c607e20
Event: 5.368 loading class 0x000000000c607e20 done
Event: 5.368 loading class 0x000000000c607ea0
Event: 5.368 loading class 0x000000000c607ea0 done
Event: 7.374 Thread 0x000000000ad3b800 Thread exited: 0x000000000ad3b800


Dynamic libraries:
0x00007ff7c59a0000 - 0x00007ff7c59d3000 	C:\Program Files\Java\jre7\bin\javaw.exe
0x00007fff028c0000 - 0x00007fff02a6a000 	C:\WINDOWS\SYSTEM32\ntdll.dll
0x00007fff01240000 - 0x00007fff0137a000 	C:\WINDOWS\system32\KERNEL32.DLL
0x00007fff00030000 - 0x00007fff0013f000 	C:\WINDOWS\system32\KERNELBASE.dll
0x00007ffefe480000 - 0x00007ffefe508000 	C:\WINDOWS\system32\apphelp.dll
0x00007ffef3ed0000 - 0x00007ffef3f1f000 	C:\WINDOWS\AppPatch\AppPatch64\AcGenral.DLL
0x00007fff00550000 - 0x00007fff005f7000 	C:\WINDOWS\system32\msvcrt.dll
0x00007ffeffa10000 - 0x00007ffeffa3b000 	C:\WINDOWS\SYSTEM32\SspiCli.dll
0x00007fff02860000 - 0x00007fff028b1000 	C:\WINDOWS\system32\SHLWAPI.dll
0x00007fff00140000 - 0x00007fff002b1000 	C:\WINDOWS\system32\USER32.dll
0x00007fff00780000 - 0x00007fff008f8000 	C:\WINDOWS\system32\ole32.dll
0x00007fff01380000 - 0x00007fff02796000 	C:\WINDOWS\system32\SHELL32.dll
0x00007ffeff2a0000 - 0x00007ffeff2be000 	C:\WINDOWS\SYSTEM32\USERENV.dll
0x00007fff004a0000 - 0x00007fff00545000 	C:\WINDOWS\system32\ADVAPI32.dll
0x00007ffefdc40000 - 0x00007ffefdc5b000 	C:\WINDOWS\SYSTEM32\MPR.dll
0x00007fff00cd0000 - 0x00007fff00e06000 	C:\WINDOWS\system32\RPCRT4.dll
0x00007fff00c70000 - 0x00007fff00cc7000 	C:\WINDOWS\SYSTEM32\sechost.dll
0x00007fff002c0000 - 0x00007fff00496000 	C:\WINDOWS\SYSTEM32\combase.dll
0x00007fff00610000 - 0x00007fff00755000 	C:\WINDOWS\system32\GDI32.dll
0x00007ffeffc30000 - 0x00007ffeffc44000 	C:\WINDOWS\SYSTEM32\profapi.dll
0x00007ffefcb70000 - 0x00007ffefcc0f000 	C:\WINDOWS\SYSTEM32\SHCORE.dll
0x00007fff009c0000 - 0x00007fff009f4000 	C:\WINDOWS\system32\IMM32.DLL
0x00007fff00eb0000 - 0x00007fff00fe9000 	C:\WINDOWS\system32\MSCTF.dll
0x00007ffefb7b0000 - 0x00007ffefba0a000 	C:\WINDOWS\WinSxS\amd64_microsoft.windows.common-controls_6595b64144ccf1df_6.0.9600.17031_none_6242a4b3ecbb55a1\COMCTL32.dll
0x0000000060f40000 - 0x0000000061012000 	C:\Program Files\Java\jre7\bin\msvcr100.dll
0x0000000060770000 - 0x0000000060f39000 	C:\Program Files\Java\jre7\bin\server\jvm.dll
0x00007ffeeb370000 - 0x00007ffeeb379000 	C:\WINDOWS\SYSTEM32\WSOCK32.dll
0x00007ffefbc30000 - 0x00007ffefbc4f000 	C:\WINDOWS\SYSTEM32\WINMM.dll
0x00007fff027a0000 - 0x00007fff027a7000 	C:\WINDOWS\system32\PSAPI.DLL
0x00007fff00960000 - 0x00007fff009b8000 	C:\WINDOWS\system32\WS2_32.dll
0x00007ffefbc00000 - 0x00007ffefbc2a000 	C:\WINDOWS\SYSTEM32\WINMMBASE.dll
0x00007fff00ac0000 - 0x00007fff00ac9000 	C:\WINDOWS\system32\NSI.dll
0x00007ffeffe00000 - 0x00007ffeffe4a000 	C:\WINDOWS\SYSTEM32\cfgmgr32.dll
0x00007ffefead0000 - 0x00007ffefeaf6000 	C:\WINDOWS\SYSTEM32\DEVOBJ.dll
0x0000000060760000 - 0x000000006076f000 	C:\Program Files\Java\jre7\bin\verify.dll
0x0000000060730000 - 0x0000000060758000 	C:\Program Files\Java\jre7\bin\java.dll
0x0000000060710000 - 0x0000000060725000 	C:\Program Files\Java\jre7\bin\zip.dll
0x00007ffef7a40000 - 0x00007ffef7a51000 	C:\Windows\xboxcontroller64.dll
0x00007ffefd880000 - 0x00007ffefd888000 	C:\WINDOWS\SYSTEM32\XINPUT9_1_0.dll
0x0000000062400000 - 0x0000000062498000 	C:\WINDOWS\SYSTEM32\MSVCP100.dll
0x00007ffefe920000 - 0x00007ffefea41000 	C:\WINDOWS\system32\uxtheme.dll
0x00007ffefc9a0000 - 0x00007ffefc9c0000 	C:\WINDOWS\system32\dwmapi.dll
0x00007ffefd610000 - 0x00007ffefd61d000 	C:\WINDOWS\SYSTEM32\XInput1_4.dll
0x0000000060530000 - 0x00000000606c5000 	C:\Program Files\Java\jre7\bin\awt.dll
0x00007fff00a00000 - 0x00007fff00ab7000 	C:\WINDOWS\system32\OLEAUT32.dll
0x00007ffefeb00000 - 0x00007ffefeb0a000 	C:\WINDOWS\SYSTEM32\kernel.appcore.dll
0x00007ffeffaa0000 - 0x00007ffeffaaa000 	C:\WINDOWS\SYSTEM32\CRYPTBASE.dll
0x00007ffeffa40000 - 0x00007ffeffaa0000 	C:\WINDOWS\SYSTEM32\bcryptPrimitives.dll
0x00000000604e0000 - 0x0000000060526000 	C:\Program Files\Java\jre7\bin\fontmanager.dll
0x00000000606f0000 - 0x0000000060709000 	C:\Program Files\Java\jre7\bin\net.dll
0x00007ffeff590000 - 0x00007ffeff5e8000 	C:\WINDOWS\system32\mswsock.dll
0x00000000606d0000 - 0x00000000606e1000 	C:\Program Files\Java\jre7\bin\nio.dll
0x0000000060490000 - 0x00000000604d1000 	C:\Program Files\Java\jre7\bin\t2k.dll
0x0000000180000000 - 0x0000000180025000 	C:\Windows\rxtxSerial.dll
0x00007fff027b0000 - 0x00007fff02854000 	C:\WINDOWS\SYSTEM32\clbcatq.dll
0x00007ffefcfe0000 - 0x00007ffefd173000 	C:\WINDOWS\SYSTEM32\WindowsCodecs.dll
0x00007ffeff5f0000 - 0x00007ffeff60e000 	C:\WINDOWS\SYSTEM32\CRYPTSP.dll
0x00007ffeff0c0000 - 0x00007ffeff0f5000 	C:\WINDOWS\system32\rsaenh.dll
0x00007ffeff720000 - 0x00007ffeff746000 	C:\WINDOWS\SYSTEM32\bcrypt.dll
0x00007ffefe0b0000 - 0x00007ffefe238000 	C:\WINDOWS\SYSTEM32\dbghelp.dll

VM Arguments:
jvm_args: -Dfile.encoding=Cp1252 
java_command: code.ServerMain
Launcher Type: SUN_STANDARD

Environment Variables:
CLASSPATH=C:\Program Files\Java\jdk1.7.0_45\bin
PATH=c:\Program Files (x86)\Intel\iCLS Client\;c:\Program Files\Intel\iCLS Client\;C:\WINDOWS\system32;C:\WINDOWS;C:\WINDOWS\System32\Wbem;C:\WINDOWS\System32\WindowsPowerShell\v1.0\;C:\Program Files\Intel\Intel(R) Management Engine Components\DAL;C:\Program Files\Intel\Intel(R) Management Engine Components\IPT;C:\Program Files (x86)\Intel\Intel(R) Management Engine Components\DAL;C:\Program Files (x86)\Intel\Intel(R) Management Engine Components\IPT;C:\Program Files (x86)\Windows Live\Shared;C:\Program Files (x86)\QuickTime\QTSystem\;C:\Program Files (x86)\Windows Kits\8.0\Windows Performance Toolkit\;C:\Program Files\Microsoft SQL Server\110\Tools\Binn\;C:\Program Files\Java\jdk1.7.0_45\bin;C:\Program Files (x86)\KDiff3
USERNAME=Dallin
OS=Windows_NT
PROCESSOR_IDENTIFIER=Intel64 Family 6 Model 58 Stepping 9, GenuineIntel



---------------  S Y S T E M  ---------------

OS: Windows 8 , 64 bit Build 9200 

CPU:total 4 (2 cores per cpu, 2 threads per core) family 6 model 58 stepping 9, cmov, cx8, fxsr, mmx, sse, sse2, sse3, ssse3, sse4.1, sse4.2, popcnt, avx, erms, ht, tsc, tscinvbit, tscinv

Memory: 4k page, physical 6161688k(2472740k free), swap 8193304k(3087064k free)

vm_info: Java HotSpot(TM) 64-Bit Server VM (24.45-b08) for windows-amd64 JRE (1.7.0_45-b18), built on Oct  8 2013 05:47:22 by "java_re" with unknown MS VC++:1600

time: Mon May 26 21:34:12 2014
elapsed time: 7 seconds

