#
# A fatal error has been detected by the Java Runtime Environment:
#
#  EXCEPTION_ACCESS_VIOLATION (0xc0000005) at pc=0x0000000055665638, pid=5724, tid=6900
#
# JRE version: Java(TM) SE Runtime Environment (7.0_45-b18) (build 1.7.0_45-b18)
# Java VM: Java HotSpot(TM) 64-Bit Server VM (24.45-b08 mixed mode windows-amd64 compressed oops)
# Problematic frame:
# V  [jvm.dll+0x125638]
#
# Failed to write core dump. Minidumps are not enabled by default on client versions of Windows
#
# If you would like to submit a bug report, please visit:
#   http://bugreport.sun.com/bugreport/crash.jsp
# The crash happened outside the Java Virtual Machine in native code.
# See problematic frame for where to report the bug.
#

---------------  T H R E A D  ---------------

Current thread (0x000000000978e800):  JavaThread "AWT-EventQueue-0" [_thread_in_native, id=6900, stack(0x000000000c780000,0x000000000c880000)]

siginfo: ExceptionCode=0xc0000005, writing address 0x0000000000000260

Registers:
RAX=0x000000000000dead, RBX=0x0000000000000000, RCX=0x00000000024bd800, RDX=0x000000000975e1b8
RSP=0x000000000c87e150, RBP=0x000000000975e1b8, RSI=0x0000000000000000, RDI=0x0000000000000009
R8 =0x0000000000000000, R9 =0x0000000000000009, R10=0x0000000055c2bf80, R11=0x000000005571f900
R12=0x0000000000000000, R13=0x000000009d20b958, R14=0x000000000c87e2c0, R15=0x000000000978e800
RIP=0x0000000055665638, EFLAGS=0x0000000000010246

Top of Stack: (sp=0x000000000c87e150)
0x000000000c87e150:   000000000c87e288 000000000978e800
0x000000000c87e160:   0000000000000000 000000000978e800
0x000000000c87e170:   000000000b8c1cf0 000000009d39f5d0
0x000000000c87e180:   000000000b8c1cf0 00000000555de808
0x000000000c87e190:   000000000c87e8b8 000000005561ae12
0x000000000c87e1a0:   00000000025e0f50 00007ffbf0e7600d
0x000000000c87e1b0:   0000000000000009 00000000000003e8
0x000000000c87e1c0:   0000000000000009 000000000978e800
0x000000000c87e1d0:   000000000b877ff0 000000000b7ecfe0
0x000000000c87e1e0:   00000000026e6314 00000000026faa47
0x000000000c87e1f0:   000000000c87e288 000000009d20b958
0x000000000c87e200:   000000009d39f5d0 0000000000000000
0x000000000c87e210:   0000000000000000 000000000978e800
0x000000000c87e220:   000000000c87e320 000000000270a103
0x000000000c87e230:   00000000026e5410 0000000000000001
0x000000000c87e240:   00000000e0c32a40 000000000c87e238 

Instructions: (pc=0x0000000055665638)
0x0000000055665618:   8b ea 3d ab de 00 00 74 17 8b 83 78 02 00 00 3d
0x0000000055665628:   ac de 00 00 74 0a 48 8b cb e8 7a 9f 0c 00 33 db
0x0000000055665638:   c7 83 60 02 00 00 05 00 00 00 83 3d 7f 61 62 00
0x0000000055665648:   01 7e 18 80 3d e8 55 62 00 00 74 07 e8 b7 de 0a 


Register to memory mapping:

RAX=0x000000000000dead is an unknown value
RBX=0x0000000000000000 is an unknown value
RCX=0x00000000024bd800 is an unknown value
RDX=0x000000000975e1b8 is a global jni handle
RSP=0x000000000c87e150 is pointing into the stack for thread: 0x000000000978e800
RBP=0x000000000975e1b8 is a global jni handle
RSI=0x0000000000000000 is an unknown value
RDI=0x0000000000000009 is an unknown value
R8 =0x0000000000000000 is an unknown value
R9 =0x0000000000000009 is an unknown value
R10=0x0000000055c2bf80 is an unknown value
R11=0x000000005571f900 is an unknown value
R12=0x0000000000000000 is an unknown value
R13=0x000000009d20b958 is an oop
{method} 
 - klass: {other class}
R14=0x000000000c87e2c0 is pointing into the stack for thread: 0x000000000978e800
R15=0x000000000978e800 is a thread


Stack: [0x000000000c780000,0x000000000c880000],  sp=0x000000000c87e150,  free space=1016k
Native frames: (J=compiled Java code, j=interpreted, Vv=VM code, C=native code)
V  [jvm.dll+0x125638]

Java frames: (J=compiled Java code, j=interpreted, Vv=VM code)
j  ch.aplu.jaw.NativeHandler.nativeReadBuf(JI)I+0
j  ch.aplu.jaw.NativeHandler.readBuf(I)I+33
j  ch.aplu.xboxcontroller.XboxController.readData()Lch/aplu/xboxcontroller/ControllerState;+15
j  ch.aplu.xboxcontroller.XboxController.access$000(Lch/aplu/xboxcontroller/XboxController;)Lch/aplu/xboxcontroller/ControllerState;+1
j  ch.aplu.xboxcontroller.XboxController$1.actionPerformed(Ljava/awt/event/ActionEvent;)V+4
j  javax.swing.Timer.fireActionPerformed(Ljava/awt/event/ActionEvent;)V+35
j  javax.swing.Timer$DoPostEvent.run()V+74
j  java.awt.event.InvocationEvent.dispatch()V+47
j  java.awt.EventQueue.dispatchEventImpl(Ljava/awt/AWTEvent;Ljava/lang/Object;)V+21
j  java.awt.EventQueue.access$200(Ljava/awt/EventQueue;Ljava/awt/AWTEvent;Ljava/lang/Object;)V+3
j  java.awt.EventQueue$3.run()Ljava/lang/Void;+12
j  java.awt.EventQueue$3.run()Ljava/lang/Object;+1
v  ~StubRoutines::call_stub
j  java.security.AccessController.doPrivileged(Ljava/security/PrivilegedAction;Ljava/security/AccessControlContext;)Ljava/lang/Object;+0
j  java.security.ProtectionDomain$1.doIntersectionPrivilege(Ljava/security/PrivilegedAction;Ljava/security/AccessControlContext;Ljava/security/AccessControlContext;)Ljava/lang/Object;+28
j  java.awt.EventQueue.dispatchEvent(Ljava/awt/AWTEvent;)V+46
j  java.awt.EventDispatchThread.pumpOneEventForFilters(I)V+245
j  java.awt.EventDispatchThread.pumpEventsForFilter(ILjava/awt/Conditional;Ljava/awt/EventFilter;)V+35
j  java.awt.EventDispatchThread.pumpEventsForHierarchy(ILjava/awt/Conditional;Ljava/awt/Component;)V+11
j  java.awt.EventDispatchThread.pumpEvents(ILjava/awt/Conditional;)V+4
j  java.awt.EventDispatchThread.pumpEvents(Ljava/awt/Conditional;)V+3
j  java.awt.EventDispatchThread.run()V+9
v  ~StubRoutines::call_stub

---------------  P R O C E S S  ---------------

Java Threads: ( => current thread )
  0x000000000ba26800 JavaThread "DestroyJavaVM" [_thread_blocked, id=3220, stack(0x00000000024e0000,0x00000000025e0000)]
  0x000000000ba27800 JavaThread "Display" [_thread_in_Java, id=8372, stack(0x000000000cc80000,0x000000000cd80000)]
  0x000000000978f800 JavaThread "QuoteServerThread" [_thread_blocked, id=4156, stack(0x000000000cb80000,0x000000000cc80000)]
  0x0000000009790000 JavaThread "Rover Input Thread" [_thread_in_native, id=9828, stack(0x000000000ca80000,0x000000000cb80000)]
  0x0000000009791000 JavaThread "TimerQueue" daemon [_thread_blocked, id=7108, stack(0x000000000c980000,0x000000000ca80000)]
=>0x000000000978e800 JavaThread "AWT-EventQueue-0" [_thread_in_native, id=6900, stack(0x000000000c780000,0x000000000c880000)]
  0x000000000978b000 JavaThread "AWT-Shutdown" [_thread_blocked, id=4844, stack(0x000000000c680000,0x000000000c780000)]
  0x000000000978e000 JavaThread "Image Fetcher 0" daemon [_thread_blocked, id=6600, stack(0x000000000c580000,0x000000000c680000)]
  0x000000000978b800 JavaThread "Thread-1" [_thread_in_native, id=4524, stack(0x000000000be70000,0x000000000bf70000)]
  0x000000000978a000 JavaThread "AWT-Windows" daemon [_thread_in_native, id=10032, stack(0x000000000bf70000,0x000000000c070000)]
  0x000000000978c800 JavaThread "Java2D Disposer" daemon [_thread_blocked, id=5512, stack(0x000000000bd70000,0x000000000be70000)]
  0x000000000978d000 JavaThread "Service Thread" daemon [_thread_blocked, id=2444, stack(0x000000000b500000,0x000000000b600000)]
  0x0000000009780800 JavaThread "C2 CompilerThread1" daemon [_thread_blocked, id=8128, stack(0x000000000b400000,0x000000000b500000)]
  0x000000000977d000 JavaThread "C2 CompilerThread0" daemon [_thread_blocked, id=8172, stack(0x000000000b300000,0x000000000b400000)]
  0x000000000976c000 JavaThread "JDWP Command Reader" daemon [_thread_in_native, id=7900, stack(0x000000000b200000,0x000000000b300000)]
  0x0000000009769000 JavaThread "JDWP Event Helper Thread" daemon [_thread_blocked, id=3452, stack(0x000000000b100000,0x000000000b200000)]
  0x0000000009764000 JavaThread "JDWP Transport Listener: dt_socket" daemon [_thread_blocked, id=860, stack(0x000000000b000000,0x000000000b100000)]
  0x0000000009753000 JavaThread "Attach Listener" daemon [_thread_blocked, id=9400, stack(0x000000000abd0000,0x000000000acd0000)]
  0x000000000974f800 JavaThread "Signal Dispatcher" daemon [_thread_blocked, id=8168, stack(0x000000000aad0000,0x000000000abd0000)]
  0x000000000971c800 JavaThread "Finalizer" daemon [_thread_blocked, id=6120, stack(0x000000000a9d0000,0x000000000aad0000)]
  0x0000000009713000 JavaThread "Reference Handler" daemon [_thread_blocked, id=9208, stack(0x000000000a8d0000,0x000000000a9d0000)]

Other Threads:
  0x000000000970f800 VMThread [stack: 0x000000000a7d0000,0x000000000a8d0000] [id=8316]
  0x000000000979b000 WatcherThread [stack: 0x000000000b600000,0x000000000b700000] [id=9304]

VM state:not at safepoint (normal execution)

VM Mutex/Monitor currently owned by a thread: None

Heap
 PSYoungGen      total 28672K, used 9246K [0x00000000e0a00000, 0x00000000e2980000, 0x0000000100000000)
  eden space 25088K, 36% used [0x00000000e0a00000,0x00000000e13078d8,0x00000000e2280000)
  from space 3584K, 0% used [0x00000000e2600000,0x00000000e2600000,0x00000000e2980000)
  to   space 3584K, 0% used [0x00000000e2280000,0x00000000e2280000,0x00000000e2600000)
 ParOldGen       total 64000K, used 0K [0x00000000a1e00000, 0x00000000a5c80000, 0x00000000e0a00000)
  object space 64000K, 0% used [0x00000000a1e00000,0x00000000a1e00000,0x00000000a5c80000)
 PSPermGen       total 21504K, used 9477K [0x000000009cc00000, 0x000000009e100000, 0x00000000a1e00000)
  object space 21504K, 44% used [0x000000009cc00000,0x000000009d541568,0x000000009e100000)

Card table byte_map: [0x00000000057a0000,0x0000000005ac0000] byte_map_base: 0x00000000052ba000

Polling page: 0x0000000002480000

Code Cache  [0x00000000026e0000, 0x0000000002950000, 0x00000000056e0000)
 total_blobs=416 nmethods=15 adapters=361 free_code_cache=48625Kb largest_free_block=49774272

Compilation events (10 events):
Event: 3.700 Thread 0x0000000009780800    9             java.lang.String::equals (81 bytes)
Event: 3.710 Thread 0x000000000977d000   10             java.util.regex.Matcher::reset (83 bytes)
Event: 3.712 Thread 0x0000000009780800 nmethod 9 0x0000000002761410 code [0x0000000002761560, 0x0000000002761858]
Event: 3.713 Thread 0x0000000009780800   11             java.util.regex.Matcher::usePattern (98 bytes)
Event: 3.719 Thread 0x000000000977d000 nmethod 10 0x0000000002762b90 code [0x0000000002762ce0, 0x0000000002762e98]
Event: 3.722 Thread 0x000000000977d000   12             java.util.regex.Matcher::match (109 bytes)
Event: 3.730 Thread 0x0000000009780800 nmethod 11 0x00000000027642d0 code [0x0000000002764420, 0x0000000002764778]
Event: 3.746 Thread 0x000000000977d000 nmethod 12 0x0000000002763550 code [0x00000000027636e0, 0x0000000002763d68]
Event: 3.868 Thread 0x0000000009780800   15 %           code.ServerMain::run @ 25 (152 bytes)
Event: 3.883 Thread 0x0000000009780800 nmethod 15% 0x00000000027678d0 code [0x0000000002767a60, 0x0000000002767e38]

GC Heap History (0 events):
No events

Deoptimization events (0 events):
No events

Internal exceptions (10 events):
Event: 3.654 Thread 0x00000000024bd800 Threw 0x00000000e0e48658 at C:\re\jdk7u45\229\hotspot\src\share\vm\prims\jvm.cpp:1244
Event: 3.656 Thread 0x00000000024bd800 Threw 0x00000000e0e4ada8 at C:\re\jdk7u45\229\hotspot\src\share\vm\prims\jvm.cpp:1244
Event: 3.657 Thread 0x00000000024bd800 Threw 0x00000000e0e4d500 at C:\re\jdk7u45\229\hotspot\src\share\vm\prims\jvm.cpp:1244
Event: 3.659 Thread 0x00000000024bd800 Threw 0x00000000e0e4fc58 at C:\re\jdk7u45\229\hotspot\src\share\vm\prims\jvm.cpp:1244
Event: 3.661 Thread 0x00000000024bd800 Threw 0x00000000e0e523a8 at C:\re\jdk7u45\229\hotspot\src\share\vm\prims\jvm.cpp:1244
Event: 3.664 Thread 0x00000000024bd800 Threw 0x00000000e0e54b98 at C:\re\jdk7u45\229\hotspot\src\share\vm\prims\jvm.cpp:1244
Event: 3.666 Thread 0x00000000024bd800 Threw 0x00000000e0e57398 at C:\re\jdk7u45\229\hotspot\src\share\vm\prims\jvm.cpp:1244
Event: 3.669 Thread 0x00000000024bd800 Threw 0x00000000e0e59b98 at C:\re\jdk7u45\229\hotspot\src\share\vm\prims\jvm.cpp:1244
Event: 3.807 Thread 0x00000000024bd800 Threw 0x00000000e10871b8 at C:\re\jdk7u45\229\hotspot\src\share\vm\prims\jvm.cpp:1244
Event: 3.831 Thread 0x00000000024bd800 Threw 0x00000000e108ed00 at C:\re\jdk7u45\229\hotspot\src\share\vm\prims\jvm.cpp:1244

Events (10 events):
Event: 3.829 loading class 0x000000000b7bfe10 done
Event: 3.830 Thread 0x0000000009790000 Thread added: 0x0000000009790000
Event: 3.830 loading class 0x000000000979e460
Event: 3.830 loading class 0x000000000979e460 done
Event: 3.835 Thread 0x000000000978f800 Thread added: 0x000000000978f800
Event: 3.835 Thread 0x000000000ba27800 Thread added: 0x000000000ba27800
Event: 3.835 Thread 0x00000000024bd800 Thread exited: 0x00000000024bd800
Event: 3.836 Thread 0x000000000ba26800 Thread added: 0x000000000ba26800
Event: 4.343 Executing VM operation: EnableBiasedLocking
Event: 4.343 Executing VM operation: EnableBiasedLocking done


Dynamic libraries:
0x00007ff78db40000 - 0x00007ff78db73000 	C:\Program Files\Java\jre7\bin\javaw.exe
0x00007ffbf7210000 - 0x00007ffbf73b9000 	C:\WINDOWS\SYSTEM32\ntdll.dll
0x00007ffbf4df0000 - 0x00007ffbf4f29000 	C:\WINDOWS\system32\KERNEL32.DLL
0x00007ffbf4990000 - 0x00007ffbf4a9e000 	C:\WINDOWS\system32\KERNELBASE.dll
0x00007ffbf31c0000 - 0x00007ffbf324b000 	C:\WINDOWS\system32\apphelp.dll
0x00007ffbeb730000 - 0x00007ffbeb77f000 	C:\WINDOWS\AppPatch\AppPatch64\AcGenral.DLL
0x00007ffbf5170000 - 0x00007ffbf5217000 	C:\WINDOWS\system32\msvcrt.dll
0x00007ffbf4370000 - 0x00007ffbf439b000 	C:\WINDOWS\SYSTEM32\SspiCli.dll
0x00007ffbf5370000 - 0x00007ffbf53c1000 	C:\WINDOWS\system32\SHLWAPI.dll
0x00007ffbf6d70000 - 0x00007ffbf6ee1000 	C:\WINDOWS\system32\USER32.dll
0x00007ffbf4bb0000 - 0x00007ffbf4d26000 	C:\WINDOWS\system32\ole32.dll
0x00007ffbf55f0000 - 0x00007ffbf6a00000 	C:\WINDOWS\system32\SHELL32.dll
0x00007ffbf3ba0000 - 0x00007ffbf3bbf000 	C:\WINDOWS\SYSTEM32\USERENV.dll
0x00007ffbf4b00000 - 0x00007ffbf4ba5000 	C:\WINDOWS\system32\ADVAPI32.dll
0x00007ffbe9e80000 - 0x00007ffbe9e9b000 	C:\WINDOWS\SYSTEM32\MPR.dll
0x00007ffbf5220000 - 0x00007ffbf5356000 	C:\WINDOWS\system32\RPCRT4.dll
0x00007ffbf4aa0000 - 0x00007ffbf4af7000 	C:\WINDOWS\SYSTEM32\sechost.dll
0x00007ffbf7030000 - 0x00007ffbf7207000 	C:\WINDOWS\SYSTEM32\combase.dll
0x00007ffbf6c20000 - 0x00007ffbf6d65000 	C:\WINDOWS\system32\GDI32.dll
0x00007ffbf4590000 - 0x00007ffbf45a4000 	C:\WINDOWS\SYSTEM32\profapi.dll
0x00007ffbf2150000 - 0x00007ffbf21f1000 	C:\WINDOWS\SYSTEM32\SHCORE.dll
0x00007ffbf6f50000 - 0x00007ffbf6f84000 	C:\WINDOWS\system32\IMM32.DLL
0x00007ffbf5490000 - 0x00007ffbf55c8000 	C:\WINDOWS\system32\MSCTF.dll
0x00007ffbf1b10000 - 0x00007ffbf1d6a000 	C:\WINDOWS\WinSxS\amd64_microsoft.windows.common-controls_6595b64144ccf1df_6.0.9600.16384_none_62475f7becb72503\COMCTL32.dll
0x0000000055d10000 - 0x0000000055de2000 	C:\Program Files\Java\jre7\bin\msvcr100.dll
0x0000000055540000 - 0x0000000055d09000 	C:\Program Files\Java\jre7\bin\server\jvm.dll
0x00007ffbdf7b0000 - 0x00007ffbdf7b9000 	C:\WINDOWS\SYSTEM32\WSOCK32.dll
0x00007ffbf1270000 - 0x00007ffbf128f000 	C:\WINDOWS\SYSTEM32\WINMM.dll
0x00007ffbf5360000 - 0x00007ffbf5367000 	C:\WINDOWS\system32\PSAPI.DLL
0x00007ffbf5110000 - 0x00007ffbf5168000 	C:\WINDOWS\system32\WS2_32.dll
0x00007ffbf10a0000 - 0x00007ffbf10ca000 	C:\WINDOWS\SYSTEM32\WINMMBASE.dll
0x00007ffbf55e0000 - 0x00007ffbf55e9000 	C:\WINDOWS\system32\NSI.dll
0x00007ffbf4760000 - 0x00007ffbf47aa000 	C:\WINDOWS\SYSTEM32\cfgmgr32.dll
0x00007ffbf3430000 - 0x00007ffbf3456000 	C:\WINDOWS\SYSTEM32\DEVOBJ.dll
0x0000000055530000 - 0x000000005553f000 	C:\Program Files\Java\jre7\bin\verify.dll
0x0000000055500000 - 0x0000000055528000 	C:\Program Files\Java\jre7\bin\java.dll
0x0000000055460000 - 0x0000000055495000 	C:\Program Files\Java\jre7\bin\jdwp.dll
0x0000000055450000 - 0x0000000055458000 	C:\Program Files\Java\jre7\bin\npt.dll
0x00000000554e0000 - 0x00000000554f5000 	C:\Program Files\Java\jre7\bin\zip.dll
0x0000000055440000 - 0x0000000055449000 	C:\Program Files\Java\jre7\bin\dt_socket.dll
0x00007ffbea350000 - 0x00007ffbea364000 	C:\WINDOWS\system32\napinsp.dll
0x00007ffbea370000 - 0x00007ffbea389000 	C:\WINDOWS\system32\pnrpnsp.dll
0x00007ffbf23f0000 - 0x00007ffbf2409000 	C:\WINDOWS\system32\NLAapi.dll
0x00007ffbf3df0000 - 0x00007ffbf3e48000 	C:\WINDOWS\System32\mswsock.dll
0x00007ffbf3c00000 - 0x00007ffbf3ca3000 	C:\WINDOWS\SYSTEM32\DNSAPI.dll
0x00007ffbef1d0000 - 0x00007ffbef1dc000 	C:\WINDOWS\System32\winrnr.dll
0x00007ffbea390000 - 0x00007ffbea3a3000 	C:\WINDOWS\system32\wshbth.dll
0x0000000056ff0000 - 0x0000000057016000 	C:\Program Files\Bonjour\mdnsNSP.dll
0x00007ffbf08a0000 - 0x00007ffbf08c9000 	C:\WINDOWS\SYSTEM32\Iphlpapi.DLL
0x00007ffbf0880000 - 0x00007ffbf088a000 	C:\WINDOWS\SYSTEM32\WINNSI.DLL
0x00007ffbf0210000 - 0x00007ffbf0277000 	C:\WINDOWS\System32\fwpuclnt.dll
0x00007ffbec4e0000 - 0x00007ffbec4e9000 	C:\Windows\System32\rasadhlp.dll
0x0000000054fb0000 - 0x0000000055145000 	C:\Program Files\Java\jre7\bin\awt.dll
0x00007ffbf4d30000 - 0x00007ffbf4de7000 	C:\WINDOWS\system32\OLEAUT32.dll
0x00007ffbf1d70000 - 0x00007ffbf1d91000 	C:\WINDOWS\system32\DWMAPI.DLL
0x00007ffbf3290000 - 0x00007ffbf33b2000 	C:\WINDOWS\system32\uxtheme.dll
0x00007ffbf3460000 - 0x00007ffbf346a000 	C:\WINDOWS\SYSTEM32\kernel.appcore.dll
0x00007ffbf4400000 - 0x00007ffbf440a000 	C:\WINDOWS\SYSTEM32\CRYPTBASE.dll
0x00007ffbf43a0000 - 0x00007ffbf43fe000 	C:\WINDOWS\SYSTEM32\bcryptPrimitives.dll
0x00007ffbf0e70000 - 0x00007ffbf0e81000 	C:\Windows\xboxcontroller64.dll
0x00007ffbf0570000 - 0x00007ffbf0578000 	C:\WINDOWS\SYSTEM32\XINPUT9_1_0.dll
0x0000000057020000 - 0x00000000570b8000 	C:\WINDOWS\SYSTEM32\MSVCP100.dll
0x00007ffbf0560000 - 0x00007ffbf056d000 	C:\WINDOWS\SYSTEM32\XInput1_4.dll
0x00000000553f0000 - 0x0000000055436000 	C:\Program Files\Java\jre7\bin\fontmanager.dll
0x00000000554c0000 - 0x00000000554d9000 	C:\Program Files\Java\jre7\bin\net.dll
0x00000000554a0000 - 0x00000000554b1000 	C:\Program Files\Java\jre7\bin\nio.dll
0x00000000553a0000 - 0x00000000553e1000 	C:\Program Files\Java\jre7\bin\t2k.dll
0x00007ffbe8950000 - 0x00007ffbe8ad8000 	C:\WINDOWS\SYSTEM32\dbghelp.dll

VM Arguments:
jvm_args: -agentlib:jdwp=transport=dt_socket,suspend=y,address=localhost:58228 -Dfile.encoding=Cp1252 
java_command: code.ServerMain
Launcher Type: SUN_STANDARD

Environment Variables:
CLASSPATH=C:\Program Files\Java\jdk1.7.0_45\bin
PATH=c:\Program Files (x86)\Intel\iCLS Client\;c:\Program Files\Intel\iCLS Client\;C:\WINDOWS\system32;C:\WINDOWS;C:\WINDOWS\System32\Wbem;C:\WINDOWS\System32\WindowsPowerShell\v1.0\;C:\Program Files\Intel\Intel(R) Management Engine Components\DAL;C:\Program Files\Intel\Intel(R) Management Engine Components\IPT;C:\Program Files (x86)\Intel\Intel(R) Management Engine Components\DAL;C:\Program Files (x86)\Intel\Intel(R) Management Engine Components\IPT;C:\Program Files (x86)\Windows Live\Shared;C:\Program Files (x86)\QuickTime\QTSystem\;C:\Program Files (x86)\Windows Kits\8.0\Windows Performance Toolkit\;C:\Program Files\Microsoft SQL Server\110\Tools\Binn\;C:\Program Files\Java\jdk1.7.0_45\bin;C:\Program Files (x86)\KDiff3
USERNAME=Dallin
OS=Windows_NT
PROCESSOR_IDENTIFIER=Intel64 Family 6 Model 58 Stepping 9, GenuineIntel



---------------  S Y S T E M  ---------------

OS: Windows 8 , 64 bit Build 9200 

CPU:total 4 (2 cores per cpu, 2 threads per core) family 6 model 58 stepping 9, cmov, cx8, fxsr, mmx, sse, sse2, sse3, ssse3, sse4.1, sse4.2, popcnt, avx, erms, ht, tsc, tscinvbit, tscinv

Memory: 4k page, physical 6161684k(2535736k free), swap 8258836k(3187652k free)

vm_info: Java HotSpot(TM) 64-Bit Server VM (24.45-b08) for windows-amd64 JRE (1.7.0_45-b18), built on Oct  8 2013 05:47:22 by "java_re" with unknown MS VC++:1600

time: Sat May 17 13:32:05 2014
elapsed time: 4 seconds

